Sample	theta_WAM	theta_CAM	theta_ATL	theta_AM	theta_root	tau_AM	tau_root	m_AM->ATL	Data-ld-ln	Full-ld-ln
0	 0.00020	 0.00009	 0.00802	 0.01158	 0.00000	 0.00000	 0.00922	 0.00000		154.652384	-5216.888113
1001	 0.00006	 0.00006	 0.00889	 0.01219	 0.00000	 0.00000	 0.01075	 0.00000		169.698418	-5190.236928
2002	 0.00031	 0.00018	 0.00758	 0.01260	 0.00000	 0.00001	 0.01089	 0.00000		147.142754	-5148.271638
3003	 0.00015	 0.00020	 0.00772	 0.01189	 0.00000	 0.00001	 0.01063	 0.00000		150.346858	-5234.636680
4004	 0.00016	 0.00016	 0.00735	 0.01077	 0.00000	 0.00001	 0.01047	 0.00000		152.549745	-5152.414974
5005	 0.00008	 0.00009	 0.00827	 0.01120	 0.00001	 0.00000	 0.01067	 0.00000		150.428105	-5109.194513
6006	 0.00006	 0.00010	 0.00696	 0.01191	 0.00000	 0.00000	 0.00984	 0.00000		148.870221	-5186.922679
7007	 0.00007	 0.00007	 0.00686	 0.01146	 0.00000	 0.00000	 0.00887	 0.00000		164.321853	-5213.206576
8008	 0.00004	 0.00006	 0.00744	 0.01122	 0.00000	 0.00000	 0.01029	 0.00000		160.764833	-5314.388360
9009	 0.00005	 0.00005	 0.00815	 0.01301	 0.00000	 0.00000	 0.01056	 0.00000		160.047813	-5194.182958
10010	 0.00005	 0.00008	 0.00824	 0.01042	 0.00000	 0.00000	 0.00936	 0.00000		157.209684	-5214.746664
11011	 0.00002	 0.00007	 0.00916	 0.01026	 0.00000	 0.00000	 0.01064	 0.00000		162.500786	-5164.781932
12012	 0.00015	 0.00004	 0.00823	 0.01157	 0.00000	 0.00000	 0.01008	 0.00000		159.815972	-5183.893726
13013	 0.00010	 0.00008	 0.00799	 0.01086	 0.00001	 0.00000	 0.01085	 0.00000		158.265077	-5122.321931
14014	 0.00003	 0.00005	 0.00763	 0.01198	 0.00000	 0.00000	 0.00903	 0.00000		168.199560	-5140.113278
15015	 0.00012	 0.00010	 0.00855	 0.01152	 0.00000	 0.00001	 0.00934	 0.00000		158.205366	-5117.916299
16016	 0.00006	 0.00010	 0.00766	 0.01361	 0.00000	 0.00000	 0.00970	 0.00000		158.914085	-5172.175823
17017	 0.00003	 0.00004	 0.00801	 0.01175	 0.00000	 0.00000	 0.01066	 0.00000		162.318602	-5098.498508
18018	 0.00002	 0.00005	 0.00688	 0.01187	 0.00000	 0.00000	 0.00962	 0.00000		166.392235	-5219.063427
19019	 0.00001	 0.00012	 0.00923	 0.01150	 0.00000	 0.00000	 0.00994	 0.00000		169.547066	-5164.312854
20020	 0.00002	 0.00005	 0.00846	 0.01228	 0.00000	 0.00000	 0.00993	 0.00000		163.401681	-5191.460725
21021	 0.00002	 0.00004	 0.00827	 0.01171	 0.00000	 0.00000	 0.00958	 0.00000		170.861347	-5126.117484
22022	 0.00002	 0.00003	 0.00680	 0.01286	 0.00000	 0.00000	 0.00998	 0.00000		169.200650	-5188.734853
23023	 0.00002	 0.00007	 0.00960	 0.01184	 0.00000	 0.00000	 0.00960	 0.00000		163.458092	-5093.744127
24024	 0.00001	 0.00002	 0.00768	 0.01178	 0.00000	 0.00000	 0.01007	 0.00000		167.384250	-5137.232641
25025	 0.00001	 0.00001	 0.00903	 0.01338	 0.00000	 0.00000	 0.01201	 0.00000		168.458907	-5046.615734
26026	 0.00001	 0.00002	 0.00850	 0.01235	 0.00000	 0.00000	 0.01062	 0.00000		167.946126	-5142.305136
27027	 0.00001	 0.00002	 0.00802	 0.01272	 0.00000	 0.00000	 0.01045	 0.00000		168.301849	-5196.647720
28028	 0.00003	 0.00001	 0.00622	 0.01215	 0.00000	 0.00000	 0.00911	 0.00000		166.548954	-5152.764175
29029	 0.00001	 0.00001	 0.00749	 0.01393	 0.00000	 0.00000	 0.01058	 0.00000		178.281308	-5108.424493
30030	 0.00002	 0.00001	 0.00730	 0.01119	 0.00000	 0.00000	 0.00947	 0.00000		174.993485	-5148.850225
31031	 0.00001	 0.00001	 0.00812	 0.01255	 0.00000	 0.00000	 0.00956	 0.00000		173.297160	-5209.354966
32032	 0.00001	 0.00002	 0.00842	 0.01066	 0.00000	 0.00000	 0.01021	 0.00000		168.143082	-5209.338525
33033	 0.00001	 0.00004	 0.00839	 0.01190	 0.00000	 0.00000	 0.01048	 0.00000		157.969479	-5155.111592
34034	 0.00003	 0.00005	 0.00867	 0.01244	 0.00001	 0.00000	 0.01146	 0.00000		153.107670	-5011.183627
35035	 0.00004	 0.00005	 0.00888	 0.01189	 0.00000	 0.00000	 0.01001	 0.00000		160.304299	-5164.327422
36036	 0.00005	 0.00008	 0.00915	 0.01138	 0.00000	 0.00000	 0.00994	 0.00000		155.927917	-5191.104672
37037	 0.00008	 0.00012	 0.00846	 0.01184	 0.00000	 0.00000	 0.00951	 0.00000		157.420459	-5114.736583
38038	 0.00009	 0.00004	 0.00815	 0.01163	 0.00000	 0.00000	 0.01067	 0.00000		163.848367	-5067.609729
39039	 0.00002	 0.00003	 0.00758	 0.01196	 0.00000	 0.00000	 0.01081	 0.00000		173.145471	-5090.634136
40040	 0.00008	 0.00009	 0.00816	 0.01109	 0.00000	 0.00000	 0.01004	 0.00000		167.619146	-5150.753654
41041	 0.00003	 0.00008	 0.00847	 0.01260	 0.00000	 0.00000	 0.00995	 0.00000		170.845038	-5204.184439
42042	 0.00006	 0.00006	 0.00710	 0.01279	 0.00000	 0.00000	 0.00931	 0.00000		170.218829	-5153.501992
43043	 0.00009	 0.00011	 0.00965	 0.01087	 0.00000	 0.00000	 0.00983	 0.00000		163.395735	-5146.239903
44044	 0.00034	 0.00009	 0.00772	 0.01189	 0.00000	 0.00001	 0.00978	 0.00000		157.743753	-5227.859227
45045	 0.00010	 0.00006	 0.00879	 0.01066	 0.00000	 0.00000	 0.00988	 0.00000		160.566098	-5110.160117
46046	 0.00022	 0.00016	 0.00711	 0.01221	 0.00000	 0.00001	 0.00954	 0.00000		158.921407	-5166.435126
47047	 0.00003	 0.00005	 0.00877	 0.01158	 0.00000	 0.00000	 0.00947	 0.00000		177.115808	-5248.107168
48048	 0.00010	 0.00025	 0.00735	 0.01270	 0.00000	 0.00001	 0.00829	 0.00000		164.732882	-5229.229665
49049	 0.00007	 0.00011	 0.00760	 0.01171	 0.00000	 0.00000	 0.00930	 0.00000		169.977183	-5168.464947
50050	 0.00019	 0.00035	 0.00829	 0.01165	 0.00000	 0.00001	 0.01023	 0.00000		164.464522	-5099.582073
51051	 0.00025	 0.00022	 0.00870	 0.01118	 0.00000	 0.00001	 0.01046	 0.00000		164.566615	-5140.004028
52052	 0.00034	 0.00028	 0.00812	 0.01180	 0.00000	 0.00002	 0.01062	 0.00000		163.781585	-5136.116313
53053	 0.00022	 0.00025	 0.00884	 0.01257	 0.00000	 0.00001	 0.00941	 0.00000		166.932750	-5163.947844
54054	 0.00016	 0.00021	 0.00694	 0.01103	 0.00000	 0.00001	 0.01078	 0.00000		162.079332	-5134.597556
55055	 0.00029	 0.00026	 0.00762	 0.01227	 0.00000	 0.00001	 0.01056	 0.00000		154.688437	-5185.310400
56056	 0.00020	 0.00038	 0.00895	 0.01006	 0.00000	 0.00001	 0.01003	 0.00000		157.320632	-5018.023837
57057	 0.00020	 0.00026	 0.00762	 0.01220	 0.00000	 0.00001	 0.01045	 0.00000		158.608922	-5297.681094
58058	 0.00025	 0.00032	 0.00831	 0.01218	 0.00000	 0.00001	 0.00998	 0.00000		156.723821	-5300.067082
59059	 0.00023	 0.00017	 0.00767	 0.01390	 0.00000	 0.00001	 0.00844	 0.00000		173.908878	-5246.472917
60060	 0.00026	 0.00011	 0.00813	 0.01195	 0.00000	 0.00001	 0.01141	 0.00000		160.691194	-5054.176539
61061	 0.00004	 0.00025	 0.00798	 0.01247	 0.00000	 0.00000	 0.01100	 0.00000		158.056214	-5163.920503
62062	 0.00007	 0.00010	 0.00683	 0.01403	 0.00000	 0.00000	 0.00886	 0.00000		169.969812	-5118.533921
63063	 0.00008	 0.00014	 0.00732	 0.01126	 0.00000	 0.00001	 0.00937	 0.00000		165.419667	-5116.917052
64064	 0.00006	 0.00010	 0.00824	 0.01244	 0.00000	 0.00000	 0.01043	 0.00000		160.396380	-5132.716100
65065	 0.00010	 0.00026	 0.00737	 0.01253	 0.00000	 0.00001	 0.00926	 0.00000		158.836503	-5214.302614
66066	 0.00009	 0.00021	 0.00918	 0.01319	 0.00000	 0.00000	 0.00972	 0.00000		153.018799	-5132.560308
67067	 0.00008	 0.00006	 0.00775	 0.01382	 0.00000	 0.00000	 0.01018	 0.00000		168.905959	-5139.926570
68068	 0.00020	 0.00017	 0.00883	 0.01369	 0.00000	 0.00001	 0.01074	 0.00000		151.998757	-5109.419352
69069	 0.00019	 0.00015	 0.00806	 0.01175	 0.00000	 0.00001	 0.01040	 0.00000		150.751069	-5179.992864
70070	 0.00009	 0.00018	 0.00754	 0.01189	 0.00000	 0.00000	 0.00966	 0.00000		154.846807	-5199.604685
71071	 0.00003	 0.00013	 0.00745	 0.01109	 0.00000	 0.00000	 0.01007	 0.00000		153.041110	-5269.043599
72072	 0.00006	 0.00014	 0.00765	 0.01272	 0.00000	 0.00000	 0.00877	 0.00000		157.883533	-5218.139135
73073	 0.00004	 0.00004	 0.00756	 0.01103	 0.00000	 0.00000	 0.01128	 0.00000		166.303632	-5161.192069
74074	 0.00003	 0.00006	 0.00818	 0.01368	 0.00000	 0.00000	 0.01040	 0.00000		158.750075	-5084.206155
75075	 0.00004	 0.00003	 0.00699	 0.01201	 0.00000	 0.00000	 0.00991	 0.00000		163.767632	-5201.426634
76076	 0.00002	 0.00007	 0.00834	 0.01272	 0.00000	 0.00000	 0.01050	 0.00000		161.306364	-5156.868869
77077	 0.00006	 0.00004	 0.00896	 0.01170	 0.00000	 0.00000	 0.01206	 0.00000		161.070574	-5043.688411
78078	 0.00006	 0.00006	 0.00837	 0.01233	 0.00000	 0.00000	 0.01018	 0.00000		161.791298	-5118.920051
79079	 0.00007	 0.00008	 0.00849	 0.01238	 0.00000	 0.00000	 0.00956	 0.00000		163.806798	-5123.112106
80080	 0.00008	 0.00009	 0.00748	 0.01298	 0.00000	 0.00000	 0.01069	 0.00000		165.550817	-5077.745540
81081	 0.00005	 0.00009	 0.00791	 0.01209	 0.00000	 0.00000	 0.00985	 0.00000		162.762697	-5156.526205
82082	 0.00008	 0.00011	 0.00779	 0.01053	 0.00000	 0.00000	 0.00946	 0.00000		162.869778	-5169.883970
83083	 0.00007	 0.00006	 0.00714	 0.01136	 0.00000	 0.00000	 0.01005	 0.00000		160.708776	-5206.153899
84084	 0.00004	 0.00005	 0.00793	 0.01322	 0.00000	 0.00000	 0.00966	 0.00000		172.156814	-5091.710754
85085	 0.00007	 0.00003	 0.00722	 0.01186	 0.00000	 0.00000	 0.01031	 0.00000		165.829933	-5181.042146
86086	 0.00012	 0.00006	 0.00866	 0.01185	 0.00000	 0.00000	 0.01071	 0.00000		160.616672	-5039.610512
87087	 0.00005	 0.00011	 0.00744	 0.01393	 0.00000	 0.00000	 0.01038	 0.00000		160.737306	-5101.579087
88088	 0.00003	 0.00004	 0.00739	 0.01231	 0.00000	 0.00000	 0.01181	 0.00000		172.373856	-5191.555752
89089	 0.00005	 0.00015	 0.00772	 0.01273	 0.00000	 0.00000	 0.01016	 0.00000		164.249591	-5246.822115
90090	 0.00005	 0.00008	 0.00734	 0.01176	 0.00000	 0.00000	 0.00956	 0.00000		166.363615	-5194.680378
91091	 0.00013	 0.00007	 0.00762	 0.01226	 0.00000	 0.00000	 0.00991	 0.00000		169.884384	-5140.843286
92092	 0.00009	 0.00028	 0.00834	 0.01217	 0.00000	 0.00001	 0.00916	 0.00000		168.031148	-5185.117368
93093	 0.00004	 0.00012	 0.00888	 0.01134	 0.00000	 0.00000	 0.01075	 0.00000		165.571386	-5176.255759
94094	 0.00013	 0.00029	 0.00728	 0.01302	 0.00000	 0.00001	 0.00964	 0.00000		162.578854	-5243.354397
95095	 0.00018	 0.00017	 0.00818	 0.01397	 0.00000	 0.00001	 0.00978	 0.00000		164.659728	-5087.385891
96096	 0.00018	 0.00012	 0.00836	 0.01248	 0.00000	 0.00000	 0.01027	 0.00000		156.420343	-5139.968976
97097	 0.00004	 0.00006	 0.00856	 0.01165	 0.00000	 0.00000	 0.00935	 0.00000		167.344896	-5228.363290
98098	 0.00006	 0.00004	 0.00803	 0.01110	 0.00000	 0.00000	 0.01148	 0.00000		163.393690	-5120.364154
99099	 0.00009	 0.00007	 0.00684	 0.01181	 0.00000	 0.00000	 0.01079	 0.00000		163.919453	-5176.200455
100100	 0.00011	 0.00015	 0.00679	 0.01235	 0.00000	 0.00000	 0.01132	 0.00000		156.200806	-5102.520642
101101	 0.00008	 0.00007	 0.00809	 0.01214	 0.00000	 0.00000	 0.00858	 0.00000		174.794890	-5168.660518
102102	 0.00018	 0.00010	 0.00827	 0.01193	 0.00000	 0.00001	 0.00956	 0.00000		165.476650	-5135.861043
103103	 0.00009	 0.00017	 0.00763	 0.01325	 0.00000	 0.00000	 0.01133	 0.00000		160.219928	-5094.981603
104104	 0.00015	 0.00019	 0.00755	 0.01230	 0.00000	 0.00001	 0.00968	 0.00000		161.573775	-5189.428455
105105	 0.00011	 0.00014	 0.00815	 0.01162	 0.00000	 0.00001	 0.00935	 0.00000		162.238674	-5174.924882
106106	 0.00021	 0.00025	 0.00721	 0.01243	 0.00000	 0.00001	 0.00877	 0.00000		155.362626	-5216.786063
107107	 0.00013	 0.00010	 0.00886	 0.01081	 0.00000	 0.00001	 0.01020	 0.00000		160.322156	-5178.908196
108108	 0.00008	 0.00007	 0.00805	 0.01132	 0.00000	 0.00000	 0.01085	 0.00000		168.430248	-5099.119623
109109	 0.00012	 0.00006	 0.00877	 0.01329	 0.00000	 0.00000	 0.00953	 0.00000		169.059187	-5130.840648
110110	 0.00010	 0.00007	 0.00846	 0.01115	 0.00000	 0.00000	 0.01094	 0.00000		161.446272	-5213.566917
111111	 0.00003	 0.00002	 0.00716	 0.01186	 0.00000	 0.00000	 0.01047	 0.00000		168.798823	-5057.978097
112112	 0.00003	 0.00002	 0.00805	 0.01172	 0.00000	 0.00000	 0.01010	 0.00000		177.813836	-5082.862360
113113	 0.00003	 0.00005	 0.00829	 0.01141	 0.00000	 0.00000	 0.01048	 0.00000		166.880106	-5060.451724
114114	 0.00005	 0.00003	 0.00611	 0.01121	 0.00000	 0.00000	 0.01037	 0.00000		177.211327	-5192.003598
115115	 0.00013	 0.00016	 0.00769	 0.01188	 0.00000	 0.00001	 0.01024	 0.00000		162.207443	-5113.803309
116116	 0.00011	 0.00020	 0.00788	 0.01187	 0.00000	 0.00001	 0.01025	 0.00000		158.937896	-5113.945826
117117	 0.00020	 0.00011	 0.00786	 0.01072	 0.00000	 0.00001	 0.00969	 0.00000		161.676227	-5196.318168
118118	 0.00014	 0.00016	 0.00716	 0.01162	 0.00000	 0.00001	 0.01033	 0.00000		168.130674	-5153.724670
119119	 0.00015	 0.00019	 0.00871	 0.01253	 0.00000	 0.00001	 0.00988	 0.00000		158.875385	-5105.152468
120120	 0.00018	 0.00018	 0.00801	 0.01187	 0.00000	 0.00001	 0.00878	 0.00000		157.056225	-5183.145306
121121	 0.00014	 0.00025	 0.00788	 0.01188	 0.00000	 0.00001	 0.00986	 0.00000		160.500280	-5190.101245
122122	 0.00032	 0.00025	 0.00887	 0.01052	 0.00000	 0.00001	 0.01107	 0.00000		153.758478	-5203.662680
123123	 0.00033	 0.00026	 0.00862	 0.01256	 0.00000	 0.00001	 0.01113	 0.00000		155.961808	-5123.797569
124124	 0.00054	 0.00025	 0.00796	 0.01157	 0.00000	 0.00001	 0.00979	 0.00000		156.616377	-5119.753926
125125	 0.00024	 0.00026	 0.00858	 0.01017	 0.00000	 0.00001	 0.01008	 0.00000		153.886150	-5195.492917
126126	 0.00014	 0.00017	 0.00828	 0.01119	 0.00000	 0.00001	 0.00972	 0.00000		158.347267	-5176.898685
127127	 0.00010	 0.00016	 0.00805	 0.01246	 0.00000	 0.00001	 0.00986	 0.00000		162.250445	-5101.829212
128128	 0.00015	 0.00011	 0.00715	 0.01131	 0.00000	 0.00000	 0.00963	 0.00000		155.598651	-5242.154629
129129	 0.00023	 0.00025	 0.00793	 0.01289	 0.00000	 0.00001	 0.01003	 0.00000		153.558481	-5168.883288
130130	 0.00007	 0.00005	 0.00775	 0.01152	 0.00000	 0.00000	 0.00993	 0.00000		165.797248	-5165.380755
131131	 0.00007	 0.00004	 0.00927	 0.01083	 0.00000	 0.00000	 0.01075	 0.00000		160.724326	-5140.159807
132132	 0.00005	 0.00009	 0.00814	 0.01169	 0.00000	 0.00000	 0.01006	 0.00000		166.153085	-5173.883751
133133	 0.00005	 0.00004	 0.00946	 0.01077	 0.00000	 0.00000	 0.01109	 0.00000		165.549829	-5084.403396
134134	 0.00005	 0.00004	 0.00768	 0.01138	 0.00000	 0.00000	 0.00998	 0.00000		157.983920	-5162.504995
135135	 0.00004	 0.00006	 0.00753	 0.01089	 0.00000	 0.00000	 0.00974	 0.00000		159.926429	-5143.316482
136136	 0.00003	 0.00009	 0.00673	 0.01178	 0.00000	 0.00000	 0.00954	 0.00000		164.409406	-5147.419209
137137	 0.00002	 0.00005	 0.00772	 0.01190	 0.00000	 0.00000	 0.01035	 0.00000		169.527118	-5091.724306
138138	 0.00007	 0.00014	 0.00751	 0.01324	 0.00000	 0.00000	 0.00948	 0.00000		156.953731	-5117.659609
139139	 0.00014	 0.00010	 0.00852	 0.01142	 0.00000	 0.00000	 0.00899	 0.00000		153.332063	-5230.080712
140140	 0.00006	 0.00016	 0.00804	 0.01151	 0.00000	 0.00000	 0.00998	 0.00000		154.581591	-5222.090914
141141	 0.00008	 0.00005	 0.00723	 0.01201	 0.00000	 0.00000	 0.00935	 0.00000		161.469543	-5236.177458
142142	 0.00009	 0.00005	 0.00927	 0.01082	 0.00000	 0.00000	 0.01005	 0.00000		162.384589	-5191.023367
143143	 0.00004	 0.00014	 0.00665	 0.01162	 0.00000	 0.00000	 0.01002	 0.00000		160.401447	-5266.410354
144144	 0.00012	 0.00019	 0.00887	 0.01061	 0.00000	 0.00001	 0.00998	 0.00000		158.026064	-5196.872886
145145	 0.00008	 0.00008	 0.00682	 0.01273	 0.00000	 0.00000	 0.01019	 0.00000		155.606530	-5192.822890
146146	 0.00006	 0.00003	 0.00835	 0.01166	 0.00000	 0.00000	 0.01209	 0.00000		159.735394	-5201.534875
147147	 0.00014	 0.00016	 0.00833	 0.01353	 0.00000	 0.00001	 0.01234	 0.00000		151.972365	-5041.973733
148148	 0.00014	 0.00012	 0.00746	 0.01303	 0.00000	 0.00001	 0.00936	 0.00000		157.669529	-5193.475953
149149	 0.00019	 0.00012	 0.00814	 0.01191	 0.00000	 0.00001	 0.01018	 0.00000		156.898707	-5096.487878
150150	 0.00006	 0.00015	 0.00843	 0.01215	 0.00000	 0.00000	 0.01045	 0.00000		161.820774	-5108.091582
151151	 0.00010	 0.00009	 0.00727	 0.01212	 0.00000	 0.00000	 0.00973	 0.00000		161.505455	-5153.263574
152152	 0.00009	 0.00013	 0.00783	 0.01144	 0.00000	 0.00000	 0.01076	 0.00000		163.287027	-5181.305922
153153	 0.00013	 0.00038	 0.00759	 0.01178	 0.00000	 0.00001	 0.01033	 0.00000		154.838347	-5087.244854
154154	 0.00018	 0.00018	 0.00815	 0.01287	 0.00000	 0.00001	 0.00935	 0.00000		160.334456	-5160.307906
155155	 0.00009	 0.00013	 0.00801	 0.01303	 0.00000	 0.00000	 0.01030	 0.00000		162.111009	-5143.111203
156156	 0.00008	 0.00006	 0.00745	 0.01319	 0.00000	 0.00000	 0.01054	 0.00000		172.524680	-5125.528106
157157	 0.00008	 0.00022	 0.00841	 0.01205	 0.00000	 0.00000	 0.01024	 0.00000		159.542638	-5136.338640
158158	 0.00006	 0.00014	 0.00967	 0.01261	 0.00000	 0.00000	 0.01238	 0.00000		164.402200	-5019.709531
159159	 0.00005	 0.00005	 0.00770	 0.01210	 0.00000	 0.00000	 0.01063	 0.00000		171.429393	-5060.549493
160160	 0.00003	 0.00006	 0.00740	 0.01242	 0.00000	 0.00000	 0.01068	 0.00000		165.975578	-5130.546542
161161	 0.00005	 0.00006	 0.00794	 0.01306	 0.00000	 0.00000	 0.00967	 0.00000		159.558076	-5184.621715
162162	 0.00003	 0.00005	 0.00845	 0.01416	 0.00000	 0.00000	 0.01072	 0.00000		162.387691	-5084.829951
163163	 0.00003	 0.00002	 0.00833	 0.01133	 0.00000	 0.00000	 0.00928	 0.00000		171.391231	-5161.553380
164164	 0.00008	 0.00022	 0.00715	 0.01484	 0.00000	 0.00001	 0.01064	 0.00000		158.212586	-5111.002021
165165	 0.00008	 0.00003	 0.00846	 0.01226	 0.00000	 0.00000	 0.00916	 0.00000		163.080656	-5061.635099
166166	 0.00004	 0.00008	 0.00736	 0.01281	 0.00000	 0.00000	 0.01007	 0.00000		160.226936	-5200.798073
167167	 0.00007	 0.00006	 0.00855	 0.01238	 0.00000	 0.00000	 0.01096	 0.00000		154.713565	-5071.319217
168168	 0.00001	 0.00001	 0.00767	 0.01195	 0.00000	 0.00000	 0.01032	 0.00000		172.877723	-5175.873541
169169	 0.00001	 0.00001	 0.00828	 0.01147	 0.00000	 0.00000	 0.00941	 0.00000		185.181356	-5220.921118
170170	 0.00001	 0.00001	 0.00864	 0.01217	 0.00000	 0.00000	 0.01020	 0.00000		179.799542	-5113.512641
171171	 0.00002	 0.00001	 0.00803	 0.01176	 0.00000	 0.00000	 0.01113	 0.00000		170.366734	-5099.207653
172172	 0.00001	 0.00003	 0.00746	 0.01219	 0.00000	 0.00000	 0.01012	 0.00000		172.501988	-5183.148123
173173	 0.00000	 0.00001	 0.00821	 0.01281	 0.00000	 0.00000	 0.00961	 0.00000		177.894673	-5209.168208
174174	 0.00001	 0.00000	 0.00974	 0.01063	 0.00000	 0.00000	 0.01052	 0.00000		180.665886	-5133.783157
175175	 0.00001	 0.00001	 0.00735	 0.01207	 0.00000	 0.00000	 0.00968	 0.00000		172.199384	-5212.723207
176176	 0.00001	 0.00001	 0.00835	 0.01168	 0.00000	 0.00000	 0.00959	 0.00000		177.293532	-5106.230510
177177	 0.00001	 0.00001	 0.00794	 0.01204	 0.00000	 0.00000	 0.00929	 0.00000		167.469451	-5220.632923
178178	 0.00001	 0.00001	 0.00707	 0.01421	 0.00000	 0.00000	 0.01045	 0.00000		182.788676	-5204.554115
179179	 0.00001	 0.00000	 0.00731	 0.01330	 0.00000	 0.00000	 0.00959	 0.00000		180.439214	-5141.418387
180180	 0.00000	 0.00001	 0.00895	 0.01195	 0.00000	 0.00000	 0.00992	 0.00000		178.616251	-5206.381127
181181	 0.00000	 0.00001	 0.00860	 0.01401	 0.00000	 0.00000	 0.00943	 0.00000		172.778278	-5189.808436
182182	 0.00001	 0.00001	 0.00768	 0.01217	 0.00000	 0.00000	 0.00958	 0.00000		177.743789	-5153.616399
183183	 0.00001	 0.00001	 0.00810	 0.01237	 0.00000	 0.00000	 0.00978	 0.00000		174.886821	-5114.467240
184184	 0.00001	 0.00002	 0.00877	 0.01181	 0.00000	 0.00000	 0.00987	 0.00000		167.777982	-5167.880688
185185	 0.00001	 0.00016	 0.00818	 0.01299	 0.00001	 0.00000	 0.01034	 0.00000		155.431012	-5130.055915
186186	 0.00001	 0.00003	 0.00778	 0.01308	 0.00001	 0.00000	 0.00998	 0.00000		158.337806	-5145.132804
187187	 0.00009	 0.00004	 0.00979	 0.01274	 0.00000	 0.00000	 0.01028	 0.00000		156.233765	-5083.046269
188188	 0.00008	 0.00011	 0.00726	 0.01244	 0.00000	 0.00000	 0.01144	 0.00000		152.259698	-5242.538542
189189	 0.00005	 0.00005	 0.00737	 0.01239	 0.00000	 0.00000	 0.00941	 0.00000		167.905256	-5135.986931
190190	 0.00005	 0.00010	 0.00899	 0.01276	 0.00000	 0.00000	 0.01115	 0.00000		159.069869	-5151.166953
191191	 0.00006	 0.00009	 0.00891	 0.01103	 0.00000	 0.00000	 0.01093	 0.00000		155.664310	-5134.457411
192192	 0.00009	 0.00007	 0.00805	 0.01197	 0.00000	 0.00000	 0.00984	 0.00000		160.799153	-5170.865678
193193	 0.00012	 0.00013	 0.00822	 0.01176	 0.00000	 0.00001	 0.01028	 0.00000		159.106127	-5244.862717
194194	 0.00004	 0.00004	 0.00896	 0.01083	 0.00000	 0.00000	 0.01012	 0.00000		162.256374	-5137.374133
195195	 0.00004	 0.00005	 0.00734	 0.01294	 0.00000	 0.00000	 0.00951	 0.00000		166.731824	-5181.106254
196196	 0.00004	 0.00010	 0.00782	 0.01232	 0.00000	 0.00000	 0.01049	 0.00000		159.324874	-5151.053737
197197	 0.00008	 0.00008	 0.00826	 0.01041	 0.00000	 0.00000	 0.01035	 0.00000		155.236202	-5166.417305
198198	 0.00004	 0.00006	 0.00885	 0.01193	 0.00000	 0.00000	 0.00999	 0.00000		160.685029	-5138.372846
199199	 0.00007	 0.00013	 0.00718	 0.01169	 0.00000	 0.00000	 0.00979	 0.00000		154.013971	-5221.630811
200200	 0.00007	 0.00011	 0.00678	 0.01214	 0.00000	 0.00000	 0.01081	 0.00000		158.809896	-5093.572382
201201	 0.00018	 0.00008	 0.00874	 0.01141	 0.00000	 0.00000	 0.00978	 0.00000		154.336409	-5244.236182
202202	 0.00039	 0.00041	 0.00834	 0.01092	 0.00000	 0.00001	 0.01026	 0.00000		147.986769	-5161.136005
203203	 0.00027	 0.00023	 0.00719	 0.01148	 0.00000	 0.00001	 0.00960	 0.00000		154.441519	-5276.506756
204204	 0.00016	 0.00024	 0.00837	 0.01245	 0.00000	 0.00001	 0.01171	 0.00000		148.784297	-5054.626018
205205	 0.00006	 0.00018	 0.00862	 0.01105	 0.00000	 0.00000	 0.01028	 0.00000		158.953461	-5141.377579
206206	 0.00008	 0.00008	 0.00779	 0.01201	 0.00000	 0.00000	 0.00972	 0.00000		165.242489	-5137.777130
207207	 0.00014	 0.00018	 0.00870	 0.01210	 0.00000	 0.00001	 0.01013	 0.00000		158.443798	-5169.079268
208208	 0.00012	 0.00024	 0.00752	 0.01138	 0.00000	 0.00000	 0.00967	 0.00000		154.456746	-5203.854431
209209	 0.00014	 0.00009	 0.00719	 0.01086	 0.00000	 0.00000	 0.00963	 0.00000		159.842322	-5319.357043
210210	 0.00029	 0.00039	 0.00763	 0.01056	 0.00000	 0.00001	 0.00938	 0.00000		157.566636	-5156.406469
211211	 0.00019	 0.00020	 0.00787	 0.01233	 0.00000	 0.00001	 0.00995	 0.00000		157.149287	-5192.424351
212212	 0.00037	 0.00017	 0.00846	 0.01261	 0.00000	 0.00001	 0.00971	 0.00000		153.927242	-5199.910642
213213	 0.00012	 0.00018	 0.00759	 0.01158	 0.00000	 0.00001	 0.00947	 0.00000		156.037411	-5149.018600
214214	 0.00028	 0.00013	 0.00817	 0.01052	 0.00000	 0.00001	 0.00911	 0.00000		155.735000	-5241.001052
215215	 0.00033	 0.00024	 0.00822	 0.01221	 0.00000	 0.00001	 0.01023	 0.00000		151.494001	-5125.863505
216216	 0.00026	 0.00014	 0.00687	 0.01212	 0.00000	 0.00001	 0.01098	 0.00000		158.220354	-5095.045491
217217	 0.00006	 0.00004	 0.00906	 0.01010	 0.00000	 0.00000	 0.00872	 0.00000		174.853094	-5178.500124
218218	 0.00007	 0.00011	 0.00701	 0.01298	 0.00000	 0.00000	 0.00972	 0.00000		163.346825	-5114.090367
219219	 0.00009	 0.00006	 0.00906	 0.01215	 0.00000	 0.00000	 0.00983	 0.00000		170.146013	-5096.101343
220220	 0.00013	 0.00013	 0.00894	 0.01221	 0.00000	 0.00001	 0.00958	 0.00000		155.374187	-5125.677206
221221	 0.00034	 0.00011	 0.00791	 0.01207	 0.00000	 0.00001	 0.00983	 0.00000		154.293195	-5167.426058
222222	 0.00009	 0.00010	 0.00795	 0.01211	 0.00000	 0.00000	 0.00952	 0.00000		164.448410	-5153.256559
223223	 0.00009	 0.00035	 0.00843	 0.01263	 0.00000	 0.00001	 0.00899	 0.00000		159.169597	-5293.810943
224224	 0.00022	 0.00017	 0.00797	 0.01279	 0.00000	 0.00001	 0.00905	 0.00000		156.381384	-5153.198397
225225	 0.00005	 0.00008	 0.00728	 0.01268	 0.00000	 0.00000	 0.01046	 0.00000		155.828881	-5169.667601
226226	 0.00010	 0.00004	 0.00707	 0.01214	 0.00000	 0.00000	 0.00894	 0.00000		158.487194	-5235.587383
227227	 0.00007	 0.00008	 0.00816	 0.01247	 0.00000	 0.00000	 0.00942	 0.00000		158.925005	-5209.818712
228228	 0.00007	 0.00008	 0.00725	 0.01338	 0.00000	 0.00000	 0.00931	 0.00000		153.624021	-5152.690168
229229	 0.00010	 0.00019	 0.00848	 0.01130	 0.00000	 0.00001	 0.01035	 0.00000		153.841314	-5154.995667
230230	 0.00010	 0.00009	 0.00775	 0.01250	 0.00000	 0.00000	 0.01031	 0.00000		155.819824	-5118.716909
231231	 0.00011	 0.00004	 0.00847	 0.01102	 0.00001	 0.00000	 0.01005	 0.00000		159.901449	-5167.509658
232232	 0.00009	 0.00006	 0.00899	 0.01111	 0.00000	 0.00000	 0.00956	 0.00000		159.653632	-5177.388008
233233	 0.00022	 0.00033	 0.00756	 0.01249	 0.00000	 0.00001	 0.00988	 0.00000		154.167251	-5099.654064
234234	 0.00015	 0.00009	 0.00835	 0.01145	 0.00000	 0.00000	 0.01151	 0.00000		154.186821	-5129.695545
235235	 0.00013	 0.00028	 0.00813	 0.01167	 0.00000	 0.00001	 0.00918	 0.00000		154.655548	-5255.159960
236236	 0.00007	 0.00007	 0.00948	 0.01062	 0.00000	 0.00000	 0.00892	 0.00000		166.080687	-5160.932760
237237	 0.00007	 0.00023	 0.00936	 0.01273	 0.00000	 0.00000	 0.00992	 0.00000		156.904484	-5086.588563
238238	 0.00003	 0.00018	 0.00775	 0.01287	 0.00000	 0.00000	 0.00954	 0.00000		159.804023	-5216.244231
239239	 0.00005	 0.00008	 0.00779	 0.01073	 0.00000	 0.00000	 0.00898	 0.00000		164.962737	-5217.138798
240240	 0.00006	 0.00009	 0.00696	 0.01241	 0.00000	 0.00000	 0.01070	 0.00000		162.600142	-5225.677701
241241	 0.00009	 0.00016	 0.00789	 0.01166	 0.00000	 0.00000	 0.00941	 0.00000		152.682634	-5204.909021
242242	 0.00005	 0.00007	 0.00878	 0.01206	 0.00000	 0.00000	 0.01013	 0.00000		160.866653	-5208.956569
243243	 0.00003	 0.00004	 0.00890	 0.01060	 0.00000	 0.00000	 0.01038	 0.00000		163.370050	-5325.935675
244244	 0.00006	 0.00008	 0.00906	 0.01268	 0.00003	 0.00000	 0.01064	 0.00000		149.037921	-5160.872258
245245	 0.00010	 0.00008	 0.00647	 0.01230	 0.00003	 0.00000	 0.00975	 0.00000		153.820866	-5196.562754
246246	 0.00006	 0.00014	 0.00837	 0.01286	 0.00001	 0.00000	 0.00993	 0.00000		148.034062	-5121.200839
247247	 0.00009	 0.00007	 0.00872	 0.01109	 0.00000	 0.00000	 0.01123	 0.00000		150.284845	-5136.352602
248248	 0.00007	 0.00016	 0.00718	 0.01275	 0.00000	 0.00000	 0.00889	 0.00000		153.130283	-5178.499168
249249	 0.00006	 0.00008	 0.00634	 0.01105	 0.00000	 0.00000	 0.00981	 0.00000		160.996073	-5228.220076
250250	 0.00004	 0.00014	 0.00963	 0.01309	 0.00000	 0.00000	 0.01087	 0.00000		147.475648	-5100.697590
251251	 0.00002	 0.00008	 0.00776	 0.01277	 0.00000	 0.00000	 0.00989	 0.00000		155.466129	-5165.155317
252252	 0.00006	 0.00004	 0.00756	 0.01159	 0.00000	 0.00000	 0.01109	 0.00000		158.657028	-5113.386199
253253	 0.00006	 0.00004	 0.00742	 0.01122	 0.00000	 0.00000	 0.01087	 0.00000		165.200021	-5128.007571
254254	 0.00021	 0.00018	 0.00774	 0.01275	 0.00000	 0.00001	 0.01056	 0.00000		159.114984	-5091.402549
255255	 0.00013	 0.00013	 0.00793	 0.01152	 0.00000	 0.00001	 0.01117	 0.00000		159.861011	-5098.030140
256256	 0.00010	 0.00006	 0.00766	 0.01295	 0.00000	 0.00000	 0.00936	 0.00000		160.642209	-5278.235265
257257	 0.00011	 0.00012	 0.00945	 0.01218	 0.00000	 0.00001	 0.01102	 0.00000		169.181362	-5063.143120
258258	 0.00005	 0.00009	 0.00882	 0.01144	 0.00000	 0.00000	 0.01010	 0.00000		167.966985	-5100.818515
259259	 0.00003	 0.00006	 0.00746	 0.01150	 0.00000	 0.00000	 0.01008	 0.00000		175.360272	-5165.589466
260260	 0.00007	 0.00013	 0.00803	 0.01117	 0.00000	 0.00000	 0.00947	 0.00000		166.403391	-5220.835083
261261	 0.00014	 0.00015	 0.00745	 0.01224	 0.00000	 0.00001	 0.01042	 0.00000		168.104134	-5128.929832
262262	 0.00023	 0.00023	 0.00903	 0.01095	 0.00000	 0.00001	 0.01116	 0.00000		161.025307	-5090.329816
263263	 0.00014	 0.00017	 0.00782	 0.01176	 0.00000	 0.00001	 0.01038	 0.00000		163.251808	-5211.303494
264264	 0.00019	 0.00022	 0.00745	 0.01150	 0.00000	 0.00001	 0.01008	 0.00000		160.379507	-5159.893596
265265	 0.00008	 0.00014	 0.00712	 0.01217	 0.00000	 0.00000	 0.00956	 0.00000		162.119149	-5182.812516
266266	 0.00006	 0.00007	 0.00807	 0.01429	 0.00000	 0.00000	 0.01021	 0.00000		163.670960	-5141.170084
267267	 0.00002	 0.00004	 0.00678	 0.01122	 0.00000	 0.00000	 0.01054	 0.00000		162.766374	-5226.996262
268268	 0.00002	 0.00005	 0.00786	 0.01228	 0.00000	 0.00000	 0.00989	 0.00000		163.806640	-5221.964665
269269	 0.00001	 0.00005	 0.00857	 0.01184	 0.00000	 0.00000	 0.01140	 0.00000		170.500821	-5163.621241
270270	 0.00001	 0.00001	 0.00722	 0.01210	 0.00000	 0.00000	 0.01087	 0.00000		176.146592	-5100.148966
271271	 0.00001	 0.00003	 0.00729	 0.01180	 0.00000	 0.00000	 0.01104	 0.00000		170.198879	-5097.117207
272272	 0.00001	 0.00002	 0.00809	 0.01227	 0.00000	 0.00000	 0.01135	 0.00000		163.480296	-5187.803674
273273	 0.00001	 0.00001	 0.00774	 0.01280	 0.00000	 0.00000	 0.01045	 0.00000		169.010322	-5118.949942
274274	 0.00003	 0.00001	 0.00839	 0.01206	 0.00000	 0.00000	 0.01038	 0.00000		166.048450	-5108.280461
275275	 0.00002	 0.00001	 0.00680	 0.01156	 0.00000	 0.00000	 0.01034	 0.00000		162.458647	-5192.195196
276276	 0.00002	 0.00003	 0.00824	 0.01245	 0.00000	 0.00000	 0.00972	 0.00000		166.984142	-5128.655552
277277	 0.00005	 0.00004	 0.00888	 0.01375	 0.00000	 0.00000	 0.00988	 0.00000		151.061799	-5222.386488
278278	 0.00004	 0.00009	 0.00856	 0.01326	 0.00001	 0.00000	 0.01026	 0.00000		161.127675	-5111.958402
279279	 0.00003	 0.00005	 0.00688	 0.01230	 0.00000	 0.00000	 0.00895	 0.00000		163.554287	-5182.862968
280280	 0.00004	 0.00005	 0.00815	 0.01224	 0.00000	 0.00000	 0.00839	 0.00000		161.549349	-5325.594824
281281	 0.00005	 0.00008	 0.00805	 0.01139	 0.00000	 0.00000	 0.00957	 0.00000		158.526439	-5152.675194
282282	 0.00003	 0.00006	 0.00818	 0.01391	 0.00000	 0.00000	 0.00960	 0.00000		152.464707	-5170.676385
283283	 0.00009	 0.00006	 0.00819	 0.01237	 0.00001	 0.00000	 0.01003	 0.00000		151.732827	-5091.417181
284284	 0.00004	 0.00003	 0.00847	 0.01262	 0.00000	 0.00000	 0.01095	 0.00000		171.226249	-5087.875346
285285	 0.00004	 0.00004	 0.00781	 0.01216	 0.00000	 0.00000	 0.01023	 0.00000		159.577941	-5115.476878
286286	 0.00003	 0.00005	 0.00835	 0.01224	 0.00000	 0.00000	 0.01063	 0.00000		157.991017	-5174.312531
287287	 0.00001	 0.00002	 0.00798	 0.01373	 0.00000	 0.00000	 0.00923	 0.00000		179.726481	-5151.214611
288288	 0.00001	 0.00001	 0.00749	 0.01184	 0.00000	 0.00000	 0.00936	 0.00000		184.290868	-5217.195091
289289	 0.00001	 0.00002	 0.00807	 0.01097	 0.00000	 0.00000	 0.00935	 0.00000		182.285336	-5323.825944
290290	 0.00001	 0.00001	 0.00795	 0.01345	 0.00000	 0.00000	 0.00988	 0.00000		181.620372	-5091.170889
291291	 0.00009	 0.00002	 0.00759	 0.01227	 0.00000	 0.00000	 0.01058	 0.00000		157.982527	-5178.570958
292292	 0.00004	 0.00003	 0.00711	 0.01245	 0.00000	 0.00000	 0.01102	 0.00000		163.867999	-5119.242861
293293	 0.00009	 0.00008	 0.00841	 0.01200	 0.00000	 0.00000	 0.00928	 0.00000		162.361856	-5167.607962
294294	 0.00015	 0.00022	 0.00683	 0.01279	 0.00000	 0.00001	 0.00965	 0.00000		152.246481	-5206.454538
295295	 0.00008	 0.00007	 0.00741	 0.01224	 0.00000	 0.00000	 0.00950	 0.00000		168.396108	-5107.511103
296296	 0.00012	 0.00021	 0.00688	 0.01260	 0.00000	 0.00001	 0.00951	 0.00000		158.232887	-5161.220904
297297	 0.00010	 0.00024	 0.00796	 0.01272	 0.00000	 0.00001	 0.01032	 0.00000		162.128450	-5115.178504
298298	 0.00007	 0.00012	 0.00978	 0.01145	 0.00000	 0.00000	 0.01021	 0.00000		156.542946	-5137.795849
299299	 0.00003	 0.00003	 0.00872	 0.01139	 0.00000	 0.00000	 0.01105	 0.00000		166.349815	-5125.530207
300300	 0.00003	 0.00004	 0.00846	 0.01225	 0.00000	 0.00000	 0.00950	 0.00000		173.572512	-5220.141352
301301	 0.00005	 0.00004	 0.00711	 0.01307	 0.00000	 0.00000	 0.01065	 0.00000		162.119453	-5104.852445
302302	 0.00011	 0.00008	 0.00818	 0.01228	 0.00000	 0.00000	 0.01013	 0.00000		158.330984	-5123.110035
303303	 0.00006	 0.00011	 0.00749	 0.01269	 0.00000	 0.00000	 0.00975	 0.00000		163.132582	-5187.842123
304304	 0.00018	 0.00012	 0.00885	 0.01263	 0.00000	 0.00001	 0.00954	 0.00000		165.724623	-5062.939867
305305	 0.00018	 0.00041	 0.00839	 0.01198	 0.00000	 0.00001	 0.00979	 0.00000		155.907151	-5122.576176
306306	 0.00015	 0.00007	 0.00666	 0.01257	 0.00000	 0.00000	 0.00933	 0.00000		167.035897	-5175.128039
307307	 0.00019	 0.00015	 0.00843	 0.01211	 0.00000	 0.00001	 0.01102	 0.00000		159.950208	-5070.508053
308308	 0.00009	 0.00014	 0.00746	 0.01186	 0.00000	 0.00000	 0.00950	 0.00000		158.879794	-5156.973495
309309	 0.00008	 0.00012	 0.00689	 0.01134	 0.00000	 0.00000	 0.01038	 0.00000		160.735319	-5198.583286
310310	 0.00011	 0.00010	 0.00791	 0.01257	 0.00000	 0.00000	 0.01088	 0.00000		159.788029	-5146.622020
311311	 0.00015	 0.00012	 0.00921	 0.01122	 0.00000	 0.00001	 0.01044	 0.00000		155.297744	-5071.244354
312312	 0.00015	 0.00024	 0.00868	 0.01277	 0.00000	 0.00001	 0.01024	 0.00000		157.079061	-5135.257852
313313	 0.00012	 0.00013	 0.00753	 0.01104	 0.00000	 0.00001	 0.01083	 0.00000		159.529259	-5164.513064
314314	 0.00007	 0.00023	 0.00850	 0.01160	 0.00000	 0.00000	 0.01005	 0.00000		153.877274	-5178.704656
315315	 0.00012	 0.00015	 0.00783	 0.01246	 0.00000	 0.00000	 0.01026	 0.00000		156.244973	-5190.554266
316316	 0.00012	 0.00034	 0.00821	 0.01500	 0.00000	 0.00001	 0.01029	 0.00000		154.729068	-5116.276299
317317	 0.00005	 0.00021	 0.00802	 0.01217	 0.00000	 0.00000	 0.00952	 0.00000		159.955655	-5197.881981
318318	 0.00008	 0.00004	 0.00676	 0.01366	 0.00000	 0.00000	 0.01126	 0.00000		165.059162	-5033.348082
319319	 0.00010	 0.00007	 0.00625	 0.01267	 0.00000	 0.00000	 0.00994	 0.00000		160.271020	-5206.280404
320320	 0.00005	 0.00006	 0.00669	 0.01273	 0.00000	 0.00000	 0.00943	 0.00000		168.379618	-5203.546742
321321	 0.00010	 0.00015	 0.00803	 0.01182	 0.00000	 0.00001	 0.01008	 0.00000		160.036818	-5102.484510
322322	 0.00002	 0.00006	 0.00755	 0.01128	 0.00000	 0.00000	 0.00941	 0.00000		168.017807	-5211.099787
323323	 0.00003	 0.00006	 0.00929	 0.01257	 0.00000	 0.00000	 0.01042	 0.00000		159.812173	-5097.464979
324324	 0.00005	 0.00009	 0.00796	 0.01169	 0.00000	 0.00000	 0.01050	 0.00000		155.956324	-5112.416166
325325	 0.00003	 0.00003	 0.00882	 0.01230	 0.00000	 0.00000	 0.00980	 0.00000		175.756607	-5146.514339
326326	 0.00021	 0.00013	 0.00887	 0.01130	 0.00000	 0.00001	 0.01108	 0.00000		163.867218	-5114.651292
327327	 0.00014	 0.00013	 0.00774	 0.01309	 0.00000	 0.00001	 0.00874	 0.00000		166.189630	-5150.913204
328328	 0.00004	 0.00006	 0.00660	 0.01403	 0.00000	 0.00000	 0.00930	 0.00000		170.719473	-5183.687501
329329	 0.00011	 0.00006	 0.00828	 0.01244	 0.00000	 0.00000	 0.00984	 0.00000		167.377864	-5185.869131
330330	 0.00005	 0.00004	 0.00736	 0.01343	 0.00000	 0.00000	 0.00998	 0.00000		176.590577	-5121.872605
331331	 0.00004	 0.00007	 0.00910	 0.01170	 0.00000	 0.00000	 0.01061	 0.00000		168.208510	-5171.618022
332332	 0.00015	 0.00006	 0.00795	 0.01160	 0.00000	 0.00000	 0.01005	 0.00000		160.063055	-5174.068778
333333	 0.00008	 0.00017	 0.00737	 0.01320	 0.00000	 0.00001	 0.01065	 0.00000		163.045670	-5100.557210
334334	 0.00013	 0.00012	 0.00875	 0.01255	 0.00000	 0.00001	 0.01006	 0.00000		159.025687	-5161.597216
335335	 0.00006	 0.00003	 0.00714	 0.01301	 0.00000	 0.00000	 0.01023	 0.00000		169.249480	-5212.933855
336336	 0.00010	 0.00006	 0.01006	 0.01245	 0.00000	 0.00000	 0.01010	 0.00000		157.103363	-5146.480120
337337	 0.00005	 0.00005	 0.00812	 0.01165	 0.00000	 0.00000	 0.01044	 0.00000		168.244246	-5232.850309
338338	 0.00006	 0.00008	 0.00779	 0.01085	 0.00000	 0.00000	 0.01017	 0.00000		165.806238	-5188.236500
339339	 0.00004	 0.00005	 0.00868	 0.01063	 0.00000	 0.00000	 0.01057	 0.00000		169.844585	-5067.027186
340340	 0.00005	 0.00008	 0.00842	 0.01379	 0.00000	 0.00000	 0.01003	 0.00000		160.099129	-5178.643132
341341	 0.00006	 0.00014	 0.00823	 0.01268	 0.00000	 0.00000	 0.00981	 0.00000		160.444314	-5178.242236
342342	 0.00007	 0.00020	 0.00704	 0.01055	 0.00000	 0.00000	 0.01087	 0.00000		157.476372	-5233.259522
343343	 0.00016	 0.00012	 0.00945	 0.01151	 0.00000	 0.00001	 0.00987	 0.00000		164.550998	-5154.357514
344344	 0.00026	 0.00011	 0.00968	 0.01195	 0.00000	 0.00001	 0.01171	 0.00000		156.669224	-5073.604198
345345	 0.00026	 0.00019	 0.00929	 0.01221	 0.00000	 0.00001	 0.00996	 0.00000		164.276591	-5153.820689
346346	 0.00017	 0.00013	 0.00796	 0.01298	 0.00000	 0.00001	 0.01000	 0.00000		158.359211	-5169.741025
347347	 0.00018	 0.00008	 0.00757	 0.01265	 0.00000	 0.00001	 0.01015	 0.00000		162.333411	-5176.234287
348348	 0.00004	 0.00005	 0.00893	 0.01294	 0.00000	 0.00000	 0.01016	 0.00000		173.161223	-5119.672240
349349	 0.00004	 0.00002	 0.00716	 0.01130	 0.00000	 0.00000	 0.01036	 0.00000		167.640700	-5162.780737
350350	 0.00003	 0.00003	 0.00680	 0.01183	 0.00000	 0.00000	 0.00971	 0.00000		177.216124	-5162.357440
351351	 0.00003	 0.00013	 0.00814	 0.01270	 0.00000	 0.00000	 0.00974	 0.00000		163.198087	-5148.569035
352352	 0.00003	 0.00006	 0.00790	 0.01268	 0.00000	 0.00000	 0.00945	 0.00000		168.935717	-5174.434055
353353	 0.00004	 0.00004	 0.00676	 0.01271	 0.00000	 0.00000	 0.01055	 0.00000		167.119352	-5192.731860
354354	 0.00009	 0.00007	 0.00671	 0.01137	 0.00000	 0.00000	 0.01069	 0.00000		163.420547	-5184.843053
355355	 0.00015	 0.00017	 0.00752	 0.01237	 0.00000	 0.00001	 0.01086	 0.00000		163.401044	-5099.582388
356356	 0.00018	 0.00023	 0.00697	 0.01151	 0.00000	 0.00001	 0.01109	 0.00000		159.710893	-5111.715638
357357	 0.00018	 0.00033	 0.00865	 0.01135	 0.00000	 0.00001	 0.00936	 0.00000		155.437926	-5184.450973
358358	 0.00017	 0.00017	 0.00978	 0.01236	 0.00000	 0.00001	 0.01030	 0.00000		161.211521	-5094.294992
359359	 0.00019	 0.00017	 0.00755	 0.01373	 0.00000	 0.00001	 0.01055	 0.00000		154.101227	-5116.303054
360360	 0.00002	 0.00004	 0.00775	 0.01216	 0.00000	 0.00000	 0.01029	 0.00000		172.285829	-5242.140334
361361	 0.00008	 0.00003	 0.00767	 0.01212	 0.00000	 0.00000	 0.01065	 0.00000		163.961050	-5168.626349
362362	 0.00011	 0.00004	 0.00734	 0.01224	 0.00000	 0.00000	 0.00886	 0.00000		165.870532	-5165.970880
363363	 0.00004	 0.00003	 0.00728	 0.01365	 0.00000	 0.00000	 0.01087	 0.00000		163.744798	-5188.369621
364364	 0.00002	 0.00006	 0.00860	 0.01262	 0.00000	 0.00000	 0.00943	 0.00000		171.013507	-5157.055550
365365	 0.00003	 0.00005	 0.00742	 0.01248	 0.00000	 0.00000	 0.01023	 0.00000		171.150023	-5224.010791
366366	 0.00004	 0.00005	 0.00737	 0.01152	 0.00000	 0.00000	 0.00889	 0.00000		163.984022	-5252.740484
367367	 0.00004	 0.00014	 0.00835	 0.01157	 0.00000	 0.00000	 0.01042	 0.00000		158.660657	-5117.459858
368368	 0.00009	 0.00005	 0.00750	 0.01209	 0.00000	 0.00000	 0.01157	 0.00000		167.562129	-5033.476700
369369	 0.00004	 0.00006	 0.00827	 0.01098	 0.00000	 0.00000	 0.01128	 0.00000		164.961193	-5124.367602
370370	 0.00014	 0.00014	 0.00775	 0.01333	 0.00000	 0.00001	 0.01039	 0.00000		152.135837	-5167.428885
371371	 0.00019	 0.00004	 0.00817	 0.01144	 0.00000	 0.00000	 0.01037	 0.00000		151.217117	-5149.436768
372372	 0.00008	 0.00011	 0.00815	 0.01200	 0.00000	 0.00000	 0.00926	 0.00000		154.678590	-5205.967450
373373	 0.00017	 0.00013	 0.00744	 0.01212	 0.00000	 0.00001	 0.01029	 0.00000		155.952322	-5084.455669
374374	 0.00023	 0.00015	 0.00760	 0.01213	 0.00000	 0.00001	 0.00934	 0.00000		159.176673	-5207.211203
375375	 0.00007	 0.00014	 0.00766	 0.01120	 0.00000	 0.00000	 0.01030	 0.00000		157.568754	-5139.162337
376376	 0.00017	 0.00030	 0.00724	 0.01248	 0.00000	 0.00001	 0.01049	 0.00000		153.053964	-5145.798069
377377	 0.00018	 0.00017	 0.00843	 0.01243	 0.00000	 0.00001	 0.01157	 0.00000		152.838149	-5181.677597
378378	 0.00032	 0.00042	 0.00854	 0.01096	 0.00000	 0.00002	 0.01094	 0.00000		153.244032	-5100.212384
379379	 0.00012	 0.00021	 0.00819	 0.01092	 0.00000	 0.00001	 0.00930	 0.00000		158.452131	-5177.469379
380380	 0.00022	 0.00012	 0.00743	 0.01265	 0.00000	 0.00001	 0.01043	 0.00000		160.771997	-5099.931559
381381	 0.00015	 0.00009	 0.00869	 0.01118	 0.00000	 0.00000	 0.01017	 0.00000		158.697420	-5104.850243
382382	 0.00018	 0.00011	 0.00876	 0.01204	 0.00000	 0.00001	 0.01137	 0.00000		159.979894	-5134.011301
383383	 0.00008	 0.00009	 0.00821	 0.01375	 0.00000	 0.00000	 0.01107	 0.00000		170.531872	-5005.821424
384384	 0.00015	 0.00018	 0.00860	 0.01201	 0.00000	 0.00001	 0.00997	 0.00000		159.949125	-5184.252897
385385	 0.00012	 0.00010	 0.00801	 0.01238	 0.00000	 0.00001	 0.01042	 0.00000		169.128824	-5096.499894
386386	 0.00015	 0.00019	 0.00828	 0.01198	 0.00000	 0.00001	 0.00970	 0.00000		166.150518	-5132.759727
387387	 0.00025	 0.00031	 0.00801	 0.01214	 0.00000	 0.00001	 0.01144	 0.00000		156.555215	-5127.470751
388388	 0.00017	 0.00031	 0.00760	 0.01095	 0.00000	 0.00001	 0.00942	 0.00000		162.769582	-5209.864863
389389	 0.00010	 0.00012	 0.00822	 0.01182	 0.00000	 0.00001	 0.01023	 0.00000		166.576107	-5088.810382
390390	 0.00011	 0.00025	 0.00789	 0.01239	 0.00000	 0.00001	 0.01016	 0.00000		159.243497	-5206.709174
391391	 0.00006	 0.00013	 0.00678	 0.01345	 0.00000	 0.00000	 0.01106	 0.00000		160.341283	-5145.533284
392392	 0.00004	 0.00008	 0.00766	 0.01095	 0.00000	 0.00000	 0.01040	 0.00000		166.104322	-5199.297560
393393	 0.00005	 0.00009	 0.00807	 0.01050	 0.00000	 0.00000	 0.01007	 0.00000		158.275059	-5142.821261
394394	 0.00009	 0.00022	 0.00745	 0.01386	 0.00000	 0.00001	 0.01000	 0.00000		160.165090	-5158.247123
395395	 0.00015	 0.00014	 0.00813	 0.01278	 0.00000	 0.00001	 0.01093	 0.00000		157.505187	-5075.004262
396396	 0.00009	 0.00004	 0.00797	 0.01203	 0.00000	 0.00000	 0.01018	 0.00000		165.335515	-5142.508956
397397	 0.00003	 0.00021	 0.00848	 0.01145	 0.00000	 0.00000	 0.01094	 0.00000		159.847526	-5221.513151
398398	 0.00011	 0.00011	 0.00719	 0.01291	 0.00000	 0.00000	 0.01215	 0.00000		158.905433	-5115.321812
399399	 0.00008	 0.00008	 0.00786	 0.01020	 0.00000	 0.00000	 0.01018	 0.00000		164.080828	-5189.072688
400400	 0.00011	 0.00018	 0.00775	 0.01254	 0.00000	 0.00000	 0.00991	 0.00000		155.663374	-5186.821224
401401	 0.00017	 0.00012	 0.00828	 0.01179	 0.00000	 0.00001	 0.01042	 0.00000		161.838650	-5106.788944
402402	 0.00009	 0.00016	 0.00806	 0.01248	 0.00000	 0.00001	 0.00998	 0.00000		166.619358	-5123.695627
403403	 0.00024	 0.00018	 0.00770	 0.01335	 0.00000	 0.00001	 0.01020	 0.00000		158.022917	-5086.646023
404404	 0.00025	 0.00031	 0.00679	 0.01234	 0.00000	 0.00002	 0.01046	 0.00000		159.752820	-5180.563990
405405	 0.00012	 0.00032	 0.00666	 0.01341	 0.00000	 0.00001	 0.01183	 0.00000		148.400408	-5149.410297
406406	 0.00006	 0.00006	 0.00820	 0.01370	 0.00000	 0.00000	 0.01039	 0.00000		167.400211	-5199.499629
407407	 0.00015	 0.00020	 0.00745	 0.01134	 0.00000	 0.00001	 0.00955	 0.00000		164.694992	-5171.997371
408408	 0.00009	 0.00019	 0.00827	 0.01243	 0.00000	 0.00001	 0.01103	 0.00000		164.551942	-5131.390014
409409	 0.00006	 0.00013	 0.00772	 0.01310	 0.00000	 0.00000	 0.01025	 0.00000		166.094064	-5180.912794
410410	 0.00015	 0.00012	 0.00717	 0.01067	 0.00000	 0.00000	 0.00987	 0.00000		155.931450	-5233.699899
411411	 0.00009	 0.00009	 0.00861	 0.01228	 0.00000	 0.00000	 0.01115	 0.00000		162.030507	-5146.275674
412412	 0.00005	 0.00005	 0.00739	 0.01138	 0.00000	 0.00000	 0.01052	 0.00000		167.546346	-5161.691416
413413	 0.00005	 0.00013	 0.00842	 0.01415	 0.00000	 0.00000	 0.00998	 0.00000		162.720700	-5110.011343
414414	 0.00005	 0.00009	 0.00798	 0.01246	 0.00000	 0.00000	 0.00944	 0.00000		169.734080	-5186.642990
415415	 0.00004	 0.00003	 0.00761	 0.01174	 0.00000	 0.00000	 0.01004	 0.00000		177.012567	-5139.837464
416416	 0.00005	 0.00007	 0.00752	 0.01217	 0.00000	 0.00000	 0.00952	 0.00000		165.939198	-5176.174450
417417	 0.00007	 0.00006	 0.00689	 0.01240	 0.00000	 0.00000	 0.01008	 0.00000		175.019512	-5151.048432
418418	 0.00016	 0.00009	 0.00681	 0.01299	 0.00000	 0.00000	 0.00972	 0.00000		161.327208	-5103.799961
419419	 0.00007	 0.00009	 0.00877	 0.01092	 0.00000	 0.00000	 0.01005	 0.00000		163.076824	-5158.048088
420420	 0.00006	 0.00008	 0.00738	 0.01201	 0.00000	 0.00000	 0.00984	 0.00000		167.885467	-5238.914560
421421	 0.00005	 0.00006	 0.00867	 0.01233	 0.00000	 0.00000	 0.00983	 0.00000		158.619152	-5084.420581
422422	 0.00003	 0.00005	 0.00844	 0.01278	 0.00000	 0.00000	 0.01209	 0.00000		161.288180	-5104.401385
423423	 0.00003	 0.00007	 0.00731	 0.01351	 0.00000	 0.00000	 0.00955	 0.00000		168.999547	-5190.446885
424424	 0.00002	 0.00005	 0.00827	 0.01274	 0.00000	 0.00000	 0.01094	 0.00000		166.837296	-5086.480576
425425	 0.00003	 0.00004	 0.00757	 0.01174	 0.00000	 0.00000	 0.01092	 0.00000		171.474903	-5085.883010
426426	 0.00005	 0.00003	 0.00728	 0.01157	 0.00000	 0.00000	 0.01080	 0.00000		168.890505	-5113.236371
427427	 0.00004	 0.00010	 0.00757	 0.01241	 0.00000	 0.00000	 0.00941	 0.00000		173.497768	-5094.878821
428428	 0.00016	 0.00013	 0.00812	 0.01229	 0.00000	 0.00000	 0.01033	 0.00000		157.359008	-5144.666509
429429	 0.00021	 0.00025	 0.00720	 0.01218	 0.00000	 0.00001	 0.00993	 0.00000		155.576117	-5224.558895
430430	 0.00020	 0.00025	 0.00776	 0.01319	 0.00000	 0.00001	 0.00901	 0.00000		157.128081	-5238.019781
431431	 0.00028	 0.00028	 0.00746	 0.01169	 0.00000	 0.00001	 0.01014	 0.00000		146.978675	-5141.793296
432432	 0.00005	 0.00005	 0.00850	 0.01227	 0.00000	 0.00000	 0.00903	 0.00000		163.069690	-5179.740863
433433	 0.00005	 0.00012	 0.00796	 0.01292	 0.00000	 0.00000	 0.01112	 0.00000		150.676831	-5111.790297
434434	 0.00018	 0.00025	 0.00854	 0.01306	 0.00000	 0.00001	 0.00958	 0.00000		150.339786	-5169.775983
435435	 0.00018	 0.00015	 0.00708	 0.01208	 0.00000	 0.00001	 0.00977	 0.00000		160.655996	-5125.714937
436436	 0.00014	 0.00010	 0.00933	 0.01144	 0.00000	 0.00000	 0.01065	 0.00000		153.360509	-5204.756168
437437	 0.00012	 0.00019	 0.00763	 0.01300	 0.00000	 0.00001	 0.01000	 0.00000		154.553027	-5221.045672
438438	 0.00010	 0.00021	 0.00666	 0.01232	 0.00000	 0.00001	 0.01043	 0.00000		150.596141	-5155.867665
439439	 0.00005	 0.00016	 0.00795	 0.01161	 0.00001	 0.00000	 0.00955	 0.00000		156.643894	-5212.794504
440440	 0.00008	 0.00020	 0.00902	 0.01142	 0.00000	 0.00000	 0.01009	 0.00000		151.075138	-5139.791929
441441	 0.00007	 0.00014	 0.00809	 0.01137	 0.00003	 0.00000	 0.01011	 0.00000		147.070061	-5191.895021
442442	 0.00033	 0.00037	 0.00807	 0.01107	 0.00000	 0.00001	 0.01034	 0.00000		143.445686	-5231.205418
443443	 0.00007	 0.00013	 0.00815	 0.01228	 0.00000	 0.00000	 0.00939	 0.00000		155.122739	-5167.472390
444444	 0.00010	 0.00006	 0.00682	 0.01247	 0.00000	 0.00000	 0.01044	 0.00000		165.510022	-5087.187461
445445	 0.00011	 0.00016	 0.00851	 0.01337	 0.00000	 0.00001	 0.00982	 0.00000		164.253013	-5089.982644
446446	 0.00019	 0.00012	 0.00754	 0.01261	 0.00000	 0.00001	 0.00957	 0.00000		165.796876	-5176.189577
447447	 0.00030	 0.00017	 0.00792	 0.01396	 0.00000	 0.00001	 0.01134	 0.00000		159.667031	-5071.959581
448448	 0.00026	 0.00029	 0.00648	 0.01204	 0.00000	 0.00001	 0.00981	 0.00000		159.797386	-5200.029271
449449	 0.00054	 0.00017	 0.00782	 0.01211	 0.00000	 0.00001	 0.01068	 0.00000		156.939438	-5118.499141
450450	 0.00027	 0.00031	 0.00742	 0.01362	 0.00000	 0.00001	 0.01005	 0.00000		151.873095	-5171.057731
451451	 0.00042	 0.00025	 0.00675	 0.01183	 0.00000	 0.00001	 0.00945	 0.00000		154.087995	-5255.220463
452452	 0.00030	 0.00044	 0.00747	 0.01153	 0.00000	 0.00001	 0.01054	 0.00000		154.053018	-5147.541317
453453	 0.00030	 0.00029	 0.00652	 0.01242	 0.00000	 0.00001	 0.00825	 0.00000		162.473792	-5237.514090
454454	 0.00011	 0.00009	 0.00795	 0.01157	 0.00000	 0.00001	 0.00938	 0.00000		168.695894	-5227.026316
455455	 0.00004	 0.00003	 0.00767	 0.01245	 0.00000	 0.00000	 0.00972	 0.00000		172.185749	-5136.229961
456456	 0.00004	 0.00006	 0.00886	 0.01215	 0.00000	 0.00000	 0.00962	 0.00000		162.203748	-5072.902654
457457	 0.00007	 0.00010	 0.00662	 0.01193	 0.00000	 0.00000	 0.01061	 0.00000		169.551234	-5120.026300
458458	 0.00018	 0.00012	 0.00824	 0.01274	 0.00000	 0.00001	 0.01034	 0.00000		155.214851	-5168.810526
459459	 0.00023	 0.00017	 0.00798	 0.01303	 0.00000	 0.00001	 0.00973	 0.00000		158.763517	-5149.344980
460460	 0.00013	 0.00034	 0.00720	 0.01243	 0.00000	 0.00001	 0.01070	 0.00000		157.282685	-5166.973574
461461	 0.00016	 0.00011	 0.00902	 0.01275	 0.00000	 0.00001	 0.01052	 0.00000		167.235860	-5120.936817
462462	 0.00008	 0.00016	 0.00771	 0.01219	 0.00000	 0.00000	 0.00985	 0.00000		168.141702	-5144.046322
463463	 0.00032	 0.00014	 0.00789	 0.01228	 0.00000	 0.00001	 0.01186	 0.00000		154.480995	-5116.340644
464464	 0.00017	 0.00020	 0.00796	 0.01177	 0.00000	 0.00001	 0.01030	 0.00000		160.885009	-5195.126320
465465	 0.00016	 0.00020	 0.00809	 0.01076	 0.00000	 0.00001	 0.00988	 0.00000		168.812080	-5129.575174
466466	 0.00025	 0.00013	 0.00943	 0.01140	 0.00000	 0.00001	 0.00998	 0.00000		161.195934	-5194.886170
467467	 0.00011	 0.00012	 0.01005	 0.01210	 0.00000	 0.00000	 0.01045	 0.00000		157.279675	-5116.267191
468468	 0.00029	 0.00014	 0.00854	 0.01207	 0.00000	 0.00001	 0.00997	 0.00000		154.926825	-5150.710953
469469	 0.00016	 0.00009	 0.00720	 0.01287	 0.00000	 0.00000	 0.00940	 0.00000		159.470622	-5102.947007
470470	 0.00016	 0.00011	 0.00866	 0.01202	 0.00000	 0.00001	 0.00953	 0.00000		164.612298	-5237.225170
471471	 0.00023	 0.00030	 0.00703	 0.01185	 0.00000	 0.00001	 0.00916	 0.00000		155.227172	-5169.778785
472472	 0.00012	 0.00016	 0.00927	 0.01144	 0.00000	 0.00001	 0.01057	 0.00000		159.802346	-5044.444659
473473	 0.00010	 0.00012	 0.00761	 0.01197	 0.00000	 0.00001	 0.01004	 0.00000		170.452817	-5113.732548
474474	 0.00012	 0.00019	 0.00704	 0.01167	 0.00000	 0.00001	 0.01054	 0.00000		160.266267	-5234.954827
475475	 0.00010	 0.00023	 0.00866	 0.01077	 0.00000	 0.00001	 0.01040	 0.00000		166.510264	-5330.492419
476476	 0.00019	 0.00016	 0.00758	 0.01196	 0.00000	 0.00001	 0.01045	 0.00000		165.292688	-5120.993151
477477	 0.00015	 0.00013	 0.00769	 0.01198	 0.00000	 0.00001	 0.00901	 0.00000		167.375518	-5170.468340
478478	 0.00008	 0.00011	 0.00863	 0.01263	 0.00000	 0.00000	 0.01132	 0.00000		161.964304	-5112.720900
479479	 0.00019	 0.00021	 0.00832	 0.01204	 0.00000	 0.00001	 0.00924	 0.00000		161.490093	-5236.050910
480480	 0.00008	 0.00011	 0.00708	 0.01117	 0.00000	 0.00000	 0.01068	 0.00000		165.969150	-5212.898604
481481	 0.00006	 0.00004	 0.00864	 0.01206	 0.00000	 0.00000	 0.00984	 0.00000		165.965904	-5171.058142
482482	 0.00004	 0.00004	 0.00728	 0.01322	 0.00000	 0.00000	 0.00974	 0.00000		167.618999	-5181.142165
483483	 0.00003	 0.00003	 0.00922	 0.01304	 0.00000	 0.00000	 0.01100	 0.00000		169.316775	-5071.969142
484484	 0.00005	 0.00005	 0.00762	 0.01144	 0.00000	 0.00000	 0.00983	 0.00000		168.485721	-5100.677528
485485	 0.00012	 0.00025	 0.00802	 0.01076	 0.00000	 0.00001	 0.00974	 0.00000		158.586553	-5162.444647
486486	 0.00011	 0.00019	 0.00741	 0.01134	 0.00000	 0.00001	 0.00946	 0.00000		161.631536	-5236.000179
487487	 0.00008	 0.00005	 0.00825	 0.01206	 0.00000	 0.00000	 0.01146	 0.00000		163.767212	-5128.164725
488488	 0.00008	 0.00004	 0.00931	 0.01129	 0.00000	 0.00000	 0.01066	 0.00000		169.688211	-5204.550321
489489	 0.00008	 0.00004	 0.00872	 0.01271	 0.00000	 0.00000	 0.00987	 0.00000		161.487549	-5251.386817
490490	 0.00017	 0.00008	 0.00725	 0.01368	 0.00000	 0.00000	 0.00958	 0.00000		158.743605	-5136.355194
491491	 0.00006	 0.00007	 0.00860	 0.01052	 0.00000	 0.00000	 0.00982	 0.00000		162.771971	-5264.957486
492492	 0.00013	 0.00008	 0.00730	 0.01183	 0.00000	 0.00000	 0.01009	 0.00000		157.471850	-5203.385318
493493	 0.00007	 0.00007	 0.00840	 0.01326	 0.00000	 0.00000	 0.01129	 0.00000		160.500881	-5262.875920
494494	 0.00012	 0.00005	 0.00789	 0.01223	 0.00000	 0.00000	 0.01013	 0.00000		157.387578	-5175.851406
495495	 0.00006	 0.00018	 0.00856	 0.01250	 0.00000	 0.00000	 0.00982	 0.00000		160.274322	-5243.982224
496496	 0.00005	 0.00004	 0.00758	 0.01276	 0.00000	 0.00000	 0.00915	 0.00000		165.141666	-5156.074813
497497	 0.00005	 0.00004	 0.00922	 0.01172	 0.00000	 0.00000	 0.01037	 0.00000		169.303903	-5181.027170
498498	 0.00003	 0.00004	 0.00926	 0.01077	 0.00000	 0.00000	 0.00984	 0.00000		169.072370	-5136.509015
499499	 0.00004	 0.00004	 0.00774	 0.01061	 0.00000	 0.00000	 0.01057	 0.00000		171.459952	-5176.223215
500500	 0.00006	 0.00005	 0.00293	 0.01129	 0.00000	 0.00000	 0.01047	169.01384		179.121209	-4306.753401
501501	 0.00006	 0.00005	 0.00258	 0.01242	 0.00000	 0.00000	 0.01119	242.81520		180.521265	-4296.519734
502502	 0.00013	 0.00019	 0.00291	 0.01098	 0.00000	 0.00001	 0.01003	191.59862		170.640304	-4255.650784
503503	 0.00007	 0.00024	 0.00271	 0.01038	 0.00000	 0.00000	 0.00993	218.76957		167.211769	-4370.743623
504504	 0.00017	 0.00015	 0.00301	 0.01202	 0.00000	 0.00001	 0.00936	232.50904		168.729573	-4289.736604
505505	 0.00011	 0.00025	 0.00216	 0.01308	 0.00000	 0.00001	 0.00969	286.66530		173.240448	-4253.056494
506506	 0.00021	 0.00027	 0.00330	 0.01095	 0.00000	 0.00001	 0.00965	221.33842		160.254904	-4315.774681
507507	 0.00010	 0.00015	 0.00252	 0.01316	 0.00000	 0.00001	 0.01137	218.62478		168.381661	-4199.882644
508508	 0.00010	 0.00039	 0.00255	 0.01040	 0.00000	 0.00001	 0.01146	179.76050		162.923297	-4215.369622
509509	 0.00005	 0.00004	 0.00211	 0.01179	 0.00000	 0.00000	 0.01089	297.98367		175.991144	-4399.627738
510510	 0.00006	 0.00015	 0.00237	 0.01218	 0.00000	 0.00000	 0.00994	237.71089		170.174657	-4354.306658
511511	 0.00005	 0.00015	 0.00294	 0.01140	 0.00000	 0.00000	 0.00953	200.36655		167.296850	-4360.942863
512512	 0.00005	 0.00005	 0.00338	 0.01001	 0.00000	 0.00000	 0.01120	174.73617		175.470920	-4247.135945
513513	 0.00006	 0.00017	 0.00262	 0.01290	 0.00000	 0.00000	 0.00991	230.26858		172.390910	-4273.513124
514514	 0.00005	 0.00013	 0.00406	 0.01082	 0.00000	 0.00000	 0.00904	204.96561		175.394308	-4360.333105
515515	 0.00005	 0.00012	 0.00384	 0.01039	 0.00000	 0.00000	 0.01022	180.15974		169.692967	-4340.834822
516516	 0.00005	 0.00015	 0.00201	 0.01125	 0.00000	 0.00000	 0.00990	274.40024		172.672090	-4293.417398
517517	 0.00010	 0.00014	 0.00255	 0.01147	 0.00000	 0.00000	 0.00953	177.89639		172.252022	-4305.428598
518518	 0.00022	 0.00027	 0.00347	 0.01072	 0.00000	 0.00001	 0.01026	170.54097		168.342150	-4333.343813
519519	 0.00010	 0.00022	 0.00189	 0.01294	 0.00000	 0.00001	 0.00929	233.57228		171.875218	-4259.298396
520520	 0.00005	 0.00012	 0.00275	 0.01142	 0.00000	 0.00000	 0.00980	224.79186		175.522375	-4246.934887
521521	 0.00007	 0.00018	 0.00363	 0.01150	 0.00000	 0.00001	 0.00988	173.57190		174.174199	-4254.397144
522522	 0.00011	 0.00019	 0.00340	 0.01062	 0.00000	 0.00001	 0.01070	171.34703		168.110597	-4344.758967
523523	 0.00010	 0.00016	 0.00248	 0.01292	 0.00000	 0.00000	 0.00920	225.55479		173.233118	-4308.946244
524524	 0.00005	 0.00004	 0.00242	 0.01281	 0.00000	 0.00000	 0.00973	219.22064		187.745752	-4306.054777
525525	 0.00003	 0.00005	 0.00255	 0.01212	 0.00000	 0.00000	 0.01088	191.21304		186.374865	-4284.734552
526526	 0.00003	 0.00003	 0.00251	 0.01149	 0.00000	 0.00000	 0.01037	197.72453		179.545385	-4203.106107
527527	 0.00001	 0.00002	 0.00245	 0.01148	 0.00000	 0.00000	 0.01057	246.90673		187.457784	-4243.420855
528528	 0.00002	 0.00003	 0.00287	 0.01224	 0.00000	 0.00000	 0.01117	213.60039		180.906506	-4176.493286
529529	 0.00002	 0.00004	 0.00263	 0.01311	 0.00000	 0.00000	 0.00953	206.04392		188.938167	-4317.332329
530530	 0.00005	 0.00010	 0.00359	 0.01211	 0.00000	 0.00000	 0.01076	179.77111		182.102099	-4217.401266
