Sample	theta_WAM	theta_CAM	theta_ATL	theta_AM	theta_root	tau_AM	tau_root	m_AM->ATL	Data-ld-ln	Full-ld-ln
0	 0.00007	 0.00007	 0.00965	 0.01197	 0.00000	 0.00000	 0.00960	 0.00000		172.445998	-4933.388836
1001	 0.00006	 0.00010	 0.00846	 0.01237	 0.00000	 0.00000	 0.01035	 0.00000		172.707440	-4942.275959
2002	 0.00024	 0.00019	 0.00792	 0.01043	 0.00000	 0.00001	 0.00953	 0.00000		156.272827	-4927.159713
3003	 0.00012	 0.00020	 0.00798	 0.01069	 0.00000	 0.00001	 0.00803	 0.00000		162.595140	-5074.708907
4004	 0.00010	 0.00019	 0.00649	 0.01230	 0.00000	 0.00001	 0.00943	 0.00000		159.742317	-4990.707532
5005	 0.00009	 0.00011	 0.00828	 0.01177	 0.00000	 0.00001	 0.01026	 0.00000		161.543424	-4898.056216
6006	 0.00008	 0.00009	 0.00854	 0.01060	 0.00000	 0.00000	 0.00936	 0.00000		156.935635	-4973.528105
7007	 0.00006	 0.00007	 0.00891	 0.01080	 0.00000	 0.00000	 0.00861	 0.00000		172.549055	-5050.566323
8008	 0.00017	 0.00015	 0.00864	 0.01122	 0.00000	 0.00001	 0.01009	 0.00000		164.723568	-4980.760394
9009	 0.00024	 0.00017	 0.00927	 0.01096	 0.00000	 0.00001	 0.00955	 0.00000		159.379672	-4949.947883
10010	 0.00011	 0.00029	 0.00866	 0.00978	 0.00000	 0.00001	 0.00917	 0.00000		164.313026	-4966.844630
11011	 0.00024	 0.00060	 0.00824	 0.01100	 0.00000	 0.00002	 0.01028	 0.00000		160.165864	-4939.419357
12012	 0.00025	 0.00030	 0.00767	 0.01149	 0.00000	 0.00001	 0.01083	 0.00000		162.615029	-5015.625704
13013	 0.00019	 0.00014	 0.00709	 0.01125	 0.00000	 0.00001	 0.01179	 0.00000		160.036645	-4952.180310
14014	 0.00010	 0.00007	 0.00895	 0.01055	 0.00000	 0.00000	 0.01032	 0.00000		164.767414	-4941.444158
15015	 0.00005	 0.00004	 0.00888	 0.01191	 0.00000	 0.00000	 0.01020	 0.00000		168.064332	-4904.244981
16016	 0.00007	 0.00005	 0.00910	 0.01106	 0.00000	 0.00000	 0.01075	 0.00000		172.724200	-4929.039793
17017	 0.00004	 0.00004	 0.00998	 0.00983	 0.00000	 0.00000	 0.00918	 0.00000		167.967917	-4954.596126
18018	 0.00003	 0.00004	 0.00823	 0.01300	 0.00000	 0.00000	 0.00958	 0.00000		171.688010	-4944.693935
19019	 0.00007	 0.00008	 0.00882	 0.01162	 0.00000	 0.00000	 0.00951	 0.00000		166.218788	-5021.461592
20020	 0.00007	 0.00017	 0.00844	 0.01227	 0.00000	 0.00001	 0.00907	 0.00000		167.430487	-4959.420086
21021	 0.00008	 0.00019	 0.00896	 0.01107	 0.00000	 0.00001	 0.00920	 0.00000		163.091131	-4981.458314
22022	 0.00005	 0.00008	 0.00827	 0.01091	 0.00000	 0.00000	 0.00963	 0.00000		159.499307	-5027.234881
23023	 0.00003	 0.00011	 0.00888	 0.00984	 0.00000	 0.00000	 0.00927	 0.00000		158.978100	-5028.534243
24024	 0.00004	 0.00011	 0.00750	 0.01124	 0.00000	 0.00000	 0.01091	 0.00000		157.535780	-4858.671097
25025	 0.00006	 0.00008	 0.00863	 0.01158	 0.00000	 0.00000	 0.00853	 0.00000		159.118651	-5042.386092
26026	 0.00006	 0.00005	 0.00784	 0.01081	 0.00000	 0.00000	 0.00959	 0.00000		160.678693	-5022.343275
27027	 0.00005	 0.00005	 0.00861	 0.01198	 0.00000	 0.00000	 0.00856	 0.00000		165.676873	-4971.986333
28028	 0.00010	 0.00007	 0.00903	 0.01119	 0.00000	 0.00000	 0.00865	 0.00000		161.755366	-5009.200185
29029	 0.00006	 0.00004	 0.00852	 0.01036	 0.00000	 0.00000	 0.00998	 0.00000		167.329936	-4957.021045
30030	 0.00014	 0.00010	 0.00697	 0.01189	 0.00000	 0.00001	 0.00960	 0.00000		166.715367	-5002.158881
31031	 0.00017	 0.00032	 0.00902	 0.01069	 0.00000	 0.00002	 0.00964	 0.00000		164.268373	-4988.460783
32032	 0.00047	 0.00038	 0.00761	 0.01204	 0.00000	 0.00002	 0.01041	 0.00000		153.814725	-4989.911157
33033	 0.00011	 0.00012	 0.00714	 0.01123	 0.00000	 0.00001	 0.01102	 0.00000		168.601367	-4902.989048
34034	 0.00004	 0.00009	 0.00855	 0.01065	 0.00000	 0.00000	 0.00945	 0.00000		173.265343	-4996.992266
35035	 0.00007	 0.00009	 0.00873	 0.01113	 0.00000	 0.00000	 0.01069	 0.00000		165.605325	-4926.587631
36036	 0.00005	 0.00006	 0.00810	 0.01004	 0.00000	 0.00000	 0.01003	 0.00000		173.112569	-4975.471845
37037	 0.00004	 0.00016	 0.00746	 0.01126	 0.00000	 0.00000	 0.00912	 0.00000		164.781373	-5097.317610
38038	 0.00004	 0.00005	 0.00813	 0.01242	 0.00000	 0.00000	 0.01018	 0.00000		168.379261	-4912.603718
39039	 0.00008	 0.00007	 0.00843	 0.01145	 0.00000	 0.00000	 0.01002	 0.00000		163.266832	-4969.227174
40040	 0.00010	 0.00008	 0.00925	 0.01207	 0.00000	 0.00000	 0.01049	 0.00000		169.467456	-4927.636475
41041	 0.00005	 0.00006	 0.00744	 0.01114	 0.00000	 0.00000	 0.00899	 0.00000		176.389961	-5060.638794
42042	 0.00008	 0.00009	 0.00781	 0.01250	 0.00000	 0.00000	 0.00928	 0.00000		161.792134	-4961.964275
43043	 0.00005	 0.00003	 0.00699	 0.01099	 0.00000	 0.00000	 0.00971	 0.00000		175.056714	-4969.589766
44044	 0.00003	 0.00002	 0.00846	 0.00863	 0.00000	 0.00000	 0.00951	 0.00000		183.909759	-4928.042427
45045	 0.00007	 0.00019	 0.00844	 0.01262	 0.00000	 0.00001	 0.00957	 0.00000		163.055523	-4948.256164
46046	 0.00024	 0.00029	 0.00833	 0.01167	 0.00000	 0.00001	 0.00978	 0.00000		153.968431	-4962.338688
47047	 0.00019	 0.00025	 0.00852	 0.01033	 0.00000	 0.00001	 0.00956	 0.00000		156.575535	-4962.966241
48048	 0.00011	 0.00018	 0.00889	 0.01270	 0.00000	 0.00001	 0.00978	 0.00000		160.822155	-5006.281977
49049	 0.00009	 0.00031	 0.00872	 0.01116	 0.00000	 0.00001	 0.00909	 0.00000		159.223206	-4960.065233
50050	 0.00011	 0.00008	 0.00775	 0.01198	 0.00000	 0.00001	 0.00996	 0.00000		163.998713	-4998.434637
51051	 0.00008	 0.00025	 0.00769	 0.01103	 0.00000	 0.00001	 0.00924	 0.00000		156.800980	-4993.405748
52052	 0.00011	 0.00007	 0.00690	 0.01171	 0.00000	 0.00000	 0.00945	 0.00000		166.977984	-5048.937977
53053	 0.00004	 0.00005	 0.00739	 0.01136	 0.00000	 0.00000	 0.00894	 0.00000		172.397221	-4991.515956
54054	 0.00003	 0.00004	 0.00791	 0.01087	 0.00000	 0.00000	 0.00936	 0.00000		173.508719	-4968.606676
55055	 0.00011	 0.00007	 0.00793	 0.01182	 0.00000	 0.00001	 0.01002	 0.00000		167.076455	-4897.754585
56056	 0.00011	 0.00013	 0.00815	 0.01177	 0.00000	 0.00001	 0.01012	 0.00000		165.545155	-4884.702096
57057	 0.00005	 0.00015	 0.00754	 0.00990	 0.00000	 0.00000	 0.00902	 0.00000		170.168117	-4956.619887
58058	 0.00004	 0.00012	 0.00967	 0.01046	 0.00000	 0.00000	 0.00868	 0.00000		172.197692	-4972.431925
59059	 0.00011	 0.00013	 0.00786	 0.01133	 0.00000	 0.00001	 0.00953	 0.00000		161.559956	-5021.695736
60060	 0.00009	 0.00011	 0.00865	 0.01050	 0.00000	 0.00001	 0.01111	 0.00000		168.137408	-4906.786252
61061	 0.00016	 0.00024	 0.00909	 0.01034	 0.00000	 0.00001	 0.01009	 0.00000		163.245343	-5017.168275
62062	 0.00013	 0.00023	 0.00957	 0.01205	 0.00000	 0.00001	 0.01072	 0.00000		165.521895	-4937.558778
63063	 0.00026	 0.00039	 0.00821	 0.01151	 0.00000	 0.00001	 0.00981	 0.00000		158.635781	-4951.576306
64064	 0.00015	 0.00037	 0.00836	 0.01235	 0.00000	 0.00001	 0.00997	 0.00000		157.954688	-4986.156513
65065	 0.00022	 0.00030	 0.00942	 0.01113	 0.00000	 0.00001	 0.01031	 0.00000		160.290418	-4913.479174
66066	 0.00022	 0.00022	 0.00846	 0.01214	 0.00000	 0.00001	 0.00943	 0.00000		160.661398	-4893.978693
67067	 0.00011	 0.00026	 0.00740	 0.01213	 0.00000	 0.00001	 0.00982	 0.00000		159.867452	-4991.955547
68068	 0.00009	 0.00004	 0.00936	 0.01139	 0.00000	 0.00000	 0.00940	 0.00000		166.141003	-4997.771634
69069	 0.00005	 0.00006	 0.00733	 0.01201	 0.00000	 0.00000	 0.00892	 0.00000		166.636819	-4942.420874
70070	 0.00002	 0.00003	 0.00892	 0.01058	 0.00000	 0.00000	 0.00836	 0.00000		172.188850	-5021.930594
71071	 0.00002	 0.00005	 0.00950	 0.01132	 0.00000	 0.00000	 0.01050	 0.00000		161.493273	-4941.123816
72072	 0.00002	 0.00005	 0.00820	 0.01026	 0.00000	 0.00000	 0.00974	 0.00000		171.735769	-5056.968522
73073	 0.00001	 0.00005	 0.00792	 0.01090	 0.00000	 0.00000	 0.00990	 0.00000		171.842830	-5018.940238
74074	 0.00004	 0.00004	 0.00802	 0.01260	 0.00000	 0.00000	 0.01018	 0.00000		168.443076	-4944.350847
75075	 0.00004	 0.00006	 0.00887	 0.01126	 0.00000	 0.00000	 0.01125	 0.00000		162.902501	-4910.358418
76076	 0.00004	 0.00004	 0.00877	 0.01166	 0.00000	 0.00000	 0.01026	 0.00000		159.376866	-4940.595160
77077	 0.00004	 0.00006	 0.00912	 0.01104	 0.00000	 0.00000	 0.00874	 0.00000		161.978220	-5067.009934
78078	 0.00003	 0.00004	 0.00826	 0.01203	 0.00000	 0.00000	 0.00950	 0.00000		168.221911	-4948.951808
79079	 0.00006	 0.00010	 0.00877	 0.01205	 0.00000	 0.00000	 0.00844	 0.00000		171.087497	-4992.457359
80080	 0.00009	 0.00011	 0.00879	 0.01202	 0.00000	 0.00000	 0.00912	 0.00000		161.931105	-4965.600584
81081	 0.00014	 0.00007	 0.00909	 0.01133	 0.00000	 0.00001	 0.00889	 0.00000		174.370282	-4955.763260
82082	 0.00034	 0.00028	 0.00860	 0.01078	 0.00000	 0.00001	 0.01066	 0.00000		157.120158	-4952.734557
83083	 0.00012	 0.00018	 0.00703	 0.01068	 0.00000	 0.00001	 0.01040	 0.00000		162.834979	-4975.187831
84084	 0.00007	 0.00006	 0.00865	 0.01194	 0.00000	 0.00000	 0.00973	 0.00000		171.270774	-4957.846190
85085	 0.00009	 0.00015	 0.00940	 0.01035	 0.00000	 0.00000	 0.01026	 0.00000		162.318964	-4929.329988
86086	 0.00011	 0.00017	 0.00940	 0.01050	 0.00000	 0.00001	 0.00955	 0.00000		164.753700	-5051.229034
87087	 0.00011	 0.00029	 0.00703	 0.01077	 0.00000	 0.00001	 0.00912	 0.00000		166.904347	-5154.057253
88088	 0.00009	 0.00023	 0.00664	 0.01265	 0.00000	 0.00001	 0.00893	 0.00000		173.316078	-4991.651717
89089	 0.00013	 0.00020	 0.00804	 0.00972	 0.00000	 0.00001	 0.00978	 0.00000		165.351322	-5016.124241
90090	 0.00007	 0.00009	 0.00809	 0.01176	 0.00000	 0.00000	 0.00933	 0.00000		173.953679	-5038.677016
91091	 0.00006	 0.00007	 0.00843	 0.01008	 0.00000	 0.00000	 0.00918	 0.00000		174.607857	-4953.839725
92092	 0.00014	 0.00019	 0.00777	 0.01259	 0.00000	 0.00001	 0.00908	 0.00000		166.877644	-5025.700893
93093	 0.00018	 0.00013	 0.00795	 0.01136	 0.00000	 0.00001	 0.00825	 0.00000		168.439595	-5054.471417
94094	 0.00012	 0.00026	 0.00872	 0.01052	 0.00000	 0.00001	 0.01036	 0.00000		163.831920	-4853.814584
95095	 0.00009	 0.00013	 0.00823	 0.01100	 0.00000	 0.00000	 0.01025	 0.00000		165.214348	-4949.509259
96096	 0.00017	 0.00010	 0.00992	 0.01070	 0.00000	 0.00001	 0.01040	 0.00000		165.794852	-4970.945187
97097	 0.00009	 0.00013	 0.00765	 0.01088	 0.00000	 0.00000	 0.00991	 0.00000		164.252521	-5075.804679
98098	 0.00013	 0.00027	 0.00812	 0.01123	 0.00000	 0.00001	 0.00950	 0.00000		161.698535	-4958.936705
99099	 0.00035	 0.00049	 0.00823	 0.01061	 0.00000	 0.00002	 0.01031	 0.00000		150.997016	-4979.797493
100100	 0.00035	 0.00030	 0.00773	 0.01216	 0.00000	 0.00002	 0.00963	 0.00000		157.476521	-4945.218911
101101	 0.00019	 0.00037	 0.00748	 0.01108	 0.00000	 0.00001	 0.00896	 0.00000		160.994922	-5029.362048
102102	 0.00024	 0.00029	 0.00848	 0.01047	 0.00000	 0.00001	 0.01015	 0.00000		155.660354	-4991.902513
103103	 0.00005	 0.00025	 0.00842	 0.01185	 0.00000	 0.00000	 0.00939	 0.00000		160.477999	-4899.938764
104104	 0.00005	 0.00004	 0.00813	 0.01058	 0.00000	 0.00000	 0.01014	 0.00000		160.963478	-4895.809868
105105	 0.00005	 0.00010	 0.00720	 0.01120	 0.00000	 0.00000	 0.01009	 0.00000		166.691272	-4989.990861
106106	 0.00005	 0.00002	 0.00954	 0.01015	 0.00000	 0.00000	 0.00954	 0.00000		169.151595	-5019.581101
107107	 0.00005	 0.00007	 0.00737	 0.01200	 0.00000	 0.00000	 0.01037	 0.00000		167.276293	-4993.179439
108108	 0.00009	 0.00023	 0.00782	 0.01156	 0.00000	 0.00001	 0.00903	 0.00000		162.746064	-5035.820314
109109	 0.00006	 0.00026	 0.00877	 0.01131	 0.00000	 0.00000	 0.01025	 0.00000		165.575017	-4927.018709
110110	 0.00013	 0.00021	 0.01070	 0.01130	 0.00000	 0.00001	 0.01004	 0.00000		164.782868	-4913.286624
111111	 0.00022	 0.00008	 0.00860	 0.01008	 0.00000	 0.00001	 0.00945	 0.00000		171.021158	-4959.464044
112112	 0.00013	 0.00025	 0.00689	 0.01151	 0.00000	 0.00001	 0.00998	 0.00000		158.751623	-4984.644373
113113	 0.00018	 0.00017	 0.00707	 0.01073	 0.00000	 0.00001	 0.00942	 0.00000		163.212596	-5014.217342
114114	 0.00011	 0.00004	 0.00854	 0.01164	 0.00000	 0.00000	 0.01048	 0.00000		172.159787	-4892.175424
115115	 0.00006	 0.00005	 0.00727	 0.01099	 0.00000	 0.00000	 0.00963	 0.00000		176.573266	-4883.975872
116116	 0.00002	 0.00003	 0.00829	 0.01040	 0.00000	 0.00000	 0.01108	 0.00000		176.849942	-4938.949623
117117	 0.00002	 0.00003	 0.00887	 0.01141	 0.00000	 0.00000	 0.01001	 0.00000		176.745066	-4926.106758
118118	 0.00002	 0.00007	 0.00919	 0.01082	 0.00000	 0.00000	 0.00904	 0.00000		170.320334	-5069.031760
119119	 0.00006	 0.00011	 0.00880	 0.01013	 0.00000	 0.00000	 0.00837	 0.00000		168.220288	-5027.041766
120120	 0.00014	 0.00021	 0.00852	 0.01229	 0.00000	 0.00001	 0.01104	 0.00000		159.847751	-4871.725514
121121	 0.00007	 0.00012	 0.00933	 0.01230	 0.00000	 0.00000	 0.00992	 0.00000		162.578064	-4871.777681
122122	 0.00007	 0.00012	 0.00756	 0.01085	 0.00000	 0.00000	 0.01193	 0.00000		161.652350	-4949.858266
123123	 0.00006	 0.00013	 0.00865	 0.01314	 0.00000	 0.00000	 0.00955	 0.00000		167.637559	-4928.727678
124124	 0.00013	 0.00013	 0.00914	 0.01109	 0.00000	 0.00001	 0.01002	 0.00000		170.500190	-4908.066485
125125	 0.00016	 0.00011	 0.00872	 0.01088	 0.00000	 0.00001	 0.00984	 0.00000		160.038478	-4977.297236
126126	 0.00030	 0.00019	 0.00771	 0.01153	 0.00000	 0.00001	 0.01049	 0.00000		159.588123	-4975.866098
127127	 0.00027	 0.00021	 0.00806	 0.01029	 0.00000	 0.00002	 0.01032	 0.00000		166.409616	-4964.397658
128128	 0.00022	 0.00023	 0.00793	 0.01109	 0.00000	 0.00001	 0.00978	 0.00000		163.091376	-4975.518863
129129	 0.00017	 0.00015	 0.00865	 0.01171	 0.00000	 0.00001	 0.00967	 0.00000		169.476927	-4961.593932
130130	 0.00013	 0.00015	 0.00799	 0.01064	 0.00000	 0.00001	 0.00847	 0.00000		168.639959	-5021.950551
131131	 0.00008	 0.00010	 0.00737	 0.01098	 0.00000	 0.00000	 0.00996	 0.00000		163.316555	-4995.794511
132132	 0.00008	 0.00015	 0.00748	 0.01203	 0.00000	 0.00001	 0.01092	 0.00000		163.131796	-4986.902845
133133	 0.00004	 0.00009	 0.00801	 0.01140	 0.00000	 0.00000	 0.00902	 0.00000		172.723538	-4938.163798
134134	 0.00003	 0.00009	 0.00856	 0.01117	 0.00000	 0.00000	 0.00964	 0.00000		164.584816	-5048.369886
135135	 0.00007	 0.00010	 0.00766	 0.01103	 0.00000	 0.00000	 0.00953	 0.00000		162.518884	-5067.728723
136136	 0.00013	 0.00020	 0.00928	 0.01199	 0.00000	 0.00001	 0.00893	 0.00000		159.637847	-4908.513178
137137	 0.00017	 0.00032	 0.00784	 0.01077	 0.00000	 0.00001	 0.01044	 0.00000		157.163479	-4912.436609
138138	 0.00020	 0.00041	 0.00867	 0.01062	 0.00000	 0.00001	 0.00923	 0.00000		159.762751	-4966.879745
139139	 0.00016	 0.00014	 0.00723	 0.01151	 0.00000	 0.00001	 0.00941	 0.00000		163.822471	-4959.088641
140140	 0.00049	 0.00024	 0.00822	 0.01077	 0.00000	 0.00001	 0.00879	 0.00000		155.938696	-5072.073167
141141	 0.00014	 0.00022	 0.00767	 0.01029	 0.00000	 0.00001	 0.01037	 0.00000		167.741017	-5003.528735
142142	 0.00013	 0.00030	 0.00891	 0.01044	 0.00000	 0.00001	 0.01006	 0.00000		157.519468	-4881.975630
143143	 0.00011	 0.00008	 0.00923	 0.01188	 0.00000	 0.00001	 0.00973	 0.00000		171.008191	-4922.614390
144144	 0.00007	 0.00008	 0.00791	 0.01141	 0.00000	 0.00000	 0.00870	 0.00000		171.956093	-5028.759200
145145	 0.00012	 0.00010	 0.00785	 0.01100	 0.00000	 0.00001	 0.00942	 0.00000		164.717891	-4964.417323
146146	 0.00012	 0.00011	 0.00845	 0.01144	 0.00000	 0.00000	 0.00995	 0.00000		160.983878	-5015.055444
147147	 0.00002	 0.00007	 0.00805	 0.01152	 0.00000	 0.00000	 0.01045	 0.00000		171.307595	-4965.863357
148148	 0.00002	 0.00006	 0.00701	 0.01076	 0.00000	 0.00000	 0.01068	 0.00000		171.312445	-4928.894913
149149	 0.00003	 0.00001	 0.00889	 0.01109	 0.00000	 0.00000	 0.00892	 0.00000		170.179928	-5007.657612
150150	 0.00001	 0.00001	 0.00811	 0.01185	 0.00000	 0.00000	 0.00899	 0.00000		183.695667	-5010.938986
151151	 0.00001	 0.00005	 0.00942	 0.01010	 0.00000	 0.00000	 0.00995	 0.00000		178.007943	-4970.286925
152152	 0.00004	 0.00004	 0.00776	 0.01057	 0.00000	 0.00000	 0.01015	 0.00000		170.177530	-5000.895133
153153	 0.00002	 0.00006	 0.00890	 0.01106	 0.00000	 0.00000	 0.00974	 0.00000		178.244978	-4971.789986
154154	 0.00005	 0.00005	 0.00845	 0.01242	 0.00000	 0.00000	 0.00959	 0.00000		171.484222	-4979.043419
155155	 0.00008	 0.00004	 0.00816	 0.01238	 0.00000	 0.00000	 0.01002	 0.00000		179.328637	-4947.708965
156156	 0.00005	 0.00012	 0.00793	 0.01155	 0.00000	 0.00000	 0.00897	 0.00000		162.794126	-5138.785154
157157	 0.00002	 0.00006	 0.00861	 0.01213	 0.00000	 0.00000	 0.00994	 0.00000		171.302581	-5052.846129
158158	 0.00004	 0.00012	 0.00864	 0.01156	 0.00000	 0.00000	 0.00996	 0.00000		165.819467	-4916.603151
159159	 0.00005	 0.00006	 0.00768	 0.01104	 0.00000	 0.00000	 0.00996	 0.00000		170.474309	-5044.736255
160160	 0.00004	 0.00004	 0.00841	 0.01088	 0.00000	 0.00000	 0.01025	 0.00000		184.528570	-4899.558396
161161	 0.00010	 0.00011	 0.00944	 0.01055	 0.00000	 0.00001	 0.00975	 0.00000		172.963319	-4924.512371
162162	 0.00008	 0.00008	 0.00885	 0.01180	 0.00000	 0.00000	 0.00976	 0.00000		173.140423	-4960.125915
163163	 0.00004	 0.00019	 0.00789	 0.01123	 0.00000	 0.00000	 0.00883	 0.00000		172.994781	-4989.409156
164164	 0.00015	 0.00016	 0.00859	 0.01137	 0.00000	 0.00001	 0.00897	 0.00000		167.566222	-4968.389815
165165	 0.00018	 0.00011	 0.00690	 0.01133	 0.00000	 0.00001	 0.00995	 0.00000		165.413520	-5004.661289
166166	 0.00008	 0.00009	 0.00843	 0.01231	 0.00000	 0.00000	 0.00972	 0.00000		170.056128	-4944.613954
167167	 0.00021	 0.00017	 0.00778	 0.01161	 0.00000	 0.00001	 0.00970	 0.00000		160.793481	-4919.244812
168168	 0.00018	 0.00034	 0.00797	 0.01082	 0.00000	 0.00001	 0.00912	 0.00000		162.928292	-4988.302515
169169	 0.00008	 0.00012	 0.00682	 0.01186	 0.00000	 0.00000	 0.01027	 0.00000		161.735904	-5023.266542
170170	 0.00011	 0.00007	 0.00783	 0.01159	 0.00000	 0.00001	 0.00996	 0.00000		174.348580	-4912.772657
171171	 0.00006	 0.00008	 0.00769	 0.01186	 0.00000	 0.00000	 0.00957	 0.00000		168.775102	-4935.818824
172172	 0.00005	 0.00004	 0.00879	 0.01116	 0.00000	 0.00000	 0.00855	 0.00000		173.592686	-5032.651894
173173	 0.00006	 0.00005	 0.00700	 0.01132	 0.00000	 0.00000	 0.00937	 0.00000		172.164441	-4988.372497
174174	 0.00007	 0.00011	 0.00898	 0.01164	 0.00000	 0.00000	 0.00972	 0.00000		167.924174	-4967.984625
175175	 0.00006	 0.00006	 0.00657	 0.01201	 0.00000	 0.00000	 0.00846	 0.00000		172.118118	-4995.354757
176176	 0.00008	 0.00006	 0.00871	 0.01083	 0.00000	 0.00000	 0.00834	 0.00000		174.718631	-5020.773407
177177	 0.00006	 0.00010	 0.00820	 0.01113	 0.00000	 0.00000	 0.00873	 0.00000		168.458632	-5039.356141
178178	 0.00010	 0.00022	 0.00795	 0.01204	 0.00000	 0.00001	 0.01022	 0.00000		158.846024	-4919.486425
179179	 0.00015	 0.00010	 0.00880	 0.01315	 0.00000	 0.00001	 0.01016	 0.00000		163.021714	-4927.890655
180180	 0.00006	 0.00011	 0.00779	 0.01174	 0.00000	 0.00000	 0.00904	 0.00000		159.690297	-5057.009662
181181	 0.00006	 0.00012	 0.00704	 0.01134	 0.00000	 0.00000	 0.00853	 0.00000		171.804641	-5173.184851
182182	 0.00009	 0.00012	 0.00848	 0.01169	 0.00000	 0.00001	 0.00891	 0.00000		169.052228	-4950.729482
183183	 0.00011	 0.00011	 0.00819	 0.01052	 0.00000	 0.00001	 0.00987	 0.00000		166.561652	-4942.269064
184184	 0.00013	 0.00016	 0.00753	 0.01254	 0.00000	 0.00001	 0.01033	 0.00000		166.669314	-4891.538477
185185	 0.00022	 0.00022	 0.00770	 0.01050	 0.00000	 0.00001	 0.00908	 0.00000		165.234716	-4914.737233
186186	 0.00012	 0.00017	 0.00937	 0.01073	 0.00000	 0.00001	 0.00998	 0.00000		163.136647	-4931.278589
187187	 0.00011	 0.00008	 0.00769	 0.01101	 0.00000	 0.00000	 0.00964	 0.00000		169.397255	-4949.948763
188188	 0.00004	 0.00009	 0.00968	 0.01092	 0.00000	 0.00000	 0.00827	 0.00000		171.777132	-4992.146521
189189	 0.00010	 0.00007	 0.00746	 0.01140	 0.00000	 0.00000	 0.00869	 0.00000		176.463650	-4981.052126
190190	 0.00020	 0.00021	 0.00826	 0.01098	 0.00000	 0.00001	 0.00912	 0.00000		170.963204	-5068.059322
191191	 0.00017	 0.00023	 0.00951	 0.01036	 0.00000	 0.00001	 0.00915	 0.00000		162.260603	-4958.659556
192192	 0.00014	 0.00018	 0.00775	 0.01274	 0.00000	 0.00001	 0.00961	 0.00000		165.047119	-5002.546268
193193	 0.00005	 0.00010	 0.00691	 0.01344	 0.00000	 0.00000	 0.00977	 0.00000		167.129499	-4935.150393
194194	 0.00002	 0.00004	 0.00776	 0.01219	 0.00000	 0.00000	 0.00949	 0.00000		173.109779	-5033.550550
195195	 0.00006	 0.00003	 0.00921	 0.01057	 0.00000	 0.00000	 0.00999	 0.00000		170.875520	-4957.044818
196196	 0.00008	 0.00005	 0.00778	 0.01018	 0.00000	 0.00000	 0.00957	 0.00000		167.497968	-4993.631020
197197	 0.00018	 0.00017	 0.00828	 0.01073	 0.00000	 0.00001	 0.00928	 0.00000		165.852758	-5020.577818
198198	 0.00010	 0.00012	 0.00740	 0.01067	 0.00000	 0.00000	 0.00995	 0.00000		164.522851	-5021.826146
199199	 0.00006	 0.00009	 0.00770	 0.01112	 0.00000	 0.00000	 0.01055	 0.00000		167.370816	-4994.571434
200200	 0.00006	 0.00004	 0.00817	 0.01070	 0.00000	 0.00000	 0.00942	 0.00000		174.537321	-5008.662993
201201	 0.00006	 0.00005	 0.00890	 0.01149	 0.00000	 0.00000	 0.00895	 0.00000		166.458833	-4956.602924
202202	 0.00010	 0.00014	 0.00757	 0.01149	 0.00000	 0.00000	 0.01049	 0.00000		154.140094	-4994.531577
203203	 0.00014	 0.00023	 0.00774	 0.01024	 0.00000	 0.00001	 0.00876	 0.00000		162.616202	-5029.010849
204204	 0.00010	 0.00010	 0.00833	 0.01070	 0.00000	 0.00001	 0.00968	 0.00000		164.437905	-5008.203130
205205	 0.00026	 0.00013	 0.00817	 0.01047	 0.00000	 0.00001	 0.01020	 0.00000		153.904767	-4988.218198
206206	 0.00013	 0.00011	 0.00846	 0.01026	 0.00000	 0.00001	 0.00924	 0.00000		166.084811	-4947.584563
207207	 0.00003	 0.00006	 0.00762	 0.01070	 0.00000	 0.00000	 0.00977	 0.00000		163.761369	-5020.501036
208208	 0.00004	 0.00006	 0.00782	 0.01158	 0.00000	 0.00000	 0.01007	 0.00000		174.551364	-4987.088649
209209	 0.00010	 0.00011	 0.00825	 0.01156	 0.00000	 0.00000	 0.00933	 0.00000		164.342155	-5063.932857
210210	 0.00029	 0.00020	 0.00729	 0.01018	 0.00000	 0.00001	 0.00834	 0.00000		159.863426	-5067.806907
211211	 0.00017	 0.00023	 0.00832	 0.00988	 0.00000	 0.00001	 0.00825	 0.00000		164.876487	-5076.710338
212212	 0.00007	 0.00005	 0.00674	 0.01069	 0.00000	 0.00000	 0.00918	 0.00000		173.174936	-4981.107772
213213	 0.00023	 0.00021	 0.00780	 0.01222	 0.00000	 0.00001	 0.00942	 0.00000		160.709255	-4997.761237
214214	 0.00052	 0.00025	 0.00952	 0.01080	 0.00000	 0.00002	 0.00888	 0.00000		163.228329	-5003.513285
215215	 0.00010	 0.00011	 0.00706	 0.01011	 0.00000	 0.00000	 0.00954	 0.00000		164.135719	-5011.558580
216216	 0.00007	 0.00009	 0.00750	 0.01173	 0.00000	 0.00001	 0.00901	 0.00000		175.309007	-4961.946760
217217	 0.00013	 0.00027	 0.00813	 0.01071	 0.00000	 0.00001	 0.00982	 0.00000		164.113047	-4969.956877
218218	 0.00012	 0.00010	 0.00801	 0.01122	 0.00000	 0.00000	 0.00993	 0.00000		160.032306	-5002.949160
219219	 0.00008	 0.00005	 0.00880	 0.01024	 0.00000	 0.00000	 0.01027	 0.00000		162.963260	-5026.173277
220220	 0.00006	 0.00004	 0.00931	 0.01254	 0.00000	 0.00000	 0.00878	 0.00000		175.268780	-4985.667045
221221	 0.00004	 0.00004	 0.00808	 0.01199	 0.00000	 0.00000	 0.00893	 0.00000		175.548835	-4969.730302
222222	 0.00005	 0.00008	 0.00983	 0.01210	 0.00000	 0.00000	 0.00962	 0.00000		162.602056	-4961.063901
223223	 0.00004	 0.00007	 0.00982	 0.01111	 0.00000	 0.00000	 0.00908	 0.00000		161.060912	-4991.661720
224224	 0.00008	 0.00008	 0.00849	 0.01117	 0.00000	 0.00000	 0.01005	 0.00000		164.185005	-4923.004292
225225	 0.00004	 0.00012	 0.00737	 0.01057	 0.00000	 0.00000	 0.00976	 0.00000		159.637113	-5089.249038
226226	 0.00004	 0.00009	 0.00878	 0.01232	 0.00000	 0.00000	 0.00952	 0.00000		168.016707	-4866.038754
227227	 0.00007	 0.00009	 0.00759	 0.01237	 0.00000	 0.00000	 0.00977	 0.00000		160.383715	-5023.547134
228228	 0.00015	 0.00026	 0.00797	 0.01118	 0.00000	 0.00001	 0.00888	 0.00000		162.431275	-4977.075757
229229	 0.00018	 0.00012	 0.00809	 0.01159	 0.00000	 0.00001	 0.01013	 0.00000		158.311021	-4969.676603
230230	 0.00022	 0.00010	 0.00751	 0.01117	 0.00000	 0.00001	 0.01078	 0.00000		158.246295	-4905.818811
231231	 0.00011	 0.00017	 0.00922	 0.01020	 0.00000	 0.00001	 0.00874	 0.00000		166.635196	-4964.088617
232232	 0.00022	 0.00012	 0.00938	 0.01109	 0.00000	 0.00001	 0.00999	 0.00000		161.643325	-4944.743073
233233	 0.00010	 0.00027	 0.00903	 0.01158	 0.00000	 0.00001	 0.00991	 0.00000		153.144804	-4999.878523
234234	 0.00030	 0.00011	 0.00870	 0.01208	 0.00000	 0.00001	 0.00963	 0.00000		156.902901	-4968.426250
235235	 0.00015	 0.00019	 0.00890	 0.01277	 0.00000	 0.00001	 0.00939	 0.00000		160.804376	-5003.433034
236236	 0.00014	 0.00021	 0.00808	 0.01135	 0.00000	 0.00001	 0.00937	 0.00000		162.434355	-5029.814852
237237	 0.00024	 0.00028	 0.00903	 0.01032	 0.00000	 0.00001	 0.00988	 0.00000		155.515414	-4944.856375
238238	 0.00023	 0.00020	 0.00783	 0.01055	 0.00000	 0.00001	 0.00983	 0.00000		162.249213	-5051.201095
239239	 0.00025	 0.00044	 0.00851	 0.01075	 0.00000	 0.00001	 0.00959	 0.00000		155.064134	-5005.752811
240240	 0.00017	 0.00019	 0.00859	 0.01069	 0.00000	 0.00001	 0.00919	 0.00000		164.478420	-4946.883431
241241	 0.00016	 0.00024	 0.00858	 0.01181	 0.00000	 0.00001	 0.01125	 0.00000		159.375682	-4950.480673
242242	 0.00015	 0.00014	 0.00787	 0.01170	 0.00000	 0.00001	 0.00843	 0.00000		167.124416	-5021.474998
243243	 0.00012	 0.00010	 0.00773	 0.01062	 0.00000	 0.00000	 0.00941	 0.00000		166.449241	-4994.048821
244244	 0.00004	 0.00010	 0.00942	 0.01251	 0.00000	 0.00000	 0.00946	 0.00000		173.001353	-5075.149082
245245	 0.00006	 0.00004	 0.00854	 0.01206	 0.00000	 0.00000	 0.00996	 0.00000		173.388564	-4914.562753
246246	 0.00004	 0.00005	 0.00845	 0.01044	 0.00000	 0.00000	 0.00984	 0.00000		169.015815	-5015.288838
247247	 0.00003	 0.00003	 0.00830	 0.01214	 0.00000	 0.00000	 0.00920	 0.00000		170.939326	-4997.943082
248248	 0.00002	 0.00003	 0.00826	 0.01092	 0.00000	 0.00000	 0.00926	 0.00000		176.032626	-5012.308043
249249	 0.00002	 0.00002	 0.00820	 0.01034	 0.00000	 0.00000	 0.00954	 0.00000		180.108556	-5005.782246
250250	 0.00004	 0.00006	 0.00883	 0.01255	 0.00000	 0.00000	 0.01063	 0.00000		170.378134	-4916.964233
251251	 0.00002	 0.00009	 0.00862	 0.01159	 0.00000	 0.00000	 0.00889	 0.00000		176.490236	-5010.282423
252252	 0.00006	 0.00013	 0.00942	 0.01169	 0.00000	 0.00000	 0.01001	 0.00000		165.935934	-4920.438681
253253	 0.00011	 0.00019	 0.00728	 0.01203	 0.00000	 0.00001	 0.01017	 0.00000		163.461202	-4949.800533
254254	 0.00004	 0.00007	 0.00940	 0.01299	 0.00000	 0.00000	 0.00942	 0.00000		167.230483	-4952.711451
255255	 0.00006	 0.00014	 0.00754	 0.01196	 0.00000	 0.00000	 0.01030	 0.00000		163.389890	-5000.572319
256256	 0.00013	 0.00012	 0.00870	 0.01164	 0.00000	 0.00001	 0.01040	 0.00000		166.697935	-4885.669787
257257	 0.00011	 0.00024	 0.00788	 0.01084	 0.00000	 0.00001	 0.00935	 0.00000		164.074710	-4940.608204
258258	 0.00017	 0.00016	 0.00787	 0.01175	 0.00000	 0.00001	 0.00981	 0.00000		156.133098	-4923.316651
259259	 0.00008	 0.00013	 0.00828	 0.00995	 0.00000	 0.00000	 0.00896	 0.00000		161.981912	-5011.251699
260260	 0.00004	 0.00004	 0.00861	 0.01151	 0.00000	 0.00000	 0.01054	 0.00000		169.536495	-4906.426728
261261	 0.00002	 0.00002	 0.00775	 0.01177	 0.00000	 0.00000	 0.01037	 0.00000		177.723366	-4933.287602
262262	 0.00005	 0.00005	 0.00766	 0.01235	 0.00000	 0.00000	 0.00989	 0.00000		178.677626	-4866.988768
263263	 0.00014	 0.00008	 0.00916	 0.01049	 0.00000	 0.00001	 0.00960	 0.00000		170.904147	-4901.456544
264264	 0.00006	 0.00011	 0.00712	 0.01206	 0.00000	 0.00000	 0.00923	 0.00000		170.429076	-5060.754396
265265	 0.00006	 0.00009	 0.00958	 0.01027	 0.00000	 0.00000	 0.01010	 0.00000		164.259173	-5026.901822
266266	 0.00004	 0.00004	 0.00728	 0.01176	 0.00000	 0.00000	 0.01005	 0.00000		176.200929	-4963.078652
267267	 0.00006	 0.00018	 0.00746	 0.01116	 0.00000	 0.00000	 0.00897	 0.00000		167.769179	-5010.857868
268268	 0.00004	 0.00006	 0.00761	 0.01201	 0.00000	 0.00000	 0.00918	 0.00000		173.341604	-5065.667301
269269	 0.00002	 0.00010	 0.00763	 0.01039	 0.00000	 0.00000	 0.01017	 0.00000		170.431215	-4960.350465
270270	 0.00003	 0.00004	 0.00675	 0.01093	 0.00000	 0.00000	 0.00950	 0.00000		174.722184	-5023.683188
271271	 0.00005	 0.00004	 0.00865	 0.01150	 0.00000	 0.00000	 0.00917	 0.00000		182.290935	-4966.468440
272272	 0.00010	 0.00007	 0.00858	 0.01041	 0.00000	 0.00000	 0.00972	 0.00000		166.501311	-4974.070640
273273	 0.00003	 0.00010	 0.00703	 0.01151	 0.00000	 0.00000	 0.00898	 0.00000		172.154399	-5048.824828
274274	 0.00006	 0.00010	 0.00790	 0.01244	 0.00000	 0.00000	 0.01050	 0.00000		168.992256	-4933.611806
275275	 0.00009	 0.00014	 0.00826	 0.01045	 0.00000	 0.00000	 0.01011	 0.00000		160.276332	-5034.093509
276276	 0.00011	 0.00011	 0.00785	 0.00996	 0.00000	 0.00001	 0.00857	 0.00000		173.201540	-4990.528954
277277	 0.00031	 0.00045	 0.00817	 0.01042	 0.00000	 0.00002	 0.00950	 0.00000		159.528580	-4994.085939
278278	 0.00028	 0.00034	 0.00844	 0.01112	 0.00000	 0.00001	 0.01010	 0.00000		157.859776	-4973.400971
279279	 0.00016	 0.00019	 0.00784	 0.00990	 0.00000	 0.00002	 0.00909	 0.00000		174.634551	-4967.263621
280280	 0.00013	 0.00014	 0.00814	 0.01125	 0.00000	 0.00001	 0.01027	 0.00000		170.667951	-4947.819447
281281	 0.00013	 0.00013	 0.00773	 0.01108	 0.00000	 0.00000	 0.00961	 0.00000		160.875927	-5014.111427
282282	 0.00010	 0.00012	 0.00785	 0.01116	 0.00000	 0.00001	 0.00950	 0.00000		167.691133	-4997.038770
283283	 0.00016	 0.00011	 0.00752	 0.01067	 0.00000	 0.00001	 0.01035	 0.00000		166.438833	-4989.312661
284284	 0.00017	 0.00016	 0.00745	 0.01042	 0.00000	 0.00001	 0.00991	 0.00000		156.942977	-5018.020748
285285	 0.00018	 0.00018	 0.00881	 0.01000	 0.00000	 0.00001	 0.00941	 0.00000		163.554404	-4949.071108
286286	 0.00027	 0.00028	 0.00856	 0.01242	 0.00000	 0.00001	 0.01038	 0.00000		161.932068	-4862.674828
287287	 0.00008	 0.00013	 0.00813	 0.01175	 0.00000	 0.00001	 0.01003	 0.00000		167.410146	-4981.352917
288288	 0.00014	 0.00008	 0.00790	 0.01195	 0.00000	 0.00000	 0.00906	 0.00000		164.767420	-4998.986148
289289	 0.00010	 0.00013	 0.00848	 0.01012	 0.00000	 0.00001	 0.01042	 0.00000		170.456235	-4973.093107
290290	 0.00020	 0.00020	 0.00831	 0.01174	 0.00000	 0.00001	 0.00914	 0.00000		170.709603	-4971.711323
291291	 0.00031	 0.00020	 0.00796	 0.00990	 0.00000	 0.00001	 0.01091	 0.00000		164.759937	-4966.464066
292292	 0.00008	 0.00021	 0.00960	 0.01096	 0.00000	 0.00001	 0.01079	 0.00000		166.466774	-4973.632220
293293	 0.00003	 0.00007	 0.00894	 0.01013	 0.00000	 0.00000	 0.00960	 0.00000		180.973418	-4911.715962
294294	 0.00003	 0.00005	 0.00824	 0.01141	 0.00000	 0.00000	 0.01023	 0.00000		173.200687	-4878.220507
295295	 0.00004	 0.00009	 0.00748	 0.01084	 0.00000	 0.00000	 0.00969	 0.00000		167.754685	-4938.932357
296296	 0.00004	 0.00015	 0.00922	 0.01329	 0.00000	 0.00000	 0.01043	 0.00000		164.905073	-4912.485537
297297	 0.00009	 0.00012	 0.01048	 0.00826	 0.00000	 0.00000	 0.00917	 0.00000		164.387544	-4994.285815
298298	 0.00006	 0.00011	 0.00824	 0.01228	 0.00000	 0.00000	 0.01069	 0.00000		161.218985	-4913.617208
299299	 0.00008	 0.00008	 0.00901	 0.00999	 0.00000	 0.00000	 0.00825	 0.00000		165.615268	-5050.768591
300300	 0.00009	 0.00012	 0.00733	 0.01145	 0.00000	 0.00000	 0.00989	 0.00000		159.017118	-5051.842084
301301	 0.00006	 0.00009	 0.00785	 0.01095	 0.00000	 0.00000	 0.00983	 0.00000		163.116197	-4958.210106
302302	 0.00004	 0.00009	 0.00747	 0.01176	 0.00000	 0.00000	 0.00986	 0.00000		164.545747	-5007.828985
303303	 0.00011	 0.00009	 0.00797	 0.01096	 0.00000	 0.00001	 0.00965	 0.00000		167.046608	-4937.318064
304304	 0.00009	 0.00009	 0.00728	 0.01210	 0.00000	 0.00000	 0.01017	 0.00000		162.166108	-4993.793058
305305	 0.00012	 0.00010	 0.00898	 0.01078	 0.00000	 0.00001	 0.01031	 0.00000		166.139174	-4997.384199
306306	 0.00021	 0.00023	 0.00869	 0.01034	 0.00000	 0.00001	 0.00908	 0.00000		157.620621	-5105.513431
307307	 0.00015	 0.00024	 0.00721	 0.01139	 0.00000	 0.00001	 0.01099	 0.00000		161.613036	-4977.736207
308308	 0.00008	 0.00011	 0.00805	 0.01138	 0.00000	 0.00000	 0.00972	 0.00000		168.982913	-4968.679931
309309	 0.00008	 0.00007	 0.00835	 0.01077	 0.00000	 0.00000	 0.01025	 0.00000		166.740874	-4895.848001
310310	 0.00006	 0.00012	 0.00848	 0.01276	 0.00000	 0.00000	 0.00826	 0.00000		172.871435	-5028.448205
311311	 0.00016	 0.00028	 0.00754	 0.01260	 0.00000	 0.00001	 0.01063	 0.00000		157.161623	-4896.062690
312312	 0.00005	 0.00005	 0.00861	 0.00986	 0.00000	 0.00000	 0.01059	 0.00000		178.446959	-4895.455700
313313	 0.00008	 0.00006	 0.00831	 0.01068	 0.00000	 0.00000	 0.01021	 0.00000		164.349024	-4866.687697
314314	 0.00009	 0.00018	 0.00877	 0.01082	 0.00000	 0.00001	 0.01033	 0.00000		161.432926	-4941.927464
315315	 0.00026	 0.00014	 0.00839	 0.01167	 0.00000	 0.00001	 0.01069	 0.00000		162.035293	-4967.609100
316316	 0.00009	 0.00015	 0.00862	 0.01075	 0.00000	 0.00001	 0.00982	 0.00000		168.406686	-4942.520239
317317	 0.00009	 0.00006	 0.00738	 0.01115	 0.00000	 0.00000	 0.01003	 0.00000		166.040787	-5029.463366
318318	 0.00007	 0.00007	 0.00881	 0.01162	 0.00000	 0.00000	 0.01011	 0.00000		172.800681	-4968.768367
319319	 0.00004	 0.00003	 0.00747	 0.01131	 0.00000	 0.00000	 0.00964	 0.00000		174.756852	-4985.308624
320320	 0.00006	 0.00011	 0.00802	 0.01050	 0.00000	 0.00000	 0.00861	 0.00000		163.078672	-4979.267126
321321	 0.00007	 0.00010	 0.00973	 0.01104	 0.00000	 0.00000	 0.01121	 0.00000		164.695190	-4891.061838
322322	 0.00003	 0.00006	 0.00755	 0.01117	 0.00000	 0.00000	 0.00968	 0.00000		181.170627	-5039.245718
323323	 0.00012	 0.00012	 0.00882	 0.01077	 0.00000	 0.00001	 0.00904	 0.00000		165.424315	-5000.257332
324324	 0.00021	 0.00014	 0.00918	 0.01184	 0.00000	 0.00001	 0.01026	 0.00000		163.242577	-4930.343601
325325	 0.00006	 0.00012	 0.00712	 0.01226	 0.00000	 0.00000	 0.00915	 0.00000		172.821252	-5013.509167
326326	 0.00010	 0.00016	 0.00825	 0.01249	 0.00000	 0.00001	 0.00861	 0.00000		172.512362	-5021.389589
327327	 0.00013	 0.00021	 0.00912	 0.01156	 0.00000	 0.00001	 0.00929	 0.00000		163.793674	-4894.538084
328328	 0.00013	 0.00014	 0.00886	 0.01046	 0.00000	 0.00001	 0.00843	 0.00000		166.859669	-4982.651201
329329	 0.00013	 0.00012	 0.00878	 0.01025	 0.00000	 0.00001	 0.00961	 0.00000		164.043696	-5085.836932
330330	 0.00017	 0.00049	 0.00796	 0.01028	 0.00000	 0.00001	 0.00934	 0.00000		160.956705	-4927.644587
331331	 0.00021	 0.00031	 0.00797	 0.01209	 0.00000	 0.00001	 0.00973	 0.00000		155.375363	-4945.455868
332332	 0.00013	 0.00024	 0.00761	 0.01113	 0.00000	 0.00001	 0.00962	 0.00000		165.674943	-4931.314423
333333	 0.00017	 0.00014	 0.00749	 0.01231	 0.00000	 0.00001	 0.00950	 0.00000		159.438608	-4953.891706
334334	 0.00028	 0.00017	 0.00836	 0.01118	 0.00000	 0.00001	 0.00983	 0.00000		156.603005	-4985.255549
335335	 0.00024	 0.00010	 0.00848	 0.01183	 0.00000	 0.00001	 0.00961	 0.00000		156.364637	-4949.315332
336336	 0.00006	 0.00014	 0.00840	 0.01164	 0.00000	 0.00000	 0.00962	 0.00000		160.471417	-5009.189775
337337	 0.00009	 0.00019	 0.00795	 0.01237	 0.00000	 0.00001	 0.01021	 0.00000		156.448206	-4954.748528
338338	 0.00008	 0.00011	 0.00876	 0.01266	 0.00000	 0.00001	 0.00931	 0.00000		166.639726	-5052.300061
339339	 0.00004	 0.00009	 0.00794	 0.01236	 0.00000	 0.00000	 0.00918	 0.00000		169.209776	-4949.091793
340340	 0.00005	 0.00004	 0.00827	 0.01095	 0.00000	 0.00000	 0.00944	 0.00000		175.072910	-5003.855664
341341	 0.00009	 0.00013	 0.00713	 0.01124	 0.00000	 0.00000	 0.00816	 0.00000		165.178129	-5027.016568
342342	 0.00012	 0.00020	 0.00758	 0.01270	 0.00000	 0.00001	 0.01009	 0.00000		166.603270	-4967.077899
343343	 0.00013	 0.00039	 0.00745	 0.01134	 0.00000	 0.00001	 0.01009	 0.00000		155.824179	-4988.905973
344344	 0.00012	 0.00012	 0.00995	 0.00941	 0.00000	 0.00001	 0.00933	 0.00000		169.777929	-5028.922088
345345	 0.00024	 0.00026	 0.00750	 0.01010	 0.00000	 0.00001	 0.01021	 0.00000		155.421900	-4934.528802
346346	 0.00012	 0.00019	 0.00839	 0.01135	 0.00000	 0.00001	 0.00870	 0.00000		158.080832	-4968.426302
347347	 0.00015	 0.00020	 0.00843	 0.01063	 0.00000	 0.00001	 0.00895	 0.00000		160.185635	-5055.831101
348348	 0.00009	 0.00014	 0.00861	 0.01019	 0.00000	 0.00000	 0.00922	 0.00000		159.891946	-4984.422566
349349	 0.00003	 0.00003	 0.00853	 0.01070	 0.00000	 0.00000	 0.00945	 0.00000		179.647973	-5006.297612
350350	 0.00019	 0.00027	 0.00806	 0.01186	 0.00000	 0.00001	 0.00869	 0.00000		157.155900	-5043.111180
351351	 0.00036	 0.00014	 0.00856	 0.01069	 0.00000	 0.00001	 0.00996	 0.00000		157.710031	-4993.815458
352352	 0.00012	 0.00009	 0.00745	 0.01075	 0.00000	 0.00001	 0.00870	 0.00000		167.606253	-4949.846871
353353	 0.00012	 0.00016	 0.00894	 0.01173	 0.00000	 0.00001	 0.01019	 0.00000		160.812337	-4946.080810
354354	 0.00011	 0.00014	 0.00819	 0.01089	 0.00000	 0.00001	 0.01045	 0.00000		163.318431	-4920.019333
355355	 0.00026	 0.00022	 0.00759	 0.01247	 0.00000	 0.00001	 0.00995	 0.00000		157.284966	-4940.976851
356356	 0.00008	 0.00017	 0.00889	 0.00906	 0.00000	 0.00000	 0.00940	 0.00000		159.863732	-5037.571476
357357	 0.00016	 0.00027	 0.00817	 0.01224	 0.00000	 0.00001	 0.00960	 0.00000		157.016957	-4992.753719
358358	 0.00015	 0.00016	 0.00860	 0.01168	 0.00000	 0.00001	 0.00933	 0.00000		164.039723	-4921.696527
359359	 0.00012	 0.00014	 0.00793	 0.01079	 0.00000	 0.00001	 0.00970	 0.00000		160.313459	-4947.934086
360360	 0.00009	 0.00009	 0.00819	 0.01172	 0.00000	 0.00000	 0.01000	 0.00000		167.757607	-4847.382919
361361	 0.00013	 0.00014	 0.00741	 0.01057	 0.00000	 0.00001	 0.00968	 0.00000		164.490509	-5020.521595
362362	 0.00012	 0.00019	 0.00832	 0.01157	 0.00000	 0.00001	 0.00894	 0.00000		164.620178	-4985.461938
363363	 0.00023	 0.00022	 0.00833	 0.01084	 0.00000	 0.00001	 0.00973	 0.00000		158.656381	-4944.756316
364364	 0.00011	 0.00005	 0.00864	 0.01065	 0.00000	 0.00000	 0.00943	 0.00000		168.544686	-4953.570521
365365	 0.00008	 0.00005	 0.00842	 0.01020	 0.00000	 0.00000	 0.00831	 0.00000		176.474605	-4999.701939
366366	 0.00009	 0.00013	 0.00883	 0.01291	 0.00000	 0.00000	 0.00925	 0.00000		165.005518	-4936.819853
367367	 0.00009	 0.00026	 0.00912	 0.01222	 0.00000	 0.00001	 0.01055	 0.00000		159.749030	-4924.491705
368368	 0.00012	 0.00022	 0.00895	 0.01138	 0.00000	 0.00001	 0.00897	 0.00000		169.931023	-5005.379968
369369	 0.00011	 0.00046	 0.01022	 0.01160	 0.00000	 0.00001	 0.00967	 0.00000		158.912896	-4992.266127
370370	 0.00003	 0.00004	 0.00736	 0.01113	 0.00000	 0.00000	 0.00915	 0.00000		178.459347	-5061.381458
371371	 0.00004	 0.00007	 0.00796	 0.01104	 0.00000	 0.00000	 0.00876	 0.00000		175.250644	-4968.834923
372372	 0.00007	 0.00006	 0.00849	 0.01039	 0.00000	 0.00000	 0.00928	 0.00000		159.385633	-5076.840157
373373	 0.00004	 0.00011	 0.00846	 0.01083	 0.00000	 0.00000	 0.00901	 0.00000		167.283950	-4998.800340
374374	 0.00015	 0.00011	 0.00818	 0.01032	 0.00000	 0.00001	 0.01007	 0.00000		165.051519	-4993.570920
375375	 0.00019	 0.00011	 0.00797	 0.01086	 0.00000	 0.00001	 0.00948	 0.00000		161.121132	-4971.510502
376376	 0.00016	 0.00023	 0.00807	 0.01080	 0.00000	 0.00001	 0.01030	 0.00000		162.571347	-4928.292344
377377	 0.00011	 0.00008	 0.00869	 0.01126	 0.00000	 0.00000	 0.01017	 0.00000		161.456534	-4962.467790
378378	 0.00010	 0.00011	 0.00846	 0.01063	 0.00000	 0.00001	 0.00979	 0.00000		168.516910	-4988.577703
379379	 0.00017	 0.00017	 0.00761	 0.01157	 0.00000	 0.00001	 0.01013	 0.00000		158.480967	-4971.520468
380380	 0.00013	 0.00018	 0.00681	 0.01023	 0.00000	 0.00001	 0.00873	 0.00000		157.632216	-4946.324689
381381	 0.00009	 0.00014	 0.00879	 0.01094	 0.00000	 0.00001	 0.00906	 0.00000		163.011328	-4940.189027
382382	 0.00031	 0.00020	 0.00772	 0.01100	 0.00000	 0.00001	 0.01002	 0.00000		152.664816	-4956.208359
383383	 0.00014	 0.00019	 0.00828	 0.01280	 0.00000	 0.00001	 0.00940	 0.00000		158.216827	-4998.606851
384384	 0.00010	 0.00017	 0.00837	 0.01014	 0.00000	 0.00001	 0.00923	 0.00000		159.581176	-5002.075862
385385	 0.00036	 0.00032	 0.00728	 0.01220	 0.00000	 0.00002	 0.00945	 0.00000		154.237955	-4966.007885
386386	 0.00032	 0.00040	 0.00898	 0.01024	 0.00000	 0.00002	 0.00969	 0.00000		152.457483	-5016.731972
387387	 0.00019	 0.00019	 0.00756	 0.01253	 0.00000	 0.00001	 0.00961	 0.00000		157.189599	-4977.820667
388388	 0.00007	 0.00012	 0.00820	 0.01044	 0.00000	 0.00000	 0.00931	 0.00000		161.524282	-4989.654900
389389	 0.00006	 0.00018	 0.00851	 0.00969	 0.00000	 0.00000	 0.00894	 0.00000		157.872051	-5079.477197
390390	 0.00013	 0.00032	 0.00884	 0.01188	 0.00000	 0.00001	 0.01002	 0.00000		158.618042	-5003.071160
391391	 0.00016	 0.00020	 0.00870	 0.01259	 0.00000	 0.00001	 0.01059	 0.00000		156.542085	-4898.767355
392392	 0.00006	 0.00011	 0.00755	 0.01018	 0.00000	 0.00000	 0.00860	 0.00000		162.457457	-5044.213988
393393	 0.00003	 0.00008	 0.00809	 0.01097	 0.00000	 0.00000	 0.00949	 0.00000		166.960861	-4931.749433
394394	 0.00003	 0.00003	 0.00825	 0.00970	 0.00000	 0.00000	 0.00891	 0.00000		175.446109	-5002.494656
395395	 0.00004	 0.00004	 0.00718	 0.01119	 0.00000	 0.00000	 0.01000	 0.00000		171.883224	-5015.033955
396396	 0.00008	 0.00007	 0.00796	 0.01073	 0.00000	 0.00000	 0.01063	 0.00000		165.317975	-4934.906565
397397	 0.00020	 0.00024	 0.00912	 0.01083	 0.00000	 0.00001	 0.01019	 0.00000		159.122474	-4939.960384
398398	 0.00020	 0.00037	 0.00884	 0.01253	 0.00000	 0.00001	 0.00994	 0.00000		164.070034	-4927.976638
399399	 0.00011	 0.00018	 0.00808	 0.01007	 0.00000	 0.00000	 0.00934	 0.00000		158.463420	-4984.684266
400400	 0.00009	 0.00032	 0.00887	 0.01163	 0.00000	 0.00001	 0.00992	 0.00000		163.425301	-5034.273846
401401	 0.00004	 0.00020	 0.00864	 0.01088	 0.00000	 0.00000	 0.00897	 0.00000		165.006188	-4993.084075
402402	 0.00006	 0.00008	 0.00722	 0.01202	 0.00000	 0.00000	 0.01022	 0.00000		173.735008	-4909.275750
403403	 0.00010	 0.00016	 0.00731	 0.01078	 0.00000	 0.00001	 0.00932	 0.00000		171.567742	-5066.491232
404404	 0.00009	 0.00017	 0.00938	 0.01060	 0.00000	 0.00001	 0.00920	 0.00000		168.447499	-4990.860845
405405	 0.00023	 0.00021	 0.00752	 0.01107	 0.00000	 0.00001	 0.01026	 0.00000		160.247006	-4925.285612
406406	 0.00010	 0.00010	 0.00918	 0.01129	 0.00000	 0.00001	 0.00992	 0.00000		170.154352	-4994.195203
407407	 0.00009	 0.00012	 0.00856	 0.01158	 0.00000	 0.00000	 0.01006	 0.00000		161.808327	-4972.794300
408408	 0.00008	 0.00009	 0.00829	 0.01049	 0.00000	 0.00000	 0.01025	 0.00000		168.464130	-4906.768045
409409	 0.00013	 0.00010	 0.00838	 0.01239	 0.00000	 0.00001	 0.00888	 0.00000		169.634997	-5018.080210
410410	 0.00010	 0.00009	 0.00760	 0.01121	 0.00000	 0.00000	 0.01026	 0.00000		165.749114	-4904.453347
411411	 0.00003	 0.00006	 0.00719	 0.01113	 0.00000	 0.00000	 0.01002	 0.00000		174.241039	-4970.699277
412412	 0.00004	 0.00007	 0.00695	 0.01225	 0.00000	 0.00000	 0.00964	 0.00000		169.937971	-5033.111695
413413	 0.00005	 0.00005	 0.00805	 0.01060	 0.00000	 0.00000	 0.01024	 0.00000		175.911138	-4940.023927
414414	 0.00007	 0.00006	 0.00902	 0.00992	 0.00000	 0.00000	 0.00944	 0.00000		168.210004	-4998.684795
415415	 0.00008	 0.00008	 0.00698	 0.01209	 0.00000	 0.00000	 0.01010	 0.00000		165.157062	-4879.142866
416416	 0.00007	 0.00009	 0.00772	 0.01120	 0.00000	 0.00001	 0.01106	 0.00000		170.998794	-4903.479300
417417	 0.00004	 0.00004	 0.00811	 0.01083	 0.00000	 0.00000	 0.01065	 0.00000		173.288503	-5106.594012
418418	 0.00005	 0.00006	 0.00765	 0.01088	 0.00000	 0.00000	 0.00933	 0.00000		172.423831	-4964.462623
419419	 0.00009	 0.00007	 0.00956	 0.01011	 0.00000	 0.00000	 0.01019	 0.00000		166.775609	-4902.970059
420420	 0.00008	 0.00013	 0.00932	 0.01151	 0.00000	 0.00001	 0.00997	 0.00000		168.736414	-4950.209696
421421	 0.00007	 0.00019	 0.00691	 0.01244	 0.00000	 0.00001	 0.01052	 0.00000		167.317204	-4869.141053
422422	 0.00005	 0.00003	 0.00771	 0.01101	 0.00000	 0.00000	 0.01023	 0.00000		177.739815	-5049.538893
423423	 0.00006	 0.00005	 0.00810	 0.01125	 0.00000	 0.00000	 0.01035	 0.00000		167.820034	-4967.410034
424424	 0.00002	 0.00006	 0.00840	 0.01035	 0.00000	 0.00000	 0.00832	 0.00000		181.310966	-4962.604049
425425	 0.00002	 0.00012	 0.00830	 0.01086	 0.00000	 0.00000	 0.01058	 0.00000		163.563921	-4901.955856
426426	 0.00002	 0.00003	 0.00754	 0.01136	 0.00000	 0.00000	 0.01104	 0.00000		170.410367	-4999.944435
427427	 0.00001	 0.00002	 0.00766	 0.01036	 0.00000	 0.00000	 0.00968	 0.00000		177.172998	-4934.015433
428428	 0.00002	 0.00002	 0.00775	 0.01161	 0.00000	 0.00000	 0.00974	 0.00000		178.055535	-5042.691896
429429	 0.00001	 0.00003	 0.00894	 0.01166	 0.00000	 0.00000	 0.00865	 0.00000		169.738862	-5025.256725
430430	 0.00001	 0.00003	 0.00939	 0.01146	 0.00000	 0.00000	 0.01011	 0.00000		167.009674	-4971.200717
431431	 0.00000	 0.00021	 0.00877	 0.01107	 0.00000	 0.00000	 0.00932	 0.00000		174.784625	-5078.710258
432432	 0.00001	 0.00008	 0.00820	 0.00989	 0.00000	 0.00000	 0.00882	 0.00000		171.189342	-5004.574972
433433	 0.00001	 0.00003	 0.00842	 0.01208	 0.00000	 0.00000	 0.00960	 0.00000		177.844449	-4910.023648
434434	 0.00001	 0.00001	 0.00864	 0.01156	 0.00000	 0.00000	 0.01020	 0.00000		177.279591	-4982.786234
435435	 0.00001	 0.00001	 0.00766	 0.01253	 0.00000	 0.00000	 0.01063	 0.00000		172.918321	-4943.435919
436436	 0.00001	 0.00001	 0.00836	 0.01078	 0.00000	 0.00000	 0.00899	 0.00000		184.657034	-5057.453526
437437	 0.00001	 0.00004	 0.00860	 0.01102	 0.00000	 0.00000	 0.00853	 0.00000		174.361288	-5031.261784
438438	 0.00001	 0.00005	 0.00892	 0.00966	 0.00000	 0.00000	 0.00863	 0.00000		167.783508	-5028.951860
439439	 0.00001	 0.00008	 0.00839	 0.01180	 0.00000	 0.00000	 0.01013	 0.00000		167.140780	-5024.328885
440440	 0.00002	 0.00002	 0.00787	 0.01222	 0.00000	 0.00000	 0.01150	 0.00000		175.914341	-4929.192098
441441	 0.00004	 0.00003	 0.00783	 0.01337	 0.00000	 0.00000	 0.00849	 0.00000		169.997786	-4962.767441
442442	 0.00002	 0.00003	 0.00824	 0.01234	 0.00000	 0.00000	 0.01004	 0.00000		172.821691	-4944.862529
443443	 0.00004	 0.00002	 0.00869	 0.01124	 0.00000	 0.00000	 0.01026	 0.00000		172.006119	-4990.907111
444444	 0.00001	 0.00004	 0.00699	 0.01066	 0.00000	 0.00000	 0.00862	 0.00000		176.432076	-4971.089083
445445	 0.00002	 0.00005	 0.00822	 0.01234	 0.00000	 0.00000	 0.01040	 0.00000		170.993363	-4950.584068
446446	 0.00002	 0.00004	 0.00865	 0.01169	 0.00000	 0.00000	 0.00913	 0.00000		166.778195	-4994.107045
447447	 0.00002	 0.00003	 0.00854	 0.01108	 0.00000	 0.00000	 0.00925	 0.00000		167.385051	-4974.583530
448448	 0.00003	 0.00005	 0.00781	 0.01100	 0.00000	 0.00000	 0.01048	 0.00000		166.936381	-5013.472058
449449	 0.00003	 0.00004	 0.00727	 0.01087	 0.00000	 0.00000	 0.01018	 0.00000		167.722923	-4967.033504
450450	 0.00005	 0.00005	 0.00803	 0.01104	 0.00000	 0.00000	 0.00985	 0.00000		157.772880	-4955.974039
451451	 0.00005	 0.00003	 0.00785	 0.01175	 0.00000	 0.00000	 0.00897	 0.00000		167.400679	-5023.129308
452452	 0.00003	 0.00004	 0.00917	 0.01130	 0.00000	 0.00000	 0.00901	 0.00000		170.743536	-5008.206835
453453	 0.00009	 0.00009	 0.00922	 0.01182	 0.00000	 0.00000	 0.00999	 0.00000		158.769824	-4931.495815
454454	 0.00010	 0.00008	 0.00896	 0.01131	 0.00000	 0.00000	 0.00942	 0.00000		165.135017	-4983.482747
455455	 0.00012	 0.00017	 0.00805	 0.01083	 0.00000	 0.00001	 0.00836	 0.00000		165.347563	-5031.318429
456456	 0.00010	 0.00014	 0.00851	 0.01129	 0.00000	 0.00001	 0.00957	 0.00000		170.430071	-5017.509691
457457	 0.00012	 0.00010	 0.00875	 0.00984	 0.00000	 0.00001	 0.00989	 0.00000		167.643966	-5009.675928
458458	 0.00012	 0.00008	 0.00961	 0.01056	 0.00000	 0.00000	 0.01066	 0.00000		164.760152	-4921.623432
459459	 0.00004	 0.00009	 0.00817	 0.01191	 0.00000	 0.00000	 0.00991	 0.00000		172.243948	-4895.784980
460460	 0.00003	 0.00003	 0.00702	 0.01156	 0.00000	 0.00000	 0.00926	 0.00000		181.689853	-5015.167141
461461	 0.00002	 0.00006	 0.00831	 0.01153	 0.00000	 0.00000	 0.00927	 0.00000		171.206401	-4988.642990
462462	 0.00002	 0.00001	 0.00753	 0.01046	 0.00000	 0.00000	 0.00992	 0.00000		179.774317	-5002.196256
463463	 0.00001	 0.00002	 0.00738	 0.00990	 0.00000	 0.00000	 0.01065	 0.00000		176.086478	-4950.361619
464464	 0.00002	 0.00002	 0.00725	 0.01199	 0.00000	 0.00000	 0.01010	 0.00000		178.898088	-4971.540343
465465	 0.00003	 0.00004	 0.00824	 0.01214	 0.00000	 0.00000	 0.00959	 0.00000		169.929989	-4986.695570
466466	 0.00001	 0.00007	 0.00798	 0.01052	 0.00000	 0.00000	 0.00923	 0.00000		177.121619	-5022.357669
467467	 0.00003	 0.00003	 0.00774	 0.01250	 0.00000	 0.00000	 0.00923	 0.00000		179.149488	-4972.281554
468468	 0.00002	 0.00003	 0.00969	 0.01077	 0.00000	 0.00000	 0.00916	 0.00000		173.022513	-5004.369241
469469	 0.00003	 0.00003	 0.00884	 0.01080	 0.00000	 0.00000	 0.00952	 0.00000		187.341282	-4968.006079
470470	 0.00006	 0.00011	 0.00828	 0.01135	 0.00000	 0.00000	 0.01037	 0.00000		167.659972	-4937.407871
471471	 0.00006	 0.00011	 0.00788	 0.01193	 0.00000	 0.00000	 0.01141	 0.00000		165.856269	-4849.068826
472472	 0.00005	 0.00009	 0.00844	 0.01198	 0.00000	 0.00000	 0.00989	 0.00000		172.423259	-4913.067247
473473	 0.00002	 0.00005	 0.00772	 0.01076	 0.00000	 0.00000	 0.00856	 0.00000		182.242710	-4980.758177
474474	 0.00003	 0.00005	 0.00824	 0.01062	 0.00000	 0.00000	 0.01003	 0.00000		175.106581	-4910.148551
475475	 0.00003	 0.00011	 0.00626	 0.01217	 0.00000	 0.00000	 0.01004	 0.00000		169.242859	-4984.537673
476476	 0.00005	 0.00011	 0.00870	 0.01089	 0.00000	 0.00000	 0.01002	 0.00000		165.223428	-4953.252643
477477	 0.00007	 0.00009	 0.00811	 0.00925	 0.00000	 0.00000	 0.00878	 0.00000		175.333293	-5021.545819
478478	 0.00004	 0.00006	 0.00805	 0.01120	 0.00000	 0.00000	 0.01033	 0.00000		171.891076	-5006.593321
479479	 0.00008	 0.00007	 0.00810	 0.00961	 0.00000	 0.00000	 0.00947	 0.00000		171.200202	-4981.623114
480480	 0.00009	 0.00006	 0.00772	 0.01047	 0.00000	 0.00000	 0.00908	 0.00000		173.563601	-5002.628993
481481	 0.00014	 0.00009	 0.00854	 0.01222	 0.00000	 0.00001	 0.00940	 0.00000		168.409164	-4989.048224
482482	 0.00011	 0.00014	 0.00794	 0.01188	 0.00000	 0.00000	 0.00951	 0.00000		159.130379	-4966.353020
483483	 0.00016	 0.00014	 0.00880	 0.01060	 0.00000	 0.00001	 0.01013	 0.00000		165.219295	-4883.984857
484484	 0.00005	 0.00008	 0.00790	 0.01165	 0.00000	 0.00000	 0.00993	 0.00000		171.482091	-4970.726367
485485	 0.00015	 0.00018	 0.00817	 0.01190	 0.00000	 0.00001	 0.01064	 0.00000		162.133221	-4940.216433
486486	 0.00008	 0.00011	 0.00853	 0.01039	 0.00000	 0.00001	 0.01140	 0.00000		164.484704	-4923.901613
487487	 0.00012	 0.00016	 0.00791	 0.01079	 0.00000	 0.00001	 0.01064	 0.00000		165.173969	-4954.425354
488488	 0.00017	 0.00020	 0.00817	 0.01263	 0.00000	 0.00001	 0.01060	 0.00000		164.248772	-4939.462670
489489	 0.00013	 0.00009	 0.00853	 0.01014	 0.00000	 0.00001	 0.01064	 0.00000		171.805470	-4907.442289
490490	 0.00008	 0.00005	 0.00761	 0.01139	 0.00000	 0.00000	 0.01010	 0.00000		168.939593	-4980.861495
491491	 0.00006	 0.00006	 0.00888	 0.01055	 0.00000	 0.00000	 0.00897	 0.00000		165.992527	-4945.815829
492492	 0.00010	 0.00012	 0.00753	 0.01064	 0.00000	 0.00001	 0.01026	 0.00000		162.792003	-4993.602907
493493	 0.00014	 0.00017	 0.00736	 0.01150	 0.00000	 0.00001	 0.01060	 0.00000		150.872511	-4906.445555
494494	 0.00011	 0.00006	 0.00915	 0.01177	 0.00000	 0.00000	 0.01115	 0.00000		162.759732	-4905.284274
495495	 0.00007	 0.00012	 0.00735	 0.01064	 0.00000	 0.00000	 0.00887	 0.00000		168.806296	-4998.067902
496496	 0.00016	 0.00012	 0.00844	 0.01009	 0.00000	 0.00001	 0.00888	 0.00000		163.684994	-4936.352240
497497	 0.00016	 0.00017	 0.00890	 0.01113	 0.00000	 0.00001	 0.01054	 0.00000		164.816902	-4890.895233
498498	 0.00010	 0.00010	 0.00905	 0.01032	 0.00000	 0.00001	 0.00926	 0.00000		167.876309	-4947.081817
499499	 0.00008	 0.00010	 0.00757	 0.01194	 0.00000	 0.00001	 0.00998	 0.00000		167.217130	-5005.252977
500500	 0.00004	 0.00010	 0.00314	 0.01086	 0.00000	 0.00000	 0.00991	242.02608		178.917954	-4143.969012
501501	 0.00006	 0.00010	 0.00256	 0.01138	 0.00000	 0.00000	 0.00931	273.21763		179.016204	-4121.998679
502502	 0.00021	 0.00024	 0.00333	 0.01037	 0.00000	 0.00001	 0.00986	238.99321		165.913536	-4173.362124
503503	 0.00007	 0.00029	 0.00434	 0.01001	 0.00000	 0.00001	 0.00906	246.98563		169.014949	-4316.349243
504504	 0.00017	 0.00029	 0.00272	 0.01102	 0.00000	 0.00001	 0.01012	289.33132		169.890686	-4191.629438
505505	 0.00035	 0.00039	 0.00297	 0.00987	 0.00000	 0.00002	 0.00978	254.13397		165.082074	-4138.364929
506506	 0.00017	 0.00023	 0.00267	 0.00943	 0.00000	 0.00001	 0.00906	330.98048		175.450195	-4133.935954
507507	 0.00011	 0.00026	 0.00350	 0.01111	 0.00000	 0.00001	 0.00950	220.48018		170.564401	-4187.340572
508508	 0.00005	 0.00015	 0.00360	 0.01054	 0.00000	 0.00000	 0.00977	216.72475		176.158172	-4166.315765
509509	 0.00006	 0.00010	 0.00332	 0.01107	 0.00000	 0.00000	 0.00929	237.58738		181.019415	-4058.743834
510510	 0.00005	 0.00023	 0.00473	 0.00893	 0.00000	 0.00000	 0.00911	194.62809		173.287312	-4259.913839
511511	 0.00009	 0.00031	 0.00279	 0.01160	 0.00000	 0.00001	 0.01052	197.66258		165.983426	-4187.978596
512512	 0.00006	 0.00013	 0.00410	 0.00969	 0.00000	 0.00000	 0.00871	173.90097		171.833010	-4192.963138
513513	 0.00005	 0.00017	 0.00420	 0.00981	 0.00000	 0.00000	 0.00953	216.64410		175.245898	-4214.982252
514514	 0.00003	 0.00006	 0.00291	 0.01132	 0.00000	 0.00000	 0.00863	244.68149		178.398914	-4117.749100
515515	 0.00002	 0.00003	 0.00411	 0.01027	 0.00000	 0.00000	 0.00904	234.48194		182.714360	-4383.005543
516516	 0.00003	 0.00008	 0.00395	 0.01028	 0.00000	 0.00000	 0.00967	231.38499		175.302923	-4111.246852
517517	 0.00005	 0.00005	 0.00328	 0.00973	 0.00000	 0.00000	 0.00963	208.51420		181.387252	-4233.867161
518518	 0.00004	 0.00006	 0.00336	 0.01082	 0.00000	 0.00000	 0.00905	250.15426		181.952263	-4155.982876
519519	 0.00004	 0.00016	 0.00387	 0.01038	 0.00000	 0.00000	 0.00854	237.73130		172.119252	-4285.204433
520520	 0.00006	 0.00012	 0.00365	 0.01102	 0.00000	 0.00001	 0.00983	213.10797		182.250316	-4166.797898
521521	 0.00006	 0.00014	 0.00362	 0.01052	 0.00000	 0.00000	 0.00881	227.25965		176.512471	-4187.115881
522522	 0.00005	 0.00009	 0.00280	 0.01139	 0.00000	 0.00000	 0.00988	267.81778		180.523694	-4169.804263
523523	 0.00010	 0.00023	 0.00324	 0.01195	 0.00000	 0.00001	 0.00974	223.02627		173.206461	-4144.698454
524524	 0.00023	 0.00041	 0.00394	 0.01023	 0.00000	 0.00002	 0.00973	228.34689		171.193884	-4229.194663
525525	 0.00019	 0.00025	 0.00327	 0.01035	 0.00000	 0.00001	 0.00954	221.67052		168.174982	-4129.262292
526526	 0.00012	 0.00023	 0.00381	 0.01036	 0.00000	 0.00001	 0.01041	224.85407		170.170587	-4082.565566
527527	 0.00011	 0.00021	 0.00498	 0.00966	 0.00000	 0.00001	 0.00953	169.41337		169.086702	-4164.913986
528528	 0.00010	 0.00024	 0.00405	 0.01069	 0.00000	 0.00001	 0.01054	218.97278		167.149882	-4145.755616
529529	 0.00013	 0.00031	 0.00511	 0.00990	 0.00000	 0.00001	 0.01098	152.75998		161.316448	-4206.265467
530530	 0.00007	 0.00012	 0.00344	 0.01052	 0.00000	 0.00000	 0.01025	220.54163		173.784828	-4120.041553
531531	 0.00012	 0.00026	 0.00343	 0.01162	 0.00000	 0.00001	 0.01027	228.54196		171.354578	-4144.533298
532532	 0.00006	 0.00009	 0.00334	 0.01004	 0.00000	 0.00000	 0.00847	246.79187		173.278874	-4267.087201
533533	 0.00011	 0.00018	 0.00342	 0.00925	 0.00000	 0.00001	 0.01005	237.87913		173.951406	-4217.080079
534534	 0.00015	 0.00031	 0.00361	 0.01211	 0.00000	 0.00001	 0.01073	206.47060		168.613287	-4133.059419
535535	 0.00015	 0.00028	 0.00225	 0.01291	 0.00000	 0.00001	 0.00945	325.79487		175.694456	-4085.612764
536536	 0.00012	 0.00019	 0.00272	 0.01231	 0.00000	 0.00001	 0.01027	295.84437		179.454946	-4087.312876
537537	 0.00025	 0.00048	 0.00282	 0.01066	 0.00000	 0.00002	 0.00986	243.94041		168.518513	-4240.222607
538538	 0.00012	 0.00033	 0.00384	 0.01147	 0.00000	 0.00001	 0.01042	260.28905		172.477559	-4186.801192
539539	 0.00022	 0.00024	 0.00306	 0.00961	 0.00000	 0.00002	 0.01019	235.80428		176.880883	-4161.557112
540540	 0.00010	 0.00052	 0.00324	 0.01067	 0.00000	 0.00001	 0.01026	295.50651		175.659386	-4152.486273
541541	 0.00021	 0.00042	 0.00299	 0.01008	 0.00000	 0.00002	 0.01055	202.24087		171.720917	-4198.998495
542542	 0.00022	 0.00025	 0.00330	 0.01108	 0.00000	 0.00001	 0.00914	301.12446		171.480068	-4169.206038
543543	 0.00023	 0.00042	 0.00325	 0.01016	 0.00000	 0.00002	 0.00883	288.83182		175.861711	-4140.895155
544544	 0.00008	 0.00017	 0.00283	 0.00869	 0.00000	 0.00001	 0.01025	274.47356		178.928845	-4183.468410
545545	 0.00008	 0.00020	 0.00329	 0.01127	 0.00000	 0.00001	 0.00952	250.43713		176.576303	-4196.607629
546546	 0.00010	 0.00010	 0.00279	 0.01110	 0.00000	 0.00001	 0.01076	260.37856		178.647349	-4065.657323
547547	 0.00018	 0.00036	 0.00320	 0.01033	 0.00000	 0.00001	 0.01131	221.03498		169.070053	-4146.561682
548548	 0.00016	 0.00029	 0.00411	 0.01037	 0.00000	 0.00001	 0.00879	205.76885		178.499349	-4190.139204
549549	 0.00014	 0.00017	 0.00344	 0.01034	 0.00000	 0.00001	 0.00898	177.87349		182.866490	-4208.863614
550550	 0.00009	 0.00056	 0.00296	 0.01239	 0.00000	 0.00001	 0.00988	213.97468		178.223236	-4122.084146
551551	 0.00019	 0.00023	 0.00285	 0.01092	 0.00000	 0.00001	 0.00855	261.21958		181.828820	-4241.954304
