Sample	theta_WAM	theta_CAM	theta_ATL	theta_AM	theta_root	tau_AM	tau_root	Data-ld-ln	Full-ld-ln
0	 0.00003	 0.00006	 0.00627	 0.01195	 0.00000	 0.00000	 0.01203		170.895916	-5102.150751
1001	 0.00002	 0.00002	 0.00675	 0.01308	 0.00000	 0.00000	 0.01325		172.766443	-5046.409618
2002	 0.00003	 0.00008	 0.00701	 0.01274	 0.00000	 0.00000	 0.01080		165.921803	-5135.031547
3003	 0.00007	 0.00025	 0.00556	 0.01204	 0.00000	 0.00001	 0.01096		162.008642	-5104.050561
4004	 0.00004	 0.00007	 0.00683	 0.01194	 0.00000	 0.00000	 0.01078		168.879229	-5104.652934
5005	 0.00009	 0.00008	 0.00691	 0.01201	 0.00000	 0.00000	 0.01145		161.333262	-5140.649659
6006	 0.00012	 0.00015	 0.00725	 0.01080	 0.00000	 0.00001	 0.00988		164.122124	-5169.883206
7007	 0.00008	 0.00020	 0.00639	 0.01331	 0.00000	 0.00000	 0.01102		148.908662	-5220.324594
8008	 0.00011	 0.00021	 0.00703	 0.01332	 0.00000	 0.00001	 0.01000		152.200751	-5152.748361
9009	 0.00021	 0.00014	 0.00716	 0.01246	 0.00000	 0.00001	 0.01034		149.342654	-5104.490608
10010	 0.00007	 0.00013	 0.00677	 0.01211	 0.00000	 0.00000	 0.01185		160.093310	-5071.309521
11011	 0.00005	 0.00010	 0.00694	 0.01229	 0.00000	 0.00000	 0.01055		161.735509	-5232.228963
12012	 0.00006	 0.00010	 0.00684	 0.01354	 0.00000	 0.00000	 0.01106		162.455264	-5076.769883
13013	 0.00005	 0.00006	 0.00663	 0.01192	 0.00000	 0.00000	 0.01016		164.572058	-5212.771021
14014	 0.00007	 0.00023	 0.00715	 0.01198	 0.00000	 0.00000	 0.01141		155.211891	-5083.756582
15015	 0.00004	 0.00007	 0.00720	 0.01262	 0.00000	 0.00000	 0.01095		165.920189	-5056.100787
16016	 0.00005	 0.00014	 0.00642	 0.01274	 0.00000	 0.00000	 0.01151		161.745162	-5047.163959
17017	 0.00006	 0.00009	 0.00642	 0.01183	 0.00000	 0.00000	 0.01026		162.811874	-5155.159765
18018	 0.00028	 0.00012	 0.00669	 0.01155	 0.00000	 0.00001	 0.01261		157.842777	-5072.363655
19019	 0.00005	 0.00019	 0.00717	 0.01051	 0.00000	 0.00000	 0.01070		166.248027	-5088.955324
20020	 0.00003	 0.00006	 0.00763	 0.01258	 0.00000	 0.00000	 0.01157		167.165909	-5052.319873
21021	 0.00005	 0.00005	 0.00762	 0.01120	 0.00000	 0.00000	 0.01162		162.683770	-5127.620006
22022	 0.00006	 0.00009	 0.00832	 0.01298	 0.00000	 0.00000	 0.01143		165.941851	-5029.280919
23023	 0.00005	 0.00017	 0.00593	 0.01276	 0.00000	 0.00000	 0.01134		168.821222	-5139.530341
24024	 0.00007	 0.00015	 0.00622	 0.01194	 0.00000	 0.00000	 0.01226		164.169721	-5133.026465
25025	 0.00002	 0.00004	 0.00549	 0.01217	 0.00000	 0.00000	 0.01160		179.948147	-5123.216738
26026	 0.00002	 0.00003	 0.00780	 0.01177	 0.00000	 0.00000	 0.01132		176.089999	-5190.953876
27027	 0.00001	 0.00002	 0.00656	 0.01283	 0.00000	 0.00000	 0.01081		182.862175	-5162.934676
28028	 0.00003	 0.00002	 0.00751	 0.01228	 0.00000	 0.00000	 0.01158		176.614899	-5064.846154
29029	 0.00001	 0.00004	 0.00700	 0.01246	 0.00000	 0.00000	 0.00972		180.537930	-5152.149148
30030	 0.00002	 0.00014	 0.00682	 0.01245	 0.00000	 0.00000	 0.01145		165.200966	-5185.045676
31031	 0.00003	 0.00006	 0.00618	 0.01291	 0.00000	 0.00000	 0.01040		171.866777	-5119.964403
32032	 0.00004	 0.00006	 0.00813	 0.01172	 0.00000	 0.00000	 0.01052		164.547587	-5132.091270
33033	 0.00003	 0.00009	 0.00658	 0.01108	 0.00000	 0.00000	 0.01008		163.955202	-5108.237043
34034	 0.00005	 0.00013	 0.00774	 0.01248	 0.00000	 0.00000	 0.00967		166.530119	-5139.608560
35035	 0.00007	 0.00016	 0.00732	 0.01223	 0.00000	 0.00001	 0.01048		166.270746	-5133.778754
36036	 0.00026	 0.00019	 0.00696	 0.01333	 0.00000	 0.00001	 0.01110		147.947566	-5117.977765
37037	 0.00015	 0.00018	 0.00653	 0.01335	 0.00000	 0.00001	 0.01155		157.816946	-5091.787532
38038	 0.00005	 0.00030	 0.00684	 0.01206	 0.00000	 0.00000	 0.01109		160.315057	-5159.044708
39039	 0.00017	 0.00025	 0.00749	 0.01096	 0.00000	 0.00001	 0.01124		150.645175	-5149.378148
40040	 0.00012	 0.00015	 0.00622	 0.01118	 0.00000	 0.00000	 0.01042		153.356988	-5113.039859
41041	 0.00005	 0.00007	 0.00724	 0.01337	 0.00000	 0.00000	 0.01026		161.757076	-5062.334466
42042	 0.00007	 0.00006	 0.00843	 0.01200	 0.00000	 0.00000	 0.01022		155.839008	-5102.796450
43043	 0.00007	 0.00005	 0.00659	 0.01274	 0.00000	 0.00000	 0.01063		167.048393	-5132.351281
44044	 0.00011	 0.00021	 0.00687	 0.01375	 0.00000	 0.00001	 0.01158		156.581698	-5129.509680
45045	 0.00009	 0.00011	 0.00651	 0.01215	 0.00000	 0.00000	 0.01058		165.055963	-5162.748868
46046	 0.00008	 0.00014	 0.00667	 0.01233	 0.00000	 0.00000	 0.01087		162.277557	-5153.852971
47047	 0.00004	 0.00005	 0.00611	 0.01154	 0.00000	 0.00000	 0.00947		171.908468	-5165.493307
48048	 0.00008	 0.00016	 0.00740	 0.01208	 0.00000	 0.00001	 0.01163		162.354652	-5175.611164
49049	 0.00014	 0.00012	 0.00608	 0.01241	 0.00000	 0.00001	 0.01098		162.329625	-5094.077696
50050	 0.00007	 0.00020	 0.00622	 0.01186	 0.00000	 0.00000	 0.00997		161.653592	-5109.145239
51051	 0.00017	 0.00020	 0.00716	 0.01230	 0.00000	 0.00001	 0.01069		156.659042	-5196.178771
52052	 0.00007	 0.00006	 0.00701	 0.01181	 0.00000	 0.00000	 0.01237		164.599014	-5154.125721
53053	 0.00006	 0.00009	 0.00590	 0.01190	 0.00000	 0.00000	 0.01124		162.641224	-5163.616198
54054	 0.00004	 0.00006	 0.00745	 0.01056	 0.00000	 0.00000	 0.01014		168.678782	-5154.330636
55055	 0.00005	 0.00006	 0.00691	 0.01364	 0.00000	 0.00000	 0.01093		165.857897	-5113.861409
56056	 0.00005	 0.00006	 0.00786	 0.01274	 0.00000	 0.00000	 0.01032		167.756076	-5133.420050
57057	 0.00007	 0.00009	 0.00630	 0.01208	 0.00000	 0.00000	 0.01177		165.044105	-5100.955902
58058	 0.00005	 0.00006	 0.00696	 0.01278	 0.00000	 0.00000	 0.01086		167.491108	-5088.575049
59059	 0.00009	 0.00011	 0.00539	 0.01340	 0.00000	 0.00000	 0.01138		161.413009	-5189.422201
60060	 0.00009	 0.00007	 0.00680	 0.01214	 0.00000	 0.00000	 0.00996		163.936024	-5064.413698
61061	 0.00015	 0.00015	 0.00644	 0.01304	 0.00000	 0.00001	 0.01108		157.424290	-5130.556291
62062	 0.00003	 0.00010	 0.00696	 0.01440	 0.00000	 0.00000	 0.01046		167.467190	-5222.040270
63063	 0.00002	 0.00013	 0.00729	 0.01183	 0.00000	 0.00000	 0.01182		161.136197	-5056.766442
64064	 0.00002	 0.00003	 0.00558	 0.01279	 0.00000	 0.00000	 0.01071		175.134038	-5226.154624
65065	 0.00002	 0.00004	 0.00823	 0.01134	 0.00000	 0.00000	 0.01070		160.065703	-5191.034051
66066	 0.00002	 0.00002	 0.00659	 0.01150	 0.00000	 0.00000	 0.01152		168.003220	-5130.797508
67067	 0.00004	 0.00002	 0.00621	 0.01278	 0.00000	 0.00000	 0.01191		166.468722	-5097.636499
68068	 0.00005	 0.00004	 0.00604	 0.01379	 0.00000	 0.00000	 0.01161		161.161495	-5085.675981
69069	 0.00003	 0.00009	 0.00636	 0.01134	 0.00000	 0.00000	 0.01140		159.290390	-5142.962844
70070	 0.00006	 0.00007	 0.00733	 0.01127	 0.00000	 0.00000	 0.01116		161.927165	-5226.717206
71071	 0.00005	 0.00005	 0.00625	 0.01150	 0.00000	 0.00000	 0.01075		165.607120	-5203.482696
72072	 0.00004	 0.00003	 0.00755	 0.01286	 0.00000	 0.00000	 0.01116		164.965135	-5067.622188
73073	 0.00002	 0.00003	 0.00749	 0.01238	 0.00000	 0.00000	 0.01134		174.325871	-5013.462781
74074	 0.00002	 0.00003	 0.00656	 0.01205	 0.00000	 0.00000	 0.01043		176.250270	-5130.028572
75075	 0.00003	 0.00003	 0.00727	 0.01241	 0.00000	 0.00000	 0.01067		167.282721	-5090.313895
76076	 0.00001	 0.00004	 0.00891	 0.01209	 0.00000	 0.00000	 0.01038		172.677816	-5155.357900
77077	 0.00002	 0.00003	 0.00620	 0.01218	 0.00000	 0.00000	 0.00997		176.288241	-5130.212262
78078	 0.00004	 0.00005	 0.00622	 0.01339	 0.00000	 0.00000	 0.01200		159.255308	-5102.022727
79079	 0.00003	 0.00006	 0.00733	 0.01174	 0.00000	 0.00000	 0.01003		170.413220	-5102.405120
80080	 0.00010	 0.00007	 0.00740	 0.01138	 0.00000	 0.00000	 0.01087		158.784853	-5158.930068
81081	 0.00003	 0.00002	 0.00706	 0.01284	 0.00000	 0.00000	 0.01025		171.666496	-5143.892627
82082	 0.00004	 0.00005	 0.00652	 0.01300	 0.00000	 0.00000	 0.01307		164.811915	-5085.378850
83083	 0.00002	 0.00017	 0.00761	 0.01168	 0.00000	 0.00000	 0.01080		165.559901	-5127.298354
84084	 0.00005	 0.00010	 0.00694	 0.01217	 0.00000	 0.00000	 0.01110		167.071107	-5129.593540
85085	 0.00014	 0.00018	 0.00779	 0.01167	 0.00000	 0.00001	 0.00989		158.690014	-5177.577784
86086	 0.00005	 0.00004	 0.00785	 0.01091	 0.00000	 0.00000	 0.00970		167.604882	-5253.143362
87087	 0.00004	 0.00005	 0.00727	 0.01265	 0.00000	 0.00000	 0.01145		168.354216	-5071.781150
88088	 0.00004	 0.00008	 0.00775	 0.01140	 0.00000	 0.00000	 0.01158		160.157152	-5092.044930
89089	 0.00005	 0.00005	 0.00628	 0.01066	 0.00000	 0.00000	 0.01015		171.540133	-5226.853284
90090	 0.00008	 0.00017	 0.00672	 0.01434	 0.00000	 0.00000	 0.01033		160.221729	-5080.980798
91091	 0.00005	 0.00006	 0.00693	 0.01169	 0.00000	 0.00000	 0.01126		164.850563	-5126.020161
92092	 0.00004	 0.00005	 0.00777	 0.01144	 0.00000	 0.00000	 0.01062		167.863947	-5146.842595
93093	 0.00003	 0.00004	 0.00626	 0.01394	 0.00000	 0.00000	 0.01134		168.300207	-5097.352981
94094	 0.00010	 0.00014	 0.00717	 0.01229	 0.00006	 0.00000	 0.00975		149.257064	-5130.852958
95095	 0.00017	 0.00011	 0.00655	 0.01198	 0.00002	 0.00001	 0.01203		153.943885	-5093.376063
96096	 0.00010	 0.00017	 0.00570	 0.01271	 0.00000	 0.00001	 0.01079		157.120062	-5222.240393
97097	 0.00011	 0.00012	 0.00722	 0.01177	 0.00001	 0.00001	 0.01242		153.960701	-5170.336457
98098	 0.00014	 0.00018	 0.00731	 0.01184	 0.00001	 0.00001	 0.01064		154.801889	-5101.698368
99099	 0.00019	 0.00015	 0.00709	 0.01200	 0.00000	 0.00001	 0.01110		152.026785	-5132.915203
100100	 0.00006	 0.00007	 0.00567	 0.01128	 0.00000	 0.00000	 0.01082		160.032979	-5166.757191
101101	 0.00005	 0.00008	 0.00725	 0.01091	 0.00000	 0.00000	 0.01058		163.010987	-5284.645022
102102	 0.00004	 0.00014	 0.00559	 0.01226	 0.00000	 0.00000	 0.01104		164.600001	-5121.364837
103103	 0.00010	 0.00021	 0.00764	 0.01079	 0.00000	 0.00001	 0.01167		159.832123	-5057.779945
104104	 0.00008	 0.00027	 0.00777	 0.01191	 0.00000	 0.00001	 0.01115		163.843290	-5118.310379
105105	 0.00008	 0.00014	 0.00675	 0.01299	 0.00000	 0.00000	 0.01101		159.755205	-5121.829357
106106	 0.00007	 0.00013	 0.00739	 0.01223	 0.00000	 0.00000	 0.01135		157.504318	-5112.920888
107107	 0.00007	 0.00026	 0.00645	 0.01268	 0.00000	 0.00001	 0.01159		157.905159	-5109.231542
108108	 0.00005	 0.00007	 0.00709	 0.01167	 0.00000	 0.00000	 0.01095		164.488465	-5126.687731
109109	 0.00004	 0.00014	 0.00689	 0.01205	 0.00000	 0.00000	 0.01040		162.045786	-5114.428769
110110	 0.00012	 0.00012	 0.00712	 0.01339	 0.00000	 0.00001	 0.01135		161.223432	-5194.618284
111111	 0.00005	 0.00010	 0.00742	 0.01279	 0.00000	 0.00000	 0.01093		161.006786	-5154.099834
112112	 0.00006	 0.00008	 0.00687	 0.01207	 0.00000	 0.00000	 0.01169		164.833231	-5123.130928
113113	 0.00005	 0.00020	 0.00567	 0.01217	 0.00000	 0.00000	 0.01038		167.503374	-5122.650369
114114	 0.00007	 0.00010	 0.00664	 0.01189	 0.00000	 0.00000	 0.01155		169.502443	-5148.261800
115115	 0.00003	 0.00009	 0.00826	 0.01112	 0.00000	 0.00000	 0.01122		168.720316	-5137.844554
116116	 0.00010	 0.00008	 0.00720	 0.01248	 0.00000	 0.00000	 0.01065		162.540708	-5060.167737
117117	 0.00011	 0.00019	 0.00671	 0.01185	 0.00000	 0.00001	 0.01129		163.494214	-5052.201621
118118	 0.00014	 0.00026	 0.00707	 0.01203	 0.00000	 0.00001	 0.01020		159.044334	-5213.507500
119119	 0.00026	 0.00017	 0.00608	 0.01158	 0.00000	 0.00001	 0.01085		159.823214	-5203.782633
120120	 0.00012	 0.00040	 0.00593	 0.01194	 0.00000	 0.00001	 0.01194		158.941544	-5260.774945
121121	 0.00004	 0.00005	 0.00798	 0.01105	 0.00000	 0.00000	 0.01005		178.785165	-5103.602676
122122	 0.00013	 0.00029	 0.00693	 0.01126	 0.00000	 0.00001	 0.01059		163.779434	-5147.716158
123123	 0.00005	 0.00016	 0.00694	 0.01167	 0.00000	 0.00000	 0.01002		172.913614	-5105.918052
124124	 0.00006	 0.00009	 0.00648	 0.01212	 0.00000	 0.00000	 0.01043		170.131102	-5085.117630
125125	 0.00003	 0.00008	 0.00631	 0.01313	 0.00000	 0.00000	 0.01190		174.122261	-5044.934845
126126	 0.00003	 0.00004	 0.00689	 0.01176	 0.00000	 0.00000	 0.01090		174.602577	-5143.546233
127127	 0.00009	 0.00004	 0.00596	 0.01120	 0.00000	 0.00000	 0.01260		167.140377	-5055.831595
128128	 0.00007	 0.00010	 0.00593	 0.01152	 0.00000	 0.00000	 0.01117		165.525450	-5202.288636
129129	 0.00009	 0.00011	 0.00584	 0.01320	 0.00000	 0.00001	 0.01102		165.737047	-5196.627459
130130	 0.00005	 0.00008	 0.00629	 0.01352	 0.00000	 0.00000	 0.01082		175.571536	-5110.055232
131131	 0.00006	 0.00009	 0.00666	 0.01089	 0.00000	 0.00000	 0.01146		166.946040	-5154.817630
132132	 0.00002	 0.00008	 0.00638	 0.01281	 0.00000	 0.00000	 0.01148		171.526629	-5074.346706
133133	 0.00002	 0.00021	 0.00715	 0.01231	 0.00000	 0.00000	 0.01182		165.173456	-5053.208662
134134	 0.00015	 0.00008	 0.00687	 0.01286	 0.00000	 0.00000	 0.01091		167.200245	-5053.716192
135135	 0.00009	 0.00015	 0.00694	 0.01192	 0.00000	 0.00001	 0.01076		165.192118	-5122.505436
136136	 0.00001	 0.00027	 0.00675	 0.01121	 0.00000	 0.00000	 0.01077		173.278543	-5143.858912
137137	 0.00005	 0.00006	 0.00614	 0.01059	 0.00000	 0.00000	 0.01090		164.589359	-5186.540922
138138	 0.00008	 0.00012	 0.00670	 0.01286	 0.00000	 0.00000	 0.01237		161.436880	-5028.715491
139139	 0.00011	 0.00027	 0.00640	 0.01437	 0.00000	 0.00001	 0.01039		165.498851	-5102.448170
140140	 0.00016	 0.00014	 0.00724	 0.01109	 0.00000	 0.00001	 0.01089		166.101380	-5129.705812
141141	 0.00013	 0.00015	 0.00694	 0.01181	 0.00000	 0.00001	 0.01136		162.111738	-5152.413922
142142	 0.00017	 0.00025	 0.00718	 0.01150	 0.00000	 0.00001	 0.01087		166.118610	-5141.028936
143143	 0.00014	 0.00022	 0.00787	 0.01090	 0.00000	 0.00001	 0.00922		170.681380	-5150.988187
144144	 0.00011	 0.00010	 0.00722	 0.01220	 0.00000	 0.00000	 0.01160		164.407225	-5077.852643
145145	 0.00008	 0.00015	 0.00739	 0.01247	 0.00000	 0.00000	 0.01206		164.688286	-5080.107870
146146	 0.00002	 0.00008	 0.00586	 0.01205	 0.00000	 0.00000	 0.01019		174.782803	-5137.400462
147147	 0.00007	 0.00042	 0.00592	 0.01321	 0.00000	 0.00001	 0.01159		162.016403	-5091.119546
148148	 0.00009	 0.00015	 0.00682	 0.01180	 0.00000	 0.00001	 0.01255		165.001900	-5045.885731
149149	 0.00023	 0.00015	 0.00620	 0.01249	 0.00000	 0.00001	 0.01081		158.937734	-5140.667681
150150	 0.00015	 0.00016	 0.00630	 0.01256	 0.00000	 0.00001	 0.01140		163.599699	-5163.229347
151151	 0.00008	 0.00016	 0.00622	 0.01244	 0.00000	 0.00000	 0.01101		156.636624	-5137.989288
152152	 0.00005	 0.00015	 0.00555	 0.01328	 0.00000	 0.00000	 0.01213		158.395991	-5116.885455
153153	 0.00003	 0.00008	 0.00611	 0.01344	 0.00000	 0.00000	 0.01171		163.758181	-5097.887680
154154	 0.00004	 0.00003	 0.00648	 0.01324	 0.00000	 0.00000	 0.01096		169.110256	-5159.851774
155155	 0.00002	 0.00004	 0.00774	 0.01303	 0.00000	 0.00000	 0.01067		177.398154	-5105.744752
156156	 0.00005	 0.00005	 0.00684	 0.01347	 0.00000	 0.00000	 0.01092		174.661546	-5089.901157
157157	 0.00003	 0.00009	 0.00597	 0.01252	 0.00000	 0.00000	 0.01134		165.229171	-5083.702235
158158	 0.00004	 0.00010	 0.00679	 0.01421	 0.00000	 0.00000	 0.01126		168.267373	-5134.204416
159159	 0.00005	 0.00008	 0.00713	 0.01151	 0.00000	 0.00000	 0.00928		170.140789	-5135.341184
160160	 0.00003	 0.00020	 0.00671	 0.01142	 0.00000	 0.00000	 0.01210		162.767225	-5149.014224
161161	 0.00004	 0.00007	 0.00680	 0.01263	 0.00000	 0.00000	 0.01157		169.399748	-5046.679920
162162	 0.00004	 0.00009	 0.00706	 0.01324	 0.00000	 0.00000	 0.01101		170.130071	-5089.590866
163163	 0.00005	 0.00015	 0.00707	 0.01068	 0.00000	 0.00000	 0.01063		162.939717	-5179.376557
164164	 0.00007	 0.00025	 0.00613	 0.01345	 0.00000	 0.00001	 0.01142		161.785976	-5054.884774
165165	 0.00011	 0.00008	 0.00666	 0.01150	 0.00000	 0.00000	 0.01165		160.918746	-5155.785922
166166	 0.00010	 0.00022	 0.00657	 0.01117	 0.00000	 0.00001	 0.01088		162.071159	-5120.755427
167167	 0.00010	 0.00014	 0.00736	 0.01019	 0.00000	 0.00001	 0.00968		166.724007	-5196.979906
168168	 0.00002	 0.00011	 0.00732	 0.01160	 0.00000	 0.00000	 0.01033		165.945210	-5138.014237
169169	 0.00002	 0.00005	 0.00622	 0.01467	 0.00000	 0.00000	 0.01039		170.477174	-5190.243707
170170	 0.00004	 0.00008	 0.00707	 0.01180	 0.00000	 0.00000	 0.01002		173.804067	-5126.081743
171171	 0.00004	 0.00007	 0.00753	 0.01304	 0.00000	 0.00000	 0.01006		170.271700	-5123.429938
172172	 0.00006	 0.00006	 0.00661	 0.01249	 0.00000	 0.00000	 0.01014		163.896822	-5144.497946
173173	 0.00009	 0.00006	 0.00728	 0.01152	 0.00000	 0.00000	 0.01123		164.075348	-5076.703504
174174	 0.00005	 0.00006	 0.00740	 0.01293	 0.00000	 0.00000	 0.01105		167.273364	-5118.191341
175175	 0.00005	 0.00011	 0.00724	 0.01207	 0.00000	 0.00000	 0.01087		159.785133	-5178.284828
176176	 0.00008	 0.00011	 0.00657	 0.01222	 0.00000	 0.00000	 0.01141		166.791645	-5097.500380
177177	 0.00006	 0.00012	 0.00724	 0.01102	 0.00000	 0.00000	 0.01099		170.046603	-5090.765414
178178	 0.00011	 0.00009	 0.00709	 0.01238	 0.00000	 0.00000	 0.01232		162.563146	-5193.726862
179179	 0.00008	 0.00017	 0.00707	 0.01157	 0.00000	 0.00000	 0.01088		161.579025	-5160.538753
180180	 0.00010	 0.00010	 0.00670	 0.01196	 0.00000	 0.00001	 0.01068		172.605355	-5083.427908
181181	 0.00004	 0.00008	 0.00799	 0.01276	 0.00000	 0.00000	 0.01209		168.480736	-5027.439377
182182	 0.00004	 0.00005	 0.00627	 0.01114	 0.00000	 0.00000	 0.01103		172.748015	-5159.429272
183183	 0.00006	 0.00015	 0.00598	 0.01335	 0.00000	 0.00000	 0.00977		170.763605	-5273.100284
184184	 0.00009	 0.00012	 0.00739	 0.01129	 0.00000	 0.00001	 0.01202		167.127731	-5056.093125
185185	 0.00010	 0.00004	 0.00666	 0.01259	 0.00000	 0.00000	 0.01227		168.189837	-5130.089182
186186	 0.00007	 0.00008	 0.00719	 0.01298	 0.00000	 0.00000	 0.01076		170.084003	-5213.924531
187187	 0.00011	 0.00009	 0.00687	 0.01232	 0.00000	 0.00000	 0.01163		163.003309	-5146.141799
188188	 0.00004	 0.00006	 0.00806	 0.01295	 0.00000	 0.00000	 0.01202		173.131879	-5151.611626
189189	 0.00003	 0.00011	 0.00763	 0.01174	 0.00000	 0.00000	 0.01040		170.715908	-5211.667896
190190	 0.00006	 0.00010	 0.00710	 0.01258	 0.00000	 0.00000	 0.01132		158.799532	-5133.463782
191191	 0.00004	 0.00008	 0.00735	 0.01298	 0.00000	 0.00000	 0.01146		162.953059	-5129.429218
192192	 0.00008	 0.00008	 0.00789	 0.01110	 0.00000	 0.00000	 0.01021		160.269508	-5168.649524
193193	 0.00005	 0.00010	 0.00733	 0.01209	 0.00000	 0.00000	 0.01038		168.946903	-5168.254342
194194	 0.00006	 0.00017	 0.00724	 0.01269	 0.00000	 0.00000	 0.01174		158.429645	-5130.572883
195195	 0.00007	 0.00009	 0.00784	 0.01240	 0.00000	 0.00000	 0.01108		163.650410	-5051.053109
196196	 0.00011	 0.00009	 0.00638	 0.01229	 0.00000	 0.00001	 0.01092		168.865903	-5134.820807
197197	 0.00010	 0.00015	 0.00605	 0.01320	 0.00000	 0.00001	 0.01058		169.592156	-5108.649933
198198	 0.00017	 0.00020	 0.00609	 0.01261	 0.00000	 0.00001	 0.01152		154.738758	-5122.397841
199199	 0.00027	 0.00032	 0.00675	 0.01443	 0.00000	 0.00001	 0.01065		153.049708	-5108.992316
200200	 0.00020	 0.00016	 0.00599	 0.01223	 0.00000	 0.00001	 0.01176		157.440338	-5086.404591
201201	 0.00009	 0.00019	 0.00829	 0.01291	 0.00000	 0.00001	 0.01129		157.221787	-5115.654784
202202	 0.00012	 0.00017	 0.00636	 0.01227	 0.00000	 0.00001	 0.01043		161.987670	-5059.472966
203203	 0.00023	 0.00046	 0.00712	 0.01306	 0.00000	 0.00001	 0.01103		152.652268	-5075.322075
204204	 0.00025	 0.00035	 0.00730	 0.01227	 0.00000	 0.00001	 0.01143		152.639598	-5094.613674
205205	 0.00013	 0.00016	 0.00750	 0.01326	 0.00000	 0.00001	 0.00976		161.754389	-5100.244849
206206	 0.00005	 0.00011	 0.00666	 0.01386	 0.00000	 0.00000	 0.01132		161.477372	-5115.691559
207207	 0.00008	 0.00016	 0.00832	 0.01125	 0.00000	 0.00001	 0.01028		168.747382	-5144.094645
208208	 0.00004	 0.00004	 0.00722	 0.01178	 0.00000	 0.00000	 0.01068		166.697641	-5156.013253
209209	 0.00009	 0.00009	 0.00705	 0.01124	 0.00000	 0.00000	 0.01107		158.643614	-5136.510182
210210	 0.00015	 0.00028	 0.00771	 0.01214	 0.00000	 0.00001	 0.01027		160.062165	-5088.023898
211211	 0.00020	 0.00011	 0.00619	 0.01280	 0.00000	 0.00001	 0.01097		162.421968	-5127.156740
212212	 0.00009	 0.00013	 0.00577	 0.01402	 0.00000	 0.00001	 0.00946		169.432833	-5118.488637
213213	 0.00025	 0.00016	 0.00656	 0.01247	 0.00000	 0.00001	 0.01121		156.298414	-5080.779867
214214	 0.00020	 0.00014	 0.00791	 0.01095	 0.00000	 0.00001	 0.01040		160.672876	-5206.896566
215215	 0.00009	 0.00018	 0.00657	 0.01175	 0.00000	 0.00001	 0.01064		158.229152	-5134.305452
216216	 0.00008	 0.00027	 0.00578	 0.01349	 0.00000	 0.00001	 0.01197		159.528797	-5115.490172
217217	 0.00012	 0.00024	 0.00790	 0.01045	 0.00000	 0.00001	 0.00989		160.102195	-5232.741215
218218	 0.00007	 0.00017	 0.00667	 0.01376	 0.00000	 0.00000	 0.01015		158.107964	-5166.315944
219219	 0.00004	 0.00006	 0.00586	 0.01261	 0.00000	 0.00000	 0.01156		165.718178	-5133.067413
220220	 0.00005	 0.00009	 0.00852	 0.01149	 0.00000	 0.00000	 0.01160		163.335867	-5153.001888
221221	 0.00006	 0.00011	 0.00558	 0.01234	 0.00000	 0.00000	 0.00923		166.268065	-5213.908423
222222	 0.00007	 0.00005	 0.00667	 0.01352	 0.00000	 0.00000	 0.01085		163.201636	-5201.481146
223223	 0.00005	 0.00020	 0.00817	 0.01235	 0.00000	 0.00000	 0.00987		157.612494	-5170.031926
224224	 0.00007	 0.00010	 0.00616	 0.01213	 0.00000	 0.00000	 0.01088		158.976774	-5118.103834
225225	 0.00006	 0.00011	 0.00569	 0.01361	 0.00000	 0.00000	 0.01134		164.559473	-5141.392607
226226	 0.00006	 0.00010	 0.00757	 0.01257	 0.00000	 0.00000	 0.01092		160.639661	-5088.870488
227227	 0.00006	 0.00009	 0.00685	 0.01125	 0.00000	 0.00000	 0.01105		163.287822	-5155.032611
228228	 0.00017	 0.00013	 0.00665	 0.01097	 0.00000	 0.00001	 0.01094		157.581863	-5228.093171
229229	 0.00008	 0.00023	 0.00668	 0.01210	 0.00000	 0.00001	 0.01052		159.371166	-5136.692358
230230	 0.00008	 0.00019	 0.00533	 0.01361	 0.00000	 0.00001	 0.01097		159.449787	-5113.838748
231231	 0.00013	 0.00029	 0.00638	 0.01112	 0.00000	 0.00001	 0.01169		153.656657	-5179.465504
232232	 0.00005	 0.00019	 0.00613	 0.01272	 0.00000	 0.00000	 0.01047		155.507859	-5144.407316
233233	 0.00002	 0.00007	 0.00686	 0.01269	 0.00000	 0.00000	 0.01048		165.779733	-5140.779864
234234	 0.00005	 0.00012	 0.00678	 0.01169	 0.00000	 0.00000	 0.01160		159.934331	-5090.004568
235235	 0.00005	 0.00007	 0.00672	 0.01282	 0.00000	 0.00000	 0.01138		160.650172	-5084.016363
236236	 0.00003	 0.00006	 0.00571	 0.01349	 0.00000	 0.00000	 0.01074		165.810830	-5217.301896
237237	 0.00019	 0.00017	 0.00650	 0.01300	 0.00000	 0.00001	 0.01103		154.028236	-5168.296461
238238	 0.00017	 0.00029	 0.00748	 0.01167	 0.00000	 0.00001	 0.01153		150.980187	-5084.953592
239239	 0.00011	 0.00012	 0.00622	 0.01226	 0.00000	 0.00001	 0.01076		156.749315	-5139.777138
240240	 0.00017	 0.00013	 0.00695	 0.01166	 0.00000	 0.00001	 0.01056		156.635119	-5128.708094
241241	 0.00009	 0.00023	 0.00671	 0.01173	 0.00001	 0.00001	 0.01087		149.605635	-5149.189079
242242	 0.00010	 0.00014	 0.00552	 0.01347	 0.00003	 0.00000	 0.01215		149.242275	-5157.611974
243243	 0.00008	 0.00015	 0.00684	 0.01184	 0.00007	 0.00000	 0.01163		146.865753	-5119.216324
244244	 0.00006	 0.00010	 0.00830	 0.01275	 0.00007	 0.00000	 0.01082		155.307172	-5113.228391
245245	 0.00010	 0.00012	 0.00722	 0.01197	 0.00005	 0.00000	 0.01040		147.093911	-5169.128256
246246	 0.00004	 0.00029	 0.00612	 0.01118	 0.00007	 0.00000	 0.01031		152.634527	-5120.010429
247247	 0.00006	 0.00009	 0.00741	 0.01313	 0.00009	 0.00000	 0.01040		154.151878	-5087.091194
248248	 0.00008	 0.00014	 0.00621	 0.01269	 0.00025	 0.00000	 0.01058		149.615311	-5115.983614
249249	 0.00011	 0.00009	 0.00674	 0.01275	 0.00013	 0.00001	 0.01089		153.246665	-5102.076524
250250	 0.00008	 0.00013	 0.00659	 0.01130	 0.00007	 0.00000	 0.01108		151.828833	-5126.132809
251251	 0.00003	 0.00004	 0.00670	 0.01188	 0.00002	 0.00000	 0.01129		159.305846	-5206.899320
252252	 0.00006	 0.00013	 0.00720	 0.01235	 0.00001	 0.00000	 0.01118		154.544827	-5200.867162
253253	 0.00014	 0.00026	 0.00550	 0.01348	 0.00002	 0.00001	 0.01250		148.368370	-5103.494210
254254	 0.00006	 0.00013	 0.00677	 0.01415	 0.00000	 0.00000	 0.01103		157.161078	-5090.141461
255255	 0.00008	 0.00017	 0.00713	 0.01150	 0.00000	 0.00000	 0.00999		154.082144	-5115.867207
256256	 0.00006	 0.00012	 0.00629	 0.01302	 0.00000	 0.00001	 0.01104		164.580784	-5055.658473
257257	 0.00003	 0.00012	 0.00691	 0.01157	 0.00000	 0.00000	 0.01112		159.428938	-5177.711170
258258	 0.00006	 0.00011	 0.00781	 0.01257	 0.00000	 0.00000	 0.01056		155.581096	-5195.484303
259259	 0.00007	 0.00012	 0.00646	 0.01262	 0.00000	 0.00000	 0.00991		159.821448	-5114.923758
260260	 0.00016	 0.00011	 0.00694	 0.01331	 0.00000	 0.00001	 0.01093		153.884150	-5125.759662
261261	 0.00008	 0.00012	 0.00712	 0.01175	 0.00002	 0.00000	 0.00936		150.584520	-5158.269424
262262	 0.00002	 0.00005	 0.00721	 0.01191	 0.00002	 0.00000	 0.01113		158.158707	-5077.503552
263263	 0.00002	 0.00003	 0.00704	 0.01299	 0.00002	 0.00000	 0.01002		164.103084	-5147.352047
264264	 0.00005	 0.00004	 0.00723	 0.01158	 0.00001	 0.00000	 0.01151		166.072643	-5091.855243
265265	 0.00002	 0.00004	 0.00660	 0.01165	 0.00001	 0.00000	 0.01100		161.530599	-5216.371898
266266	 0.00006	 0.00015	 0.00726	 0.01305	 0.00003	 0.00000	 0.01094		144.093653	-5106.238945
267267	 0.00007	 0.00011	 0.00763	 0.01285	 0.00001	 0.00000	 0.01057		152.504459	-5081.733273
268268	 0.00005	 0.00004	 0.00673	 0.01265	 0.00001	 0.00000	 0.01133		165.571965	-5127.716661
269269	 0.00006	 0.00007	 0.00794	 0.01075	 0.00000	 0.00000	 0.01023		161.704659	-5166.822020
270270	 0.00015	 0.00011	 0.00812	 0.01175	 0.00000	 0.00001	 0.01061		158.055932	-5119.542512
271271	 0.00010	 0.00019	 0.00760	 0.01159	 0.00000	 0.00001	 0.01123		160.911023	-5109.489464
272272	 0.00024	 0.00038	 0.00759	 0.01169	 0.00000	 0.00001	 0.01103		152.986831	-5088.766393
273273	 0.00016	 0.00048	 0.00629	 0.00979	 0.00000	 0.00001	 0.00969		158.469769	-5191.821915
274274	 0.00017	 0.00023	 0.00619	 0.01253	 0.00000	 0.00001	 0.01071		162.225592	-5104.622769
275275	 0.00012	 0.00021	 0.00811	 0.01213	 0.00000	 0.00001	 0.01129		152.734598	-5205.894240
276276	 0.00007	 0.00025	 0.00628	 0.01254	 0.00000	 0.00001	 0.01047		160.440134	-5124.026306
277277	 0.00019	 0.00018	 0.00662	 0.01265	 0.00000	 0.00001	 0.01163		157.172259	-5105.463494
278278	 0.00021	 0.00021	 0.00677	 0.01275	 0.00000	 0.00001	 0.01033		161.356936	-5086.976980
279279	 0.00017	 0.00018	 0.00772	 0.01193	 0.00000	 0.00001	 0.01185		159.268142	-5110.346519
280280	 0.00008	 0.00020	 0.00626	 0.01200	 0.00000	 0.00001	 0.01212		160.556318	-5166.822685
281281	 0.00009	 0.00015	 0.00710	 0.01084	 0.00000	 0.00000	 0.01144		157.591105	-5165.156958
282282	 0.00016	 0.00030	 0.00580	 0.01276	 0.00000	 0.00001	 0.01092		159.140659	-5172.539642
283283	 0.00016	 0.00018	 0.00625	 0.01197	 0.00000	 0.00001	 0.01112		163.411338	-5212.915867
284284	 0.00014	 0.00010	 0.00698	 0.01191	 0.00000	 0.00000	 0.01092		164.059173	-5122.808864
285285	 0.00004	 0.00013	 0.00631	 0.01242	 0.00000	 0.00000	 0.01104		166.400746	-5197.972103
286286	 0.00012	 0.00014	 0.00687	 0.01182	 0.00000	 0.00000	 0.01041		157.682546	-5129.163988
287287	 0.00005	 0.00011	 0.00738	 0.01192	 0.00000	 0.00000	 0.01169		161.450224	-5146.011910
288288	 0.00004	 0.00006	 0.00766	 0.01213	 0.00000	 0.00000	 0.01133		167.229916	-5082.235471
289289	 0.00004	 0.00008	 0.00630	 0.01292	 0.00000	 0.00000	 0.01059		171.073022	-5128.929275
290290	 0.00003	 0.00004	 0.00707	 0.01239	 0.00000	 0.00000	 0.01126		170.460506	-5145.101920
291291	 0.00007	 0.00007	 0.00692	 0.01164	 0.00000	 0.00000	 0.01161		161.673670	-5133.891176
292292	 0.00013	 0.00008	 0.00740	 0.01227	 0.00000	 0.00000	 0.01192		161.606058	-5026.139271
293293	 0.00005	 0.00011	 0.00615	 0.01166	 0.00000	 0.00000	 0.01066		157.886653	-5196.247009
294294	 0.00012	 0.00013	 0.00625	 0.01213	 0.00000	 0.00001	 0.01174		165.621370	-5129.477136
295295	 0.00014	 0.00025	 0.00748	 0.01127	 0.00000	 0.00001	 0.01075		156.120253	-5148.366342
296296	 0.00005	 0.00014	 0.00674	 0.01086	 0.00000	 0.00000	 0.01059		167.034019	-5128.520889
297297	 0.00007	 0.00009	 0.00620	 0.01116	 0.00000	 0.00000	 0.01097		170.710669	-5164.331934
298298	 0.00009	 0.00015	 0.00648	 0.01149	 0.00000	 0.00001	 0.01134		160.227682	-5085.474199
299299	 0.00005	 0.00019	 0.00713	 0.01206	 0.00000	 0.00001	 0.01042		174.585132	-5108.105746
300300	 0.00009	 0.00010	 0.00705	 0.01101	 0.00000	 0.00000	 0.01117		165.415013	-5152.923985
301301	 0.00006	 0.00005	 0.00675	 0.01250	 0.00000	 0.00000	 0.01025		171.355235	-5156.660429
302302	 0.00005	 0.00006	 0.00688	 0.01326	 0.00000	 0.00000	 0.01129		162.802016	-5105.230795
303303	 0.00006	 0.00010	 0.00702	 0.01173	 0.00000	 0.00000	 0.01167		164.996546	-5110.065767
304304	 0.00009	 0.00017	 0.00626	 0.01260	 0.00000	 0.00000	 0.01072		163.345122	-5117.443627
305305	 0.00020	 0.00025	 0.00689	 0.01123	 0.00000	 0.00001	 0.01179		158.337436	-5078.800237
306306	 0.00026	 0.00022	 0.00673	 0.01291	 0.00000	 0.00001	 0.01006		164.055147	-5111.725478
307307	 0.00016	 0.00032	 0.00601	 0.01257	 0.00000	 0.00001	 0.01117		164.432452	-5103.430273
308308	 0.00014	 0.00016	 0.00624	 0.01204	 0.00000	 0.00001	 0.01038		165.665148	-5185.618164
309309	 0.00015	 0.00046	 0.00756	 0.01309	 0.00000	 0.00001	 0.01084		161.733243	-5261.623571
310310	 0.00015	 0.00025	 0.00687	 0.01323	 0.00000	 0.00001	 0.01156		157.109971	-5124.125298
311311	 0.00017	 0.00030	 0.00671	 0.01286	 0.00000	 0.00001	 0.00997		165.536353	-5169.617271
312312	 0.00022	 0.00032	 0.00611	 0.01194	 0.00000	 0.00001	 0.00987		159.874033	-5202.245351
313313	 0.00013	 0.00020	 0.00680	 0.01271	 0.00000	 0.00001	 0.01213		157.864211	-5119.705630
314314	 0.00014	 0.00049	 0.00629	 0.01157	 0.00000	 0.00001	 0.01132		155.330323	-5101.204517
315315	 0.00010	 0.00008	 0.00608	 0.01294	 0.00000	 0.00000	 0.01105		154.790956	-5104.609833
316316	 0.00012	 0.00016	 0.00678	 0.01295	 0.00000	 0.00001	 0.01034		166.761442	-5134.526348
317317	 0.00013	 0.00004	 0.00685	 0.01110	 0.00000	 0.00000	 0.01060		173.388123	-5108.157017
318318	 0.00004	 0.00005	 0.00737	 0.01264	 0.00000	 0.00000	 0.01062		177.740490	-5048.709039
319319	 0.00002	 0.00003	 0.00540	 0.01426	 0.00000	 0.00000	 0.01181		173.039763	-5176.654670
320320	 0.00002	 0.00003	 0.00948	 0.01200	 0.00000	 0.00000	 0.01117		174.879447	-5134.384889
321321	 0.00003	 0.00004	 0.00681	 0.01333	 0.00000	 0.00000	 0.01084		174.891238	-5065.187662
322322	 0.00003	 0.00007	 0.00627	 0.01135	 0.00000	 0.00000	 0.01032		169.125548	-5186.617484
323323	 0.00007	 0.00024	 0.00671	 0.01168	 0.00000	 0.00001	 0.01137		163.630710	-5073.401871
324324	 0.00021	 0.00011	 0.00677	 0.01251	 0.00000	 0.00001	 0.01146		162.917468	-5143.977256
325325	 0.00006	 0.00013	 0.00662	 0.01270	 0.00000	 0.00000	 0.01066		163.285521	-5196.764682
326326	 0.00001	 0.00005	 0.00671	 0.01132	 0.00000	 0.00000	 0.01147		174.891515	-5124.858663
327327	 0.00003	 0.00003	 0.00689	 0.01165	 0.00000	 0.00000	 0.01184		165.783016	-5069.508903
328328	 0.00003	 0.00010	 0.00642	 0.01172	 0.00000	 0.00000	 0.00989		172.350184	-5209.810937
329329	 0.00005	 0.00014	 0.00719	 0.01268	 0.00000	 0.00000	 0.01035		162.512268	-5153.245421
330330	 0.00005	 0.00006	 0.00732	 0.01183	 0.00000	 0.00000	 0.01209		169.065898	-5081.104267
331331	 0.00003	 0.00008	 0.00681	 0.01091	 0.00000	 0.00000	 0.00992		167.548701	-5164.914057
332332	 0.00004	 0.00006	 0.00686	 0.01183	 0.00000	 0.00000	 0.01124		166.759101	-5069.349062
333333	 0.00009	 0.00011	 0.00697	 0.01189	 0.00000	 0.00000	 0.01034		166.186937	-5239.115941
334334	 0.00010	 0.00030	 0.00645	 0.01148	 0.00000	 0.00001	 0.01007		160.598090	-5120.117846
335335	 0.00015	 0.00007	 0.00800	 0.01130	 0.00000	 0.00001	 0.01013		167.784564	-5150.498379
336336	 0.00011	 0.00015	 0.00705	 0.01316	 0.00000	 0.00000	 0.01081		159.013221	-5151.997414
337337	 0.00005	 0.00007	 0.00702	 0.01285	 0.00000	 0.00000	 0.01146		171.242108	-5088.042148
338338	 0.00010	 0.00020	 0.00688	 0.01287	 0.00000	 0.00000	 0.01052		154.430770	-5154.412436
339339	 0.00008	 0.00020	 0.00587	 0.01217	 0.00000	 0.00001	 0.01008		162.893236	-5145.508505
340340	 0.00005	 0.00016	 0.00680	 0.01152	 0.00000	 0.00000	 0.01082		158.515821	-5143.767255
341341	 0.00003	 0.00007	 0.00678	 0.01089	 0.00000	 0.00000	 0.01018		164.671198	-5227.009707
342342	 0.00006	 0.00038	 0.00725	 0.01142	 0.00000	 0.00000	 0.01222		159.037850	-5133.276092
343343	 0.00012	 0.00037	 0.00687	 0.01095	 0.00000	 0.00001	 0.01082		159.963242	-5165.543067
344344	 0.00011	 0.00013	 0.00589	 0.01336	 0.00000	 0.00001	 0.01025		165.807397	-5152.448435
345345	 0.00016	 0.00021	 0.00690	 0.01162	 0.00000	 0.00001	 0.01085		160.544913	-5134.448227
346346	 0.00015	 0.00023	 0.00664	 0.01135	 0.00000	 0.00001	 0.01085		161.880148	-5172.602924
347347	 0.00011	 0.00012	 0.00593	 0.01212	 0.00000	 0.00001	 0.01184		162.817183	-5122.735512
348348	 0.00004	 0.00008	 0.00708	 0.01106	 0.00000	 0.00000	 0.01068		167.817303	-5048.856412
349349	 0.00006	 0.00009	 0.00748	 0.01116	 0.00000	 0.00000	 0.01047		165.979307	-5134.354658
350350	 0.00004	 0.00009	 0.00622	 0.01200	 0.00000	 0.00000	 0.00943		171.593163	-5147.029827
351351	 0.00004	 0.00037	 0.00598	 0.01283	 0.00000	 0.00000	 0.01113		162.476880	-5131.392834
352352	 0.00013	 0.00026	 0.00603	 0.01384	 0.00000	 0.00001	 0.01155		156.446431	-5066.375958
353353	 0.00021	 0.00022	 0.00619	 0.01305	 0.00000	 0.00001	 0.01079		162.303967	-5105.599067
354354	 0.00022	 0.00018	 0.00695	 0.01371	 0.00000	 0.00001	 0.00983		155.559524	-5196.962134
355355	 0.00014	 0.00017	 0.00672	 0.01202	 0.00000	 0.00001	 0.01136		153.329798	-5040.623837
356356	 0.00012	 0.00021	 0.00616	 0.01225	 0.00000	 0.00001	 0.01085		159.357972	-5173.077030
357357	 0.00009	 0.00009	 0.00744	 0.01316	 0.00000	 0.00001	 0.01004		161.455776	-5125.290250
358358	 0.00006	 0.00007	 0.00640	 0.01342	 0.00000	 0.00000	 0.01030		162.241740	-5242.123004
359359	 0.00005	 0.00006	 0.00621	 0.01190	 0.00000	 0.00000	 0.01130		170.049804	-5131.485628
360360	 0.00003	 0.00009	 0.00577	 0.01354	 0.00000	 0.00000	 0.01116		167.474980	-5113.599379
361361	 0.00002	 0.00006	 0.00570	 0.01285	 0.00000	 0.00000	 0.01186		169.603141	-5097.335278
362362	 0.00002	 0.00014	 0.00635	 0.01386	 0.00000	 0.00000	 0.00954		162.725247	-5180.788003
363363	 0.00002	 0.00001	 0.00593	 0.01306	 0.00000	 0.00000	 0.01160		170.736224	-5144.887672
364364	 0.00002	 0.00002	 0.00643	 0.01273	 0.00000	 0.00000	 0.00982		171.931608	-5186.077464
365365	 0.00002	 0.00006	 0.00695	 0.01103	 0.00000	 0.00000	 0.01104		163.880589	-5149.991356
366366	 0.00005	 0.00012	 0.00740	 0.01199	 0.00000	 0.00000	 0.01176		165.147297	-5116.057495
367367	 0.00005	 0.00007	 0.00742	 0.01301	 0.00000	 0.00000	 0.01149		158.138207	-5025.216544
368368	 0.00006	 0.00016	 0.00735	 0.01222	 0.00000	 0.00000	 0.01021		162.547843	-5176.792853
369369	 0.00010	 0.00011	 0.00685	 0.01135	 0.00000	 0.00001	 0.01085		157.732445	-5209.563591
370370	 0.00011	 0.00035	 0.00698	 0.01311	 0.00000	 0.00001	 0.01267		146.642920	-5068.038033
371371	 0.00017	 0.00022	 0.00706	 0.01190	 0.00000	 0.00001	 0.01093		154.394402	-5176.926139
372372	 0.00021	 0.00035	 0.00688	 0.01156	 0.00000	 0.00001	 0.01039		152.259247	-5188.139593
373373	 0.00011	 0.00012	 0.00764	 0.01275	 0.00000	 0.00001	 0.01063		167.471523	-5114.832900
374374	 0.00004	 0.00014	 0.00548	 0.01124	 0.00000	 0.00000	 0.01112		163.735246	-5315.520704
375375	 0.00007	 0.00007	 0.00632	 0.01285	 0.00000	 0.00000	 0.01017		170.487723	-5169.909618
376376	 0.00010	 0.00023	 0.00638	 0.01138	 0.00000	 0.00001	 0.01043		161.418764	-5261.610824
377377	 0.00010	 0.00021	 0.00706	 0.01227	 0.00000	 0.00001	 0.00949		172.085392	-5171.055551
378378	 0.00018	 0.00024	 0.00656	 0.01257	 0.00000	 0.00001	 0.01012		161.347018	-5101.349389
379379	 0.00006	 0.00013	 0.00650	 0.01356	 0.00000	 0.00000	 0.01088		158.762287	-5181.882288
380380	 0.00009	 0.00015	 0.00780	 0.01245	 0.00000	 0.00000	 0.01208		160.618453	-5103.871837
381381	 0.00008	 0.00012	 0.00776	 0.01172	 0.00000	 0.00000	 0.01056		161.683461	-5140.536447
382382	 0.00012	 0.00015	 0.00781	 0.01233	 0.00000	 0.00001	 0.01086		161.771268	-5141.701237
383383	 0.00011	 0.00017	 0.00713	 0.01275	 0.00000	 0.00001	 0.01087		162.327524	-5167.617960
384384	 0.00011	 0.00017	 0.00677	 0.01321	 0.00000	 0.00001	 0.00957		163.684062	-5209.008262
385385	 0.00004	 0.00011	 0.00721	 0.01154	 0.00000	 0.00000	 0.01132		162.545333	-5126.738527
386386	 0.00004	 0.00011	 0.00736	 0.01335	 0.00000	 0.00000	 0.01072		166.390548	-5108.905228
387387	 0.00010	 0.00011	 0.00625	 0.01320	 0.00000	 0.00000	 0.01024		165.447008	-5146.719653
388388	 0.00009	 0.00016	 0.00631	 0.01170	 0.00000	 0.00001	 0.01054		168.799162	-5168.592705
389389	 0.00009	 0.00016	 0.00586	 0.01173	 0.00000	 0.00001	 0.01052		165.145398	-5198.257486
390390	 0.00005	 0.00021	 0.00691	 0.01242	 0.00000	 0.00000	 0.01148		159.198216	-5072.938491
391391	 0.00016	 0.00019	 0.00615	 0.01174	 0.00000	 0.00001	 0.01091		158.896579	-5067.861561
392392	 0.00038	 0.00019	 0.00729	 0.01083	 0.00000	 0.00001	 0.01003		154.592613	-5179.576116
393393	 0.00015	 0.00025	 0.00721	 0.01141	 0.00000	 0.00001	 0.01033		157.907162	-5120.292898
394394	 0.00005	 0.00018	 0.00569	 0.01172	 0.00000	 0.00000	 0.01156		163.624115	-5147.824655
395395	 0.00006	 0.00006	 0.00769	 0.01297	 0.00000	 0.00000	 0.01204		167.564640	-5085.564670
396396	 0.00008	 0.00007	 0.00670	 0.01138	 0.00000	 0.00000	 0.01122		169.400320	-5263.572967
397397	 0.00004	 0.00005	 0.00685	 0.01269	 0.00000	 0.00000	 0.01130		176.940454	-5063.913852
398398	 0.00002	 0.00011	 0.00646	 0.01264	 0.00000	 0.00000	 0.01077		174.160184	-5131.754589
399399	 0.00004	 0.00010	 0.00711	 0.01377	 0.00000	 0.00000	 0.01142		167.318151	-5122.990334
400400	 0.00004	 0.00011	 0.00887	 0.01047	 0.00000	 0.00000	 0.01151		166.783554	-5173.656036
401401	 0.00004	 0.00010	 0.00698	 0.01120	 0.00000	 0.00000	 0.01085		164.635667	-5215.500843
402402	 0.00006	 0.00006	 0.00660	 0.01193	 0.00000	 0.00000	 0.01263		158.285018	-5059.368595
403403	 0.00007	 0.00009	 0.00673	 0.01197	 0.00000	 0.00000	 0.01048		166.737652	-5193.270594
404404	 0.00010	 0.00021	 0.00782	 0.01284	 0.00000	 0.00001	 0.01215		159.285285	-5137.552614
405405	 0.00005	 0.00008	 0.00715	 0.01359	 0.00000	 0.00000	 0.01238		163.790228	-5118.477499
406406	 0.00008	 0.00012	 0.00676	 0.01219	 0.00000	 0.00000	 0.01104		164.107523	-5102.641076
407407	 0.00004	 0.00006	 0.00692	 0.01220	 0.00000	 0.00000	 0.01027		163.640156	-5141.577358
408408	 0.00007	 0.00022	 0.00573	 0.01315	 0.00000	 0.00000	 0.01087		157.389228	-5099.807596
409409	 0.00002	 0.00010	 0.00698	 0.01278	 0.00000	 0.00000	 0.01146		160.421813	-5120.935241
410410	 0.00001	 0.00003	 0.00580	 0.01232	 0.00000	 0.00000	 0.00959		175.743779	-5168.235226
411411	 0.00001	 0.00006	 0.00606	 0.01238	 0.00000	 0.00000	 0.01057		173.116442	-5161.615748
412412	 0.00001	 0.00009	 0.00574	 0.01178	 0.00000	 0.00000	 0.01148		164.685822	-5183.512910
413413	 0.00003	 0.00009	 0.00685	 0.01230	 0.00000	 0.00000	 0.01152		170.532608	-5141.514386
414414	 0.00007	 0.00006	 0.00732	 0.01274	 0.00000	 0.00000	 0.01130		160.630629	-5137.204247
415415	 0.00009	 0.00007	 0.00698	 0.01250	 0.00000	 0.00000	 0.01134		158.552628	-5127.152118
416416	 0.00009	 0.00004	 0.00581	 0.01264	 0.00000	 0.00000	 0.01074		166.915114	-5078.884185
417417	 0.00003	 0.00007	 0.00591	 0.01216	 0.00000	 0.00000	 0.01118		170.052544	-5181.830622
418418	 0.00004	 0.00006	 0.00581	 0.01363	 0.00000	 0.00000	 0.01185		171.301892	-5082.063909
419419	 0.00017	 0.00015	 0.00577	 0.01210	 0.00000	 0.00001	 0.01015		165.437068	-5130.187241
420420	 0.00010	 0.00014	 0.00642	 0.01272	 0.00000	 0.00000	 0.01066		155.475987	-5160.003783
421421	 0.00003	 0.00004	 0.00767	 0.01137	 0.00000	 0.00000	 0.01213		162.080406	-5118.061702
422422	 0.00003	 0.00005	 0.00666	 0.01226	 0.00000	 0.00000	 0.01082		162.627420	-5159.892447
423423	 0.00004	 0.00004	 0.00668	 0.01355	 0.00000	 0.00000	 0.01191		169.683128	-5105.346918
424424	 0.00006	 0.00011	 0.00773	 0.01126	 0.00000	 0.00000	 0.01174		159.373546	-5099.137194
425425	 0.00007	 0.00012	 0.00760	 0.01216	 0.00000	 0.00000	 0.01081		166.299309	-5150.452471
426426	 0.00009	 0.00009	 0.00659	 0.01243	 0.00000	 0.00000	 0.01036		166.930556	-5184.506095
427427	 0.00004	 0.00005	 0.00685	 0.01088	 0.00000	 0.00000	 0.01066		182.890503	-5086.378657
428428	 0.00006	 0.00007	 0.00644	 0.01121	 0.00000	 0.00000	 0.01146		173.254905	-5151.984643
429429	 0.00014	 0.00015	 0.00633	 0.01465	 0.00000	 0.00001	 0.01149		156.739826	-5163.650429
430430	 0.00012	 0.00009	 0.00720	 0.01183	 0.00000	 0.00000	 0.01043		158.711723	-5158.095043
431431	 0.00011	 0.00027	 0.00630	 0.01172	 0.00000	 0.00001	 0.01177		161.166596	-5244.846202
432432	 0.00012	 0.00015	 0.00693	 0.01229	 0.00000	 0.00001	 0.01145		159.235153	-5034.739981
433433	 0.00004	 0.00009	 0.00668	 0.01247	 0.00000	 0.00000	 0.01132		168.958565	-5089.255869
434434	 0.00007	 0.00009	 0.00633	 0.01165	 0.00000	 0.00000	 0.01102		170.010362	-5100.851623
435435	 0.00009	 0.00014	 0.00662	 0.01210	 0.00000	 0.00000	 0.01049		165.796025	-5149.152940
436436	 0.00018	 0.00029	 0.00638	 0.01342	 0.00000	 0.00001	 0.01096		160.645525	-5084.407183
437437	 0.00007	 0.00012	 0.00637	 0.01282	 0.00000	 0.00000	 0.01080		169.154927	-5128.542686
438438	 0.00004	 0.00009	 0.00745	 0.01212	 0.00000	 0.00000	 0.01053		164.934600	-5114.067093
439439	 0.00010	 0.00022	 0.00613	 0.01366	 0.00000	 0.00001	 0.01009		163.387043	-5188.008442
440440	 0.00009	 0.00011	 0.00657	 0.01222	 0.00000	 0.00001	 0.01004		167.332087	-5113.066387
441441	 0.00009	 0.00010	 0.00674	 0.01191	 0.00000	 0.00000	 0.01207		163.917896	-5077.779444
442442	 0.00009	 0.00025	 0.00690	 0.01211	 0.00000	 0.00001	 0.01121		162.519547	-5146.007505
443443	 0.00004	 0.00007	 0.00636	 0.01196	 0.00000	 0.00000	 0.00960		169.990108	-5216.224551
444444	 0.00008	 0.00011	 0.00584	 0.01347	 0.00000	 0.00000	 0.01102		167.593988	-5087.573606
445445	 0.00006	 0.00004	 0.00668	 0.01187	 0.00000	 0.00000	 0.01192		168.024253	-5041.503094
446446	 0.00004	 0.00008	 0.00784	 0.01236	 0.00000	 0.00000	 0.01096		164.371949	-5104.243608
447447	 0.00008	 0.00018	 0.00686	 0.01141	 0.00000	 0.00000	 0.00958		158.751397	-5190.279931
448448	 0.00011	 0.00019	 0.00801	 0.01171	 0.00000	 0.00001	 0.01118		160.302265	-5164.128297
449449	 0.00035	 0.00019	 0.00703	 0.01234	 0.00000	 0.00001	 0.01121		161.822358	-5103.493615
450450	 0.00017	 0.00026	 0.00721	 0.01143	 0.00000	 0.00001	 0.01131		158.249277	-5139.461381
451451	 0.00011	 0.00018	 0.00714	 0.01165	 0.00000	 0.00000	 0.01140		156.341985	-5194.557603
452452	 0.00005	 0.00004	 0.00692	 0.01221	 0.00000	 0.00000	 0.01019		172.606056	-5197.193261
453453	 0.00003	 0.00009	 0.00738	 0.01351	 0.00000	 0.00000	 0.01150		162.099809	-5098.586424
454454	 0.00005	 0.00009	 0.00645	 0.01361	 0.00000	 0.00000	 0.01119		166.971313	-5126.230804
455455	 0.00012	 0.00018	 0.00785	 0.01161	 0.00000	 0.00001	 0.01060		161.877902	-5233.626513
456456	 0.00005	 0.00012	 0.00742	 0.01067	 0.00000	 0.00000	 0.01056		156.361950	-5124.893661
457457	 0.00014	 0.00031	 0.00712	 0.01179	 0.00000	 0.00001	 0.01173		156.769670	-5114.729442
458458	 0.00022	 0.00049	 0.00753	 0.01250	 0.00000	 0.00001	 0.01064		152.255406	-5147.207004
459459	 0.00008	 0.00022	 0.00703	 0.01275	 0.00000	 0.00000	 0.01103		151.848964	-5161.744000
460460	 0.00005	 0.00020	 0.00659	 0.01255	 0.00000	 0.00000	 0.01088		161.356710	-5167.516023
461461	 0.00006	 0.00006	 0.00605	 0.01244	 0.00000	 0.00000	 0.01095		168.858368	-5082.719800
462462	 0.00013	 0.00010	 0.00560	 0.01232	 0.00000	 0.00001	 0.01182		163.591099	-5066.098918
463463	 0.00009	 0.00017	 0.00632	 0.01343	 0.00000	 0.00000	 0.01111		150.342585	-5138.609095
464464	 0.00003	 0.00006	 0.00722	 0.01184	 0.00000	 0.00000	 0.01042		172.880496	-5160.234425
465465	 0.00002	 0.00002	 0.00636	 0.01359	 0.00000	 0.00000	 0.01004		178.104258	-5195.550879
466466	 0.00003	 0.00005	 0.00774	 0.01088	 0.00000	 0.00000	 0.01140		161.655251	-5222.312643
467467	 0.00001	 0.00003	 0.00610	 0.01295	 0.00000	 0.00000	 0.01034		177.737312	-5151.398421
468468	 0.00001	 0.00004	 0.00722	 0.01114	 0.00000	 0.00000	 0.00989		174.362295	-5106.751963
469469	 0.00001	 0.00005	 0.00638	 0.01180	 0.00000	 0.00000	 0.01206		172.001317	-5129.415864
470470	 0.00005	 0.00008	 0.00584	 0.01323	 0.00000	 0.00000	 0.01028		175.900116	-5133.542803
471471	 0.00006	 0.00006	 0.00676	 0.01445	 0.00000	 0.00000	 0.01158		169.657022	-5030.099729
472472	 0.00004	 0.00013	 0.00668	 0.01258	 0.00000	 0.00000	 0.01139		158.262956	-5160.225588
473473	 0.00005	 0.00006	 0.00600	 0.01207	 0.00000	 0.00000	 0.01105		170.731208	-5211.077044
474474	 0.00007	 0.00019	 0.00710	 0.01155	 0.00000	 0.00000	 0.01153		161.384135	-5076.806218
475475	 0.00003	 0.00015	 0.00839	 0.01245	 0.00000	 0.00000	 0.01038		169.015470	-5117.048450
476476	 0.00005	 0.00036	 0.00707	 0.01257	 0.00000	 0.00000	 0.01231		160.351638	-5108.047226
477477	 0.00005	 0.00008	 0.00712	 0.01165	 0.00000	 0.00000	 0.01020		170.106041	-5196.954297
478478	 0.00005	 0.00010	 0.00686	 0.01231	 0.00000	 0.00000	 0.00944		173.072816	-5152.662800
479479	 0.00004	 0.00004	 0.00684	 0.01277	 0.00000	 0.00000	 0.01081		171.129232	-5162.727854
480480	 0.00008	 0.00010	 0.00634	 0.01373	 0.00000	 0.00000	 0.01064		168.827154	-5140.044872
481481	 0.00010	 0.00015	 0.00735	 0.01240	 0.00000	 0.00000	 0.01046		158.556920	-5082.347547
482482	 0.00020	 0.00024	 0.00591	 0.01245	 0.00000	 0.00001	 0.01029		164.681056	-5198.131741
483483	 0.00013	 0.00025	 0.00683	 0.01098	 0.00000	 0.00001	 0.01201		156.774850	-5019.194688
484484	 0.00022	 0.00041	 0.00886	 0.01118	 0.00000	 0.00001	 0.00943		162.610152	-5259.585614
485485	 0.00028	 0.00017	 0.00714	 0.01225	 0.00000	 0.00001	 0.01171		162.775559	-5103.910981
486486	 0.00009	 0.00021	 0.00689	 0.01303	 0.00000	 0.00000	 0.01160		158.766715	-5140.991725
487487	 0.00009	 0.00009	 0.00671	 0.01294	 0.00000	 0.00000	 0.01186		158.082137	-5184.891379
488488	 0.00004	 0.00007	 0.00560	 0.01312	 0.00000	 0.00000	 0.01124		174.115371	-5123.940089
489489	 0.00006	 0.00008	 0.00736	 0.01309	 0.00000	 0.00000	 0.01265		167.510771	-5065.691839
490490	 0.00020	 0.00013	 0.00619	 0.01345	 0.00000	 0.00001	 0.01012		169.259981	-5139.640493
491491	 0.00014	 0.00009	 0.00827	 0.01262	 0.00000	 0.00001	 0.01172		163.562088	-5136.139433
492492	 0.00011	 0.00017	 0.00718	 0.01101	 0.00000	 0.00001	 0.01192		158.298112	-5096.455630
493493	 0.00008	 0.00017	 0.00634	 0.01259	 0.00000	 0.00000	 0.01017		164.355941	-5153.625910
494494	 0.00009	 0.00021	 0.00899	 0.01117	 0.00000	 0.00001	 0.01108		161.968303	-5101.202074
495495	 0.00017	 0.00027	 0.00801	 0.01132	 0.00000	 0.00001	 0.01160		163.533225	-5025.910597
496496	 0.00011	 0.00019	 0.00644	 0.01218	 0.00000	 0.00001	 0.01141		165.793974	-5148.707453
497497	 0.00011	 0.00007	 0.00805	 0.01138	 0.00000	 0.00000	 0.01103		163.548091	-5178.148270
498498	 0.00009	 0.00013	 0.00634	 0.01308	 0.00000	 0.00001	 0.01034		167.649068	-5137.495889
499499	 0.00007	 0.00020	 0.00575	 0.01247	 0.00000	 0.00001	 0.01105		169.363808	-5093.283427
500500	 0.00009	 0.00014	 0.00647	 0.01358	 0.00000	 0.00000	 0.01159		160.525932	-5130.389493
501501	 0.00004	 0.00034	 0.00725	 0.01140	 0.00000	 0.00000	 0.01107		160.897213	-5069.632378
502502	 0.00006	 0.00012	 0.00667	 0.01361	 0.00000	 0.00000	 0.01141		165.040296	-5148.823405
503503	 0.00010	 0.00013	 0.00688	 0.01393	 0.00000	 0.00000	 0.01107		160.115675	-5201.367888
504504	 0.00016	 0.00012	 0.00738	 0.01184	 0.00000	 0.00001	 0.01115		159.361093	-5170.519157
505505	 0.00011	 0.00017	 0.00546	 0.01366	 0.00000	 0.00001	 0.01115		168.586799	-5120.648421
506506	 0.00011	 0.00010	 0.00698	 0.01058	 0.00000	 0.00000	 0.01025		163.175073	-5128.290314
507507	 0.00009	 0.00019	 0.00693	 0.01280	 0.00000	 0.00000	 0.01077		161.185221	-5102.845590
508508	 0.00009	 0.00010	 0.00707	 0.01329	 0.00000	 0.00000	 0.01172		159.702273	-5093.258157
509509	 0.00011	 0.00013	 0.00632	 0.01072	 0.00000	 0.00001	 0.01033		166.410931	-5216.177242
510510	 0.00009	 0.00010	 0.00684	 0.01300	 0.00000	 0.00000	 0.01127		170.051653	-5042.464524
511511	 0.00003	 0.00004	 0.00675	 0.01275	 0.00000	 0.00000	 0.01045		178.799879	-5131.491702
512512	 0.00002	 0.00005	 0.00629	 0.01178	 0.00000	 0.00000	 0.01041		168.259397	-5145.387705
513513	 0.00005	 0.00007	 0.00628	 0.01253	 0.00000	 0.00000	 0.01136		166.514602	-5117.857248
514514	 0.00008	 0.00013	 0.00666	 0.01299	 0.00000	 0.00000	 0.01021		162.643690	-5212.593729
515515	 0.00004	 0.00005	 0.00732	 0.01234	 0.00000	 0.00000	 0.01081		174.289674	-5109.321459
516516	 0.00004	 0.00012	 0.00744	 0.01233	 0.00000	 0.00000	 0.00964		172.744636	-5205.744824
517517	 0.00005	 0.00007	 0.00718	 0.01197	 0.00000	 0.00000	 0.01208		162.561461	-5122.528437
518518	 0.00003	 0.00012	 0.00622	 0.01207	 0.00000	 0.00000	 0.01089		166.508526	-5137.906892
519519	 0.00003	 0.00010	 0.00829	 0.01132	 0.00000	 0.00000	 0.01101		159.368923	-5148.559080
520520	 0.00004	 0.00008	 0.00751	 0.01366	 0.00000	 0.00000	 0.01129		157.230906	-5089.821784
521521	 0.00006	 0.00007	 0.00697	 0.01330	 0.00000	 0.00000	 0.01075		163.107077	-5210.011048
522522	 0.00004	 0.00009	 0.00779	 0.01201	 0.00000	 0.00000	 0.01236		163.676484	-5152.862295
523523	 0.00003	 0.00007	 0.00679	 0.01192	 0.00000	 0.00000	 0.01026		164.575437	-5062.008429
524524	 0.00003	 0.00010	 0.00774	 0.01260	 0.00000	 0.00000	 0.01122		167.528746	-5092.869068
525525	 0.00005	 0.00012	 0.00667	 0.01324	 0.00000	 0.00000	 0.01064		167.545470	-5097.298164
526526	 0.00006	 0.00013	 0.00610	 0.01191	 0.00000	 0.00000	 0.01167		168.051734	-5145.392647
527527	 0.00004	 0.00010	 0.00676	 0.01124	 0.00000	 0.00000	 0.01214		168.705817	-5091.539754
528528	 0.00005	 0.00007	 0.00783	 0.01178	 0.00000	 0.00000	 0.01058		172.117228	-5119.039076
529529	 0.00010	 0.00018	 0.00763	 0.01171	 0.00000	 0.00000	 0.01126		155.251704	-5124.764892
530530	 0.00005	 0.00014	 0.00607	 0.01164	 0.00000	 0.00000	 0.00963		170.785963	-5259.379423
531531	 0.00009	 0.00017	 0.00770	 0.01129	 0.00000	 0.00000	 0.01047		161.059254	-5183.060266
532532	 0.00011	 0.00011	 0.00651	 0.01153	 0.00000	 0.00001	 0.01077		167.036143	-5089.186514
533533	 0.00006	 0.00019	 0.00689	 0.01180	 0.00000	 0.00000	 0.01103		164.708225	-5098.770583
534534	 0.00021	 0.00020	 0.00725	 0.01239	 0.00000	 0.00001	 0.01058		158.499843	-5121.940704
535535	 0.00011	 0.00011	 0.00672	 0.01121	 0.00000	 0.00001	 0.01132		158.752810	-5167.963796
536536	 0.00012	 0.00013	 0.00716	 0.01300	 0.00000	 0.00001	 0.01137		162.023520	-5097.204723
537537	 0.00008	 0.00015	 0.00710	 0.01191	 0.00000	 0.00000	 0.01054		161.650933	-5122.466462
538538	 0.00008	 0.00028	 0.00689	 0.01201	 0.00000	 0.00000	 0.01109		155.126153	-5110.478214
539539	 0.00006	 0.00009	 0.00576	 0.01164	 0.00000	 0.00000	 0.00982		167.610138	-5217.947227
540540	 0.00005	 0.00004	 0.00627	 0.01192	 0.00000	 0.00000	 0.01157		164.267599	-5092.118455
541541	 0.00004	 0.00013	 0.00582	 0.01174	 0.00000	 0.00000	 0.01107		159.160997	-5231.357888
542542	 0.00003	 0.00005	 0.00669	 0.01348	 0.00000	 0.00000	 0.01132		161.698265	-5157.192379
543543	 0.00003	 0.00004	 0.00716	 0.01172	 0.00000	 0.00000	 0.01126		167.844219	-5155.262410
544544	 0.00006	 0.00005	 0.00756	 0.01284	 0.00000	 0.00000	 0.01099		163.983125	-5113.384390
545545	 0.00003	 0.00007	 0.00701	 0.01221	 0.00000	 0.00000	 0.01210		164.147282	-5101.300840
546546	 0.00006	 0.00007	 0.00718	 0.01237	 0.00000	 0.00000	 0.01152		161.387550	-5096.231614
547547	 0.00004	 0.00006	 0.00738	 0.01265	 0.00000	 0.00000	 0.00962		169.086199	-5152.891319
548548	 0.00006	 0.00005	 0.00792	 0.01164	 0.00000	 0.00000	 0.01071		170.796574	-5081.852444
549549	 0.00004	 0.00007	 0.00704	 0.01335	 0.00000	 0.00000	 0.01153		166.855606	-5079.217116
550550	 0.00003	 0.00005	 0.00699	 0.01255	 0.00000	 0.00000	 0.01012		172.771864	-5233.530344
551551	 0.00004	 0.00003	 0.00679	 0.01084	 0.00000	 0.00000	 0.01115		169.499526	-5217.790685
552552	 0.00001	 0.00006	 0.00541	 0.01285	 0.00000	 0.00000	 0.01079		174.805196	-5158.671459
553553	 0.00003	 0.00011	 0.00694	 0.01306	 0.00000	 0.00000	 0.01139		163.103657	-5108.535142
554554	 0.00009	 0.00017	 0.00633	 0.01241	 0.00000	 0.00001	 0.01174		165.942057	-5179.442083
555555	 0.00005	 0.00005	 0.00610	 0.01200	 0.00000	 0.00000	 0.01083		176.202807	-5045.561149
556556	 0.00005	 0.00002	 0.00592	 0.01196	 0.00000	 0.00000	 0.01155		175.715990	-5200.467937
557557	 0.00009	 0.00016	 0.00749	 0.01187	 0.00000	 0.00001	 0.01130		160.481564	-5168.944775
558558	 0.00023	 0.00026	 0.00718	 0.01132	 0.00000	 0.00001	 0.01164		158.249399	-5078.856813
559559	 0.00008	 0.00014	 0.00646	 0.01240	 0.00000	 0.00001	 0.01094		169.658063	-5034.866858
560560	 0.00009	 0.00029	 0.00778	 0.01185	 0.00000	 0.00001	 0.01099		162.471576	-5162.481181
561561	 0.00016	 0.00026	 0.00573	 0.01063	 0.00000	 0.00001	 0.00919		162.300394	-5257.356053
562562	 0.00018	 0.00024	 0.00672	 0.01298	 0.00000	 0.00001	 0.01066		167.625164	-5127.648475
563563	 0.00011	 0.00013	 0.00741	 0.01292	 0.00000	 0.00001	 0.01146		166.340169	-5113.047484
564564	 0.00012	 0.00019	 0.00692	 0.01265	 0.00000	 0.00001	 0.01051		168.061770	-5230.525474
565565	 0.00020	 0.00026	 0.00750	 0.01269	 0.00000	 0.00001	 0.01164		160.605712	-5055.743395
566566	 0.00015	 0.00020	 0.00730	 0.01224	 0.00000	 0.00001	 0.01263		155.370095	-5066.874621
567567	 0.00010	 0.00013	 0.00645	 0.01143	 0.00000	 0.00000	 0.00952		159.777976	-5237.123218
568568	 0.00013	 0.00017	 0.00637	 0.01097	 0.00000	 0.00001	 0.01109		156.994453	-5171.256279
569569	 0.00011	 0.00016	 0.00633	 0.01265	 0.00000	 0.00001	 0.00942		162.828210	-5149.691404
570570	 0.00015	 0.00033	 0.00642	 0.01243	 0.00000	 0.00001	 0.01158		155.048646	-5188.886852
571571	 0.00016	 0.00032	 0.00756	 0.01144	 0.00000	 0.00001	 0.01025		155.982902	-5198.005734
572572	 0.00007	 0.00012	 0.00708	 0.01270	 0.00000	 0.00000	 0.01069		169.867744	-5128.770868
573573	 0.00003	 0.00007	 0.00633	 0.01300	 0.00000	 0.00000	 0.01207		169.660647	-5036.438911
574574	 0.00002	 0.00001	 0.00665	 0.01218	 0.00000	 0.00000	 0.01021		179.033075	-5177.051801
575575	 0.00001	 0.00002	 0.00642	 0.01339	 0.00000	 0.00000	 0.01147		177.183387	-5098.159974
576576	 0.00001	 0.00002	 0.00729	 0.01141	 0.00000	 0.00000	 0.01106		172.109237	-5099.741188
577577	 0.00001	 0.00002	 0.00745	 0.01147	 0.00000	 0.00000	 0.01051		183.834673	-5040.637621
578578	 0.00002	 0.00004	 0.00796	 0.01306	 0.00000	 0.00000	 0.01173		166.148069	-5033.431726
579579	 0.00001	 0.00002	 0.00665	 0.01254	 0.00000	 0.00000	 0.01197		180.866491	-5054.632071
580580	 0.00002	 0.00002	 0.00729	 0.01404	 0.00000	 0.00000	 0.01150		171.494541	-5115.621753
581581	 0.00002	 0.00007	 0.00726	 0.01346	 0.00000	 0.00000	 0.01095		167.804375	-5111.549383
582582	 0.00003	 0.00008	 0.00640	 0.01271	 0.00000	 0.00000	 0.01117		166.714881	-5099.441876
583583	 0.00002	 0.00006	 0.00830	 0.01244	 0.00000	 0.00000	 0.00991		169.897028	-5151.074673
584584	 0.00003	 0.00007	 0.00736	 0.01312	 0.00000	 0.00000	 0.01125		167.738861	-5038.594459
585585	 0.00008	 0.00006	 0.00703	 0.01397	 0.00000	 0.00000	 0.01133		174.212214	-5055.102047
586586	 0.00005	 0.00006	 0.00741	 0.01150	 0.00000	 0.00000	 0.01125		165.775557	-5129.208957
587587	 0.00006	 0.00012	 0.00506	 0.01382	 0.00000	 0.00000	 0.01050		166.463638	-5161.497086
588588	 0.00007	 0.00014	 0.00605	 0.01298	 0.00000	 0.00000	 0.01037		163.975999	-5088.670544
589589	 0.00003	 0.00005	 0.00582	 0.01332	 0.00000	 0.00000	 0.01116		172.260699	-5155.500925
590590	 0.00002	 0.00004	 0.00599	 0.01257	 0.00000	 0.00000	 0.01145		169.492381	-5027.383282
591591	 0.00005	 0.00009	 0.00678	 0.01143	 0.00000	 0.00000	 0.01189		160.353948	-5087.424476
592592	 0.00002	 0.00003	 0.00692	 0.01168	 0.00000	 0.00000	 0.00986		176.915514	-5220.141662
593593	 0.00003	 0.00004	 0.00819	 0.01133	 0.00000	 0.00000	 0.01111		170.994800	-5148.322973
594594	 0.00003	 0.00005	 0.00665	 0.01199	 0.00000	 0.00000	 0.01092		169.795778	-5118.133004
595595	 0.00004	 0.00009	 0.00717	 0.01229	 0.00000	 0.00000	 0.01066		165.366266	-5227.317727
596596	 0.00009	 0.00009	 0.00611	 0.01218	 0.00000	 0.00000	 0.01176		168.301281	-5129.558361
597597	 0.00007	 0.00008	 0.00618	 0.01282	 0.00000	 0.00000	 0.01057		159.662585	-5097.176452
598598	 0.00008	 0.00004	 0.00616	 0.01373	 0.00000	 0.00000	 0.01105		172.123404	-5087.398532
599599	 0.00003	 0.00005	 0.00744	 0.01240	 0.00000	 0.00000	 0.01143		168.246265	-5107.765910
600600	 0.00003	 0.00008	 0.00773	 0.01179	 0.00000	 0.00000	 0.01006		171.369169	-5209.557590
601601	 0.00003	 0.00006	 0.00677	 0.01279	 0.00000	 0.00000	 0.01120		168.022209	-5110.815437
602602	 0.00004	 0.00011	 0.00634	 0.01434	 0.00000	 0.00000	 0.01233		165.138638	-5052.341004
603603	 0.00006	 0.00010	 0.00633	 0.01264	 0.00000	 0.00001	 0.01026		178.943456	-5045.520633
604604	 0.00010	 0.00013	 0.00749	 0.01149	 0.00000	 0.00001	 0.01098		163.209307	-5167.500537
605605	 0.00007	 0.00007	 0.00800	 0.01187	 0.00000	 0.00000	 0.01103		165.261688	-5131.436989
606606	 0.00007	 0.00014	 0.00712	 0.01066	 0.00000	 0.00000	 0.01122		158.006541	-5131.568942
607607	 0.00006	 0.00010	 0.00733	 0.01129	 0.00000	 0.00000	 0.01075		159.707843	-5168.069814
608608	 0.00004	 0.00006	 0.00600	 0.01265	 0.00000	 0.00000	 0.01158		165.852905	-5131.948503
609609	 0.00002	 0.00002	 0.00693	 0.01197	 0.00000	 0.00000	 0.01138		170.570979	-5174.018574
610610	 0.00007	 0.00005	 0.00716	 0.01230	 0.00000	 0.00000	 0.01010		164.434981	-5154.781185
611611	 0.00007	 0.00008	 0.00618	 0.01159	 0.00000	 0.00000	 0.00962		166.158280	-5173.496516
612612	 0.00016	 0.00011	 0.00669	 0.01363	 0.00000	 0.00001	 0.01164		159.359532	-5056.486228
613613	 0.00012	 0.00032	 0.00596	 0.01108	 0.00000	 0.00001	 0.01013		154.402918	-5238.245127
614614	 0.00005	 0.00020	 0.00707	 0.01208	 0.00000	 0.00000	 0.01062		163.730730	-5141.773029
615615	 0.00005	 0.00010	 0.00669	 0.01324	 0.00000	 0.00000	 0.01076		168.827165	-5153.172944
616616	 0.00010	 0.00017	 0.00731	 0.01284	 0.00000	 0.00001	 0.01205		163.424258	-5101.817288
617617	 0.00006	 0.00017	 0.00663	 0.01352	 0.00000	 0.00000	 0.01103		160.060790	-5194.795081
618618	 0.00003	 0.00033	 0.00725	 0.01103	 0.00000	 0.00000	 0.01029		163.323498	-5163.443100
619619	 0.00006	 0.00013	 0.00755	 0.01231	 0.00000	 0.00000	 0.01004		164.447217	-5192.412147
620620	 0.00015	 0.00016	 0.00634	 0.01249	 0.00000	 0.00001	 0.00997		159.578021	-5282.616021
621621	 0.00008	 0.00017	 0.00769	 0.01141	 0.00000	 0.00000	 0.01063		163.548090	-5098.154228
622622	 0.00007	 0.00012	 0.00644	 0.01286	 0.00000	 0.00000	 0.01126		165.293961	-5110.249685
623623	 0.00005	 0.00010	 0.00600	 0.01254	 0.00000	 0.00000	 0.01081		170.312120	-5206.754970
624624	 0.00004	 0.00010	 0.00661	 0.01143	 0.00000	 0.00000	 0.01071		170.057474	-5154.191446
625625	 0.00005	 0.00006	 0.00700	 0.01184	 0.00000	 0.00000	 0.01120		168.433057	-5085.207160
626626	 0.00002	 0.00004	 0.00622	 0.01328	 0.00000	 0.00000	 0.01151		181.063210	-5043.545781
627627	 0.00005	 0.00011	 0.00738	 0.01193	 0.00000	 0.00000	 0.01173		162.324419	-5129.767692
628628	 0.00011	 0.00013	 0.00783	 0.01129	 0.00000	 0.00001	 0.01151		169.275631	-5052.144356
629629	 0.00012	 0.00019	 0.00637	 0.01209	 0.00000	 0.00001	 0.01020		166.433506	-5202.319133
630630	 0.00020	 0.00027	 0.00582	 0.01417	 0.00000	 0.00001	 0.01043		165.295098	-5197.616237
631631	 0.00015	 0.00024	 0.00715	 0.01164	 0.00000	 0.00001	 0.01038		165.704888	-5126.900856
632632	 0.00011	 0.00011	 0.00633	 0.01112	 0.00000	 0.00001	 0.01036		167.765978	-5158.189417
633633	 0.00005	 0.00011	 0.00694	 0.01192	 0.00000	 0.00000	 0.01119		159.613045	-5198.968670
634634	 0.00007	 0.00007	 0.00738	 0.01172	 0.00000	 0.00000	 0.01153		163.673633	-5133.536233
635635	 0.00005	 0.00014	 0.00670	 0.01252	 0.00000	 0.00000	 0.01184		167.083109	-5245.762844
636636	 0.00005	 0.00010	 0.00685	 0.01159	 0.00000	 0.00000	 0.01137		162.388320	-5084.523680
637637	 0.00003	 0.00003	 0.00685	 0.01129	 0.00000	 0.00000	 0.01143		171.229070	-5115.983591
638638	 0.00005	 0.00002	 0.00838	 0.01182	 0.00000	 0.00000	 0.01067		158.968137	-5157.825407
639639	 0.00001	 0.00002	 0.00672	 0.01260	 0.00000	 0.00000	 0.01167		167.304255	-5044.151238
640640	 0.00001	 0.00003	 0.00643	 0.01256	 0.00000	 0.00000	 0.01122		171.215070	-5199.644721
641641	 0.00001	 0.00003	 0.00801	 0.01294	 0.00000	 0.00000	 0.01127		170.693927	-5138.451731
642642	 0.00001	 0.00003	 0.00680	 0.01164	 0.00000	 0.00000	 0.01082		169.004154	-5134.188677
643643	 0.00001	 0.00007	 0.00725	 0.01210	 0.00000	 0.00000	 0.01037		170.411664	-5131.915997
644644	 0.00009	 0.00017	 0.00692	 0.01298	 0.00000	 0.00000	 0.01136		153.958705	-5154.117057
645645	 0.00006	 0.00018	 0.00579	 0.01158	 0.00000	 0.00000	 0.01082		164.876319	-5180.487857
646646	 0.00006	 0.00007	 0.00671	 0.01013	 0.00000	 0.00000	 0.01157		163.545600	-5153.036628
647647	 0.00005	 0.00011	 0.00758	 0.01209	 0.00000	 0.00000	 0.01126		167.417711	-5036.772353
648648	 0.00010	 0.00017	 0.00720	 0.01084	 0.00000	 0.00001	 0.01093		163.658454	-5113.119356
649649	 0.00018	 0.00020	 0.00656	 0.01159	 0.00000	 0.00001	 0.01220		156.004285	-5065.778043
650650	 0.00014	 0.00016	 0.00829	 0.01277	 0.00000	 0.00001	 0.01145		159.242883	-5086.747813
651651	 0.00012	 0.00027	 0.00632	 0.01200	 0.00000	 0.00001	 0.01203		153.722616	-5183.627260
652652	 0.00012	 0.00012	 0.00527	 0.01376	 0.00000	 0.00000	 0.01132		156.608134	-5269.552441
653653	 0.00008	 0.00020	 0.00674	 0.01329	 0.00000	 0.00001	 0.01028		164.365784	-5141.821420
654654	 0.00008	 0.00017	 0.00674	 0.01227	 0.00000	 0.00001	 0.01190		161.912080	-5082.423903
655655	 0.00008	 0.00007	 0.00685	 0.01270	 0.00000	 0.00000	 0.01087		163.520910	-5027.747608
656656	 0.00006	 0.00007	 0.00607	 0.01184	 0.00000	 0.00000	 0.01080		177.633601	-5143.567488
657657	 0.00003	 0.00003	 0.00685	 0.01185	 0.00000	 0.00000	 0.01150		170.989885	-5145.263979
658658	 0.00002	 0.00004	 0.00661	 0.01248	 0.00000	 0.00000	 0.01128		177.391942	-5137.388445
659659	 0.00002	 0.00002	 0.00707	 0.01242	 0.00000	 0.00000	 0.01056		178.391664	-5117.121204
660660	 0.00001	 0.00002	 0.00644	 0.01296	 0.00000	 0.00000	 0.01132		180.768318	-5083.771288
661661	 0.00003	 0.00007	 0.00636	 0.01236	 0.00000	 0.00000	 0.01003		172.666251	-5033.283930
662662	 0.00003	 0.00009	 0.00735	 0.01128	 0.00000	 0.00000	 0.01066		169.078866	-5047.600456
663663	 0.00005	 0.00009	 0.00598	 0.01226	 0.00000	 0.00000	 0.01152		167.549220	-5112.007301
664664	 0.00008	 0.00008	 0.00680	 0.01280	 0.00000	 0.00000	 0.01100		163.020105	-5153.494782
665665	 0.00016	 0.00021	 0.00664	 0.01166	 0.00000	 0.00001	 0.01098		159.583318	-5077.576963
666666	 0.00015	 0.00022	 0.00673	 0.01239	 0.00000	 0.00001	 0.01092		164.861470	-5142.365942
667667	 0.00028	 0.00043	 0.00663	 0.01313	 0.00000	 0.00002	 0.01072		156.476915	-5112.150116
668668	 0.00009	 0.00014	 0.00705	 0.01249	 0.00000	 0.00001	 0.01102		167.352725	-5221.344155
669669	 0.00012	 0.00028	 0.00681	 0.01268	 0.00000	 0.00001	 0.01190		161.124038	-5158.061608
670670	 0.00017	 0.00028	 0.00656	 0.01107	 0.00000	 0.00001	 0.01002		158.113994	-5299.239092
671671	 0.00026	 0.00034	 0.00718	 0.01117	 0.00000	 0.00001	 0.01167		159.324531	-5166.479610
672672	 0.00011	 0.00017	 0.00613	 0.01365	 0.00000	 0.00001	 0.01146		165.152417	-5099.178863
673673	 0.00009	 0.00012	 0.00679	 0.01230	 0.00000	 0.00000	 0.01107		164.318629	-5146.150221
674674	 0.00017	 0.00012	 0.00665	 0.01079	 0.00000	 0.00001	 0.01161		162.448820	-5195.714854
675675	 0.00014	 0.00011	 0.00766	 0.01133	 0.00000	 0.00001	 0.01146		162.085913	-5062.262523
676676	 0.00005	 0.00009	 0.00700	 0.01069	 0.00000	 0.00000	 0.01083		161.286160	-5189.700336
677677	 0.00012	 0.00018	 0.00724	 0.01139	 0.00000	 0.00001	 0.01096		158.358960	-5127.269670
678678	 0.00020	 0.00025	 0.00675	 0.01204	 0.00000	 0.00001	 0.01179		157.801548	-5150.609387
679679	 0.00006	 0.00010	 0.00543	 0.01235	 0.00000	 0.00000	 0.01231		170.164931	-5095.320467
680680	 0.00005	 0.00015	 0.00738	 0.01077	 0.00000	 0.00000	 0.00989		160.378749	-5123.127173
681681	 0.00008	 0.00015	 0.00768	 0.01037	 0.00000	 0.00001	 0.00983		165.241084	-5152.298901
682682	 0.00009	 0.00015	 0.00573	 0.01069	 0.00000	 0.00001	 0.01007		162.210333	-5264.879702
683683	 0.00007	 0.00018	 0.00704	 0.01397	 0.00000	 0.00000	 0.01150		157.310524	-5083.590984
684684	 0.00013	 0.00033	 0.00686	 0.01300	 0.00000	 0.00001	 0.01058		151.439264	-5093.991535
685685	 0.00004	 0.00014	 0.00592	 0.01217	 0.00000	 0.00000	 0.01043		161.830061	-5189.904997
686686	 0.00008	 0.00019	 0.00661	 0.01134	 0.00000	 0.00000	 0.01143		151.076569	-5147.469132
687687	 0.00006	 0.00007	 0.00584	 0.01300	 0.00000	 0.00000	 0.01196		162.157561	-5038.978818
688688	 0.00004	 0.00016	 0.00638	 0.01242	 0.00000	 0.00000	 0.00979		165.448887	-5180.457508
689689	 0.00003	 0.00005	 0.00637	 0.01145	 0.00000	 0.00000	 0.01135		177.193240	-5117.287245
690690	 0.00011	 0.00031	 0.00895	 0.01071	 0.00000	 0.00001	 0.01075		162.957710	-5150.811154
691691	 0.00010	 0.00020	 0.00805	 0.01185	 0.00000	 0.00001	 0.01157		167.971183	-5112.369773
692692	 0.00016	 0.00021	 0.00721	 0.01193	 0.00000	 0.00001	 0.01116		158.425623	-5110.818819
693693	 0.00025	 0.00017	 0.00761	 0.01196	 0.00000	 0.00001	 0.01166		158.860130	-5101.338779
694694	 0.00032	 0.00023	 0.00559	 0.01236	 0.00000	 0.00001	 0.01131		161.609706	-5193.004010
695695	 0.00014	 0.00024	 0.00720	 0.01144	 0.00000	 0.00001	 0.00996		158.582352	-5231.367524
696696	 0.00014	 0.00036	 0.00739	 0.01194	 0.00000	 0.00001	 0.00982		157.508253	-5099.669638
697697	 0.00009	 0.00014	 0.00635	 0.01273	 0.00000	 0.00001	 0.01152		163.504127	-5081.279540
698698	 0.00004	 0.00009	 0.00714	 0.01293	 0.00000	 0.00000	 0.01073		168.296223	-5114.273880
699699	 0.00004	 0.00020	 0.00628	 0.01409	 0.00000	 0.00000	 0.01161		152.276483	-5095.212214
700700	 0.00005	 0.00011	 0.00721	 0.01068	 0.00000	 0.00000	 0.01107		163.043797	-5169.975934
701701	 0.00012	 0.00009	 0.00632	 0.01271	 0.00000	 0.00000	 0.01020		164.708147	-5130.291754
702702	 0.00028	 0.00025	 0.00643	 0.01212	 0.00000	 0.00001	 0.01084		155.178011	-5244.834561
703703	 0.00009	 0.00030	 0.00639	 0.01287	 0.00000	 0.00001	 0.01134		161.948416	-5061.668351
704704	 0.00005	 0.00010	 0.00654	 0.01273	 0.00000	 0.00000	 0.01098		169.503620	-5144.180344
705705	 0.00005	 0.00010	 0.00686	 0.01177	 0.00000	 0.00000	 0.01175		165.136202	-5128.134563
706706	 0.00004	 0.00004	 0.00768	 0.01256	 0.00000	 0.00000	 0.01005		166.987209	-5139.242613
707707	 0.00007	 0.00012	 0.00669	 0.01192	 0.00000	 0.00000	 0.01098		161.961370	-5137.854330
708708	 0.00004	 0.00014	 0.00699	 0.01272	 0.00000	 0.00000	 0.01076		165.284505	-5159.941500
709709	 0.00005	 0.00006	 0.00627	 0.01243	 0.00000	 0.00000	 0.01065		169.169787	-5133.159446
710710	 0.00006	 0.00006	 0.00692	 0.01223	 0.00000	 0.00000	 0.01105		169.192791	-5163.699579
711711	 0.00008	 0.00008	 0.00500	 0.01466	 0.00000	 0.00000	 0.01253		170.325052	-5068.414523
712712	 0.00008	 0.00007	 0.00744	 0.01161	 0.00000	 0.00000	 0.01102		170.665348	-5149.467017
713713	 0.00009	 0.00012	 0.00718	 0.01136	 0.00000	 0.00001	 0.01108		171.478628	-5079.620064
714714	 0.00009	 0.00015	 0.00570	 0.01209	 0.00000	 0.00000	 0.01130		161.990682	-5170.199172
715715	 0.00005	 0.00042	 0.00670	 0.01288	 0.00000	 0.00000	 0.01140		154.057673	-5134.130853
716716	 0.00003	 0.00011	 0.00734	 0.01144	 0.00000	 0.00000	 0.01089		165.255280	-5125.469585
717717	 0.00020	 0.00024	 0.00573	 0.01249	 0.00000	 0.00001	 0.01201		159.742305	-5147.380539
718718	 0.00016	 0.00023	 0.00690	 0.01201	 0.00000	 0.00001	 0.01094		164.987131	-5097.941340
719719	 0.00009	 0.00009	 0.00673	 0.01391	 0.00000	 0.00000	 0.01143		163.589359	-4998.929752
720720	 0.00003	 0.00011	 0.00732	 0.01247	 0.00000	 0.00000	 0.01062		167.477399	-5053.886101
721721	 0.00008	 0.00016	 0.00697	 0.01298	 0.00000	 0.00001	 0.01131		159.929451	-5170.055807
722722	 0.00009	 0.00007	 0.00600	 0.01278	 0.00000	 0.00000	 0.01102		165.376228	-5123.909547
723723	 0.00011	 0.00020	 0.00695	 0.01099	 0.00000	 0.00001	 0.01097		161.303918	-5195.997088
724724	 0.00025	 0.00023	 0.00679	 0.01161	 0.00000	 0.00001	 0.01101		162.543989	-5175.482802
725725	 0.00007	 0.00009	 0.00690	 0.01243	 0.00000	 0.00000	 0.01120		166.825885	-5070.974348
726726	 0.00012	 0.00012	 0.00691	 0.01234	 0.00000	 0.00001	 0.01149		165.983402	-5131.054679
727727	 0.00008	 0.00021	 0.00687	 0.01132	 0.00000	 0.00001	 0.01024		161.709605	-5201.165065
728728	 0.00004	 0.00012	 0.00549	 0.01513	 0.00000	 0.00000	 0.01112		165.210777	-5206.125461
729729	 0.00004	 0.00005	 0.00657	 0.01318	 0.00000	 0.00000	 0.01146		161.288976	-5114.542152
730730	 0.00005	 0.00010	 0.00642	 0.01209	 0.00000	 0.00000	 0.01112		166.652696	-5108.661299
731731	 0.00003	 0.00005	 0.00711	 0.01144	 0.00000	 0.00000	 0.01075		171.512075	-5131.595978
732732	 0.00003	 0.00036	 0.00575	 0.01351	 0.00000	 0.00000	 0.01125		163.247726	-5156.579359
733733	 0.00006	 0.00016	 0.00807	 0.01095	 0.00000	 0.00000	 0.01067		163.333187	-5201.337608
734734	 0.00003	 0.00006	 0.00614	 0.01339	 0.00000	 0.00000	 0.01239		172.986999	-5071.724530
735735	 0.00005	 0.00021	 0.00579	 0.01118	 0.00000	 0.00000	 0.01008		164.029430	-5198.933558
736736	 0.00005	 0.00004	 0.00741	 0.01215	 0.00000	 0.00000	 0.01168		174.397578	-5054.247161
737737	 0.00007	 0.00007	 0.00654	 0.01269	 0.00000	 0.00000	 0.01071		166.177716	-5155.639848
738738	 0.00010	 0.00010	 0.00729	 0.01271	 0.00000	 0.00000	 0.01108		162.319054	-5122.824444
739739	 0.00012	 0.00011	 0.00696	 0.01211	 0.00000	 0.00001	 0.01109		166.699438	-5160.496290
740740	 0.00009	 0.00012	 0.00741	 0.01219	 0.00000	 0.00001	 0.01051		168.814580	-5087.402231
741741	 0.00007	 0.00007	 0.00543	 0.01187	 0.00000	 0.00000	 0.01082		165.158231	-5124.470759
742742	 0.00007	 0.00011	 0.00671	 0.01211	 0.00000	 0.00000	 0.01098		166.503837	-5088.587469
743743	 0.00012	 0.00021	 0.00675	 0.01224	 0.00000	 0.00001	 0.01141		167.115977	-5094.712041
744744	 0.00010	 0.00014	 0.00588	 0.01349	 0.00000	 0.00001	 0.01186		163.119393	-5158.282634
745745	 0.00019	 0.00020	 0.00698	 0.01179	 0.00000	 0.00001	 0.01204		160.324246	-5116.680150
746746	 0.00007	 0.00016	 0.00788	 0.01124	 0.00000	 0.00000	 0.01059		163.023019	-5129.452054
747747	 0.00003	 0.00026	 0.00694	 0.01130	 0.00000	 0.00000	 0.01007		158.840819	-5232.419813
748748	 0.00006	 0.00019	 0.00574	 0.01188	 0.00000	 0.00000	 0.01101		159.440175	-5249.705386
749749	 0.00003	 0.00003	 0.00709	 0.01186	 0.00000	 0.00000	 0.01092		170.630504	-5122.603785
750750	 0.00002	 0.00007	 0.00774	 0.01192	 0.00000	 0.00000	 0.01105		159.598391	-5196.469700
751751	 0.00002	 0.00004	 0.00730	 0.01239	 0.00000	 0.00000	 0.01089		164.727501	-5096.426052
752752	 0.00001	 0.00003	 0.00703	 0.01170	 0.00000	 0.00000	 0.01066		172.573122	-5121.866965
753753	 0.00001	 0.00004	 0.00740	 0.01265	 0.00000	 0.00000	 0.01132		169.229078	-5114.569510
754754	 0.00001	 0.00003	 0.00571	 0.01273	 0.00000	 0.00000	 0.01158		167.037635	-5187.950067
755755	 0.00001	 0.00004	 0.00696	 0.01453	 0.00000	 0.00000	 0.01214		171.231553	-5103.333794
756756	 0.00001	 0.00004	 0.00690	 0.01289	 0.00000	 0.00000	 0.01067		175.381054	-5116.964995
757757	 0.00002	 0.00003	 0.00697	 0.01286	 0.00000	 0.00000	 0.01103		172.336440	-5072.293727
758758	 0.00002	 0.00002	 0.00740	 0.01209	 0.00000	 0.00000	 0.01125		168.546288	-5107.981130
759759	 0.00002	 0.00003	 0.00585	 0.01179	 0.00000	 0.00000	 0.01140		168.023550	-5088.788005
760760	 0.00002	 0.00003	 0.00579	 0.01172	 0.00000	 0.00000	 0.01113		163.103593	-5153.278686
761761	 0.00001	 0.00007	 0.00681	 0.01311	 0.00000	 0.00000	 0.01144		162.322028	-5124.760184
762762	 0.00003	 0.00002	 0.00627	 0.01262	 0.00000	 0.00000	 0.01156		165.014623	-5163.800419
763763	 0.00004	 0.00006	 0.00661	 0.01213	 0.00000	 0.00000	 0.01070		165.991349	-5174.042352
764764	 0.00006	 0.00008	 0.00717	 0.01214	 0.00000	 0.00000	 0.01030		169.974925	-5187.936259
765765	 0.00008	 0.00017	 0.00706	 0.01433	 0.00000	 0.00000	 0.01049		162.321809	-5157.893722
766766	 0.00022	 0.00027	 0.00718	 0.01106	 0.00000	 0.00001	 0.01063		161.114533	-5143.976211
767767	 0.00022	 0.00019	 0.00761	 0.01146	 0.00000	 0.00001	 0.01250		157.549757	-5139.606056
768768	 0.00023	 0.00030	 0.00679	 0.01159	 0.00000	 0.00001	 0.01029		157.206525	-5154.113996
769769	 0.00011	 0.00018	 0.00704	 0.01134	 0.00000	 0.00001	 0.01133		163.208080	-5203.564008
770770	 0.00004	 0.00017	 0.00653	 0.01292	 0.00000	 0.00000	 0.01162		166.642639	-5182.580044
771771	 0.00003	 0.00007	 0.00809	 0.01210	 0.00000	 0.00000	 0.01135		166.349958	-5214.523828
772772	 0.00003	 0.00008	 0.00735	 0.01278	 0.00000	 0.00000	 0.01037		166.023836	-5140.618333
773773	 0.00005	 0.00012	 0.00629	 0.01314	 0.00000	 0.00000	 0.01221		163.369374	-5092.326354
774774	 0.00007	 0.00027	 0.00684	 0.01299	 0.00000	 0.00001	 0.01293		159.240775	-5027.934702
775775	 0.00014	 0.00023	 0.00726	 0.01163	 0.00000	 0.00001	 0.00982		169.243590	-5098.980079
776776	 0.00010	 0.00013	 0.00664	 0.01146	 0.00000	 0.00000	 0.01048		161.786900	-5137.306464
777777	 0.00008	 0.00009	 0.00765	 0.01169	 0.00000	 0.00000	 0.01052		159.667689	-5102.387083
778778	 0.00006	 0.00005	 0.00679	 0.01229	 0.00000	 0.00000	 0.01149		170.540722	-5112.119870
779779	 0.00008	 0.00006	 0.00784	 0.01328	 0.00000	 0.00000	 0.01075		163.118819	-5155.566260
780780	 0.00007	 0.00014	 0.00537	 0.01333	 0.00000	 0.00001	 0.01157		168.335510	-5124.238371
781781	 0.00003	 0.00006	 0.00617	 0.01219	 0.00000	 0.00000	 0.01058		176.488935	-5203.631931
782782	 0.00015	 0.00011	 0.00607	 0.01271	 0.00000	 0.00001	 0.01210		165.163894	-5079.208845
783783	 0.00014	 0.00021	 0.00708	 0.01174	 0.00000	 0.00001	 0.01102		164.561598	-5093.338189
784784	 0.00005	 0.00006	 0.00691	 0.01271	 0.00000	 0.00000	 0.01181		170.073124	-5140.426073
785785	 0.00007	 0.00007	 0.00804	 0.01177	 0.00000	 0.00000	 0.00990		170.922062	-5176.328651
786786	 0.00004	 0.00004	 0.00778	 0.01130	 0.00000	 0.00000	 0.01101		173.183813	-5111.592994
787787	 0.00005	 0.00019	 0.00561	 0.01382	 0.00000	 0.00000	 0.01277		167.057737	-5121.515578
788788	 0.00003	 0.00004	 0.00607	 0.01299	 0.00000	 0.00000	 0.01024		183.311294	-5172.740996
789789	 0.00010	 0.00014	 0.00558	 0.01285	 0.00000	 0.00001	 0.01103		169.564983	-5112.725540
790790	 0.00008	 0.00025	 0.00699	 0.01245	 0.00000	 0.00001	 0.00995		170.603489	-5194.901183
791791	 0.00008	 0.00007	 0.00677	 0.01179	 0.00000	 0.00000	 0.01074		168.618613	-5206.756472
792792	 0.00016	 0.00019	 0.00675	 0.01236	 0.00000	 0.00001	 0.01115		158.834186	-5175.026218
793793	 0.00012	 0.00022	 0.00697	 0.01218	 0.00000	 0.00001	 0.01076		162.513244	-5088.719211
794794	 0.00021	 0.00028	 0.00726	 0.01245	 0.00000	 0.00001	 0.01120		157.346187	-5117.899591
795795	 0.00021	 0.00021	 0.00733	 0.01281	 0.00000	 0.00001	 0.01157		157.567879	-5082.193496
796796	 0.00010	 0.00023	 0.00702	 0.01201	 0.00000	 0.00001	 0.01000		160.083790	-5146.543346
797797	 0.00012	 0.00016	 0.00612	 0.01261	 0.00000	 0.00001	 0.01064		166.004598	-5161.631183
798798	 0.00007	 0.00017	 0.00610	 0.01291	 0.00000	 0.00001	 0.01082		163.341365	-5069.274592
799799	 0.00006	 0.00014	 0.00666	 0.01220	 0.00000	 0.00000	 0.01173		157.787495	-5116.709892
800800	 0.00006	 0.00009	 0.00695	 0.01212	 0.00000	 0.00000	 0.01135		163.501058	-5120.047298
801801	 0.00005	 0.00010	 0.00765	 0.01149	 0.00000	 0.00000	 0.01168		169.756319	-5004.794888
802802	 0.00008	 0.00007	 0.00707	 0.01306	 0.00000	 0.00000	 0.01123		162.653234	-5104.990970
803803	 0.00016	 0.00022	 0.00665	 0.01234	 0.00000	 0.00001	 0.01132		159.694468	-5116.984851
804804	 0.00022	 0.00020	 0.00679	 0.01223	 0.00000	 0.00001	 0.00975		159.550398	-5167.918227
805805	 0.00020	 0.00022	 0.00596	 0.01221	 0.00000	 0.00001	 0.00999		158.940318	-5164.191564
806806	 0.00007	 0.00022	 0.00538	 0.01302	 0.00000	 0.00000	 0.01060		162.437132	-5192.310076
807807	 0.00006	 0.00010	 0.00743	 0.01134	 0.00000	 0.00000	 0.01141		162.427482	-5149.370007
808808	 0.00006	 0.00007	 0.00757	 0.01191	 0.00000	 0.00000	 0.01079		166.807634	-5071.126603
809809	 0.00016	 0.00020	 0.00887	 0.01116	 0.00000	 0.00001	 0.01049		160.299949	-5179.680454
810810	 0.00011	 0.00020	 0.00654	 0.01238	 0.00000	 0.00001	 0.01080		163.765302	-5179.242977
811811	 0.00014	 0.00004	 0.00778	 0.01326	 0.00000	 0.00000	 0.01152		162.965385	-5048.269436
812812	 0.00011	 0.00008	 0.00660	 0.01175	 0.00000	 0.00000	 0.01145		170.085515	-5075.796385
813813	 0.00008	 0.00020	 0.00966	 0.00984	 0.00000	 0.00001	 0.01120		163.410708	-5134.543745
814814	 0.00012	 0.00017	 0.00839	 0.01146	 0.00000	 0.00001	 0.01077		159.854828	-5116.835729
815815	 0.00009	 0.00011	 0.00781	 0.01114	 0.00000	 0.00000	 0.01146		158.628420	-5176.632229
816816	 0.00006	 0.00010	 0.00578	 0.01297	 0.00000	 0.00000	 0.01052		161.878207	-5125.458933
817817	 0.00008	 0.00012	 0.00604	 0.01304	 0.00000	 0.00000	 0.01060		162.793146	-5127.535345
818818	 0.00015	 0.00023	 0.00530	 0.01494	 0.00000	 0.00001	 0.01125		152.438836	-5188.978495
819819	 0.00009	 0.00007	 0.00781	 0.01179	 0.00000	 0.00000	 0.01181		158.408381	-5142.797315
820820	 0.00018	 0.00025	 0.00694	 0.01237	 0.00000	 0.00001	 0.01216		159.035727	-5123.783578
821821	 0.00013	 0.00018	 0.00801	 0.01078	 0.00000	 0.00001	 0.01027		166.898294	-5158.200102
822822	 0.00010	 0.00027	 0.00739	 0.01240	 0.00000	 0.00001	 0.01077		162.802179	-5130.313520
823823	 0.00010	 0.00008	 0.00740	 0.01298	 0.00000	 0.00000	 0.01172		159.970643	-5108.855379
824824	 0.00002	 0.00002	 0.00699	 0.01170	 0.00000	 0.00000	 0.01011		173.363034	-5148.810789
825825	 0.00004	 0.00010	 0.00745	 0.01053	 0.00000	 0.00000	 0.01131		157.782641	-5257.680959
826826	 0.00001	 0.00004	 0.00773	 0.01165	 0.00000	 0.00000	 0.01103		166.326666	-5059.572747
827827	 0.00003	 0.00006	 0.00655	 0.01180	 0.00000	 0.00000	 0.01045		163.477956	-5179.236912
828828	 0.00005	 0.00021	 0.00577	 0.01394	 0.00000	 0.00000	 0.01143		157.651262	-5105.787376
829829	 0.00009	 0.00012	 0.00686	 0.01131	 0.00000	 0.00001	 0.00929		160.086229	-5142.204252
830830	 0.00017	 0.00019	 0.00748	 0.01317	 0.00000	 0.00001	 0.01233		153.912949	-5047.452731
831831	 0.00016	 0.00012	 0.00727	 0.01177	 0.00000	 0.00001	 0.01160		154.926523	-4997.360998
832832	 0.00019	 0.00028	 0.00710	 0.01282	 0.00000	 0.00001	 0.01131		153.279901	-5152.240568
833833	 0.00014	 0.00025	 0.00523	 0.01220	 0.00000	 0.00001	 0.01037		161.491639	-5068.477045
834834	 0.00013	 0.00021	 0.00701	 0.01162	 0.00000	 0.00001	 0.01026		155.944157	-5180.159322
835835	 0.00011	 0.00020	 0.00691	 0.01156	 0.00000	 0.00001	 0.01057		163.187261	-5096.239215
836836	 0.00020	 0.00025	 0.00696	 0.01242	 0.00000	 0.00001	 0.01137		156.275014	-5113.545988
837837	 0.00009	 0.00024	 0.00705	 0.01112	 0.00000	 0.00001	 0.01110		159.075990	-5103.491283
838838	 0.00008	 0.00020	 0.00703	 0.01260	 0.00000	 0.00001	 0.01115		161.581223	-5064.590918
839839	 0.00010	 0.00024	 0.00743	 0.01082	 0.00000	 0.00001	 0.01197		154.954399	-5087.570141
840840	 0.00023	 0.00018	 0.00623	 0.01144	 0.00000	 0.00001	 0.01181		156.710327	-5093.377087
841841	 0.00014	 0.00020	 0.00619	 0.01293	 0.00000	 0.00001	 0.01157		165.329539	-5126.051866
842842	 0.00021	 0.00018	 0.00659	 0.01230	 0.00000	 0.00001	 0.01189		161.299151	-5088.444629
843843	 0.00010	 0.00020	 0.00718	 0.01125	 0.00000	 0.00001	 0.01044		168.114262	-5127.362115
844844	 0.00008	 0.00007	 0.00645	 0.01312	 0.00000	 0.00000	 0.01030		170.817013	-5094.132411
845845	 0.00008	 0.00006	 0.00699	 0.01198	 0.00000	 0.00000	 0.01010		172.372791	-5140.167445
846846	 0.00008	 0.00012	 0.00650	 0.01203	 0.00000	 0.00000	 0.01134		163.832102	-5144.407260
847847	 0.00009	 0.00014	 0.00639	 0.01349	 0.00000	 0.00001	 0.01073		161.790076	-5114.315945
848848	 0.00020	 0.00021	 0.00578	 0.01304	 0.00000	 0.00001	 0.01022		163.036865	-5187.488684
849849	 0.00021	 0.00022	 0.00700	 0.01376	 0.00000	 0.00001	 0.01204		158.074269	-5089.089408
850850	 0.00007	 0.00012	 0.00740	 0.01291	 0.00000	 0.00000	 0.01063		160.918114	-5094.220073
851851	 0.00007	 0.00020	 0.00667	 0.01216	 0.00000	 0.00001	 0.01141		168.388447	-5146.165951
852852	 0.00012	 0.00024	 0.00686	 0.01209	 0.00000	 0.00001	 0.01034		162.984563	-5153.933302
853853	 0.00008	 0.00013	 0.00618	 0.01292	 0.00000	 0.00000	 0.01129		164.056113	-5103.847793
854854	 0.00005	 0.00010	 0.00777	 0.01058	 0.00000	 0.00000	 0.00989		169.110622	-5132.066865
855855	 0.00004	 0.00007	 0.00696	 0.01347	 0.00000	 0.00000	 0.01038		174.122343	-5088.573540
856856	 0.00008	 0.00016	 0.00615	 0.01099	 0.00000	 0.00001	 0.01058		167.752042	-5171.583557
857857	 0.00010	 0.00020	 0.00678	 0.01257	 0.00000	 0.00001	 0.01219		162.372122	-5034.177000
858858	 0.00027	 0.00034	 0.00721	 0.01173	 0.00000	 0.00002	 0.01135		157.058518	-5140.957470
859859	 0.00016	 0.00045	 0.00707	 0.01091	 0.00000	 0.00001	 0.01051		157.582738	-5122.569333
860860	 0.00009	 0.00009	 0.00626	 0.01196	 0.00000	 0.00000	 0.01024		161.361085	-5100.991464
861861	 0.00008	 0.00018	 0.00635	 0.01389	 0.00000	 0.00001	 0.01102		159.242152	-5159.056212
862862	 0.00006	 0.00005	 0.00700	 0.01218	 0.00000	 0.00000	 0.01069		162.979968	-5239.322019
863863	 0.00007	 0.00011	 0.00698	 0.01319	 0.00000	 0.00000	 0.01023		166.262137	-5193.781697
864864	 0.00004	 0.00024	 0.00619	 0.01221	 0.00000	 0.00000	 0.01055		158.980798	-5207.585162
865865	 0.00007	 0.00006	 0.00695	 0.01219	 0.00000	 0.00000	 0.00974		158.701886	-5134.680849
866866	 0.00005	 0.00007	 0.00740	 0.01261	 0.00000	 0.00000	 0.01068		172.504764	-5119.728580
867867	 0.00003	 0.00005	 0.00731	 0.01307	 0.00000	 0.00000	 0.01055		169.559487	-5124.167886
868868	 0.00009	 0.00009	 0.00767	 0.01172	 0.00000	 0.00000	 0.01031		157.845902	-5189.374036
869869	 0.00006	 0.00011	 0.00527	 0.01299	 0.00000	 0.00000	 0.01045		163.956020	-5170.037955
870870	 0.00007	 0.00022	 0.00785	 0.01213	 0.00000	 0.00001	 0.01074		160.741987	-5127.804713
871871	 0.00005	 0.00018	 0.00763	 0.01268	 0.00000	 0.00000	 0.01090		159.981973	-5149.732548
872872	 0.00009	 0.00012	 0.00673	 0.01164	 0.00000	 0.00000	 0.01078		160.849212	-5159.247573
873873	 0.00010	 0.00006	 0.00708	 0.01229	 0.00000	 0.00000	 0.01043		169.726040	-5118.432800
874874	 0.00008	 0.00011	 0.00687	 0.01261	 0.00000	 0.00000	 0.01013		167.364564	-5152.080985
875875	 0.00011	 0.00012	 0.00611	 0.01238	 0.00000	 0.00000	 0.00965		161.167011	-5235.696853
876876	 0.00011	 0.00019	 0.00591	 0.01249	 0.00000	 0.00001	 0.01133		159.218976	-5265.271201
877877	 0.00006	 0.00015	 0.00761	 0.01084	 0.00000	 0.00000	 0.00954		165.250426	-5152.976753
878878	 0.00009	 0.00015	 0.00705	 0.01163	 0.00000	 0.00000	 0.01071		160.588144	-5177.458763
879879	 0.00006	 0.00023	 0.00709	 0.01175	 0.00000	 0.00000	 0.01006		161.989750	-5127.444105
880880	 0.00012	 0.00022	 0.00699	 0.01344	 0.00000	 0.00001	 0.01134		157.137106	-5190.106530
881881	 0.00024	 0.00026	 0.00692	 0.01148	 0.00000	 0.00001	 0.01093		147.077388	-5157.963051
882882	 0.00009	 0.00016	 0.00736	 0.01351	 0.00000	 0.00000	 0.01203		155.281282	-5082.544918
883883	 0.00005	 0.00013	 0.00636	 0.01127	 0.00000	 0.00000	 0.01106		150.489298	-5272.732270
884884	 0.00005	 0.00009	 0.00770	 0.01113	 0.00000	 0.00000	 0.01188		165.243080	-5149.936414
885885	 0.00006	 0.00010	 0.00659	 0.01199	 0.00000	 0.00000	 0.01193		165.513515	-5105.780071
886886	 0.00005	 0.00008	 0.00823	 0.01163	 0.00000	 0.00000	 0.01050		161.970844	-5161.561673
887887	 0.00006	 0.00013	 0.00775	 0.01213	 0.00000	 0.00000	 0.01166		163.058260	-5182.764497
888888	 0.00007	 0.00010	 0.00642	 0.01206	 0.00000	 0.00000	 0.01218		160.126700	-5259.677778
889889	 0.00008	 0.00017	 0.00597	 0.01264	 0.00000	 0.00000	 0.01106		156.080450	-5137.464367
890890	 0.00005	 0.00011	 0.00742	 0.01246	 0.00000	 0.00000	 0.01254		158.556332	-5096.586090
891891	 0.00011	 0.00008	 0.00671	 0.01146	 0.00000	 0.00000	 0.01083		163.708372	-5156.232643
892892	 0.00011	 0.00016	 0.00609	 0.01237	 0.00000	 0.00001	 0.01049		162.705849	-5211.261001
893893	 0.00003	 0.00012	 0.00656	 0.01188	 0.00000	 0.00000	 0.01095		162.774377	-5154.778239
894894	 0.00004	 0.00012	 0.00742	 0.01089	 0.00000	 0.00000	 0.01183		165.997659	-5104.701206
895895	 0.00004	 0.00008	 0.00669	 0.01198	 0.00000	 0.00000	 0.01135		167.668246	-5096.328214
896896	 0.00010	 0.00015	 0.00688	 0.01212	 0.00000	 0.00000	 0.01101		158.620169	-5119.499670
897897	 0.00015	 0.00018	 0.00710	 0.01242	 0.00000	 0.00001	 0.01141		153.569073	-5174.784453
898898	 0.00014	 0.00013	 0.00792	 0.01303	 0.00000	 0.00001	 0.01114		155.521733	-5159.883231
899899	 0.00005	 0.00007	 0.00595	 0.01410	 0.00000	 0.00000	 0.01077		159.113567	-5163.245404
900900	 0.00009	 0.00010	 0.00614	 0.01295	 0.00000	 0.00000	 0.01113		160.146241	-5034.370213
901901	 0.00009	 0.00008	 0.00755	 0.01205	 0.00000	 0.00000	 0.01102		159.687636	-5015.601049
902902	 0.00005	 0.00007	 0.00750	 0.01081	 0.00000	 0.00000	 0.01169		159.496713	-5087.322057
903903	 0.00002	 0.00007	 0.00792	 0.01196	 0.00000	 0.00000	 0.01090		168.842926	-5121.194794
904904	 0.00001	 0.00002	 0.00693	 0.01212	 0.00000	 0.00000	 0.01283		172.634198	-5024.400459
905905	 0.00002	 0.00007	 0.00755	 0.01159	 0.00000	 0.00000	 0.01051		164.164588	-5142.071141
906906	 0.00003	 0.00003	 0.00674	 0.01310	 0.00000	 0.00000	 0.01077		160.898598	-5091.578631
907907	 0.00005	 0.00003	 0.00737	 0.01296	 0.00000	 0.00000	 0.00984		176.744303	-5164.939764
908908	 0.00008	 0.00038	 0.00691	 0.01234	 0.00000	 0.00001	 0.00998		161.658108	-5197.995332
909909	 0.00008	 0.00021	 0.00699	 0.01224	 0.00000	 0.00001	 0.01059		164.305130	-5115.604117
910910	 0.00009	 0.00010	 0.00690	 0.01185	 0.00000	 0.00000	 0.01152		161.052383	-5113.008268
911911	 0.00010	 0.00012	 0.00726	 0.01259	 0.00000	 0.00001	 0.01116		163.746869	-5229.731050
912912	 0.00005	 0.00012	 0.00734	 0.01347	 0.00000	 0.00000	 0.01149		164.792280	-5078.230121
913913	 0.00007	 0.00008	 0.00631	 0.01258	 0.00000	 0.00000	 0.01097		175.211728	-5105.207569
914914	 0.00004	 0.00010	 0.00665	 0.01148	 0.00000	 0.00000	 0.01040		170.541539	-5212.518133
915915	 0.00003	 0.00007	 0.00665	 0.01079	 0.00000	 0.00000	 0.01022		167.550105	-5166.118163
916916	 0.00009	 0.00017	 0.00623	 0.01172	 0.00000	 0.00001	 0.01142		161.824549	-5129.221844
917917	 0.00008	 0.00012	 0.00677	 0.01203	 0.00000	 0.00000	 0.01054		165.045560	-5084.518404
918918	 0.00003	 0.00010	 0.00677	 0.01214	 0.00000	 0.00000	 0.01028		165.264517	-5090.101314
919919	 0.00003	 0.00004	 0.00628	 0.01252	 0.00000	 0.00000	 0.01052		179.920816	-5108.100308
920920	 0.00004	 0.00007	 0.00574	 0.01239	 0.00000	 0.00000	 0.01049		176.727183	-5108.515250
921921	 0.00003	 0.00005	 0.00620	 0.01239	 0.00000	 0.00000	 0.01040		174.107592	-5171.271502
922922	 0.00004	 0.00008	 0.00660	 0.01262	 0.00000	 0.00000	 0.01139		167.070543	-5101.099842
923923	 0.00003	 0.00005	 0.00582	 0.01174	 0.00000	 0.00000	 0.01123		171.245573	-5116.521234
924924	 0.00005	 0.00009	 0.00731	 0.01257	 0.00000	 0.00000	 0.01211		161.504223	-5100.716647
