Sample	theta_WAM	theta_CAM	theta_ATL	theta_AM	theta_root	tau_AM	tau_root	Data-ld-ln	Full-ld-ln
0	 0.00000	 0.00013	 0.00817	 0.01152	 0.00000	 0.00000	 0.01002		167.761617	-4958.972538
1001	 0.00001	 0.00013	 0.00698	 0.00957	 0.00000	 0.00000	 0.01100		163.114327	-4916.955141
2002	 0.00001	 0.00008	 0.00810	 0.01207	 0.00000	 0.00000	 0.00934		167.500954	-4984.851249
3003	 0.00003	 0.00012	 0.00778	 0.01048	 0.00000	 0.00000	 0.00893		163.734819	-4970.935154
4004	 0.00003	 0.00008	 0.00767	 0.01134	 0.00000	 0.00000	 0.00889		155.863290	-5016.845750
5005	 0.00011	 0.00027	 0.00890	 0.00956	 0.00000	 0.00000	 0.00985		152.583011	-4951.825786
6006	 0.00016	 0.00020	 0.00881	 0.01046	 0.00000	 0.00001	 0.00988		158.099617	-4906.004936
7007	 0.00005	 0.00018	 0.00835	 0.01000	 0.00000	 0.00000	 0.00968		167.005288	-5069.924204
8008	 0.00009	 0.00009	 0.00722	 0.01279	 0.00000	 0.00000	 0.00861		166.424079	-5025.055477
9009	 0.00003	 0.00005	 0.00751	 0.01095	 0.00000	 0.00000	 0.00947		171.970627	-4850.820694
10010	 0.00003	 0.00005	 0.00977	 0.00986	 0.00000	 0.00000	 0.00899		172.788592	-4980.023663
11011	 0.00004	 0.00022	 0.00855	 0.01068	 0.00000	 0.00000	 0.00939		165.278537	-5030.344916
12012	 0.00004	 0.00012	 0.00746	 0.01219	 0.00000	 0.00000	 0.00974		174.968251	-4911.235138
13013	 0.00014	 0.00018	 0.00905	 0.01025	 0.00000	 0.00000	 0.00893		162.500108	-5068.100830
14014	 0.00003	 0.00014	 0.00840	 0.01117	 0.00000	 0.00000	 0.00801		177.571557	-5056.455350
15015	 0.00003	 0.00015	 0.00796	 0.01114	 0.00000	 0.00000	 0.00899		163.514562	-4988.257574
16016	 0.00006	 0.00025	 0.00862	 0.01007	 0.00000	 0.00000	 0.00973		162.070293	-5027.598320
17017	 0.00010	 0.00016	 0.00937	 0.01106	 0.00000	 0.00000	 0.00994		160.504581	-4892.902906
18018	 0.00006	 0.00016	 0.00790	 0.01048	 0.00000	 0.00000	 0.00887		163.504544	-4946.595581
19019	 0.00008	 0.00003	 0.00776	 0.01075	 0.00000	 0.00000	 0.00922		161.536728	-4866.668248
20020	 0.00005	 0.00003	 0.00777	 0.01168	 0.00000	 0.00000	 0.00991		166.717384	-4898.136931
21021	 0.00005	 0.00010	 0.00828	 0.01202	 0.00000	 0.00000	 0.00865		164.333917	-4958.258532
22022	 0.00016	 0.00015	 0.00931	 0.01174	 0.00000	 0.00001	 0.00957		154.045471	-4891.504870
23023	 0.00012	 0.00018	 0.00847	 0.01129	 0.00000	 0.00000	 0.00839		157.983660	-4995.703233
24024	 0.00007	 0.00007	 0.00749	 0.01173	 0.00000	 0.00000	 0.00989		157.358708	-4958.249812
25025	 0.00004	 0.00008	 0.00809	 0.01169	 0.00000	 0.00000	 0.01021		151.168283	-4890.373279
26026	 0.00004	 0.00011	 0.00848	 0.01205	 0.00000	 0.00000	 0.00856		162.095544	-4989.332568
27027	 0.00005	 0.00016	 0.00897	 0.01092	 0.00000	 0.00000	 0.00866		160.696138	-4937.728867
28028	 0.00002	 0.00015	 0.00903	 0.01153	 0.00000	 0.00000	 0.00959		161.330231	-4982.733644
29029	 0.00003	 0.00005	 0.00867	 0.01178	 0.00000	 0.00000	 0.00895		161.549586	-4899.743366
30030	 0.00004	 0.00025	 0.00734	 0.01060	 0.00000	 0.00000	 0.00967		158.053872	-5077.301267
31031	 0.00005	 0.00029	 0.00850	 0.01083	 0.00000	 0.00000	 0.00875		168.443908	-5025.340051
32032	 0.00007	 0.00022	 0.00753	 0.01101	 0.00000	 0.00000	 0.00998		159.316518	-4971.166238
33033	 0.00004	 0.00012	 0.01002	 0.00972	 0.00000	 0.00000	 0.00901		158.235898	-5113.951439
34034	 0.00003	 0.00020	 0.00965	 0.01332	 0.00000	 0.00000	 0.01046		166.431097	-4870.211098
35035	 0.00005	 0.00009	 0.00892	 0.01100	 0.00000	 0.00000	 0.01073		164.503621	-4943.529900
36036	 0.00004	 0.00006	 0.00848	 0.01239	 0.00000	 0.00000	 0.00751		174.077976	-5133.496424
37037	 0.00010	 0.00022	 0.00844	 0.01100	 0.00000	 0.00000	 0.00912		157.033976	-4932.686774
38038	 0.00003	 0.00002	 0.00712	 0.01049	 0.00000	 0.00000	 0.01101		157.512814	-4926.480229
39039	 0.00002	 0.00005	 0.00831	 0.00989	 0.00000	 0.00000	 0.00994		166.911089	-4928.144898
40040	 0.00003	 0.00006	 0.00976	 0.01135	 0.00000	 0.00000	 0.00876		168.279505	-5122.525260
41041	 0.00002	 0.00014	 0.00863	 0.01132	 0.00000	 0.00000	 0.00938		160.872902	-4990.895607
42042	 0.00011	 0.00012	 0.00716	 0.01111	 0.00000	 0.00000	 0.00901		151.705809	-5007.348552
43043	 0.00012	 0.00007	 0.00930	 0.01087	 0.00000	 0.00000	 0.00942		155.521601	-4982.103433
44044	 0.00008	 0.00025	 0.00801	 0.01109	 0.00000	 0.00000	 0.00995		154.803994	-4916.025514
45045	 0.00015	 0.00014	 0.00700	 0.01143	 0.00000	 0.00001	 0.00927		163.960489	-4882.814171
46046	 0.00018	 0.00022	 0.00729	 0.01241	 0.00000	 0.00001	 0.00947		156.497321	-4912.315672
47047	 0.00015	 0.00015	 0.00787	 0.01110	 0.00000	 0.00001	 0.00983		157.446809	-4867.627051
48048	 0.00016	 0.00023	 0.00794	 0.01195	 0.00000	 0.00001	 0.00930		156.924824	-5000.286983
49049	 0.00007	 0.00024	 0.00753	 0.01188	 0.00000	 0.00000	 0.00940		157.349094	-5014.256204
50050	 0.00008	 0.00016	 0.00864	 0.01177	 0.00000	 0.00000	 0.00903		158.671892	-5040.662565
51051	 0.00020	 0.00023	 0.00815	 0.01146	 0.00000	 0.00001	 0.00925		155.765851	-4925.755103
52052	 0.00009	 0.00035	 0.00755	 0.01127	 0.00000	 0.00001	 0.01086		157.377467	-4958.872493
53053	 0.00006	 0.00020	 0.00792	 0.01078	 0.00000	 0.00000	 0.00901		162.864680	-5076.935627
54054	 0.00008	 0.00013	 0.00932	 0.01179	 0.00000	 0.00000	 0.01041		161.159129	-4881.087201
55055	 0.00004	 0.00007	 0.00899	 0.01049	 0.00000	 0.00000	 0.00883		164.153546	-5064.420018
56056	 0.00010	 0.00021	 0.00884	 0.01062	 0.00000	 0.00001	 0.00951		162.567308	-4940.270302
57057	 0.00014	 0.00029	 0.00678	 0.01251	 0.00000	 0.00001	 0.00909		165.485760	-5046.009524
58058	 0.00016	 0.00014	 0.00726	 0.01105	 0.00000	 0.00000	 0.00887		171.717081	-4985.969770
59059	 0.00004	 0.00006	 0.00721	 0.01198	 0.00000	 0.00000	 0.01034		170.589373	-4936.219581
60060	 0.00003	 0.00012	 0.00786	 0.01017	 0.00000	 0.00000	 0.01099		159.804752	-4992.764194
61061	 0.00004	 0.00016	 0.00826	 0.00885	 0.00000	 0.00000	 0.01015		159.675039	-5022.847347
62062	 0.00002	 0.00006	 0.00823	 0.01107	 0.00000	 0.00000	 0.00962		170.682915	-5039.948708
63063	 0.00002	 0.00041	 0.00858	 0.01233	 0.00000	 0.00000	 0.00937		160.142630	-4890.630224
64064	 0.00001	 0.00007	 0.00706	 0.01177	 0.00000	 0.00000	 0.00910		163.432593	-4925.171774
65065	 0.00003	 0.00011	 0.01047	 0.01089	 0.00000	 0.00000	 0.00897		163.997807	-4992.391076
66066	 0.00002	 0.00004	 0.00817	 0.01090	 0.00000	 0.00000	 0.00921		167.491895	-4955.055716
67067	 0.00007	 0.00017	 0.00876	 0.01067	 0.00000	 0.00000	 0.00987		156.930813	-4945.425387
68068	 0.00003	 0.00013	 0.00625	 0.00998	 0.00000	 0.00000	 0.00944		164.258466	-4928.948289
69069	 0.00009	 0.00010	 0.00619	 0.01313	 0.00000	 0.00000	 0.00895		162.336369	-4937.776821
70070	 0.00014	 0.00017	 0.00713	 0.01185	 0.00000	 0.00001	 0.01016		151.248974	-4955.449923
71071	 0.00007	 0.00013	 0.00695	 0.01228	 0.00000	 0.00000	 0.00988		155.333995	-4951.554071
72072	 0.00006	 0.00021	 0.00848	 0.01121	 0.00000	 0.00000	 0.00913		159.766558	-5102.970212
73073	 0.00003	 0.00010	 0.00915	 0.01194	 0.00000	 0.00000	 0.01043		162.848993	-4924.666341
74074	 0.00005	 0.00011	 0.00858	 0.01071	 0.00000	 0.00000	 0.00804		163.318717	-5037.750862
75075	 0.00016	 0.00028	 0.01043	 0.01007	 0.00000	 0.00001	 0.00919		156.926938	-5029.109950
76076	 0.00003	 0.00018	 0.00874	 0.01064	 0.00000	 0.00000	 0.00869		167.983907	-5009.872874
77077	 0.00008	 0.00027	 0.00799	 0.01162	 0.00000	 0.00000	 0.00937		157.533514	-4950.793764
78078	 0.00005	 0.00018	 0.00671	 0.01084	 0.00000	 0.00000	 0.01036		159.083366	-4974.181365
79079	 0.00009	 0.00007	 0.00840	 0.01056	 0.00000	 0.00000	 0.01066		157.939506	-4957.157550
80080	 0.00004	 0.00028	 0.00956	 0.01108	 0.00000	 0.00000	 0.01137		153.293056	-4954.167991
81081	 0.00003	 0.00021	 0.00746	 0.01106	 0.00000	 0.00000	 0.01025		162.542684	-4893.865660
82082	 0.00012	 0.00016	 0.00909	 0.01099	 0.00000	 0.00000	 0.00902		162.716643	-4918.611652
83083	 0.00005	 0.00022	 0.00916	 0.00964	 0.00000	 0.00000	 0.00849		172.712290	-4985.431611
84084	 0.00007	 0.00022	 0.00906	 0.01055	 0.00000	 0.00001	 0.01067		172.209499	-4881.827264
85085	 0.00003	 0.00005	 0.00993	 0.01070	 0.00000	 0.00000	 0.00835		177.649960	-4937.700175
86086	 0.00002	 0.00003	 0.00750	 0.01158	 0.00000	 0.00000	 0.01028		179.982572	-5003.782354
87087	 0.00002	 0.00005	 0.00786	 0.01262	 0.00000	 0.00000	 0.01060		166.558510	-4854.640154
88088	 0.00001	 0.00006	 0.00792	 0.01082	 0.00000	 0.00000	 0.01078		169.535658	-4931.001721
89089	 0.00001	 0.00006	 0.00809	 0.01071	 0.00000	 0.00000	 0.00975		167.361348	-5033.920116
90090	 0.00001	 0.00011	 0.00728	 0.01170	 0.00000	 0.00000	 0.00879		168.978096	-5008.503232
91091	 0.00002	 0.00027	 0.00918	 0.01002	 0.00000	 0.00000	 0.00938		160.190355	-4957.516088
92092	 0.00001	 0.00020	 0.00840	 0.01158	 0.00000	 0.00000	 0.01075		160.840258	-4922.033064
93093	 0.00001	 0.00016	 0.00896	 0.01033	 0.00000	 0.00000	 0.00990		161.332267	-5023.357359
94094	 0.00001	 0.00013	 0.00898	 0.01094	 0.00000	 0.00000	 0.00993		171.023458	-4910.166003
95095	 0.00004	 0.00007	 0.00712	 0.01127	 0.00000	 0.00000	 0.00932		171.362764	-4904.900894
96096	 0.00011	 0.00041	 0.00887	 0.01154	 0.00000	 0.00000	 0.00963		150.841593	-4928.811385
97097	 0.00006	 0.00014	 0.00749	 0.01046	 0.00000	 0.00000	 0.00958		160.799144	-4970.651684
98098	 0.00005	 0.00011	 0.00712	 0.01103	 0.00000	 0.00000	 0.00879		163.276312	-4990.060522
99099	 0.00003	 0.00006	 0.00663	 0.01081	 0.00000	 0.00000	 0.01074		165.444479	-5039.733651
100100	 0.00006	 0.00016	 0.00834	 0.01143	 0.00000	 0.00000	 0.01079		159.147230	-4894.029486
101101	 0.00010	 0.00020	 0.01047	 0.00934	 0.00000	 0.00000	 0.00920		160.486247	-4984.044045
102102	 0.00017	 0.00014	 0.00790	 0.01099	 0.00000	 0.00001	 0.00932		160.032676	-4963.339771
103103	 0.00005	 0.00011	 0.00738	 0.01154	 0.00000	 0.00000	 0.00955		167.127759	-5035.028245
104104	 0.00012	 0.00010	 0.00743	 0.01119	 0.00000	 0.00001	 0.01031		164.506420	-4923.178181
105105	 0.00009	 0.00017	 0.00990	 0.01237	 0.00000	 0.00000	 0.00854		161.924459	-4901.877873
106106	 0.00009	 0.00005	 0.00717	 0.01204	 0.00000	 0.00000	 0.00854		175.198779	-4985.868667
107107	 0.00009	 0.00012	 0.00798	 0.01056	 0.00000	 0.00000	 0.00813		163.772767	-5024.183972
108108	 0.00003	 0.00014	 0.00791	 0.01080	 0.00000	 0.00000	 0.00854		167.445281	-4914.403940
109109	 0.00005	 0.00024	 0.00894	 0.01079	 0.00000	 0.00000	 0.00958		164.161118	-4956.954165
110110	 0.00004	 0.00006	 0.00759	 0.01015	 0.00000	 0.00000	 0.00939		161.938391	-4921.992837
111111	 0.00002	 0.00015	 0.00752	 0.01079	 0.00000	 0.00000	 0.00986		169.977466	-4978.481151
112112	 0.00005	 0.00008	 0.00885	 0.01161	 0.00000	 0.00000	 0.01047		157.462019	-4979.330805
113113	 0.00004	 0.00008	 0.00709	 0.01221	 0.00000	 0.00000	 0.01047		173.718840	-4929.563418
114114	 0.00004	 0.00009	 0.00781	 0.01117	 0.00000	 0.00000	 0.00984		165.298818	-4904.204965
115115	 0.00007	 0.00022	 0.00968	 0.01004	 0.00000	 0.00000	 0.00927		164.601021	-4960.060142
116116	 0.00013	 0.00016	 0.00788	 0.01191	 0.00000	 0.00001	 0.00955		172.403686	-5000.024699
117117	 0.00010	 0.00022	 0.00897	 0.01101	 0.00000	 0.00000	 0.01056		155.738168	-5010.114261
118118	 0.00005	 0.00034	 0.00694	 0.01073	 0.00000	 0.00000	 0.00944		161.274359	-4957.060607
119119	 0.00003	 0.00003	 0.00711	 0.01092	 0.00000	 0.00000	 0.00950		169.486350	-4971.818907
120120	 0.00009	 0.00006	 0.00837	 0.01083	 0.00000	 0.00000	 0.01096		159.458541	-4864.927431
121121	 0.00006	 0.00009	 0.00720	 0.01125	 0.00000	 0.00000	 0.00986		167.185867	-4972.847677
122122	 0.00006	 0.00011	 0.00823	 0.01069	 0.00000	 0.00000	 0.00930		161.776848	-4995.344874
123123	 0.00004	 0.00005	 0.00770	 0.01089	 0.00000	 0.00000	 0.01164		169.559484	-4883.336441
124124	 0.00003	 0.00006	 0.01025	 0.00930	 0.00000	 0.00000	 0.01018		167.018865	-4974.131978
125125	 0.00002	 0.00007	 0.00858	 0.01193	 0.00000	 0.00000	 0.00917		169.050465	-4876.188536
126126	 0.00002	 0.00020	 0.00757	 0.01245	 0.00000	 0.00000	 0.00920		165.823528	-4972.272705
127127	 0.00002	 0.00010	 0.00692	 0.01049	 0.00000	 0.00000	 0.00913		163.345830	-5036.025513
128128	 0.00007	 0.00014	 0.00777	 0.01104	 0.00000	 0.00000	 0.00987		156.839983	-4954.120963
129129	 0.00012	 0.00025	 0.00746	 0.01054	 0.00000	 0.00001	 0.01094		160.292837	-5011.784529
130130	 0.00006	 0.00018	 0.00740	 0.01058	 0.00000	 0.00000	 0.01024		159.404819	-4979.529340
131131	 0.00004	 0.00005	 0.00760	 0.01030	 0.00000	 0.00000	 0.00918		165.121555	-5123.347359
132132	 0.00004	 0.00005	 0.00916	 0.01032	 0.00000	 0.00000	 0.00880		167.784783	-4953.940325
133133	 0.00003	 0.00014	 0.00706	 0.01120	 0.00000	 0.00000	 0.01076		161.355899	-5099.480583
134134	 0.00004	 0.00009	 0.00901	 0.01284	 0.00000	 0.00000	 0.01076		167.585723	-4913.799683
135135	 0.00002	 0.00008	 0.00778	 0.01265	 0.00000	 0.00000	 0.00950		163.563474	-4970.068423
136136	 0.00004	 0.00007	 0.00801	 0.01199	 0.00000	 0.00000	 0.00862		173.219159	-4851.412122
137137	 0.00002	 0.00011	 0.00944	 0.01132	 0.00000	 0.00000	 0.00901		170.147048	-4893.945172
138138	 0.00003	 0.00012	 0.00848	 0.01065	 0.00000	 0.00000	 0.00830		165.301952	-4985.635465
139139	 0.00019	 0.00036	 0.00941	 0.00988	 0.00000	 0.00001	 0.01034		155.912109	-4922.516198
140140	 0.00023	 0.00041	 0.00675	 0.01224	 0.00000	 0.00001	 0.01074		155.688072	-4937.753323
141141	 0.00011	 0.00015	 0.00802	 0.01113	 0.00000	 0.00001	 0.00917		172.766406	-4920.631552
142142	 0.00005	 0.00007	 0.00839	 0.01019	 0.00000	 0.00000	 0.01016		160.895683	-4928.235806
143143	 0.00004	 0.00006	 0.00738	 0.01053	 0.00000	 0.00000	 0.00974		170.015199	-4944.252036
144144	 0.00004	 0.00008	 0.00754	 0.01275	 0.00000	 0.00000	 0.01000		161.057523	-4866.954435
145145	 0.00003	 0.00007	 0.00569	 0.01359	 0.00000	 0.00000	 0.00848		165.909709	-4969.733372
146146	 0.00005	 0.00015	 0.01023	 0.01036	 0.00000	 0.00000	 0.00942		166.145163	-4932.885884
147147	 0.00009	 0.00024	 0.00698	 0.01113	 0.00000	 0.00001	 0.00999		162.751795	-4892.261043
148148	 0.00010	 0.00037	 0.00688	 0.01106	 0.00000	 0.00001	 0.00883		165.374289	-5036.317895
149149	 0.00018	 0.00025	 0.00841	 0.01124	 0.00000	 0.00001	 0.00990		157.789502	-4936.766520
150150	 0.00006	 0.00028	 0.00721	 0.01129	 0.00000	 0.00001	 0.00904		176.553570	-4988.841153
151151	 0.00013	 0.00017	 0.00639	 0.01050	 0.00000	 0.00000	 0.00970		160.468344	-5061.698837
152152	 0.00011	 0.00012	 0.00878	 0.01204	 0.00000	 0.00000	 0.00991		164.488282	-4982.129969
153153	 0.00017	 0.00023	 0.00808	 0.00945	 0.00000	 0.00001	 0.01026		160.519405	-5011.251507
154154	 0.00020	 0.00020	 0.00816	 0.01132	 0.00000	 0.00001	 0.01028		162.007875	-4992.994202
155155	 0.00007	 0.00019	 0.00773	 0.01187	 0.00000	 0.00000	 0.00906		165.017993	-4980.399783
156156	 0.00013	 0.00026	 0.00887	 0.01000	 0.00000	 0.00001	 0.00936		156.311766	-5008.388647
157157	 0.00013	 0.00013	 0.00763	 0.00975	 0.00000	 0.00001	 0.00915		165.767815	-4944.251394
158158	 0.00009	 0.00023	 0.00778	 0.01185	 0.00000	 0.00001	 0.01022		158.042982	-4837.697943
159159	 0.00002	 0.00017	 0.00826	 0.01085	 0.00000	 0.00000	 0.00963		165.927015	-4928.740675
160160	 0.00004	 0.00010	 0.00775	 0.01351	 0.00000	 0.00000	 0.00922		171.401487	-4896.645203
161161	 0.00002	 0.00009	 0.00897	 0.01069	 0.00000	 0.00000	 0.00903		169.395696	-5043.015954
162162	 0.00005	 0.00021	 0.00788	 0.01031	 0.00000	 0.00000	 0.00967		159.847848	-4879.992778
163163	 0.00001	 0.00028	 0.00692	 0.01047	 0.00000	 0.00000	 0.00948		163.707498	-5027.309545
164164	 0.00002	 0.00022	 0.00806	 0.01262	 0.00000	 0.00000	 0.00946		170.682978	-4946.041202
165165	 0.00006	 0.00006	 0.00650	 0.01192	 0.00000	 0.00000	 0.00963		167.151766	-5027.474855
166166	 0.00021	 0.00020	 0.00686	 0.01049	 0.00000	 0.00001	 0.00988		158.733141	-5014.995692
167167	 0.00014	 0.00023	 0.00690	 0.01065	 0.00000	 0.00001	 0.00894		159.381073	-4957.085558
168168	 0.00018	 0.00037	 0.00804	 0.01103	 0.00000	 0.00001	 0.01006		154.690281	-4910.438462
169169	 0.00009	 0.00030	 0.00981	 0.00943	 0.00000	 0.00001	 0.00918		164.407225	-5025.325198
170170	 0.00013	 0.00009	 0.00779	 0.01108	 0.00000	 0.00001	 0.00937		168.157588	-4921.284334
171171	 0.00005	 0.00015	 0.00710	 0.01254	 0.00000	 0.00000	 0.00965		159.387591	-4874.331923
172172	 0.00013	 0.00024	 0.00765	 0.01100	 0.00000	 0.00001	 0.00862		158.876887	-4979.793990
173173	 0.00005	 0.00027	 0.00844	 0.01107	 0.00000	 0.00000	 0.00976		162.259043	-4975.347271
174174	 0.00008	 0.00022	 0.00823	 0.00913	 0.00000	 0.00001	 0.00955		169.237780	-4927.373150
175175	 0.00017	 0.00016	 0.00791	 0.00968	 0.00000	 0.00001	 0.00914		168.207840	-5003.214052
176176	 0.00007	 0.00021	 0.00614	 0.01127	 0.00000	 0.00000	 0.00908		162.472264	-5029.203223
177177	 0.00008	 0.00013	 0.00858	 0.01103	 0.00000	 0.00000	 0.01012		164.281073	-4893.539922
178178	 0.00005	 0.00009	 0.00748	 0.01108	 0.00000	 0.00000	 0.00951		163.365185	-4890.161425
179179	 0.00005	 0.00008	 0.00790	 0.01138	 0.00000	 0.00000	 0.00906		172.135387	-4899.477288
180180	 0.00002	 0.00003	 0.00842	 0.00921	 0.00000	 0.00000	 0.01097		166.336968	-4899.897765
181181	 0.00002	 0.00007	 0.00766	 0.01100	 0.00000	 0.00000	 0.00916		164.912725	-4928.127467
182182	 0.00003	 0.00004	 0.00736	 0.01183	 0.00000	 0.00000	 0.00940		163.193712	-5021.825137
183183	 0.00003	 0.00007	 0.00844	 0.01183	 0.00000	 0.00000	 0.00946		166.893622	-5078.837275
184184	 0.00003	 0.00006	 0.00812	 0.01148	 0.00000	 0.00000	 0.00963		178.388496	-4876.692409
185185	 0.00001	 0.00014	 0.00830	 0.01248	 0.00000	 0.00000	 0.00939		171.019581	-4889.164844
186186	 0.00002	 0.00019	 0.00828	 0.01218	 0.00000	 0.00000	 0.00979		162.464674	-4976.101933
187187	 0.00011	 0.00017	 0.00704	 0.01288	 0.00000	 0.00001	 0.00992		158.890825	-4973.529377
188188	 0.00008	 0.00047	 0.00841	 0.01127	 0.00000	 0.00001	 0.00833		162.528844	-4934.358184
189189	 0.00008	 0.00023	 0.00788	 0.01121	 0.00000	 0.00001	 0.00880		168.835467	-4957.605236
190190	 0.00007	 0.00030	 0.00822	 0.01311	 0.00000	 0.00000	 0.00906		161.048910	-4984.278544
191191	 0.00004	 0.00010	 0.00907	 0.01061	 0.00000	 0.00000	 0.00925		167.169479	-4939.549459
192192	 0.00002	 0.00002	 0.00828	 0.01102	 0.00000	 0.00000	 0.00952		179.516318	-4902.878494
193193	 0.00003	 0.00001	 0.00805	 0.00993	 0.00000	 0.00000	 0.00895		172.261318	-4999.243926
194194	 0.00002	 0.00003	 0.00736	 0.01092	 0.00000	 0.00000	 0.01004		169.660637	-4938.491319
195195	 0.00002	 0.00017	 0.00721	 0.01193	 0.00000	 0.00000	 0.00900		159.763502	-5010.352281
196196	 0.00001	 0.00018	 0.00881	 0.01113	 0.00000	 0.00000	 0.00987		164.572789	-5050.616514
197197	 0.00002	 0.00009	 0.00880	 0.01110	 0.00000	 0.00000	 0.00904		157.067604	-4946.335688
198198	 0.00002	 0.00007	 0.00862	 0.01044	 0.00000	 0.00000	 0.01042		154.367046	-4913.621018
199199	 0.00002	 0.00011	 0.00983	 0.01091	 0.00000	 0.00000	 0.01084		159.929384	-5011.830222
200200	 0.00003	 0.00003	 0.00800	 0.01170	 0.00000	 0.00000	 0.00986		178.258504	-4910.839485
201201	 0.00006	 0.00009	 0.00909	 0.01027	 0.00000	 0.00000	 0.01005		165.164286	-4877.943949
202202	 0.00005	 0.00004	 0.00765	 0.01152	 0.00000	 0.00000	 0.00980		161.343159	-4923.378369
203203	 0.00006	 0.00014	 0.00832	 0.01261	 0.00000	 0.00000	 0.00896		158.908047	-4949.263733
204204	 0.00002	 0.00035	 0.00875	 0.01083	 0.00000	 0.00000	 0.00984		156.548108	-4996.244224
205205	 0.00002	 0.00006	 0.00853	 0.01104	 0.00000	 0.00000	 0.00972		164.195463	-5018.097067
206206	 0.00004	 0.00005	 0.00796	 0.01057	 0.00000	 0.00000	 0.00985		159.371405	-5016.760980
207207	 0.00004	 0.00014	 0.00751	 0.01312	 0.00000	 0.00000	 0.01013		168.994216	-5016.860326
208208	 0.00009	 0.00019	 0.00807	 0.01101	 0.00000	 0.00000	 0.00888		154.476088	-5021.391193
209209	 0.00005	 0.00007	 0.00718	 0.01202	 0.00000	 0.00000	 0.00972		166.993120	-4989.977983
210210	 0.00002	 0.00014	 0.00863	 0.01100	 0.00000	 0.00000	 0.00851		167.042667	-4970.309045
211211	 0.00004	 0.00009	 0.00828	 0.01132	 0.00000	 0.00000	 0.00924		164.863207	-4879.524205
212212	 0.00007	 0.00020	 0.00717	 0.01178	 0.00000	 0.00000	 0.01116		160.994289	-4847.938099
213213	 0.00012	 0.00029	 0.00741	 0.01278	 0.00000	 0.00001	 0.00959		159.987929	-4939.793648
214214	 0.00014	 0.00010	 0.00687	 0.01237	 0.00000	 0.00000	 0.00979		159.600977	-4979.998684
215215	 0.00002	 0.00017	 0.00672	 0.01242	 0.00000	 0.00000	 0.00871		155.561345	-4969.608829
216216	 0.00005	 0.00006	 0.00991	 0.01053	 0.00000	 0.00000	 0.00942		151.326646	-4988.810720
217217	 0.00003	 0.00011	 0.00895	 0.01240	 0.00000	 0.00000	 0.00909		165.834938	-5048.324028
218218	 0.00003	 0.00023	 0.00743	 0.01164	 0.00000	 0.00000	 0.00904		163.274107	-4920.304584
219219	 0.00006	 0.00005	 0.00802	 0.01233	 0.00000	 0.00000	 0.00997		168.159780	-4916.832936
220220	 0.00006	 0.00003	 0.00821	 0.01065	 0.00000	 0.00000	 0.00970		150.489544	-4944.106529
221221	 0.00002	 0.00038	 0.00878	 0.01267	 0.00000	 0.00000	 0.00846		157.251027	-5010.797426
222222	 0.00011	 0.00016	 0.00851	 0.01204	 0.00000	 0.00001	 0.00909		152.918332	-5021.413384
223223	 0.00008	 0.00013	 0.00960	 0.01010	 0.00000	 0.00000	 0.01017		157.893643	-4887.377084
224224	 0.00004	 0.00030	 0.00799	 0.01004	 0.00000	 0.00000	 0.00933		154.721511	-4993.303141
225225	 0.00004	 0.00021	 0.00806	 0.01020	 0.00000	 0.00000	 0.00923		145.586828	-4991.427794
226226	 0.00001	 0.00036	 0.00912	 0.00965	 0.00000	 0.00000	 0.00846		166.908448	-4936.162033
227227	 0.00001	 0.00005	 0.00786	 0.01142	 0.00000	 0.00000	 0.00925		164.785063	-4923.043031
228228	 0.00006	 0.00004	 0.00823	 0.01387	 0.00000	 0.00000	 0.00902		158.285038	-4958.436251
229229	 0.00005	 0.00016	 0.00788	 0.01171	 0.00000	 0.00000	 0.00849		154.640333	-4953.365471
230230	 0.00005	 0.00006	 0.00819	 0.01127	 0.00000	 0.00000	 0.00898		158.781063	-4948.136725
231231	 0.00003	 0.00012	 0.00817	 0.01196	 0.00000	 0.00000	 0.00914		165.939067	-4963.459012
232232	 0.00003	 0.00007	 0.00717	 0.01169	 0.00000	 0.00000	 0.00939		164.216227	-5008.204410
233233	 0.00006	 0.00026	 0.00897	 0.01127	 0.00000	 0.00000	 0.00922		162.474317	-4849.448285
234234	 0.00004	 0.00010	 0.00748	 0.00997	 0.00000	 0.00000	 0.00932		162.125760	-4925.893543
235235	 0.00002	 0.00011	 0.00912	 0.01020	 0.00000	 0.00000	 0.00922		151.027148	-4961.542269
236236	 0.00002	 0.00005	 0.00652	 0.01190	 0.00000	 0.00000	 0.00867		179.140456	-4941.894119
237237	 0.00003	 0.00011	 0.00868	 0.01116	 0.00000	 0.00000	 0.00975		151.207086	-4964.350845
238238	 0.00001	 0.00003	 0.00725	 0.01042	 0.00000	 0.00000	 0.01070		172.580140	-4895.422579
239239	 0.00004	 0.00008	 0.00689	 0.01181	 0.00000	 0.00000	 0.00975		164.260322	-4892.637601
240240	 0.00014	 0.00035	 0.00868	 0.01048	 0.00000	 0.00001	 0.01012		163.466416	-4970.318443
241241	 0.00023	 0.00014	 0.00816	 0.01036	 0.00000	 0.00001	 0.00886		158.836782	-4917.505272
242242	 0.00011	 0.00017	 0.01034	 0.01082	 0.00000	 0.00000	 0.00923		156.682375	-4913.075873
243243	 0.00003	 0.00016	 0.00784	 0.01434	 0.00000	 0.00000	 0.00799		163.929217	-4912.702558
244244	 0.00007	 0.00012	 0.00903	 0.01097	 0.00000	 0.00000	 0.01070		151.399216	-5001.998573
245245	 0.00004	 0.00002	 0.00988	 0.01089	 0.00000	 0.00000	 0.00922		173.685840	-4991.657489
246246	 0.00003	 0.00004	 0.00665	 0.01237	 0.00000	 0.00000	 0.00910		161.981566	-4967.677390
247247	 0.00002	 0.00007	 0.00767	 0.01106	 0.00000	 0.00000	 0.00944		169.953854	-4909.508916
248248	 0.00003	 0.00023	 0.00724	 0.01140	 0.00000	 0.00000	 0.00924		163.926476	-4945.585406
249249	 0.00008	 0.00018	 0.00800	 0.01219	 0.00000	 0.00000	 0.00963		156.928056	-4965.904485
250250	 0.00012	 0.00013	 0.00825	 0.01271	 0.00000	 0.00000	 0.00919		148.957035	-4978.880125
251251	 0.00007	 0.00019	 0.00892	 0.01006	 0.00000	 0.00000	 0.00971		153.942409	-4957.213172
252252	 0.00004	 0.00014	 0.00922	 0.01010	 0.00000	 0.00000	 0.01060		162.173854	-4867.461930
253253	 0.00005	 0.00013	 0.00799	 0.01012	 0.00000	 0.00000	 0.00945		159.136781	-4968.643294
254254	 0.00008	 0.00017	 0.00865	 0.00933	 0.00000	 0.00000	 0.00946		165.306937	-5023.661345
255255	 0.00007	 0.00038	 0.00766	 0.01149	 0.00000	 0.00000	 0.00998		157.197296	-4908.756907
256256	 0.00002	 0.00019	 0.00738	 0.01301	 0.00000	 0.00000	 0.00935		161.889102	-4934.373871
257257	 0.00002	 0.00014	 0.00714	 0.01125	 0.00000	 0.00000	 0.00854		161.432946	-4995.343601
258258	 0.00003	 0.00021	 0.00915	 0.01119	 0.00000	 0.00000	 0.00958		166.479653	-4928.737848
259259	 0.00003	 0.00009	 0.00750	 0.01211	 0.00000	 0.00000	 0.01022		157.987516	-4897.487930
260260	 0.00007	 0.00010	 0.00857	 0.01005	 0.00000	 0.00000	 0.01102		162.761149	-4945.526873
261261	 0.00003	 0.00023	 0.00756	 0.01100	 0.00000	 0.00000	 0.00847		165.936641	-4977.228457
262262	 0.00003	 0.00016	 0.00815	 0.00996	 0.00000	 0.00000	 0.00982		156.788132	-4993.640585
263263	 0.00004	 0.00006	 0.00697	 0.01223	 0.00000	 0.00000	 0.01047		168.730778	-4939.648735
264264	 0.00005	 0.00017	 0.00873	 0.01001	 0.00000	 0.00000	 0.00895		162.139326	-4983.842888
265265	 0.00004	 0.00022	 0.00824	 0.01046	 0.00000	 0.00000	 0.00918		163.413948	-5026.323038
266266	 0.00002	 0.00026	 0.00845	 0.00928	 0.00000	 0.00000	 0.00920		170.382089	-5014.868118
267267	 0.00002	 0.00031	 0.00802	 0.00977	 0.00000	 0.00000	 0.01039		168.331799	-5037.256329
268268	 0.00003	 0.00024	 0.00973	 0.01009	 0.00000	 0.00000	 0.00884		171.741195	-4978.856139
269269	 0.00004	 0.00025	 0.00900	 0.01166	 0.00000	 0.00000	 0.01019		157.728454	-4988.512512
270270	 0.00008	 0.00007	 0.00826	 0.01141	 0.00000	 0.00000	 0.00910		164.454890	-5047.675738
271271	 0.00004	 0.00019	 0.00821	 0.00979	 0.00000	 0.00000	 0.00949		163.585572	-4971.830044
272272	 0.00006	 0.00004	 0.00766	 0.01083	 0.00000	 0.00000	 0.01072		168.497585	-4955.711794
273273	 0.00005	 0.00015	 0.00647	 0.00935	 0.00000	 0.00000	 0.00979		168.330111	-4990.394517
274274	 0.00026	 0.00010	 0.00791	 0.01021	 0.00000	 0.00001	 0.00946		164.082381	-5077.145092
275275	 0.00022	 0.00029	 0.00979	 0.01014	 0.00000	 0.00001	 0.01025		154.658105	-4930.394749
276276	 0.00013	 0.00051	 0.00733	 0.01026	 0.00000	 0.00001	 0.01014		161.742900	-4931.805088
277277	 0.00008	 0.00039	 0.00774	 0.01112	 0.00000	 0.00000	 0.00969		157.888735	-4993.328578
278278	 0.00005	 0.00017	 0.00794	 0.01069	 0.00000	 0.00000	 0.00953		161.689506	-4953.627376
279279	 0.00007	 0.00009	 0.00832	 0.01122	 0.00000	 0.00000	 0.00810		162.114946	-4963.655473
280280	 0.00011	 0.00014	 0.00891	 0.01110	 0.00000	 0.00000	 0.00939		152.799892	-5081.632042
281281	 0.00010	 0.00058	 0.00731	 0.00979	 0.00000	 0.00001	 0.00891		163.626935	-5053.282776
282282	 0.00024	 0.00029	 0.00621	 0.01265	 0.00000	 0.00001	 0.01049		153.679365	-4991.272080
283283	 0.00021	 0.00014	 0.00739	 0.01174	 0.00000	 0.00001	 0.00809		170.353231	-4970.275524
284284	 0.00005	 0.00024	 0.00846	 0.01004	 0.00000	 0.00000	 0.00902		160.738446	-4941.261309
285285	 0.00005	 0.00013	 0.00780	 0.01132	 0.00000	 0.00000	 0.01081		164.935949	-4937.993032
286286	 0.00006	 0.00029	 0.00789	 0.01112	 0.00000	 0.00000	 0.00953		159.708500	-4974.894603
287287	 0.00012	 0.00009	 0.00793	 0.00999	 0.00000	 0.00000	 0.00958		172.517239	-4963.866979
288288	 0.00012	 0.00022	 0.00809	 0.01119	 0.00000	 0.00001	 0.00935		165.832833	-4971.072842
289289	 0.00007	 0.00010	 0.00837	 0.01148	 0.00000	 0.00000	 0.00974		170.349421	-4922.920238
290290	 0.00013	 0.00030	 0.00853	 0.01103	 0.00000	 0.00000	 0.00909		150.346187	-4882.108259
291291	 0.00027	 0.00029	 0.00788	 0.00989	 0.00000	 0.00001	 0.01051		154.314119	-5013.873815
292292	 0.00014	 0.00038	 0.00702	 0.01142	 0.00000	 0.00001	 0.00954		152.594847	-4926.774860
293293	 0.00017	 0.00028	 0.01032	 0.01226	 0.00000	 0.00001	 0.00898		155.499951	-4978.106615
294294	 0.00005	 0.00015	 0.00805	 0.01159	 0.00000	 0.00000	 0.00897		160.257986	-4994.136893
295295	 0.00004	 0.00038	 0.00841	 0.01133	 0.00000	 0.00000	 0.00861		160.104241	-4948.630090
296296	 0.00002	 0.00027	 0.00941	 0.00976	 0.00000	 0.00000	 0.00940		165.541165	-4954.655554
297297	 0.00002	 0.00010	 0.00800	 0.01112	 0.00000	 0.00000	 0.00983		170.939635	-4905.383764
298298	 0.00002	 0.00004	 0.00638	 0.01299	 0.00000	 0.00000	 0.00936		178.872798	-4852.104037
299299	 0.00001	 0.00007	 0.00963	 0.01073	 0.00000	 0.00000	 0.00947		174.751733	-4859.864213
300300	 0.00002	 0.00008	 0.00801	 0.01052	 0.00000	 0.00000	 0.01067		176.919978	-4947.737662
301301	 0.00002	 0.00004	 0.00822	 0.01095	 0.00000	 0.00000	 0.00965		171.235219	-4953.005490
302302	 0.00005	 0.00006	 0.00843	 0.01131	 0.00000	 0.00000	 0.00901		159.843550	-4903.677890
303303	 0.00007	 0.00012	 0.00829	 0.01165	 0.00000	 0.00000	 0.00885		155.365422	-4934.503620
304304	 0.00005	 0.00028	 0.00780	 0.01261	 0.00000	 0.00000	 0.00993		158.293204	-4895.189999
305305	 0.00008	 0.00061	 0.00793	 0.01041	 0.00000	 0.00001	 0.01091		156.131694	-4892.322759
306306	 0.00006	 0.00029	 0.00744	 0.00917	 0.00000	 0.00000	 0.01081		161.881104	-5005.414246
307307	 0.00013	 0.00014	 0.00804	 0.01235	 0.00000	 0.00001	 0.00991		160.637591	-4877.467891
308308	 0.00010	 0.00019	 0.00910	 0.01091	 0.00000	 0.00001	 0.00794		166.819130	-5040.032073
309309	 0.00025	 0.00019	 0.00726	 0.01141	 0.00000	 0.00001	 0.00958		157.447402	-5050.481578
310310	 0.00016	 0.00019	 0.00665	 0.01075	 0.00000	 0.00001	 0.00883		160.625338	-5060.301561
311311	 0.00011	 0.00021	 0.00823	 0.01080	 0.00000	 0.00000	 0.00944		156.411418	-5000.152561
312312	 0.00005	 0.00009	 0.00810	 0.01078	 0.00000	 0.00000	 0.00941		165.658191	-4847.132710
313313	 0.00027	 0.00020	 0.00870	 0.01034	 0.00000	 0.00001	 0.00955		155.304356	-4915.337648
314314	 0.00007	 0.00009	 0.00817	 0.01106	 0.00000	 0.00000	 0.00981		161.632671	-4880.001190
315315	 0.00008	 0.00020	 0.00791	 0.01057	 0.00000	 0.00000	 0.00910		163.958448	-4873.692866
316316	 0.00013	 0.00012	 0.00715	 0.00998	 0.00000	 0.00000	 0.00951		162.279263	-4989.712437
317317	 0.00012	 0.00018	 0.00808	 0.01067	 0.00000	 0.00001	 0.00929		163.947775	-5038.372488
318318	 0.00010	 0.00018	 0.00758	 0.01045	 0.00000	 0.00001	 0.00800		175.973142	-5032.658086
319319	 0.00007	 0.00019	 0.00714	 0.01024	 0.00000	 0.00000	 0.00948		164.588090	-4998.187980
320320	 0.00001	 0.00014	 0.00721	 0.01204	 0.00000	 0.00000	 0.00940		172.539193	-5046.633548
321321	 0.00003	 0.00010	 0.00890	 0.00985	 0.00000	 0.00000	 0.00857		169.092665	-4991.417443
322322	 0.00001	 0.00011	 0.00798	 0.01113	 0.00000	 0.00000	 0.00958		169.883095	-4891.798989
323323	 0.00001	 0.00017	 0.00789	 0.01075	 0.00000	 0.00000	 0.00891		175.253674	-4976.556823
324324	 0.00000	 0.00011	 0.00791	 0.01041	 0.00000	 0.00000	 0.00927		163.964799	-5030.101934
325325	 0.00001	 0.00025	 0.00796	 0.01176	 0.00000	 0.00000	 0.00860		163.042136	-5086.426721
326326	 0.00000	 0.00018	 0.00763	 0.01137	 0.00000	 0.00000	 0.00901		170.434792	-5033.447183
327327	 0.00000	 0.00007	 0.00727	 0.01022	 0.00000	 0.00000	 0.00917		174.917649	-4965.991658
328328	 0.00002	 0.00006	 0.00790	 0.01146	 0.00000	 0.00000	 0.01017		160.618488	-4919.666475
329329	 0.00000	 0.00025	 0.00728	 0.01220	 0.00000	 0.00000	 0.00890		170.045949	-5047.166191
330330	 0.00000	 0.00002	 0.00777	 0.01288	 0.00000	 0.00000	 0.00923		171.852444	-5017.551624
331331	 0.00000	 0.00004	 0.00727	 0.01254	 0.00000	 0.00000	 0.01003		163.055281	-4861.066432
332332	 0.00001	 0.00001	 0.00856	 0.01053	 0.00000	 0.00000	 0.01064		153.907596	-4923.313897
333333	 0.00000	 0.00003	 0.00816	 0.01287	 0.00000	 0.00000	 0.00887		173.725217	-5003.836033
334334	 0.00000	 0.00006	 0.00891	 0.01094	 0.00000	 0.00000	 0.00851		171.784328	-4979.625186
335335	 0.00000	 0.00013	 0.00752	 0.01238	 0.00000	 0.00000	 0.00993		172.090267	-4955.615498
336336	 0.00001	 0.00024	 0.00905	 0.01050	 0.00000	 0.00000	 0.00996		161.672238	-4899.388642
337337	 0.00004	 0.00012	 0.00721	 0.01233	 0.00000	 0.00000	 0.00903		166.531262	-4881.561516
338338	 0.00002	 0.00018	 0.00658	 0.01374	 0.00000	 0.00000	 0.00880		170.370089	-5026.775842
339339	 0.00003	 0.00007	 0.00714	 0.01110	 0.00000	 0.00000	 0.01008		163.633006	-4846.137918
340340	 0.00001	 0.00003	 0.00707	 0.01149	 0.00000	 0.00000	 0.00923		173.757981	-4998.079017
341341	 0.00002	 0.00005	 0.00902	 0.01060	 0.00000	 0.00000	 0.00927		174.520080	-5062.255102
342342	 0.00005	 0.00004	 0.00704	 0.01315	 0.00000	 0.00000	 0.00951		174.485376	-5088.386603
343343	 0.00004	 0.00014	 0.00765	 0.01153	 0.00000	 0.00000	 0.00924		172.178736	-4954.659662
344344	 0.00004	 0.00016	 0.00885	 0.01175	 0.00000	 0.00000	 0.00949		172.151364	-4956.869936
345345	 0.00005	 0.00019	 0.00787	 0.01163	 0.00000	 0.00000	 0.01103		159.809309	-4855.267534
346346	 0.00007	 0.00014	 0.00953	 0.01062	 0.00000	 0.00000	 0.00955		166.615688	-4883.808554
347347	 0.00014	 0.00012	 0.00864	 0.01156	 0.00000	 0.00000	 0.01000		156.367086	-4936.107846
348348	 0.00015	 0.00026	 0.00805	 0.01221	 0.00000	 0.00000	 0.00978		150.896182	-4924.390529
349349	 0.00011	 0.00023	 0.00883	 0.01168	 0.00000	 0.00000	 0.00999		155.006596	-4867.399937
350350	 0.00007	 0.00011	 0.00876	 0.01318	 0.00000	 0.00000	 0.01099		168.567197	-4784.631876
351351	 0.00006	 0.00013	 0.00841	 0.01140	 0.00000	 0.00000	 0.00881		167.065737	-4915.218813
352352	 0.00005	 0.00010	 0.00874	 0.01199	 0.00000	 0.00000	 0.00903		172.138830	-4934.388739
353353	 0.00016	 0.00004	 0.00765	 0.01209	 0.00000	 0.00000	 0.01124		159.050921	-4923.644822
354354	 0.00004	 0.00014	 0.00873	 0.01018	 0.00000	 0.00000	 0.00972		165.982790	-4910.392372
355355	 0.00002	 0.00007	 0.00836	 0.01088	 0.00000	 0.00000	 0.00870		169.075895	-5012.162330
356356	 0.00001	 0.00007	 0.00841	 0.01060	 0.00000	 0.00000	 0.00945		165.166846	-4990.501536
357357	 0.00003	 0.00013	 0.00789	 0.01248	 0.00000	 0.00000	 0.00970		156.934589	-5026.138178
358358	 0.00003	 0.00027	 0.00862	 0.01154	 0.00000	 0.00000	 0.00988		167.695157	-4928.179679
359359	 0.00009	 0.00017	 0.00753	 0.01157	 0.00000	 0.00000	 0.00832		165.488643	-4924.795160
360360	 0.00003	 0.00017	 0.00724	 0.01071	 0.00000	 0.00000	 0.01021		167.952637	-5014.584501
361361	 0.00003	 0.00023	 0.00749	 0.00964	 0.00000	 0.00000	 0.00839		155.826119	-5125.141230
362362	 0.00013	 0.00027	 0.00898	 0.01204	 0.00000	 0.00001	 0.00924		154.752340	-4952.421980
363363	 0.00004	 0.00012	 0.00805	 0.01166	 0.00000	 0.00000	 0.00938		158.314760	-4891.727357
364364	 0.00005	 0.00015	 0.00806	 0.00941	 0.00000	 0.00000	 0.00983		150.047440	-5014.150912
365365	 0.00012	 0.00009	 0.00864	 0.01162	 0.00000	 0.00000	 0.00993		152.711272	-4830.963034
366366	 0.00002	 0.00017	 0.00783	 0.01243	 0.00000	 0.00000	 0.00887		157.044590	-5068.723479
367367	 0.00002	 0.00005	 0.00734	 0.01129	 0.00000	 0.00000	 0.01018		158.475348	-4949.058963
368368	 0.00002	 0.00008	 0.00855	 0.01027	 0.00000	 0.00000	 0.00976		162.274487	-5064.902555
369369	 0.00001	 0.00008	 0.00783	 0.01095	 0.00000	 0.00000	 0.00928		171.619801	-4949.703825
370370	 0.00002	 0.00008	 0.00882	 0.01040	 0.00000	 0.00000	 0.01020		161.643101	-5003.026764
371371	 0.00003	 0.00005	 0.00867	 0.01098	 0.00000	 0.00000	 0.00977		160.752453	-4947.597146
372372	 0.00001	 0.00005	 0.00868	 0.01118	 0.00000	 0.00000	 0.00998		151.574031	-5001.426563
373373	 0.00001	 0.00011	 0.00820	 0.01049	 0.00000	 0.00000	 0.00996		152.777880	-5061.343673
374374	 0.00002	 0.00009	 0.00834	 0.01100	 0.00000	 0.00000	 0.00898		157.410322	-4983.494443
375375	 0.00006	 0.00005	 0.00811	 0.01017	 0.00000	 0.00000	 0.01057		154.851867	-5036.369718
376376	 0.00006	 0.00009	 0.00915	 0.01061	 0.00000	 0.00000	 0.00995		155.678100	-4955.635864
377377	 0.00005	 0.00006	 0.00848	 0.01103	 0.00000	 0.00000	 0.00949		157.192053	-4964.235195
378378	 0.00002	 0.00008	 0.00891	 0.01024	 0.00000	 0.00000	 0.00854		157.144991	-4977.842869
379379	 0.00002	 0.00007	 0.00870	 0.00956	 0.00000	 0.00000	 0.00988		157.835827	-4986.819959
380380	 0.00002	 0.00021	 0.00801	 0.01163	 0.00000	 0.00000	 0.01000		148.920003	-4960.698844
381381	 0.00003	 0.00015	 0.00984	 0.00918	 0.00000	 0.00000	 0.00955		148.210371	-4997.854716
382382	 0.00008	 0.00015	 0.00783	 0.01131	 0.00000	 0.00000	 0.00948		154.279180	-4964.577693
383383	 0.00004	 0.00011	 0.00859	 0.01190	 0.00000	 0.00000	 0.01007		166.962523	-4907.541960
384384	 0.00013	 0.00015	 0.00943	 0.01064	 0.00000	 0.00001	 0.00888		163.701137	-4982.590437
385385	 0.00011	 0.00034	 0.00759	 0.01116	 0.00000	 0.00000	 0.01001		154.154874	-4983.064523
386386	 0.00008	 0.00016	 0.00989	 0.01158	 0.00000	 0.00000	 0.00900		156.553967	-5121.464464
387387	 0.00004	 0.00015	 0.00763	 0.01046	 0.00000	 0.00000	 0.00923		163.847903	-5076.969072
388388	 0.00008	 0.00009	 0.00864	 0.01070	 0.00000	 0.00000	 0.00907		154.123589	-4984.390587
389389	 0.00002	 0.00026	 0.00863	 0.01065	 0.00000	 0.00000	 0.00788		169.706987	-5069.226127
390390	 0.00006	 0.00022	 0.00926	 0.00966	 0.00000	 0.00000	 0.00990		159.135100	-5035.101280
391391	 0.00007	 0.00025	 0.00901	 0.01101	 0.00000	 0.00000	 0.00915		164.028326	-5079.174663
392392	 0.00004	 0.00055	 0.00871	 0.01031	 0.00000	 0.00000	 0.00971		165.016382	-4969.703998
393393	 0.00007	 0.00014	 0.00845	 0.01117	 0.00000	 0.00000	 0.00978		166.418330	-4944.966989
394394	 0.00007	 0.00018	 0.00671	 0.01108	 0.00000	 0.00000	 0.00897		164.473126	-5031.590339
395395	 0.00003	 0.00022	 0.00770	 0.01071	 0.00000	 0.00000	 0.00949		162.918387	-4940.640116
396396	 0.00006	 0.00021	 0.00888	 0.01106	 0.00000	 0.00000	 0.00922		169.491690	-4893.239705
397397	 0.00005	 0.00009	 0.00754	 0.01045	 0.00000	 0.00000	 0.00894		165.927165	-4994.500148
398398	 0.00002	 0.00019	 0.00920	 0.00940	 0.00000	 0.00000	 0.00876		169.531220	-5023.182461
399399	 0.00005	 0.00009	 0.00819	 0.01239	 0.00000	 0.00000	 0.00917		165.364051	-4996.641137
400400	 0.00007	 0.00017	 0.00917	 0.01028	 0.00000	 0.00000	 0.00861		162.428228	-4938.809364
401401	 0.00013	 0.00012	 0.00758	 0.01030	 0.00000	 0.00000	 0.00929		156.387246	-4959.743219
402402	 0.00007	 0.00018	 0.00866	 0.01113	 0.00000	 0.00000	 0.01055		163.995962	-4862.400041
403403	 0.00003	 0.00052	 0.00929	 0.01005	 0.00000	 0.00000	 0.00953		166.042187	-4985.786910
404404	 0.00003	 0.00003	 0.00826	 0.00956	 0.00000	 0.00000	 0.01002		168.243017	-4991.470243
405405	 0.00002	 0.00005	 0.00816	 0.01231	 0.00000	 0.00000	 0.00929		179.151400	-4981.384510
406406	 0.00004	 0.00016	 0.00848	 0.01169	 0.00000	 0.00000	 0.00981		163.064780	-4939.005288
407407	 0.00015	 0.00029	 0.00892	 0.00990	 0.00000	 0.00001	 0.00993		155.246323	-4984.401315
408408	 0.00034	 0.00047	 0.00784	 0.01125	 0.00000	 0.00002	 0.01054		154.594582	-4857.700778
409409	 0.00018	 0.00061	 0.00876	 0.01226	 0.00000	 0.00001	 0.00967		158.549173	-4932.083790
410410	 0.00024	 0.00032	 0.00673	 0.01218	 0.00000	 0.00001	 0.00924		159.117017	-4969.086360
411411	 0.00017	 0.00047	 0.00727	 0.00977	 0.00000	 0.00001	 0.01073		158.762324	-5019.752971
412412	 0.00006	 0.00014	 0.00798	 0.01033	 0.00000	 0.00000	 0.01006		166.763498	-4943.161348
413413	 0.00017	 0.00028	 0.00766	 0.01120	 0.00000	 0.00001	 0.00858		165.602988	-4960.813965
414414	 0.00008	 0.00037	 0.00678	 0.01376	 0.00000	 0.00000	 0.00947		158.856676	-4998.917376
415415	 0.00008	 0.00024	 0.00784	 0.01108	 0.00000	 0.00001	 0.00904		160.371514	-4905.798346
416416	 0.00005	 0.00020	 0.00807	 0.01060	 0.00000	 0.00000	 0.01142		160.728259	-4957.733698
417417	 0.00005	 0.00007	 0.00776	 0.00905	 0.00000	 0.00000	 0.01080		162.122169	-4911.924892
418418	 0.00004	 0.00004	 0.00739	 0.01176	 0.00000	 0.00000	 0.00981		163.964449	-4880.553049
419419	 0.00004	 0.00013	 0.00784	 0.01053	 0.00000	 0.00000	 0.01007		159.072994	-4944.077661
420420	 0.00004	 0.00022	 0.00633	 0.01044	 0.00000	 0.00000	 0.01090		162.799098	-4928.394223
421421	 0.00007	 0.00025	 0.00754	 0.01050	 0.00000	 0.00000	 0.00945		163.077029	-5019.673597
422422	 0.00016	 0.00027	 0.00745	 0.01230	 0.00000	 0.00001	 0.00945		157.877200	-4924.337433
423423	 0.00010	 0.00025	 0.00889	 0.01110	 0.00000	 0.00000	 0.00891		154.030648	-5173.685568
424424	 0.00011	 0.00009	 0.00866	 0.01088	 0.00000	 0.00000	 0.00914		160.561385	-4869.125860
425425	 0.00018	 0.00016	 0.00753	 0.01040	 0.00000	 0.00001	 0.01000		155.241314	-5022.298512
426426	 0.00013	 0.00008	 0.00791	 0.01161	 0.00000	 0.00000	 0.00999		162.385815	-4865.161692
427427	 0.00009	 0.00022	 0.00788	 0.01170	 0.00000	 0.00001	 0.01094		160.928860	-4956.433019
428428	 0.00026	 0.00020	 0.00691	 0.01140	 0.00000	 0.00001	 0.00957		155.673372	-5017.341458
429429	 0.00019	 0.00038	 0.00806	 0.01261	 0.00000	 0.00001	 0.00898		156.859293	-5129.251776
430430	 0.00016	 0.00038	 0.00860	 0.01220	 0.00000	 0.00001	 0.00973		155.671164	-4985.988756
431431	 0.00015	 0.00017	 0.00754	 0.01163	 0.00000	 0.00001	 0.01065		163.126924	-5019.639612
432432	 0.00008	 0.00018	 0.00741	 0.01164	 0.00000	 0.00000	 0.01028		163.438556	-5112.347640
433433	 0.00016	 0.00023	 0.00718	 0.01086	 0.00000	 0.00001	 0.01020		156.679237	-5002.063708
434434	 0.00008	 0.00010	 0.00946	 0.01031	 0.00000	 0.00000	 0.00960		164.802587	-4961.071757
435435	 0.00003	 0.00007	 0.00849	 0.00990	 0.00000	 0.00000	 0.00934		170.254632	-4955.067909
436436	 0.00005	 0.00025	 0.00808	 0.01110	 0.00000	 0.00000	 0.01056		154.392336	-4946.482444
437437	 0.00003	 0.00009	 0.00948	 0.01162	 0.00000	 0.00000	 0.01026		158.685949	-4886.859394
438438	 0.00002	 0.00004	 0.00929	 0.00895	 0.00000	 0.00000	 0.00969		164.976814	-5083.541118
439439	 0.00001	 0.00013	 0.00849	 0.01236	 0.00000	 0.00000	 0.00967		165.259574	-4954.033161
440440	 0.00002	 0.00005	 0.00845	 0.01060	 0.00000	 0.00000	 0.00918		168.073533	-4978.805857
441441	 0.00001	 0.00007	 0.00728	 0.01126	 0.00000	 0.00000	 0.01004		168.618528	-4989.924374
442442	 0.00002	 0.00003	 0.00852	 0.01060	 0.00000	 0.00000	 0.00983		171.920271	-4997.698335
443443	 0.00009	 0.00029	 0.00902	 0.01019	 0.00000	 0.00000	 0.00881		155.340933	-5003.321682
444444	 0.00010	 0.00044	 0.00736	 0.01111	 0.00000	 0.00001	 0.00941		159.619861	-4959.358510
445445	 0.00015	 0.00027	 0.00810	 0.01112	 0.00000	 0.00001	 0.00859		152.812657	-4964.889370
446446	 0.00007	 0.00017	 0.00800	 0.01135	 0.00000	 0.00000	 0.01025		157.826661	-4965.959603
447447	 0.00008	 0.00034	 0.00874	 0.01109	 0.00000	 0.00000	 0.00916		161.149776	-4987.709109
448448	 0.00005	 0.00018	 0.00840	 0.01180	 0.00000	 0.00000	 0.00885		171.396884	-4977.979871
449449	 0.00007	 0.00020	 0.00895	 0.01118	 0.00000	 0.00000	 0.00974		165.618338	-4981.735974
450450	 0.00026	 0.00023	 0.00671	 0.01128	 0.00000	 0.00001	 0.00949		158.313113	-5034.952575
451451	 0.00010	 0.00017	 0.00868	 0.01277	 0.00000	 0.00000	 0.01036		153.193052	-4935.201372
452452	 0.00003	 0.00006	 0.00746	 0.00927	 0.00000	 0.00000	 0.00927		165.056878	-5060.698086
453453	 0.00003	 0.00005	 0.00841	 0.01193	 0.00000	 0.00000	 0.01037		158.269474	-5084.317216
454454	 0.00003	 0.00007	 0.00833	 0.01189	 0.00000	 0.00000	 0.01100		159.011081	-4923.303270
455455	 0.00002	 0.00028	 0.00766	 0.01267	 0.00000	 0.00000	 0.00946		153.565193	-4957.756167
456456	 0.00007	 0.00020	 0.00853	 0.01106	 0.00000	 0.00000	 0.01018		157.034622	-4921.943389
457457	 0.00014	 0.00019	 0.00891	 0.01248	 0.00000	 0.00000	 0.00998		150.204722	-4995.939767
458458	 0.00006	 0.00012	 0.00828	 0.00962	 0.00000	 0.00000	 0.00881		166.497110	-4989.701075
459459	 0.00005	 0.00030	 0.00723	 0.01136	 0.00000	 0.00000	 0.00924		162.510220	-5023.884394
460460	 0.00004	 0.00037	 0.00680	 0.01120	 0.00000	 0.00000	 0.01012		161.286836	-4975.437561
461461	 0.00004	 0.00022	 0.00873	 0.00998	 0.00000	 0.00000	 0.00913		171.023313	-4937.703572
462462	 0.00016	 0.00013	 0.00827	 0.01043	 0.00000	 0.00001	 0.00913		165.725919	-4901.371070
463463	 0.00014	 0.00015	 0.00893	 0.01003	 0.00000	 0.00001	 0.01033		165.597803	-4982.056725
464464	 0.00007	 0.00018	 0.00836	 0.01044	 0.00000	 0.00000	 0.00901		167.960753	-4952.206968
465465	 0.00014	 0.00024	 0.00776	 0.01208	 0.00000	 0.00001	 0.01076		161.774384	-4906.749139
466466	 0.00010	 0.00020	 0.00793	 0.01000	 0.00000	 0.00001	 0.00990		165.056876	-4919.094857
467467	 0.00005	 0.00007	 0.00824	 0.01012	 0.00000	 0.00000	 0.00915		172.620942	-5019.210479
468468	 0.00002	 0.00008	 0.00840	 0.01125	 0.00000	 0.00000	 0.00959		173.860005	-4928.903046
469469	 0.00003	 0.00005	 0.00880	 0.01096	 0.00000	 0.00000	 0.00925		168.118427	-4892.785900
470470	 0.00003	 0.00012	 0.00843	 0.01103	 0.00000	 0.00000	 0.00948		159.648129	-4952.217321
471471	 0.00003	 0.00042	 0.00946	 0.01138	 0.00000	 0.00000	 0.00947		165.185744	-4929.831468
472472	 0.00004	 0.00006	 0.00732	 0.01154	 0.00000	 0.00000	 0.00883		173.368714	-4924.444634
473473	 0.00010	 0.00015	 0.00840	 0.01164	 0.00000	 0.00000	 0.00921		168.637993	-4867.886629
474474	 0.00009	 0.00009	 0.00732	 0.01067	 0.00000	 0.00000	 0.00968		164.656312	-5018.928111
475475	 0.00027	 0.00016	 0.00662	 0.01199	 0.00000	 0.00001	 0.01080		160.354592	-4970.313863
476476	 0.00012	 0.00038	 0.00729	 0.01138	 0.00000	 0.00001	 0.00893		164.872395	-5008.194884
477477	 0.00012	 0.00013	 0.00822	 0.01161	 0.00000	 0.00000	 0.00977		163.612938	-4929.459145
478478	 0.00010	 0.00010	 0.00827	 0.01072	 0.00000	 0.00000	 0.00970		165.970192	-4916.587589
479479	 0.00007	 0.00057	 0.00770	 0.00991	 0.00000	 0.00000	 0.01041		158.373815	-4997.449467
480480	 0.00006	 0.00015	 0.00906	 0.01039	 0.00000	 0.00000	 0.00965		159.747609	-4998.368324
481481	 0.00003	 0.00014	 0.00751	 0.01163	 0.00000	 0.00000	 0.01014		162.660789	-5001.414536
482482	 0.00006	 0.00008	 0.00800	 0.00964	 0.00000	 0.00000	 0.01072		155.221207	-4899.820614
483483	 0.00001	 0.00010	 0.00873	 0.01075	 0.00000	 0.00000	 0.00830		165.830560	-5106.089018
484484	 0.00001	 0.00005	 0.00750	 0.01129	 0.00000	 0.00000	 0.00848		167.838915	-5035.241195
485485	 0.00001	 0.00008	 0.00879	 0.01082	 0.00000	 0.00000	 0.00990		170.865532	-4992.327305
486486	 0.00001	 0.00006	 0.00949	 0.01088	 0.00000	 0.00000	 0.00881		173.986575	-4976.813675
487487	 0.00002	 0.00016	 0.00762	 0.01089	 0.00000	 0.00000	 0.01114		159.583171	-4985.110021
488488	 0.00001	 0.00017	 0.00785	 0.01073	 0.00000	 0.00000	 0.00906		169.740533	-5060.545650
489489	 0.00001	 0.00006	 0.00759	 0.01145	 0.00000	 0.00000	 0.00956		173.896858	-4968.552259
490490	 0.00004	 0.00004	 0.00879	 0.00943	 0.00000	 0.00000	 0.01019		173.299278	-4942.523852
491491	 0.00001	 0.00029	 0.00812	 0.01167	 0.00000	 0.00000	 0.00946		165.886422	-4912.858908
492492	 0.00001	 0.00005	 0.00857	 0.00960	 0.00000	 0.00000	 0.01015		166.327223	-5041.978563
493493	 0.00001	 0.00009	 0.00902	 0.01181	 0.00000	 0.00000	 0.01052		169.346317	-4905.559253
494494	 0.00002	 0.00004	 0.00824	 0.01170	 0.00000	 0.00000	 0.00849		173.111842	-4992.242385
495495	 0.00003	 0.00004	 0.00872	 0.01017	 0.00000	 0.00000	 0.00965		167.404437	-4873.636928
496496	 0.00002	 0.00005	 0.00803	 0.01034	 0.00000	 0.00000	 0.00851		184.260783	-5028.729498
497497	 0.00021	 0.00023	 0.00647	 0.01319	 0.00000	 0.00001	 0.01068		152.747082	-5007.402433
498498	 0.00022	 0.00052	 0.00842	 0.01028	 0.00000	 0.00001	 0.01048		150.347406	-4955.414862
499499	 0.00017	 0.00015	 0.00928	 0.01040	 0.00000	 0.00001	 0.00997		155.017453	-4942.723260
500500	 0.00009	 0.00045	 0.00769	 0.01186	 0.00000	 0.00001	 0.01067		155.096527	-4877.725615
501501	 0.00021	 0.00014	 0.00894	 0.01118	 0.00000	 0.00000	 0.00905		149.056409	-5046.839267
502502	 0.00018	 0.00016	 0.00740	 0.00975	 0.00000	 0.00001	 0.00921		154.535965	-5089.385338
503503	 0.00016	 0.00019	 0.00737	 0.01247	 0.00000	 0.00000	 0.00978		145.461680	-4992.316716
504504	 0.00006	 0.00015	 0.00796	 0.01113	 0.00000	 0.00000	 0.00843		146.927389	-5019.514929
505505	 0.00009	 0.00036	 0.00887	 0.00951	 0.00000	 0.00001	 0.00958		153.857750	-5067.190580
506506	 0.00036	 0.00022	 0.00846	 0.00998	 0.00000	 0.00001	 0.00982		148.342371	-4878.698005
507507	 0.00015	 0.00020	 0.00881	 0.01019	 0.00000	 0.00001	 0.00908		153.683714	-4965.084039
508508	 0.00016	 0.00026	 0.00764	 0.01160	 0.00000	 0.00001	 0.00885		156.020121	-4910.596864
509509	 0.00006	 0.00010	 0.00647	 0.01243	 0.00000	 0.00000	 0.00878		163.085962	-4992.710541
510510	 0.00004	 0.00018	 0.00695	 0.01210	 0.00000	 0.00000	 0.00996		158.806488	-4901.639737
511511	 0.00005	 0.00010	 0.00601	 0.01189	 0.00000	 0.00000	 0.01085		155.161657	-4949.663468
512512	 0.00010	 0.00013	 0.00788	 0.01218	 0.00000	 0.00000	 0.01003		163.592982	-4879.289692
513513	 0.00008	 0.00011	 0.00904	 0.01107	 0.00000	 0.00000	 0.00810		158.674915	-4998.831578
514514	 0.00003	 0.00008	 0.00882	 0.01049	 0.00000	 0.00000	 0.00782		167.781723	-4937.584445
515515	 0.00003	 0.00045	 0.00741	 0.01172	 0.00000	 0.00000	 0.00919		155.724903	-4978.326212
516516	 0.00006	 0.00026	 0.00963	 0.01051	 0.00000	 0.00000	 0.00817		158.855181	-4961.686909
517517	 0.00003	 0.00046	 0.00975	 0.01112	 0.00000	 0.00000	 0.00893		159.748388	-4919.414740
518518	 0.00004	 0.00025	 0.00988	 0.01238	 0.00000	 0.00000	 0.00910		162.754204	-4895.045047
519519	 0.00003	 0.00004	 0.00762	 0.01031	 0.00000	 0.00000	 0.01033		162.018041	-5035.401722
520520	 0.00003	 0.00006	 0.00757	 0.01388	 0.00000	 0.00000	 0.00980		165.649980	-4895.617865
521521	 0.00001	 0.00008	 0.00975	 0.01036	 0.00000	 0.00000	 0.01020		161.655372	-4959.063640
522522	 0.00002	 0.00015	 0.00882	 0.01330	 0.00000	 0.00000	 0.01015		149.950675	-4937.943809
523523	 0.00004	 0.00009	 0.00719	 0.01109	 0.00000	 0.00000	 0.01090		160.931603	-4948.612144
524524	 0.00004	 0.00009	 0.00708	 0.01171	 0.00000	 0.00000	 0.00985		161.670347	-4956.021460
525525	 0.00005	 0.00030	 0.00889	 0.01056	 0.00000	 0.00000	 0.00923		156.965951	-4970.410505
526526	 0.00013	 0.00023	 0.00877	 0.01319	 0.00000	 0.00000	 0.00931		147.274167	-4967.968414
527527	 0.00004	 0.00004	 0.00676	 0.01082	 0.00000	 0.00000	 0.00880		162.736285	-5036.244618
528528	 0.00006	 0.00008	 0.00814	 0.01138	 0.00000	 0.00000	 0.00951		166.250804	-4885.793321
529529	 0.00001	 0.00034	 0.00783	 0.01063	 0.00000	 0.00000	 0.00866		165.348424	-5026.358988
530530	 0.00001	 0.00022	 0.00829	 0.01095	 0.00000	 0.00000	 0.00811		167.950758	-4985.694923
531531	 0.00002	 0.00020	 0.00919	 0.01079	 0.00000	 0.00000	 0.00997		162.316615	-4932.628805
532532	 0.00004	 0.00018	 0.00828	 0.01103	 0.00000	 0.00000	 0.00917		163.747975	-5004.766862
533533	 0.00012	 0.00028	 0.00836	 0.01018	 0.00000	 0.00001	 0.01162		158.181856	-4975.079898
534534	 0.00006	 0.00006	 0.00725	 0.01071	 0.00000	 0.00000	 0.00948		173.464086	-4930.632225
535535	 0.00005	 0.00011	 0.00754	 0.01095	 0.00000	 0.00000	 0.01026		170.265830	-4925.212736
536536	 0.00009	 0.00017	 0.00750	 0.01182	 0.00000	 0.00000	 0.01011		165.767810	-4909.942381
537537	 0.00003	 0.00048	 0.00727	 0.01257	 0.00000	 0.00000	 0.01000		160.329128	-4931.672529
538538	 0.00003	 0.00009	 0.00724	 0.01254	 0.00000	 0.00000	 0.01080		167.393211	-4898.744374
539539	 0.00003	 0.00016	 0.00895	 0.00992	 0.00000	 0.00000	 0.01022		162.414727	-4990.549597
540540	 0.00001	 0.00010	 0.00646	 0.01261	 0.00000	 0.00000	 0.01061		162.250604	-4971.558925
541541	 0.00003	 0.00003	 0.00803	 0.01099	 0.00000	 0.00000	 0.00986		167.719176	-4924.271163
542542	 0.00005	 0.00009	 0.00877	 0.01154	 0.00000	 0.00000	 0.00869		167.633362	-4916.419159
543543	 0.00006	 0.00011	 0.00750	 0.01245	 0.00000	 0.00000	 0.00881		159.976751	-4959.384435
544544	 0.00005	 0.00036	 0.00745	 0.01020	 0.00000	 0.00000	 0.01077		160.873702	-4957.077091
545545	 0.00008	 0.00007	 0.00796	 0.01303	 0.00000	 0.00000	 0.00844		167.492853	-4968.781429
546546	 0.00002	 0.00011	 0.00835	 0.01013	 0.00000	 0.00000	 0.00960		170.233699	-5014.471423
547547	 0.00006	 0.00018	 0.00809	 0.01199	 0.00000	 0.00000	 0.01013		163.027329	-4938.458273
548548	 0.00003	 0.00026	 0.00703	 0.01207	 0.00000	 0.00000	 0.00908		174.632007	-4884.842933
549549	 0.00001	 0.00006	 0.00832	 0.00998	 0.00000	 0.00000	 0.01027		174.311709	-4993.242174
550550	 0.00002	 0.00003	 0.00935	 0.01159	 0.00000	 0.00000	 0.01044		166.664857	-4912.338653
551551	 0.00031	 0.00006	 0.00890	 0.01054	 0.00000	 0.00000	 0.00909		168.846807	-4923.471506
552552	 0.00007	 0.00020	 0.00720	 0.01206	 0.00000	 0.00000	 0.00913		160.577652	-4948.716643
553553	 0.00010	 0.00014	 0.00853	 0.01155	 0.00000	 0.00000	 0.00945		164.024589	-4947.603812
554554	 0.00008	 0.00020	 0.00878	 0.01021	 0.00000	 0.00000	 0.01004		155.873664	-4953.816282
555555	 0.00002	 0.00013	 0.00857	 0.01100	 0.00000	 0.00000	 0.00902		165.979153	-4989.743096
556556	 0.00002	 0.00004	 0.00730	 0.01220	 0.00000	 0.00000	 0.01035		161.957698	-4952.576892
557557	 0.00002	 0.00001	 0.00802	 0.01118	 0.00000	 0.00000	 0.00865		171.394945	-4900.745235
558558	 0.00000	 0.00001	 0.00724	 0.01160	 0.00000	 0.00000	 0.00996		186.945345	-4913.421818
559559	 0.00000	 0.00001	 0.00901	 0.01172	 0.00000	 0.00000	 0.00973		183.078292	-4982.167771
560560	 0.00000	 0.00029	 0.00707	 0.01160	 0.00000	 0.00000	 0.00970		171.072381	-4936.735011
561561	 0.00000	 0.00022	 0.00812	 0.01104	 0.00000	 0.00000	 0.01057		166.746377	-4923.416361
562562	 0.00000	 0.00005	 0.00764	 0.01137	 0.00000	 0.00000	 0.00966		162.439112	-4958.867203
563563	 0.00000	 0.00002	 0.00887	 0.01091	 0.00000	 0.00000	 0.01015		163.561035	-4949.477915
564564	 0.00001	 0.00014	 0.00800	 0.01065	 0.00000	 0.00000	 0.01008		165.183735	-4937.925617
565565	 0.00000	 0.00007	 0.00809	 0.01238	 0.00000	 0.00000	 0.01069		158.386342	-4919.667160
566566	 0.00000	 0.00007	 0.00800	 0.01208	 0.00000	 0.00000	 0.00982		160.250696	-4994.936712
567567	 0.00000	 0.00036	 0.00753	 0.01077	 0.00000	 0.00000	 0.00966		163.218179	-4868.217510
568568	 0.00001	 0.00007	 0.00773	 0.01077	 0.00000	 0.00000	 0.01086		157.815053	-4974.210837
569569	 0.00001	 0.00014	 0.00784	 0.01082	 0.00000	 0.00000	 0.01009		163.608169	-4944.786460
570570	 0.00001	 0.00003	 0.00817	 0.01154	 0.00000	 0.00000	 0.01038		163.134623	-4908.993970
571571	 0.00001	 0.00001	 0.00697	 0.00934	 0.00000	 0.00000	 0.00983		176.047086	-4915.064036
572572	 0.00001	 0.00024	 0.00783	 0.01166	 0.00000	 0.00000	 0.00916		162.287394	-4910.678325
573573	 0.00001	 0.00014	 0.00924	 0.01008	 0.00000	 0.00000	 0.00977		163.328580	-4946.456229
574574	 0.00001	 0.00003	 0.00755	 0.01087	 0.00000	 0.00000	 0.00938		164.609873	-5073.304915
575575	 0.00001	 0.00001	 0.00842	 0.01089	 0.00000	 0.00000	 0.01114		177.589440	-4937.820092
576576	 0.00006	 0.00010	 0.00819	 0.00942	 0.00000	 0.00000	 0.01049		161.270481	-4907.140314
577577	 0.00012	 0.00019	 0.00716	 0.01294	 0.00000	 0.00001	 0.00997		159.330561	-4852.741846
578578	 0.00004	 0.00020	 0.00745	 0.01112	 0.00000	 0.00000	 0.00907		166.298829	-4997.504420
579579	 0.00013	 0.00017	 0.00881	 0.01031	 0.00000	 0.00000	 0.01067		155.866739	-4881.527677
580580	 0.00012	 0.00013	 0.00715	 0.01195	 0.00000	 0.00001	 0.00992		165.205082	-4878.653683
581581	 0.00012	 0.00021	 0.00786	 0.01016	 0.00000	 0.00001	 0.00899		162.383921	-5002.055806
582582	 0.00011	 0.00028	 0.00856	 0.01202	 0.00000	 0.00000	 0.01101		153.126224	-4908.040583
583583	 0.00003	 0.00010	 0.00598	 0.01059	 0.00000	 0.00000	 0.00997		160.688727	-5004.999301
584584	 0.00006	 0.00013	 0.00774	 0.00938	 0.00000	 0.00000	 0.01143		162.524222	-4908.261412
585585	 0.00003	 0.00011	 0.00672	 0.01097	 0.00000	 0.00000	 0.00934		163.176726	-5015.860129
586586	 0.00006	 0.00018	 0.00780	 0.01028	 0.00000	 0.00000	 0.00964		164.535419	-4960.448579
587587	 0.00003	 0.00005	 0.00828	 0.01044	 0.00000	 0.00000	 0.00994		179.256464	-4894.568898
588588	 0.00004	 0.00011	 0.00763	 0.01105	 0.00000	 0.00000	 0.00871		174.973772	-5009.025231
589589	 0.00002	 0.00007	 0.00782	 0.01161	 0.00000	 0.00000	 0.00941		179.959398	-4934.594082
590590	 0.00003	 0.00009	 0.00699	 0.01165	 0.00000	 0.00000	 0.00879		170.690334	-4963.167553
591591	 0.00002	 0.00004	 0.00864	 0.01108	 0.00000	 0.00000	 0.01009		172.093910	-4891.774212
592592	 0.00002	 0.00005	 0.00805	 0.00970	 0.00000	 0.00000	 0.00900		179.230519	-5065.264177
593593	 0.00002	 0.00014	 0.00880	 0.01013	 0.00000	 0.00000	 0.01018		163.310618	-4904.537414
594594	 0.00002	 0.00018	 0.00830	 0.00986	 0.00000	 0.00000	 0.00991		163.997519	-5065.521815
595595	 0.00008	 0.00013	 0.00922	 0.00944	 0.00000	 0.00000	 0.00837		166.545647	-5140.796259
596596	 0.00006	 0.00007	 0.00794	 0.01098	 0.00000	 0.00000	 0.01054		164.237508	-4910.448630
597597	 0.00006	 0.00025	 0.00927	 0.01127	 0.00000	 0.00000	 0.01011		158.351911	-4821.386952
598598	 0.00010	 0.00040	 0.00819	 0.01241	 0.00000	 0.00000	 0.01030		153.021494	-4994.218259
599599	 0.00009	 0.00012	 0.00855	 0.00977	 0.00000	 0.00001	 0.00773		174.157533	-5013.448916
600600	 0.00004	 0.00008	 0.00777	 0.01089	 0.00000	 0.00000	 0.00922		171.657304	-5018.160926
601601	 0.00011	 0.00024	 0.00951	 0.01059	 0.00000	 0.00001	 0.00892		156.698683	-4985.219031
602602	 0.00009	 0.00011	 0.00817	 0.01187	 0.00000	 0.00000	 0.00967		158.626710	-5046.096323
603603	 0.00003	 0.00009	 0.00891	 0.00983	 0.00000	 0.00000	 0.01082		159.865585	-4905.972488
604604	 0.00011	 0.00024	 0.00885	 0.01153	 0.00000	 0.00001	 0.01001		151.060605	-4900.511295
605605	 0.00005	 0.00013	 0.00643	 0.01270	 0.00000	 0.00000	 0.00989		156.267786	-5044.091455
606606	 0.00003	 0.00033	 0.00908	 0.00960	 0.00000	 0.00000	 0.00874		153.639911	-4933.587585
607607	 0.00006	 0.00010	 0.00805	 0.01041	 0.00000	 0.00000	 0.00937		163.072644	-5057.973418
608608	 0.00003	 0.00014	 0.00872	 0.01132	 0.00000	 0.00000	 0.01003		153.730266	-4897.309935
609609	 0.00009	 0.00009	 0.00871	 0.01019	 0.00000	 0.00000	 0.00961		159.716058	-4971.742004
610610	 0.00015	 0.00010	 0.00902	 0.01040	 0.00000	 0.00000	 0.01000		159.859133	-4884.322244
611611	 0.00008	 0.00025	 0.00824	 0.01195	 0.00000	 0.00000	 0.01003		154.454917	-5077.631083
612612	 0.00007	 0.00007	 0.00990	 0.01140	 0.00000	 0.00000	 0.01028		154.096634	-4878.163847
613613	 0.00003	 0.00003	 0.00784	 0.01002	 0.00000	 0.00000	 0.00972		175.618796	-4920.122100
614614	 0.00006	 0.00021	 0.00716	 0.01089	 0.00000	 0.00000	 0.00902		160.110242	-5084.725257
615615	 0.00004	 0.00010	 0.00946	 0.01115	 0.00000	 0.00000	 0.01060		157.816080	-4957.766695
616616	 0.00005	 0.00020	 0.00736	 0.01157	 0.00000	 0.00000	 0.01011		151.309521	-4930.095098
617617	 0.00004	 0.00025	 0.00788	 0.01221	 0.00000	 0.00000	 0.00965		157.111070	-5052.849043
618618	 0.00009	 0.00013	 0.00734	 0.01218	 0.00000	 0.00000	 0.01053		159.753957	-4920.952377
619619	 0.00009	 0.00007	 0.00749	 0.01182	 0.00000	 0.00000	 0.00955		169.433022	-5005.905840
620620	 0.00009	 0.00022	 0.00644	 0.01154	 0.00000	 0.00000	 0.01009		158.283224	-4893.964633
621621	 0.00007	 0.00016	 0.00819	 0.01070	 0.00000	 0.00000	 0.00920		160.154940	-4973.816196
622622	 0.00008	 0.00014	 0.00822	 0.01244	 0.00000	 0.00000	 0.00940		164.157223	-4927.737411
623623	 0.00008	 0.00012	 0.00873	 0.01163	 0.00000	 0.00000	 0.00899		165.778601	-4884.791499
624624	 0.00007	 0.00016	 0.00792	 0.01087	 0.00000	 0.00000	 0.00878		164.142465	-4981.812210
625625	 0.00003	 0.00029	 0.00796	 0.01030	 0.00000	 0.00000	 0.01072		166.193310	-4898.329957
626626	 0.00002	 0.00005	 0.00779	 0.01101	 0.00000	 0.00000	 0.01148		178.527470	-4887.466229
627627	 0.00029	 0.00015	 0.00712	 0.01242	 0.00000	 0.00001	 0.00957		155.129601	-4944.834410
628628	 0.00013	 0.00015	 0.00668	 0.01093	 0.00000	 0.00001	 0.00987		157.916946	-5024.078373
629629	 0.00016	 0.00011	 0.00829	 0.01035	 0.00000	 0.00001	 0.00882		164.612972	-5032.125811
630630	 0.00005	 0.00023	 0.00931	 0.01271	 0.00000	 0.00000	 0.01055		150.706691	-4958.196026
631631	 0.00004	 0.00008	 0.00922	 0.01072	 0.00000	 0.00000	 0.01057		161.979706	-5010.369420
632632	 0.00004	 0.00007	 0.00838	 0.01147	 0.00000	 0.00000	 0.00918		166.365196	-5033.611078
633633	 0.00008	 0.00018	 0.00845	 0.01118	 0.00000	 0.00000	 0.01015		162.108624	-4949.695358
634634	 0.00018	 0.00015	 0.00841	 0.01144	 0.00000	 0.00001	 0.00951		161.462790	-4975.759823
635635	 0.00005	 0.00021	 0.00727	 0.01056	 0.00000	 0.00000	 0.00904		168.422195	-4970.624003
636636	 0.00007	 0.00018	 0.00699	 0.01064	 0.00000	 0.00001	 0.01039		166.962172	-4905.716840
637637	 0.00003	 0.00006	 0.00713	 0.01170	 0.00000	 0.00000	 0.01005		168.088467	-5017.006144
638638	 0.00002	 0.00008	 0.00749	 0.01036	 0.00000	 0.00000	 0.00863		169.616964	-4986.866279
639639	 0.00008	 0.00008	 0.00846	 0.01044	 0.00000	 0.00000	 0.00826		169.206572	-4949.658400
640640	 0.00027	 0.00034	 0.00842	 0.00975	 0.00000	 0.00001	 0.00944		157.605441	-5001.321834
641641	 0.00006	 0.00004	 0.00717	 0.01113	 0.00000	 0.00000	 0.00882		169.736307	-4946.800287
642642	 0.00010	 0.00016	 0.00783	 0.01087	 0.00000	 0.00001	 0.00944		163.308060	-5033.822933
643643	 0.00013	 0.00063	 0.00860	 0.01141	 0.00000	 0.00001	 0.00930		153.523929	-5044.845278
644644	 0.00007	 0.00035	 0.00675	 0.01138	 0.00000	 0.00001	 0.01099		157.084800	-4964.193228
645645	 0.00005	 0.00008	 0.00843	 0.01017	 0.00000	 0.00000	 0.00879		170.078554	-5119.383451
646646	 0.00014	 0.00032	 0.00766	 0.01201	 0.00000	 0.00001	 0.01069		157.404675	-4894.893744
647647	 0.00005	 0.00026	 0.00713	 0.00981	 0.00000	 0.00000	 0.00938		157.766086	-4912.787527
648648	 0.00006	 0.00013	 0.00768	 0.01115	 0.00000	 0.00000	 0.01008		162.915377	-4981.501242
649649	 0.00002	 0.00012	 0.00637	 0.01184	 0.00000	 0.00000	 0.00972		160.569166	-5098.295886
650650	 0.00004	 0.00007	 0.00915	 0.01154	 0.00000	 0.00000	 0.00854		157.575839	-4949.360935
651651	 0.00003	 0.00010	 0.00791	 0.01037	 0.00000	 0.00000	 0.01049		162.230732	-4983.552472
652652	 0.00006	 0.00058	 0.00834	 0.01207	 0.00000	 0.00000	 0.00819		161.099455	-5040.369938
653653	 0.00007	 0.00022	 0.00922	 0.00927	 0.00000	 0.00000	 0.00910		152.325220	-4930.298785
654654	 0.00002	 0.00011	 0.00763	 0.01221	 0.00000	 0.00000	 0.00959		160.979484	-4992.638199
655655	 0.00004	 0.00009	 0.00861	 0.01014	 0.00000	 0.00000	 0.00919		161.211065	-4930.110735
656656	 0.00007	 0.00013	 0.00676	 0.01063	 0.00000	 0.00000	 0.00994		164.307322	-4945.553510
657657	 0.00010	 0.00013	 0.00765	 0.01112	 0.00000	 0.00000	 0.00889		158.044407	-4972.178517
658658	 0.00002	 0.00010	 0.00885	 0.00982	 0.00000	 0.00000	 0.01023		157.368398	-4976.200340
659659	 0.00001	 0.00009	 0.00908	 0.01008	 0.00000	 0.00000	 0.01063		165.127358	-4903.766585
660660	 0.00000	 0.00004	 0.00903	 0.01074	 0.00000	 0.00000	 0.01013		159.754795	-4846.983369
661661	 0.00000	 0.00000	 0.00789	 0.01190	 0.00000	 0.00000	 0.00922		178.204564	-4910.191879
662662	 0.00000	 0.00001	 0.00820	 0.01128	 0.00000	 0.00000	 0.01030		177.053024	-4949.061026
663663	 0.00000	 0.00001	 0.00768	 0.01124	 0.00000	 0.00000	 0.01034		173.822875	-5002.274887
664664	 0.00001	 0.00001	 0.00834	 0.01027	 0.00000	 0.00000	 0.00929		166.728809	-4948.113412
665665	 0.00000	 0.00005	 0.00770	 0.01035	 0.00000	 0.00000	 0.00999		168.022912	-4953.508725
666666	 0.00000	 0.00014	 0.00711	 0.01110	 0.00000	 0.00000	 0.00961		179.156389	-4941.578379
667667	 0.00000	 0.00005	 0.00716	 0.01126	 0.00000	 0.00000	 0.00964		173.383302	-5004.542327
668668	 0.00000	 0.00001	 0.00823	 0.00978	 0.00000	 0.00000	 0.00899		183.641848	-4986.110899
669669	 0.00000	 0.00001	 0.00776	 0.01145	 0.00000	 0.00000	 0.00995		176.288203	-4970.588079
670670	 0.00000	 0.00010	 0.00998	 0.01046	 0.00000	 0.00000	 0.00948		179.460598	-4974.700434
671671	 0.00001	 0.00018	 0.00865	 0.00956	 0.00000	 0.00000	 0.01035		161.532545	-4908.076522
672672	 0.00000	 0.00007	 0.00785	 0.01326	 0.00000	 0.00000	 0.01059		164.034455	-4883.868115
673673	 0.00000	 0.00017	 0.00775	 0.01185	 0.00000	 0.00000	 0.01056		167.565012	-4919.160942
674674	 0.00000	 0.00010	 0.00881	 0.01207	 0.00000	 0.00000	 0.00865		168.597093	-4984.363689
675675	 0.00000	 0.00011	 0.00826	 0.01248	 0.00000	 0.00000	 0.00935		167.637890	-4937.153886
676676	 0.00000	 0.00012	 0.00794	 0.01166	 0.00000	 0.00000	 0.01045		174.057165	-4915.630928
677677	 0.00000	 0.00004	 0.00931	 0.00975	 0.00000	 0.00000	 0.01052		170.988074	-4867.285988
678678	 0.00000	 0.00032	 0.01022	 0.01016	 0.00000	 0.00000	 0.00948		164.900441	-4933.661523
679679	 0.00000	 0.00006	 0.00805	 0.01271	 0.00000	 0.00000	 0.00977		182.092809	-4883.794513
680680	 0.00001	 0.00006	 0.00832	 0.01127	 0.00000	 0.00000	 0.00946		168.927243	-4948.567781
681681	 0.00002	 0.00044	 0.00777	 0.01252	 0.00000	 0.00000	 0.00866		168.857241	-5009.338631
682682	 0.00002	 0.00007	 0.00827	 0.01208	 0.00000	 0.00000	 0.00894		165.744558	-4906.506205
683683	 0.00002	 0.00021	 0.00790	 0.01166	 0.00000	 0.00000	 0.00929		163.162167	-4916.716841
684684	 0.00006	 0.00006	 0.00898	 0.01096	 0.00000	 0.00000	 0.00995		164.543844	-4925.030194
685685	 0.00006	 0.00019	 0.00848	 0.01133	 0.00000	 0.00000	 0.00875		162.030300	-5079.738076
686686	 0.00006	 0.00012	 0.00721	 0.01102	 0.00000	 0.00000	 0.00932		166.321468	-5022.514790
687687	 0.00008	 0.00012	 0.00780	 0.01175	 0.00000	 0.00000	 0.01008		159.584132	-4990.653184
688688	 0.00008	 0.00011	 0.00799	 0.00932	 0.00000	 0.00000	 0.01004		163.701863	-4928.605112
689689	 0.00006	 0.00006	 0.00713	 0.01226	 0.00000	 0.00000	 0.01004		167.162092	-4876.232777
690690	 0.00011	 0.00010	 0.00786	 0.01151	 0.00000	 0.00000	 0.01025		157.561577	-4994.415175
691691	 0.00002	 0.00011	 0.00916	 0.01176	 0.00000	 0.00000	 0.00994		171.637065	-4855.315586
692692	 0.00001	 0.00015	 0.00838	 0.01103	 0.00000	 0.00000	 0.00969		174.071391	-4984.967050
693693	 0.00003	 0.00004	 0.00834	 0.01124	 0.00000	 0.00000	 0.00992		167.255726	-4912.222322
694694	 0.00008	 0.00007	 0.00789	 0.01173	 0.00000	 0.00000	 0.00994		170.546750	-4919.426644
695695	 0.00005	 0.00019	 0.00811	 0.00987	 0.00000	 0.00001	 0.01017		175.331510	-5079.589235
696696	 0.00003	 0.00012	 0.00861	 0.01178	 0.00000	 0.00000	 0.01030		169.389473	-4948.979645
697697	 0.00010	 0.00015	 0.00758	 0.01118	 0.00000	 0.00000	 0.01000		158.774108	-5040.154379
698698	 0.00004	 0.00035	 0.00884	 0.01007	 0.00000	 0.00000	 0.00943		164.136396	-4978.000205
699699	 0.00004	 0.00035	 0.00756	 0.00994	 0.00000	 0.00000	 0.00854		163.135077	-5030.394401
700700	 0.00005	 0.00021	 0.00813	 0.01074	 0.00000	 0.00000	 0.01005		154.590884	-4985.762829
701701	 0.00004	 0.00018	 0.00830	 0.01122	 0.00000	 0.00000	 0.00979		164.800722	-5015.833678
702702	 0.00003	 0.00016	 0.00834	 0.01099	 0.00000	 0.00000	 0.00928		169.143563	-4951.456536
703703	 0.00003	 0.00004	 0.00864	 0.01066	 0.00000	 0.00000	 0.00933		172.763865	-4969.508874
704704	 0.00004	 0.00024	 0.00786	 0.01256	 0.00000	 0.00000	 0.00994		160.744518	-4984.837173
705705	 0.00007	 0.00018	 0.00814	 0.01137	 0.00000	 0.00000	 0.01009		163.185417	-4904.093260
706706	 0.00020	 0.00019	 0.00793	 0.01102	 0.00000	 0.00001	 0.00936		155.761165	-4924.202829
707707	 0.00020	 0.00019	 0.00835	 0.01155	 0.00000	 0.00000	 0.01026		154.461636	-4988.539126
708708	 0.00010	 0.00017	 0.00819	 0.01129	 0.00000	 0.00000	 0.00969		166.775812	-4866.645541
709709	 0.00012	 0.00020	 0.00731	 0.01080	 0.00000	 0.00000	 0.01063		157.233314	-4980.871602
710710	 0.00005	 0.00016	 0.00863	 0.01041	 0.00000	 0.00000	 0.00911		165.312445	-5041.765877
711711	 0.00003	 0.00003	 0.00856	 0.01123	 0.00000	 0.00000	 0.01030		176.071476	-4975.246912
712712	 0.00003	 0.00009	 0.00773	 0.01189	 0.00000	 0.00000	 0.01034		170.962098	-4934.040270
713713	 0.00002	 0.00010	 0.00734	 0.01162	 0.00000	 0.00000	 0.00927		176.396914	-5053.001950
714714	 0.00001	 0.00006	 0.00756	 0.01099	 0.00000	 0.00000	 0.00946		169.210956	-4995.093170
715715	 0.00008	 0.00015	 0.00728	 0.01183	 0.00000	 0.00000	 0.01152		154.645757	-4823.870295
716716	 0.00003	 0.00010	 0.00790	 0.01185	 0.00000	 0.00000	 0.01017		168.005571	-4987.744033
717717	 0.00004	 0.00014	 0.00761	 0.01077	 0.00000	 0.00000	 0.01077		166.066667	-4890.724589
718718	 0.00003	 0.00006	 0.01102	 0.00853	 0.00000	 0.00000	 0.00931		164.062433	-5034.278617
719719	 0.00007	 0.00011	 0.00811	 0.01150	 0.00000	 0.00000	 0.00906		167.705755	-4992.046694
720720	 0.00005	 0.00018	 0.00900	 0.01091	 0.00000	 0.00000	 0.00964		167.272739	-4947.016991
721721	 0.00016	 0.00018	 0.00934	 0.01144	 0.00000	 0.00000	 0.00858		156.330188	-4985.734154
722722	 0.00022	 0.00040	 0.00826	 0.01125	 0.00000	 0.00001	 0.00943		155.385731	-4938.466877
723723	 0.00011	 0.00036	 0.00708	 0.01368	 0.00000	 0.00001	 0.00844		161.552160	-4954.224324
724724	 0.00004	 0.00008	 0.00784	 0.01054	 0.00000	 0.00000	 0.01042		159.000999	-4877.733373
725725	 0.00004	 0.00010	 0.00679	 0.00978	 0.00000	 0.00000	 0.00922		174.396879	-5020.256458
726726	 0.00003	 0.00012	 0.01014	 0.01097	 0.00000	 0.00000	 0.00941		167.924335	-4995.747566
727727	 0.00001	 0.00013	 0.00818	 0.01102	 0.00000	 0.00000	 0.00969		172.492775	-4942.287197
728728	 0.00001	 0.00012	 0.00787	 0.01172	 0.00000	 0.00000	 0.00897		165.304144	-4949.525993
729729	 0.00002	 0.00004	 0.00873	 0.01112	 0.00000	 0.00000	 0.00962		160.573603	-4864.320566
730730	 0.00003	 0.00011	 0.00714	 0.01114	 0.00000	 0.00000	 0.00963		172.408118	-4989.293591
731731	 0.00003	 0.00010	 0.00812	 0.01045	 0.00000	 0.00000	 0.00804		173.563501	-4973.632607
732732	 0.00006	 0.00007	 0.00734	 0.01045	 0.00000	 0.00000	 0.00945		171.325728	-4969.712333
733733	 0.00002	 0.00006	 0.00868	 0.01315	 0.00000	 0.00000	 0.00936		180.582867	-4945.295977
734734	 0.00002	 0.00031	 0.00726	 0.01085	 0.00000	 0.00000	 0.00799		179.180478	-5041.333453
735735	 0.00002	 0.00010	 0.00756	 0.01231	 0.00000	 0.00000	 0.00912		168.757533	-5022.099696
736736	 0.00003	 0.00003	 0.00874	 0.01046	 0.00000	 0.00000	 0.00868		185.767933	-4932.350640
737737	 0.00003	 0.00006	 0.00845	 0.01062	 0.00000	 0.00000	 0.00946		166.950269	-5072.523411
738738	 0.00003	 0.00005	 0.00919	 0.00971	 0.00000	 0.00000	 0.01029		172.192559	-4935.956571
739739	 0.00004	 0.00009	 0.00886	 0.01166	 0.00000	 0.00000	 0.00896		162.011317	-5016.550690
740740	 0.00006	 0.00022	 0.00713	 0.01095	 0.00000	 0.00000	 0.00856		152.255370	-5060.423158
741741	 0.00003	 0.00013	 0.00837	 0.01153	 0.00000	 0.00000	 0.00846		173.001411	-4927.013807
742742	 0.00008	 0.00026	 0.00671	 0.01134	 0.00000	 0.00000	 0.01088		153.911464	-4901.429792
743743	 0.00008	 0.00014	 0.00753	 0.01114	 0.00000	 0.00000	 0.00896		158.096032	-4891.053530
744744	 0.00008	 0.00013	 0.00674	 0.01195	 0.00000	 0.00000	 0.00888		157.686793	-4979.463768
745745	 0.00016	 0.00037	 0.00861	 0.01105	 0.00000	 0.00001	 0.01068		154.678319	-4978.539532
746746	 0.00012	 0.00014	 0.00946	 0.01107	 0.00000	 0.00001	 0.00850		164.204042	-4922.670103
747747	 0.00009	 0.00018	 0.00838	 0.00969	 0.00000	 0.00000	 0.00856		152.398329	-5093.445722
748748	 0.00020	 0.00022	 0.00799	 0.01099	 0.00000	 0.00001	 0.00956		152.742040	-4990.526643
749749	 0.00009	 0.00027	 0.00891	 0.01056	 0.00000	 0.00000	 0.00941		156.760130	-4884.773122
750750	 0.00005	 0.00012	 0.00734	 0.01287	 0.00000	 0.00000	 0.00965		156.982703	-4893.641301
751751	 0.00003	 0.00007	 0.00852	 0.01084	 0.00000	 0.00000	 0.00794		165.634581	-5056.099152
752752	 0.00006	 0.00005	 0.00882	 0.01258	 0.00000	 0.00000	 0.01047		162.472194	-4914.836691
753753	 0.00003	 0.00006	 0.00754	 0.01239	 0.00000	 0.00000	 0.00992		160.873068	-4997.751296
754754	 0.00001	 0.00005	 0.00852	 0.01132	 0.00000	 0.00000	 0.00912		168.774979	-5037.356476
755755	 0.00001	 0.00002	 0.00865	 0.01223	 0.00000	 0.00000	 0.00988		173.607032	-4860.685885
756756	 0.00001	 0.00006	 0.00806	 0.01090	 0.00000	 0.00000	 0.00876		168.879421	-5078.896914
757757	 0.00001	 0.00006	 0.00782	 0.01201	 0.00000	 0.00000	 0.00983		166.785801	-4888.086663
758758	 0.00001	 0.00006	 0.00720	 0.00914	 0.00000	 0.00000	 0.01009		166.470462	-4994.818128
759759	 0.00001	 0.00003	 0.00733	 0.01078	 0.00000	 0.00000	 0.00937		168.177441	-5039.661026
760760	 0.00001	 0.00005	 0.00846	 0.01176	 0.00000	 0.00000	 0.00927		162.612953	-5007.656580
761761	 0.00001	 0.00004	 0.00748	 0.01144	 0.00000	 0.00000	 0.01014		161.178624	-4930.650637
762762	 0.00001	 0.00004	 0.00831	 0.01129	 0.00000	 0.00000	 0.00782		171.684389	-4964.982521
763763	 0.00005	 0.00030	 0.00835	 0.01030	 0.00000	 0.00000	 0.01004		151.541111	-4954.014330
764764	 0.00006	 0.00019	 0.00883	 0.01081	 0.00000	 0.00000	 0.00992		153.017126	-4930.035168
765765	 0.00003	 0.00015	 0.00873	 0.01176	 0.00000	 0.00000	 0.01030		153.065958	-4892.567071
766766	 0.00007	 0.00010	 0.00936	 0.01076	 0.00000	 0.00000	 0.00826		159.310446	-5053.381154
767767	 0.00002	 0.00005	 0.00848	 0.01171	 0.00000	 0.00000	 0.00908		173.640624	-4945.818604
768768	 0.00002	 0.00019	 0.00903	 0.00908	 0.00000	 0.00000	 0.00882		158.811133	-5060.635441
769769	 0.00002	 0.00013	 0.00830	 0.01126	 0.00000	 0.00000	 0.01054		166.863312	-4929.281079
770770	 0.00006	 0.00031	 0.00715	 0.01156	 0.00000	 0.00000	 0.01071		153.471105	-4905.201695
771771	 0.00006	 0.00015	 0.00859	 0.01209	 0.00000	 0.00000	 0.00970		160.076351	-4960.459292
772772	 0.00008	 0.00010	 0.00671	 0.01201	 0.00000	 0.00000	 0.00940		163.182612	-5029.140778
773773	 0.00007	 0.00031	 0.00746	 0.01191	 0.00000	 0.00000	 0.00915		163.243928	-5093.755094
774774	 0.00006	 0.00014	 0.00770	 0.01003	 0.00000	 0.00000	 0.00918		154.714165	-5026.179586
775775	 0.00014	 0.00030	 0.00773	 0.01088	 0.00000	 0.00001	 0.01066		159.458987	-4937.822283
776776	 0.00014	 0.00036	 0.00780	 0.01100	 0.00000	 0.00001	 0.01041		154.569441	-4920.079161
777777	 0.00020	 0.00029	 0.00673	 0.01261	 0.00000	 0.00001	 0.00986		159.347721	-4983.372322
778778	 0.00024	 0.00044	 0.00992	 0.00997	 0.00000	 0.00001	 0.00787		157.591346	-5059.099950
779779	 0.00015	 0.00026	 0.00951	 0.00922	 0.00000	 0.00001	 0.01011		156.084794	-4934.669172
780780	 0.00010	 0.00019	 0.00878	 0.01066	 0.00000	 0.00001	 0.01002		158.767990	-4886.977562
781781	 0.00011	 0.00019	 0.00880	 0.00914	 0.00000	 0.00000	 0.00870		157.812735	-4951.915286
782782	 0.00018	 0.00030	 0.00824	 0.01067	 0.00000	 0.00001	 0.00956		157.558969	-5046.443721
783783	 0.00013	 0.00013	 0.00852	 0.00913	 0.00000	 0.00001	 0.00877		163.327921	-5053.144775
784784	 0.00011	 0.00033	 0.00908	 0.01190	 0.00000	 0.00001	 0.00971		157.059222	-4887.040422
785785	 0.00004	 0.00038	 0.00683	 0.01135	 0.00000	 0.00000	 0.00876		163.048351	-4980.427524
786786	 0.00003	 0.00018	 0.00691	 0.01088	 0.00000	 0.00000	 0.00922		167.372492	-4955.621372
787787	 0.00007	 0.00012	 0.00868	 0.01096	 0.00000	 0.00000	 0.00952		156.755633	-5010.887057
788788	 0.00003	 0.00010	 0.00897	 0.00970	 0.00000	 0.00000	 0.00958		160.325858	-4954.011610
789789	 0.00007	 0.00007	 0.00832	 0.01209	 0.00000	 0.00000	 0.00910		153.439970	-4961.495974
790790	 0.00010	 0.00008	 0.00963	 0.00982	 0.00000	 0.00000	 0.00972		158.960786	-4884.524001
791791	 0.00005	 0.00005	 0.00865	 0.01074	 0.00000	 0.00000	 0.00997		161.293615	-5068.840647
792792	 0.00002	 0.00008	 0.01040	 0.01074	 0.00000	 0.00000	 0.00996		166.404441	-4883.392542
793793	 0.00009	 0.00017	 0.00785	 0.01236	 0.00000	 0.00000	 0.00918		162.495613	-4999.127166
794794	 0.00004	 0.00009	 0.00829	 0.01110	 0.00000	 0.00000	 0.00969		172.561441	-4995.890161
795795	 0.00002	 0.00003	 0.00794	 0.01054	 0.00000	 0.00000	 0.01006		169.056780	-4867.831582
796796	 0.00002	 0.00005	 0.00908	 0.01125	 0.00000	 0.00000	 0.00901		172.130219	-4926.432423
797797	 0.00003	 0.00004	 0.00795	 0.01015	 0.00000	 0.00000	 0.00929		169.517828	-5015.890772
798798	 0.00012	 0.00024	 0.00814	 0.01100	 0.00000	 0.00001	 0.00983		157.740878	-4897.873617
799799	 0.00014	 0.00021	 0.00843	 0.01102	 0.00000	 0.00000	 0.00910		156.244039	-4989.046563
800800	 0.00002	 0.00034	 0.00792	 0.01086	 0.00000	 0.00000	 0.00888		163.941813	-5021.230815
801801	 0.00005	 0.00008	 0.00834	 0.01191	 0.00000	 0.00000	 0.01058		153.732139	-4935.694136
802802	 0.00013	 0.00021	 0.00877	 0.00997	 0.00000	 0.00000	 0.00852		155.328216	-5045.977827
803803	 0.00025	 0.00030	 0.00807	 0.00980	 0.00000	 0.00001	 0.00871		156.940270	-5025.906215
804804	 0.00014	 0.00023	 0.00873	 0.00919	 0.00000	 0.00001	 0.01069		161.136559	-4933.944431
805805	 0.00007	 0.00031	 0.00898	 0.01196	 0.00000	 0.00001	 0.00858		165.666925	-4955.946561
806806	 0.00007	 0.00012	 0.00836	 0.01002	 0.00000	 0.00000	 0.01011		160.499520	-4937.540477
807807	 0.00004	 0.00011	 0.00736	 0.01235	 0.00000	 0.00000	 0.01055		163.817828	-4857.949057
808808	 0.00002	 0.00002	 0.00824	 0.01069	 0.00000	 0.00000	 0.00870		181.053866	-4907.184062
809809	 0.00007	 0.00036	 0.00815	 0.01166	 0.00000	 0.00000	 0.00935		162.936901	-4964.873002
810810	 0.00018	 0.00019	 0.00854	 0.01142	 0.00000	 0.00001	 0.01038		151.577919	-4969.251882
811811	 0.00034	 0.00012	 0.00868	 0.01057	 0.00000	 0.00001	 0.00922		155.158644	-4997.421704
812812	 0.00009	 0.00020	 0.00799	 0.01088	 0.00000	 0.00000	 0.00879		156.809875	-4904.846622
813813	 0.00011	 0.00020	 0.00825	 0.01008	 0.00000	 0.00001	 0.01063		158.498283	-4874.309702
814814	 0.00005	 0.00009	 0.00884	 0.01069	 0.00000	 0.00000	 0.00969		175.474943	-4908.394899
815815	 0.00012	 0.00040	 0.00860	 0.01167	 0.00000	 0.00001	 0.01008		152.968981	-4948.031373
816816	 0.00006	 0.00015	 0.00832	 0.01055	 0.00000	 0.00000	 0.00892		155.902134	-4995.707484
817817	 0.00011	 0.00019	 0.00826	 0.01086	 0.00000	 0.00001	 0.01103		154.341542	-4831.005880
818818	 0.00003	 0.00007	 0.00819	 0.01065	 0.00000	 0.00000	 0.00930		161.798420	-4965.253309
819819	 0.00003	 0.00006	 0.00889	 0.01141	 0.00000	 0.00000	 0.00950		173.800935	-5001.022915
820820	 0.00006	 0.00012	 0.00787	 0.01137	 0.00000	 0.00000	 0.01109		163.066423	-4956.010771
821821	 0.00005	 0.00007	 0.00928	 0.01076	 0.00000	 0.00000	 0.00894		155.736663	-4962.205023
822822	 0.00008	 0.00022	 0.00816	 0.01115	 0.00000	 0.00000	 0.00913		152.275776	-4922.231001
823823	 0.00013	 0.00010	 0.00824	 0.01160	 0.00000	 0.00000	 0.00870		163.837991	-5020.962280
824824	 0.00004	 0.00033	 0.00734	 0.01077	 0.00000	 0.00000	 0.00948		161.887227	-5020.401439
825825	 0.00003	 0.00037	 0.00771	 0.01020	 0.00000	 0.00000	 0.01023		161.326788	-5014.003643
826826	 0.00005	 0.00035	 0.01035	 0.01094	 0.00000	 0.00000	 0.00842		159.140817	-4964.226481
827827	 0.00001	 0.00011	 0.00825	 0.01160	 0.00000	 0.00000	 0.00963		160.658865	-4901.439617
828828	 0.00001	 0.00003	 0.00780	 0.01037	 0.00000	 0.00000	 0.00950		169.594470	-4979.852938
829829	 0.00001	 0.00004	 0.00887	 0.01054	 0.00000	 0.00000	 0.01007		167.200454	-4994.132865
830830	 0.00001	 0.00013	 0.00860	 0.01055	 0.00000	 0.00000	 0.01085		159.895787	-4850.074171
831831	 0.00000	 0.00007	 0.00825	 0.01005	 0.00000	 0.00000	 0.00928		177.084591	-4874.463612
832832	 0.00000	 0.00010	 0.00804	 0.01159	 0.00000	 0.00000	 0.00952		176.452779	-4911.844388
833833	 0.00001	 0.00014	 0.00823	 0.01200	 0.00000	 0.00000	 0.01079		157.765283	-4892.044157
834834	 0.00000	 0.00019	 0.00690	 0.01121	 0.00000	 0.00000	 0.01018		164.409589	-5000.960674
835835	 0.00000	 0.00002	 0.00868	 0.01182	 0.00000	 0.00000	 0.00883		170.816018	-4999.987617
836836	 0.00000	 0.00010	 0.00875	 0.01131	 0.00000	 0.00000	 0.01050		158.031294	-4920.037201
837837	 0.00000	 0.00014	 0.00660	 0.01294	 0.00000	 0.00000	 0.00893		170.577851	-4924.381092
838838	 0.00000	 0.00013	 0.00864	 0.01037	 0.00000	 0.00000	 0.00851		168.904056	-4999.017447
839839	 0.00000	 0.00021	 0.00841	 0.01186	 0.00000	 0.00000	 0.01006		154.126278	-5170.563069
840840	 0.00000	 0.00003	 0.00870	 0.01071	 0.00000	 0.00000	 0.00979		164.540029	-4969.253810
841841	 0.00000	 0.00005	 0.00699	 0.01137	 0.00000	 0.00000	 0.00977		165.117642	-4939.805431
842842	 0.00000	 0.00001	 0.00856	 0.01092	 0.00000	 0.00000	 0.00890		175.340872	-4951.637013
843843	 0.00000	 0.00002	 0.00886	 0.01262	 0.00000	 0.00000	 0.00957		165.810692	-4971.100623
844844	 0.00000	 0.00015	 0.00613	 0.01180	 0.00000	 0.00000	 0.00990		182.052773	-4921.690440
845845	 0.00000	 0.00002	 0.00796	 0.01189	 0.00000	 0.00000	 0.00890		172.019334	-4944.797049
846846	 0.00000	 0.00002	 0.00834	 0.01089	 0.00000	 0.00000	 0.00980		177.148253	-4933.396487
847847	 0.00000	 0.00005	 0.00725	 0.01156	 0.00000	 0.00000	 0.00932		168.858038	-5005.769333
848848	 0.00000	 0.00005	 0.00780	 0.01104	 0.00000	 0.00000	 0.00842		182.517029	-5004.227135
849849	 0.00000	 0.00015	 0.00881	 0.00880	 0.00000	 0.00000	 0.00999		166.749553	-4983.119127
850850	 0.00000	 0.00016	 0.00839	 0.01098	 0.00000	 0.00000	 0.00912		165.836522	-5014.177806
851851	 0.00001	 0.00017	 0.00774	 0.01269	 0.00000	 0.00000	 0.01084		154.760817	-4948.268308
852852	 0.00000	 0.00011	 0.00984	 0.01151	 0.00000	 0.00000	 0.00975		165.747503	-4871.698392
853853	 0.00000	 0.00002	 0.00758	 0.00986	 0.00000	 0.00000	 0.00930		165.484913	-4999.698438
854854	 0.00000	 0.00001	 0.00845	 0.01146	 0.00000	 0.00000	 0.01008		163.763271	-4946.941135
855855	 0.00001	 0.00000	 0.00776	 0.01211	 0.00000	 0.00000	 0.01039		166.490556	-4990.785500
856856	 0.00000	 0.00000	 0.00791	 0.01180	 0.00000	 0.00000	 0.01001		165.390891	-4926.032638
857857	 0.00000	 0.00001	 0.00818	 0.01004	 0.00000	 0.00000	 0.00935		168.848469	-4992.683733
858858	 0.00000	 0.00001	 0.00984	 0.01232	 0.00000	 0.00000	 0.00853		185.848340	-4886.495124
859859	 0.00000	 0.00003	 0.00795	 0.01177	 0.00000	 0.00000	 0.00939		171.480824	-4954.425568
860860	 0.00000	 0.00003	 0.00848	 0.01180	 0.00000	 0.00000	 0.00917		162.534459	-4993.186108
861861	 0.00000	 0.00009	 0.00751	 0.01156	 0.00000	 0.00000	 0.00801		165.013573	-5100.011944
862862	 0.00001	 0.00041	 0.00805	 0.01180	 0.00000	 0.00000	 0.01053		156.800750	-5004.896728
863863	 0.00000	 0.00029	 0.00805	 0.01233	 0.00000	 0.00000	 0.01013		169.988542	-5003.095446
864864	 0.00000	 0.00013	 0.00906	 0.01129	 0.00000	 0.00000	 0.00923		171.981728	-4969.160981
865865	 0.00001	 0.00006	 0.00946	 0.01250	 0.00000	 0.00000	 0.00876		166.358984	-4918.615821
866866	 0.00001	 0.00005	 0.00790	 0.01106	 0.00000	 0.00000	 0.00888		177.765380	-4966.908171
867867	 0.00001	 0.00021	 0.00674	 0.01162	 0.00000	 0.00000	 0.01025		168.749041	-4976.861406
868868	 0.00003	 0.00012	 0.00755	 0.01056	 0.00000	 0.00000	 0.00932		165.562475	-5084.919037
869869	 0.00002	 0.00004	 0.00900	 0.01141	 0.00000	 0.00000	 0.00938		163.974697	-4990.684968
870870	 0.00002	 0.00009	 0.00784	 0.01076	 0.00000	 0.00000	 0.01051		160.848087	-4947.413519
871871	 0.00008	 0.00027	 0.00651	 0.00925	 0.00000	 0.00000	 0.00918		160.892707	-5069.574214
872872	 0.00013	 0.00023	 0.00725	 0.01263	 0.00000	 0.00001	 0.00879		154.357229	-5021.430850
873873	 0.00023	 0.00015	 0.00762	 0.01198	 0.00000	 0.00000	 0.01107		151.062386	-4906.122317
874874	 0.00015	 0.00024	 0.01034	 0.01041	 0.00000	 0.00000	 0.01114		151.071719	-4902.635681
875875	 0.00009	 0.00022	 0.00740	 0.00995	 0.00000	 0.00001	 0.01067		161.915137	-4962.550485
876876	 0.00010	 0.00004	 0.00813	 0.01029	 0.00000	 0.00000	 0.00878		167.958439	-4961.692355
877877	 0.00011	 0.00027	 0.00867	 0.01130	 0.00000	 0.00001	 0.01006		159.217019	-4962.529331
878878	 0.00003	 0.00018	 0.00687	 0.01382	 0.00000	 0.00000	 0.00999		161.891684	-4936.441195
879879	 0.00004	 0.00011	 0.00925	 0.01162	 0.00000	 0.00000	 0.00975		168.714692	-5024.956877
880880	 0.00002	 0.00004	 0.00653	 0.01115	 0.00000	 0.00000	 0.00881		177.947515	-4977.328139
881881	 0.00003	 0.00018	 0.00828	 0.01164	 0.00000	 0.00000	 0.00921		171.354598	-5107.186833
882882	 0.00005	 0.00007	 0.00904	 0.01113	 0.00000	 0.00000	 0.01043		160.920060	-4902.374842
883883	 0.00003	 0.00006	 0.00734	 0.01186	 0.00000	 0.00000	 0.00975		166.835046	-4944.585257
884884	 0.00002	 0.00011	 0.00800	 0.01247	 0.00000	 0.00000	 0.00919		163.874166	-4996.682520
885885	 0.00003	 0.00007	 0.00816	 0.01272	 0.00000	 0.00000	 0.00973		159.427658	-4861.359568
886886	 0.00002	 0.00013	 0.00736	 0.01118	 0.00000	 0.00000	 0.00923		166.449425	-5051.925382
887887	 0.00002	 0.00013	 0.00849	 0.01119	 0.00000	 0.00000	 0.00959		164.334226	-4986.383757
888888	 0.00012	 0.00010	 0.00772	 0.01235	 0.00000	 0.00000	 0.00958		165.966676	-4962.055239
889889	 0.00009	 0.00027	 0.00903	 0.00954	 0.00000	 0.00001	 0.00971		164.547126	-4979.918382
890890	 0.00002	 0.00003	 0.00928	 0.01085	 0.00000	 0.00000	 0.00956		165.140908	-4902.650871
891891	 0.00006	 0.00010	 0.00842	 0.01134	 0.00000	 0.00000	 0.00933		158.052289	-4906.060621
892892	 0.00001	 0.00005	 0.00916	 0.01196	 0.00000	 0.00000	 0.00842		171.950311	-4933.545780
893893	 0.00003	 0.00011	 0.00710	 0.01022	 0.00000	 0.00000	 0.00919		171.708641	-4995.204495
894894	 0.00001	 0.00004	 0.00982	 0.00933	 0.00000	 0.00000	 0.01065		164.216036	-4985.694323
895895	 0.00001	 0.00004	 0.00695	 0.01151	 0.00000	 0.00000	 0.01060		170.554674	-4919.135965
896896	 0.00005	 0.00005	 0.00824	 0.01223	 0.00000	 0.00000	 0.00972		170.254734	-4930.074524
897897	 0.00004	 0.00012	 0.00804	 0.01193	 0.00000	 0.00000	 0.00883		174.212896	-5001.506911
898898	 0.00009	 0.00020	 0.00662	 0.01201	 0.00000	 0.00001	 0.00939		164.629209	-4970.384161
899899	 0.00004	 0.00013	 0.00828	 0.01179	 0.00000	 0.00000	 0.00994		169.575998	-4901.398766
900900	 0.00002	 0.00007	 0.00738	 0.01069	 0.00000	 0.00000	 0.00926		181.283133	-4996.143886
901901	 0.00004	 0.00005	 0.00815	 0.01245	 0.00000	 0.00000	 0.01021		159.758805	-4968.753381
902902	 0.00002	 0.00017	 0.00837	 0.01153	 0.00000	 0.00000	 0.00975		169.345536	-4877.945138
903903	 0.00004	 0.00010	 0.00674	 0.01031	 0.00000	 0.00000	 0.00974		163.281113	-4977.848959
904904	 0.00002	 0.00019	 0.00913	 0.01296	 0.00000	 0.00000	 0.00966		158.378274	-4958.760027
905905	 0.00005	 0.00019	 0.00874	 0.01043	 0.00000	 0.00000	 0.01199		156.718617	-4831.497362
906906	 0.00007	 0.00020	 0.00735	 0.01060	 0.00000	 0.00001	 0.00933		159.576334	-4942.961278
907907	 0.00016	 0.00035	 0.00847	 0.01118	 0.00001	 0.00001	 0.00927		143.188794	-4994.613059
908908	 0.00007	 0.00007	 0.00740	 0.01103	 0.00000	 0.00000	 0.00886		162.687409	-5043.934469
909909	 0.00003	 0.00006	 0.00942	 0.01014	 0.00000	 0.00000	 0.00981		168.841741	-4952.441282
910910	 0.00005	 0.00020	 0.00842	 0.01052	 0.00000	 0.00000	 0.00949		156.800542	-4918.494080
911911	 0.00006	 0.00019	 0.00761	 0.01203	 0.00000	 0.00000	 0.00891		156.586416	-4965.168448
912912	 0.00028	 0.00036	 0.00747	 0.00997	 0.00000	 0.00001	 0.01118		150.273111	-4962.909052
913913	 0.00007	 0.00029	 0.00734	 0.01175	 0.00000	 0.00000	 0.01039		154.256973	-4960.922342
914914	 0.00007	 0.00021	 0.00892	 0.01116	 0.00000	 0.00000	 0.00858		166.277765	-4971.287627
915915	 0.00009	 0.00022	 0.00906	 0.00985	 0.00000	 0.00001	 0.00985		160.652863	-5102.721996
916916	 0.00014	 0.00019	 0.00646	 0.01178	 0.00000	 0.00001	 0.01021		159.194284	-4986.695395
917917	 0.00019	 0.00032	 0.00896	 0.00984	 0.00000	 0.00001	 0.00979		157.603013	-4922.572849
918918	 0.00007	 0.00011	 0.00747	 0.01201	 0.00000	 0.00000	 0.00948		175.152553	-4812.650960
919919	 0.00015	 0.00021	 0.00822	 0.01026	 0.00000	 0.00001	 0.00952		167.497280	-4906.621036
920920	 0.00011	 0.00023	 0.00715	 0.01120	 0.00000	 0.00001	 0.00844		165.425730	-5095.628504
921921	 0.00005	 0.00018	 0.00837	 0.00932	 0.00000	 0.00000	 0.01116		165.406319	-4932.837636
922922	 0.00006	 0.00013	 0.00885	 0.01043	 0.00000	 0.00000	 0.01123		159.549190	-4903.952499
923923	 0.00006	 0.00010	 0.00751	 0.01182	 0.00000	 0.00000	 0.00984		163.334108	-4956.231841
924924	 0.00003	 0.00006	 0.00816	 0.01015	 0.00000	 0.00000	 0.01034		175.484848	-4885.959005
925925	 0.00008	 0.00010	 0.00873	 0.01253	 0.00000	 0.00000	 0.00943		166.079178	-4933.095107
926926	 0.00005	 0.00007	 0.00797	 0.00977	 0.00000	 0.00000	 0.00921		169.704257	-4985.409807
927927	 0.00004	 0.00005	 0.00851	 0.01233	 0.00000	 0.00000	 0.00951		169.881307	-4924.036830
928928	 0.00004	 0.00006	 0.00804	 0.01269	 0.00000	 0.00000	 0.00919		163.465978	-4961.984850
929929	 0.00009	 0.00037	 0.00899	 0.00986	 0.00000	 0.00000	 0.00877		159.766793	-4922.237625
930930	 0.00006	 0.00036	 0.00837	 0.01062	 0.00000	 0.00000	 0.00934		157.999205	-5035.805276
931931	 0.00003	 0.00040	 0.00737	 0.01101	 0.00000	 0.00000	 0.01010		159.950077	-4881.009254
932932	 0.00006	 0.00008	 0.00865	 0.01114	 0.00000	 0.00000	 0.00985		162.400891	-4934.622597
933933	 0.00012	 0.00014	 0.00896	 0.01180	 0.00000	 0.00001	 0.00902		162.533513	-5037.975777
934934	 0.00012	 0.00031	 0.00648	 0.01144	 0.00000	 0.00001	 0.01002		159.085259	-4936.395198
935935	 0.00017	 0.00063	 0.00819	 0.01198	 0.00000	 0.00001	 0.01002		155.081598	-4926.348459
936936	 0.00017	 0.00042	 0.00821	 0.00961	 0.00000	 0.00001	 0.00945		153.822589	-5040.636540
937937	 0.00010	 0.00031	 0.00848	 0.01062	 0.00000	 0.00000	 0.00847		157.279874	-4965.143149
938938	 0.00003	 0.00008	 0.00694	 0.01090	 0.00000	 0.00000	 0.00948		168.766076	-5056.780467
939939	 0.00007	 0.00022	 0.00791	 0.01080	 0.00000	 0.00000	 0.00848		162.090434	-5029.127293
940940	 0.00007	 0.00025	 0.00895	 0.01153	 0.00000	 0.00000	 0.00976		160.954370	-4983.591216
941941	 0.00004	 0.00021	 0.00747	 0.01060	 0.00000	 0.00000	 0.00980		161.763179	-4973.817636
942942	 0.00006	 0.00002	 0.00850	 0.01155	 0.00000	 0.00000	 0.00933		177.062955	-5007.245631
943943	 0.00004	 0.00016	 0.00684	 0.01108	 0.00000	 0.00000	 0.00959		166.546363	-4903.493412
944944	 0.00008	 0.00012	 0.00783	 0.01042	 0.00000	 0.00000	 0.00955		159.993198	-4917.714021
945945	 0.00001	 0.00006	 0.00752	 0.01076	 0.00000	 0.00000	 0.00983		166.597487	-4968.119499
946946	 0.00003	 0.00005	 0.00790	 0.01064	 0.00000	 0.00000	 0.00937		167.310014	-4941.299072
947947	 0.00004	 0.00014	 0.00842	 0.01055	 0.00000	 0.00000	 0.01064		159.088854	-5069.793967
948948	 0.00004	 0.00022	 0.00714	 0.01168	 0.00000	 0.00000	 0.00988		158.042540	-4992.778972
949949	 0.00005	 0.00010	 0.00731	 0.01132	 0.00000	 0.00000	 0.00978		161.314402	-4973.328917
950950	 0.00004	 0.00017	 0.00890	 0.01061	 0.00000	 0.00000	 0.01074		161.723820	-4862.060841
951951	 0.00009	 0.00017	 0.00723	 0.01166	 0.00000	 0.00000	 0.00983		159.333629	-5007.936032
952952	 0.00005	 0.00018	 0.00919	 0.01194	 0.00000	 0.00000	 0.01048		152.182560	-4849.948647
953953	 0.00003	 0.00008	 0.00717	 0.01170	 0.00000	 0.00000	 0.01004		156.762426	-4963.502216
954954	 0.00003	 0.00008	 0.00729	 0.01155	 0.00000	 0.00000	 0.00963		178.422337	-4930.067657
955955	 0.00005	 0.00016	 0.00681	 0.01191	 0.00000	 0.00000	 0.00893		162.530068	-5049.858003
956956	 0.00011	 0.00010	 0.00675	 0.01158	 0.00000	 0.00000	 0.01135		157.605033	-4936.371107
957957	 0.00006	 0.00010	 0.00835	 0.01004	 0.00000	 0.00000	 0.00890		163.010747	-4997.552732
958958	 0.00011	 0.00032	 0.00964	 0.01100	 0.00000	 0.00001	 0.00897		160.021422	-4970.480383
959959	 0.00009	 0.00020	 0.00673	 0.01188	 0.00000	 0.00001	 0.01086		163.608743	-4928.925889
960960	 0.00006	 0.00012	 0.00837	 0.00994	 0.00000	 0.00000	 0.01046		158.328836	-4992.592775
961961	 0.00006	 0.00087	 0.00798	 0.01217	 0.00000	 0.00000	 0.00999		151.089425	-5085.746540
962962	 0.00005	 0.00009	 0.00786	 0.01128	 0.00000	 0.00000	 0.00908		152.031085	-5098.198546
963963	 0.00004	 0.00023	 0.00707	 0.01290	 0.00000	 0.00000	 0.00885		154.884737	-5030.446514
964964	 0.00002	 0.00016	 0.00809	 0.01165	 0.00000	 0.00000	 0.00998		161.330859	-4962.221579
965965	 0.00001	 0.00001	 0.00796	 0.00977	 0.00000	 0.00000	 0.00938		176.695909	-4976.652841
966966	 0.00001	 0.00002	 0.00711	 0.01146	 0.00000	 0.00000	 0.00990		176.408579	-4942.399276
967967	 0.00001	 0.00003	 0.00777	 0.01050	 0.00000	 0.00000	 0.01058		169.107079	-4913.998287
968968	 0.00001	 0.00001	 0.00673	 0.01140	 0.00000	 0.00000	 0.01048		178.165119	-4909.888052
969969	 0.00001	 0.00008	 0.00924	 0.01055	 0.00000	 0.00000	 0.00882		172.489737	-4940.026211
970970	 0.00003	 0.00002	 0.00925	 0.01203	 0.00000	 0.00000	 0.00899		173.009675	-4929.418064
971971	 0.00003	 0.00014	 0.00916	 0.01222	 0.00000	 0.00000	 0.01013		156.407595	-4870.558330
972972	 0.00006	 0.00021	 0.01003	 0.01067	 0.00000	 0.00000	 0.00929		159.130848	-4973.406313
973973	 0.00002	 0.00012	 0.00776	 0.01149	 0.00000	 0.00000	 0.00952		173.834121	-5082.466423
974974	 0.00005	 0.00020	 0.00796	 0.01165	 0.00000	 0.00000	 0.01061		162.738588	-5041.019912
975975	 0.00010	 0.00017	 0.00786	 0.01000	 0.00000	 0.00001	 0.00996		166.210362	-4991.871470
976976	 0.00005	 0.00015	 0.00751	 0.01181	 0.00000	 0.00000	 0.00776		165.080331	-4992.250779
977977	 0.00004	 0.00007	 0.00667	 0.01330	 0.00000	 0.00000	 0.00870		168.261971	-4966.693747
978978	 0.00007	 0.00005	 0.00692	 0.01240	 0.00000	 0.00000	 0.01030		171.969388	-4863.534601
979979	 0.00011	 0.00023	 0.00824	 0.01000	 0.00000	 0.00000	 0.00997		153.130615	-4961.746800
980980	 0.00011	 0.00012	 0.00798	 0.01071	 0.00000	 0.00000	 0.00782		166.602298	-5005.155800
981981	 0.00007	 0.00010	 0.00856	 0.01063	 0.00000	 0.00000	 0.01005		159.561695	-4942.781911
982982	 0.00001	 0.00008	 0.00752	 0.01040	 0.00000	 0.00000	 0.00902		177.235669	-4962.410618
983983	 0.00003	 0.00019	 0.00638	 0.01252	 0.00000	 0.00000	 0.01028		166.014751	-4949.955399
984984	 0.00003	 0.00015	 0.00772	 0.01018	 0.00000	 0.00000	 0.01039		163.173411	-4977.066813
985985	 0.00004	 0.00023	 0.00723	 0.01095	 0.00000	 0.00000	 0.01026		163.203270	-4899.318668
986986	 0.00019	 0.00035	 0.00850	 0.01046	 0.00000	 0.00001	 0.00941		162.246018	-5075.963131
987987	 0.00028	 0.00043	 0.00780	 0.01097	 0.00000	 0.00002	 0.00870		162.100088	-4947.053513
988988	 0.00017	 0.00027	 0.00773	 0.01175	 0.00000	 0.00001	 0.00989		155.829772	-5048.013653
989989	 0.00016	 0.00021	 0.00836	 0.01044	 0.00000	 0.00001	 0.00940		165.122930	-4931.046957
990990	 0.00009	 0.00021	 0.00782	 0.00970	 0.00000	 0.00000	 0.01051		157.244892	-4940.770070
991991	 0.00013	 0.00018	 0.00827	 0.01140	 0.00000	 0.00000	 0.00973		159.128567	-4959.087695
992992	 0.00009	 0.00020	 0.00801	 0.01037	 0.00000	 0.00001	 0.00991		170.246340	-5043.152624
993993	 0.00016	 0.00018	 0.00723	 0.01096	 0.00000	 0.00001	 0.00984		164.334391	-4997.027370
994994	 0.00018	 0.00026	 0.00878	 0.01048	 0.00000	 0.00001	 0.00989		158.915135	-4867.410709
995995	 0.00002	 0.00007	 0.00814	 0.01059	 0.00000	 0.00000	 0.01040		158.810073	-5038.349288
996996	 0.00006	 0.00005	 0.00855	 0.01111	 0.00000	 0.00000	 0.00940		172.599774	-4888.683284
997997	 0.00009	 0.00053	 0.00816	 0.01090	 0.00000	 0.00000	 0.00944		154.528632	-4947.401678
998998	 0.00007	 0.00008	 0.00803	 0.01015	 0.00000	 0.00000	 0.01018		162.785714	-4929.099115
999999	 0.00003	 0.00008	 0.00789	 0.01039	 0.00000	 0.00000	 0.00949		164.998843	-4996.509342
1001000	 0.00010	 0.00010	 0.00712	 0.01140	 0.00000	 0.00000	 0.01099		155.165459	-4887.361498
1002001	 0.00002	 0.00007	 0.00749	 0.01072	 0.00000	 0.00000	 0.00953		154.923985	-5041.207448
1003002	 0.00008	 0.00005	 0.00717	 0.01268	 0.00000	 0.00000	 0.00996		161.591127	-4926.325529
1004003	 0.00002	 0.00014	 0.00842	 0.01057	 0.00000	 0.00000	 0.00981		168.549596	-4921.371422
1005004	 0.00008	 0.00013	 0.00703	 0.01206	 0.00000	 0.00000	 0.00914		166.743366	-4979.184444
1006005	 0.00009	 0.00012	 0.00905	 0.01034	 0.00000	 0.00000	 0.01027		163.547366	-4941.894847
1007006	 0.00010	 0.00029	 0.00790	 0.01043	 0.00000	 0.00000	 0.01056		154.787820	-5029.807535
1008007	 0.00006	 0.00007	 0.00783	 0.01058	 0.00000	 0.00000	 0.00960		170.025858	-4910.917611
1009008	 0.00005	 0.00014	 0.00848	 0.01119	 0.00000	 0.00000	 0.01014		165.657927	-5027.816529
1010009	 0.00003	 0.00022	 0.01063	 0.01092	 0.00000	 0.00000	 0.00973		166.720553	-4979.655314
1011010	 0.00001	 0.00006	 0.00912	 0.01129	 0.00000	 0.00000	 0.00880		173.277813	-5015.623015
1012011	 0.00002	 0.00010	 0.00879	 0.01013	 0.00000	 0.00000	 0.00972		158.561563	-5014.993744
1013012	 0.00013	 0.00016	 0.00869	 0.01088	 0.00000	 0.00001	 0.01029		159.668964	-4985.839373
1014013	 0.00006	 0.00028	 0.00710	 0.01050	 0.00000	 0.00000	 0.00955		157.036228	-5015.385960
1015014	 0.00009	 0.00020	 0.00828	 0.01056	 0.00000	 0.00000	 0.00924		158.192431	-5011.828000
1016015	 0.00002	 0.00033	 0.00815	 0.01108	 0.00000	 0.00000	 0.00847		173.486818	-5039.581070
1017016	 0.00003	 0.00006	 0.00824	 0.01119	 0.00000	 0.00000	 0.00862		172.920249	-5056.794236
1018017	 0.00003	 0.00004	 0.00805	 0.01139	 0.00000	 0.00000	 0.00968		172.694587	-4978.873413
1019018	 0.00002	 0.00015	 0.00821	 0.01129	 0.00000	 0.00000	 0.00970		171.317263	-4881.762156
1020019	 0.00005	 0.00039	 0.00735	 0.01071	 0.00000	 0.00000	 0.00920		160.631124	-5004.906027
1021020	 0.00003	 0.00013	 0.00697	 0.01064	 0.00000	 0.00000	 0.01003		170.771428	-4991.902376
1022021	 0.00006	 0.00017	 0.00800	 0.01013	 0.00000	 0.00000	 0.00989		155.262832	-4966.707957
1023022	 0.00002	 0.00004	 0.00869	 0.01026	 0.00000	 0.00000	 0.00972		175.671597	-5008.842304
1024023	 0.00005	 0.00007	 0.00891	 0.01218	 0.00000	 0.00000	 0.01058		163.418259	-4832.928692
1025024	 0.00009	 0.00015	 0.00854	 0.00977	 0.00000	 0.00000	 0.01007		161.077649	-4914.304414
1026025	 0.00004	 0.00015	 0.00807	 0.01179	 0.00000	 0.00000	 0.00892		161.622379	-4960.018958
1027026	 0.00002	 0.00029	 0.00831	 0.01228	 0.00000	 0.00000	 0.01067		162.037819	-4896.036633
1028027	 0.00008	 0.00008	 0.00903	 0.01022	 0.00000	 0.00000	 0.00806		173.996958	-4986.112051
1029028	 0.00006	 0.00018	 0.00818	 0.01052	 0.00000	 0.00000	 0.00985		165.110639	-5045.649010
