Sample	theta_WAM	theta_CAM	theta_ATL	theta_AM	theta_root	tau_AM	tau_root	Data-ld-ln	Full-ld-ln
0	 0.00001	 0.00003	 0.01181	 0.01624	 0.00000	 0.00000	 0.01391		161.125451	-7188.949252
1001	 0.00004	 0.00010	 0.01340	 0.01654	 0.00000	 0.00000	 0.01575		152.346804	-7248.692427
2002	 0.00005	 0.00013	 0.01080	 0.01689	 0.00000	 0.00000	 0.01401		154.894396	-7301.896942
3003	 0.00004	 0.00027	 0.01248	 0.01647	 0.00000	 0.00000	 0.01418		151.141942	-7311.723130
4004	 0.00003	 0.00006	 0.01161	 0.01706	 0.00000	 0.00000	 0.01412		161.959386	-7269.765743
5005	 0.00001	 0.00009	 0.01262	 0.01602	 0.00000	 0.00000	 0.01395		157.177537	-7240.336877
6006	 0.00005	 0.00006	 0.01244	 0.01545	 0.00000	 0.00000	 0.01402		159.844813	-7293.552706
7007	 0.00011	 0.00008	 0.01233	 0.01593	 0.00000	 0.00000	 0.01324		156.201255	-7400.087095
8008	 0.00011	 0.00024	 0.01211	 0.01713	 0.00000	 0.00001	 0.01511		148.351984	-7265.707578
9009	 0.00004	 0.00009	 0.01457	 0.01666	 0.00000	 0.00000	 0.01280		159.485821	-7391.119288
10010	 0.00005	 0.00021	 0.01271	 0.01678	 0.00000	 0.00000	 0.01499		149.978190	-7282.769928
11011	 0.00007	 0.00012	 0.01370	 0.01684	 0.00000	 0.00000	 0.01476		154.781151	-7303.847798
12012	 0.00007	 0.00018	 0.01165	 0.01648	 0.00000	 0.00000	 0.01519		149.526918	-7450.136019
13013	 0.00008	 0.00020	 0.01158	 0.01712	 0.00000	 0.00001	 0.01480		151.237758	-7193.574257
14014	 0.00007	 0.00015	 0.01226	 0.01642	 0.00000	 0.00000	 0.01449		146.377608	-7325.785648
15015	 0.00003	 0.00003	 0.01322	 0.01620	 0.00000	 0.00000	 0.01431		158.369560	-7207.765144
16016	 0.00008	 0.00020	 0.01177	 0.01789	 0.00000	 0.00000	 0.01449		147.531341	-7316.705593
17017	 0.00004	 0.00005	 0.01385	 0.01712	 0.00000	 0.00000	 0.01490		158.176341	-7283.568219
18018	 0.00003	 0.00006	 0.01305	 0.01606	 0.00000	 0.00000	 0.01459		163.500769	-7223.196442
19019	 0.00007	 0.00006	 0.01312	 0.01598	 0.00000	 0.00000	 0.01611		150.673274	-7334.250991
20020	 0.00007	 0.00011	 0.01024	 0.01701	 0.00000	 0.00000	 0.01409		155.422608	-7255.962067
21021	 0.00004	 0.00018	 0.01209	 0.01460	 0.00000	 0.00000	 0.01366		159.634843	-7278.152230
22022	 0.00005	 0.00011	 0.01342	 0.01716	 0.00000	 0.00000	 0.01525		154.338836	-7304.327204
23023	 0.00003	 0.00004	 0.01322	 0.01778	 0.00000	 0.00000	 0.01447		152.031839	-7233.879605
24024	 0.00002	 0.00004	 0.01244	 0.01659	 0.00000	 0.00000	 0.01274		162.878848	-7238.469581
25025	 0.00004	 0.00007	 0.01372	 0.01691	 0.00000	 0.00000	 0.01594		152.117639	-7218.620883
26026	 0.00002	 0.00008	 0.01314	 0.01589	 0.00000	 0.00000	 0.01500		165.506969	-7184.576641
27027	 0.00002	 0.00006	 0.01351	 0.01500	 0.00000	 0.00000	 0.01376		163.466892	-7325.593495
28028	 0.00002	 0.00014	 0.01195	 0.01576	 0.00000	 0.00000	 0.01348		161.312872	-7311.446022
29029	 0.00010	 0.00014	 0.01238	 0.01380	 0.00000	 0.00000	 0.01374		151.469469	-7351.860305
30030	 0.00009	 0.00025	 0.01289	 0.01676	 0.00000	 0.00001	 0.01271		153.514222	-7288.978834
31031	 0.00008	 0.00045	 0.01218	 0.01641	 0.00000	 0.00001	 0.01409		147.735800	-7285.996425
32032	 0.00007	 0.00016	 0.01224	 0.01710	 0.00000	 0.00000	 0.01502		151.743862	-7257.459256
33033	 0.00005	 0.00008	 0.01305	 0.01679	 0.00000	 0.00000	 0.01416		152.724104	-7441.635680
34034	 0.00003	 0.00005	 0.01261	 0.01666	 0.00000	 0.00000	 0.01403		159.662630	-7174.152724
35035	 0.00002	 0.00013	 0.01308	 0.01716	 0.00000	 0.00000	 0.01451		153.627881	-7240.517275
36036	 0.00002	 0.00010	 0.01239	 0.01649	 0.00000	 0.00000	 0.01415		149.568147	-7358.427099
37037	 0.00001	 0.00011	 0.01334	 0.01637	 0.00000	 0.00000	 0.01498		153.680079	-7217.431665
38038	 0.00002	 0.00005	 0.01299	 0.01829	 0.00000	 0.00000	 0.01464		151.065852	-7230.554704
39039	 0.00001	 0.00006	 0.01234	 0.01677	 0.00000	 0.00000	 0.01473		149.097654	-7243.805615
40040	 0.00001	 0.00007	 0.01257	 0.01621	 0.00000	 0.00000	 0.01500		158.359423	-7359.296715
41041	 0.00001	 0.00002	 0.01411	 0.01664	 0.00000	 0.00000	 0.01272		171.318168	-7193.686216
42042	 0.00001	 0.00005	 0.01363	 0.01527	 0.00000	 0.00000	 0.01391		157.765080	-7317.015582
43043	 0.00000	 0.00005	 0.01416	 0.01543	 0.00000	 0.00000	 0.01398		160.594388	-7362.226045
44044	 0.00000	 0.00010	 0.01233	 0.01769	 0.00000	 0.00000	 0.01277		156.000581	-7248.253243
45045	 0.00000	 0.00004	 0.01042	 0.01778	 0.00000	 0.00000	 0.01480		161.108009	-7447.667880
46046	 0.00000	 0.00001	 0.01292	 0.01773	 0.00000	 0.00000	 0.01483		165.173250	-7195.908175
47047	 0.00000	 0.00001	 0.01320	 0.01755	 0.00000	 0.00000	 0.01433		156.551616	-7271.822680
48048	 0.00000	 0.00001	 0.01340	 0.01488	 0.00000	 0.00000	 0.01417		169.339044	-7295.562985
49049	 0.00000	 0.00002	 0.01263	 0.01454	 0.00000	 0.00000	 0.01379		165.363511	-7374.403768
50050	 0.00001	 0.00005	 0.01335	 0.01725	 0.00000	 0.00000	 0.01394		160.063638	-7368.199442
51051	 0.00001	 0.00002	 0.01311	 0.01616	 0.00000	 0.00000	 0.01434		160.290186	-7335.426945
52052	 0.00000	 0.00002	 0.01311	 0.01608	 0.00000	 0.00000	 0.01444		168.418306	-7343.851821
53053	 0.00001	 0.00002	 0.01379	 0.01451	 0.00000	 0.00000	 0.01400		171.878065	-7244.700219
54054	 0.00001	 0.00001	 0.01385	 0.01599	 0.00000	 0.00000	 0.01390		165.964628	-7368.949152
55055	 0.00001	 0.00007	 0.01367	 0.01772	 0.00000	 0.00000	 0.01456		161.524181	-7227.608759
56056	 0.00001	 0.00002	 0.01149	 0.01716	 0.00000	 0.00000	 0.01364		164.526765	-7429.296103
57057	 0.00002	 0.00002	 0.01083	 0.01720	 0.00000	 0.00000	 0.01550		165.358497	-7219.560993
58058	 0.00001	 0.00003	 0.01175	 0.01832	 0.00000	 0.00000	 0.01427		166.153456	-7337.344063
59059	 0.00001	 0.00002	 0.01244	 0.01717	 0.00000	 0.00000	 0.01344		167.729214	-7421.073243
60060	 0.00001	 0.00001	 0.01218	 0.01528	 0.00000	 0.00000	 0.01418		163.850107	-7339.924599
61061	 0.00001	 0.00001	 0.01214	 0.01887	 0.00000	 0.00000	 0.01450		170.408409	-7280.555958
62062	 0.00001	 0.00005	 0.01385	 0.01630	 0.00000	 0.00000	 0.01457		155.946257	-7313.243056
63063	 0.00000	 0.00007	 0.01412	 0.01467	 0.00000	 0.00000	 0.01308		153.072875	-7308.799427
64064	 0.00001	 0.00004	 0.01237	 0.01654	 0.00000	 0.00000	 0.01449		151.611532	-7251.942894
65065	 0.00001	 0.00002	 0.01150	 0.01723	 0.00000	 0.00000	 0.01494		162.979084	-7357.759500
66066	 0.00002	 0.00002	 0.01313	 0.01543	 0.00000	 0.00000	 0.01313		156.122239	-7361.572204
67067	 0.00002	 0.00004	 0.01228	 0.01388	 0.00000	 0.00000	 0.01235		159.151062	-7457.506207
68068	 0.00004	 0.00007	 0.01359	 0.01596	 0.00000	 0.00000	 0.01616		151.189380	-7177.701731
69069	 0.00002	 0.00014	 0.01248	 0.01685	 0.00000	 0.00000	 0.01300		156.668556	-7456.723248
70070	 0.00004	 0.00009	 0.01342	 0.01811	 0.00000	 0.00000	 0.01485		147.320269	-7301.054778
71071	 0.00003	 0.00008	 0.01439	 0.01705	 0.00000	 0.00000	 0.01352		153.817040	-7355.097266
72072	 0.00004	 0.00014	 0.01273	 0.01693	 0.00000	 0.00000	 0.01297		152.709885	-7271.916474
73073	 0.00005	 0.00014	 0.01272	 0.01653	 0.00000	 0.00000	 0.01368		151.613162	-7299.693204
74074	 0.00008	 0.00030	 0.01126	 0.01756	 0.00000	 0.00001	 0.01431		148.430373	-7300.269100
75075	 0.00012	 0.00022	 0.01305	 0.01862	 0.00000	 0.00001	 0.01364		148.373026	-7267.459701
76076	 0.00007	 0.00011	 0.01394	 0.01743	 0.00000	 0.00000	 0.01394		149.550012	-7313.375458
77077	 0.00014	 0.00021	 0.01380	 0.01650	 0.00000	 0.00001	 0.01419		149.101366	-7255.396666
78078	 0.00007	 0.00009	 0.01276	 0.01509	 0.00000	 0.00000	 0.01484		147.415080	-7263.295404
79079	 0.00003	 0.00013	 0.01076	 0.01735	 0.00000	 0.00000	 0.01328		158.715201	-7298.550220
80080	 0.00004	 0.00018	 0.01164	 0.01675	 0.00000	 0.00000	 0.01465		157.066567	-7314.816532
81081	 0.00009	 0.00011	 0.01215	 0.01628	 0.00000	 0.00000	 0.01495		152.395899	-7270.861777
82082	 0.00005	 0.00013	 0.01209	 0.01438	 0.00000	 0.00000	 0.01415		159.409304	-7211.560120
83083	 0.00010	 0.00011	 0.01245	 0.01735	 0.00000	 0.00001	 0.01561		157.818052	-7220.366234
84084	 0.00006	 0.00017	 0.01178	 0.01565	 0.00000	 0.00000	 0.01572		157.051628	-7310.646227
85085	 0.00004	 0.00009	 0.01276	 0.01924	 0.00000	 0.00000	 0.01492		157.970664	-7265.716557
86086	 0.00007	 0.00036	 0.01365	 0.01699	 0.00000	 0.00001	 0.01363		165.632615	-7205.700998
87087	 0.00010	 0.00025	 0.01062	 0.01554	 0.00000	 0.00000	 0.01489		149.096385	-7320.730022
88088	 0.00014	 0.00013	 0.01123	 0.01583	 0.00000	 0.00000	 0.01427		149.762444	-7433.657091
89089	 0.00006	 0.00009	 0.01327	 0.01583	 0.00000	 0.00000	 0.01309		157.579843	-7402.494135
90090	 0.00008	 0.00013	 0.01244	 0.01616	 0.00000	 0.00000	 0.01446		155.273709	-7244.345110
91091	 0.00005	 0.00012	 0.01251	 0.01768	 0.00000	 0.00000	 0.01389		154.673751	-7236.050206
92092	 0.00004	 0.00005	 0.01259	 0.01666	 0.00000	 0.00000	 0.01492		160.826969	-7267.494922
93093	 0.00013	 0.00021	 0.01281	 0.01581	 0.00000	 0.00001	 0.01503		154.601362	-7389.866080
94094	 0.00011	 0.00020	 0.01312	 0.01724	 0.00000	 0.00001	 0.01500		151.367098	-7193.123007
95095	 0.00012	 0.00010	 0.01272	 0.01551	 0.00000	 0.00000	 0.01604		150.179525	-7128.873233
96096	 0.00005	 0.00013	 0.01172	 0.01592	 0.00000	 0.00000	 0.01396		159.791636	-7362.961667
97097	 0.00007	 0.00016	 0.01447	 0.01872	 0.00000	 0.00000	 0.01419		157.590138	-7289.583326
98098	 0.00006	 0.00007	 0.01335	 0.01618	 0.00000	 0.00000	 0.01449		162.906083	-7328.393258
99099	 0.00008	 0.00006	 0.01199	 0.01983	 0.00000	 0.00000	 0.01511		153.498864	-7257.938493
100100	 0.00008	 0.00009	 0.01401	 0.01622	 0.00000	 0.00000	 0.01499		158.371842	-7268.185738
101101	 0.00013	 0.00019	 0.01266	 0.01680	 0.00000	 0.00001	 0.01549		147.296352	-7254.318324
102102	 0.00011	 0.00008	 0.01345	 0.01582	 0.00000	 0.00000	 0.01423		149.361962	-7167.659403
103103	 0.00006	 0.00014	 0.01237	 0.01753	 0.00000	 0.00000	 0.01331		154.969374	-7411.715743
104104	 0.00006	 0.00015	 0.01353	 0.01577	 0.00000	 0.00000	 0.01445		162.988889	-7307.284379
105105	 0.00004	 0.00016	 0.01368	 0.01588	 0.00000	 0.00000	 0.01434		156.170865	-7339.170872
106106	 0.00006	 0.00011	 0.01320	 0.01774	 0.00000	 0.00000	 0.01419		156.198536	-7242.916049
107107	 0.00006	 0.00012	 0.01115	 0.01720	 0.00000	 0.00000	 0.01559		156.490312	-7332.206426
108108	 0.00007	 0.00008	 0.01072	 0.01551	 0.00000	 0.00000	 0.01459		159.056681	-7247.943950
109109	 0.00006	 0.00018	 0.01215	 0.01640	 0.00000	 0.00000	 0.01627		150.971711	-7226.643336
110110	 0.00002	 0.00018	 0.01070	 0.01537	 0.00000	 0.00000	 0.01320		164.101912	-7384.120260
111111	 0.00003	 0.00009	 0.01185	 0.01648	 0.00000	 0.00000	 0.01358		157.208140	-7289.387585
112112	 0.00002	 0.00011	 0.01150	 0.01807	 0.00000	 0.00000	 0.01359		157.931636	-7398.895296
113113	 0.00001	 0.00017	 0.01083	 0.01763	 0.00000	 0.00000	 0.01501		158.265957	-7314.180583
114114	 0.00002	 0.00007	 0.01208	 0.01769	 0.00000	 0.00000	 0.01368		154.993624	-7271.772864
115115	 0.00001	 0.00004	 0.01133	 0.01540	 0.00000	 0.00000	 0.01489		155.264891	-7339.901854
116116	 0.00001	 0.00002	 0.01218	 0.01787	 0.00000	 0.00000	 0.01456		154.691710	-7249.653281
117117	 0.00002	 0.00005	 0.01365	 0.01547	 0.00000	 0.00000	 0.01422		150.211173	-7279.591264
118118	 0.00001	 0.00052	 0.01283	 0.01556	 0.00000	 0.00000	 0.01328		154.755003	-7246.110143
119119	 0.00001	 0.00011	 0.01241	 0.01605	 0.00000	 0.00000	 0.01495		150.281039	-7299.762405
120120	 0.00001	 0.00006	 0.01344	 0.01627	 0.00000	 0.00000	 0.01372		163.240734	-7272.748310
121121	 0.00002	 0.00026	 0.01211	 0.01769	 0.00000	 0.00000	 0.01539		153.459918	-7308.015636
122122	 0.00003	 0.00006	 0.01139	 0.01476	 0.00000	 0.00000	 0.01341		155.108981	-7423.575855
123123	 0.00002	 0.00006	 0.01188	 0.01705	 0.00000	 0.00000	 0.01480		161.450837	-7296.742311
124124	 0.00003	 0.00002	 0.01240	 0.01581	 0.00000	 0.00000	 0.01419		170.113413	-7298.019854
125125	 0.00002	 0.00007	 0.01223	 0.01774	 0.00000	 0.00000	 0.01647		163.775959	-7164.362299
126126	 0.00002	 0.00012	 0.01331	 0.01635	 0.00000	 0.00000	 0.01320		162.293293	-7309.503915
127127	 0.00003	 0.00008	 0.01203	 0.01605	 0.00000	 0.00000	 0.01673		154.899947	-7301.186779
128128	 0.00003	 0.00006	 0.01191	 0.01612	 0.00000	 0.00000	 0.01452		156.503108	-7312.967467
129129	 0.00003	 0.00015	 0.01241	 0.01679	 0.00000	 0.00000	 0.01544		153.916284	-7366.800910
130130	 0.00012	 0.00018	 0.01170	 0.01561	 0.00000	 0.00001	 0.01420		154.229531	-7252.026318
131131	 0.00008	 0.00021	 0.01174	 0.01696	 0.00000	 0.00000	 0.01455		150.051085	-7194.061529
132132	 0.00008	 0.00013	 0.01195	 0.01746	 0.00000	 0.00000	 0.01224		156.558924	-7331.673643
133133	 0.00005	 0.00007	 0.01118	 0.01699	 0.00000	 0.00000	 0.01351		165.037407	-7254.551155
134134	 0.00008	 0.00015	 0.01280	 0.01622	 0.00000	 0.00000	 0.01569		153.120606	-7232.944799
135135	 0.00030	 0.00062	 0.01243	 0.01626	 0.00000	 0.00002	 0.01313		147.640001	-7310.193236
136136	 0.00010	 0.00020	 0.01215	 0.01869	 0.00000	 0.00001	 0.01367		156.286863	-7314.425680
137137	 0.00018	 0.00030	 0.01244	 0.01793	 0.00000	 0.00001	 0.01514		141.745794	-7225.253523
138138	 0.00014	 0.00025	 0.01382	 0.01754	 0.00000	 0.00001	 0.01362		151.320006	-7233.836194
139139	 0.00016	 0.00040	 0.01050	 0.01775	 0.00000	 0.00001	 0.01518		145.441662	-7222.860933
140140	 0.00017	 0.00020	 0.01023	 0.01816	 0.00000	 0.00001	 0.01586		152.792459	-7305.183720
141141	 0.00009	 0.00031	 0.01166	 0.01770	 0.00000	 0.00001	 0.01480		149.250733	-7252.035356
142142	 0.00007	 0.00025	 0.01208	 0.01498	 0.00000	 0.00000	 0.01370		147.779057	-7329.475175
143143	 0.00005	 0.00035	 0.01217	 0.01566	 0.00000	 0.00000	 0.01521		151.583789	-7222.399872
144144	 0.00002	 0.00014	 0.01064	 0.01707	 0.00000	 0.00000	 0.01381		152.498650	-7395.194842
145145	 0.00003	 0.00011	 0.01171	 0.01544	 0.00000	 0.00000	 0.01429		140.196123	-7325.825395
146146	 0.00004	 0.00004	 0.01299	 0.01820	 0.00000	 0.00000	 0.01578		149.009766	-7190.670817
147147	 0.00015	 0.00009	 0.01374	 0.01545	 0.00000	 0.00000	 0.01460		146.686452	-7320.286685
148148	 0.00004	 0.00017	 0.01377	 0.01892	 0.00000	 0.00000	 0.01522		148.875074	-7256.829094
149149	 0.00007	 0.00014	 0.01252	 0.01769	 0.00000	 0.00000	 0.01504		150.959229	-7201.796094
150150	 0.00012	 0.00008	 0.01231	 0.01575	 0.00000	 0.00000	 0.01546		153.284680	-7244.444208
151151	 0.00005	 0.00008	 0.01240	 0.01590	 0.00000	 0.00000	 0.01484		158.496902	-7247.533471
152152	 0.00003	 0.00021	 0.01177	 0.01528	 0.00000	 0.00000	 0.01398		155.954157	-7402.663495
153153	 0.00004	 0.00014	 0.01241	 0.01797	 0.00000	 0.00000	 0.01569		153.155861	-7176.143249
154154	 0.00003	 0.00012	 0.01290	 0.01571	 0.00000	 0.00000	 0.01361		156.745055	-7320.173606
155155	 0.00003	 0.00018	 0.01269	 0.01617	 0.00000	 0.00000	 0.01460		153.675839	-7300.953443
156156	 0.00013	 0.00041	 0.01298	 0.01659	 0.00000	 0.00001	 0.01402		149.267824	-7260.280059
157157	 0.00021	 0.00034	 0.01239	 0.01860	 0.00000	 0.00001	 0.01447		147.395042	-7251.002901
158158	 0.00028	 0.00046	 0.01216	 0.01667	 0.00000	 0.00001	 0.01448		144.360004	-7346.097854
159159	 0.00012	 0.00035	 0.01243	 0.01673	 0.00000	 0.00001	 0.01447		153.891734	-7261.415613
160160	 0.00021	 0.00026	 0.01255	 0.01582	 0.00000	 0.00001	 0.01441		148.090646	-7291.805880
161161	 0.00006	 0.00013	 0.01203	 0.01825	 0.00000	 0.00000	 0.01496		152.434623	-7245.122886
162162	 0.00005	 0.00034	 0.01385	 0.01701	 0.00000	 0.00000	 0.01504		146.992055	-7303.425450
163163	 0.00005	 0.00014	 0.01355	 0.01473	 0.00000	 0.00000	 0.01444		149.812323	-7357.750820
164164	 0.00006	 0.00024	 0.01262	 0.01508	 0.00000	 0.00000	 0.01586		146.155154	-7250.606102
165165	 0.00003	 0.00005	 0.01404	 0.01491	 0.00000	 0.00000	 0.01426		159.023655	-7233.011329
166166	 0.00004	 0.00014	 0.01363	 0.01582	 0.00000	 0.00000	 0.01480		155.934127	-7335.276822
167167	 0.00009	 0.00019	 0.01195	 0.01703	 0.00000	 0.00001	 0.01380		158.289592	-7275.149179
168168	 0.00006	 0.00020	 0.01324	 0.01661	 0.00000	 0.00000	 0.01530		148.804967	-7208.953298
169169	 0.00013	 0.00025	 0.01124	 0.01651	 0.00000	 0.00001	 0.01557		148.951352	-7326.088387
170170	 0.00017	 0.00019	 0.01223	 0.01573	 0.00000	 0.00001	 0.01409		155.218029	-7344.784404
171171	 0.00015	 0.00033	 0.01063	 0.01725	 0.00000	 0.00001	 0.01645		145.176151	-7224.675927
172172	 0.00011	 0.00032	 0.01332	 0.01739	 0.00000	 0.00001	 0.01398		153.254360	-7283.289155
173173	 0.00017	 0.00062	 0.01205	 0.01403	 0.00000	 0.00001	 0.01455		145.892813	-7349.948794
174174	 0.00012	 0.00027	 0.01140	 0.01602	 0.00000	 0.00001	 0.01351		153.239285	-7450.758813
175175	 0.00017	 0.00021	 0.01329	 0.01620	 0.00000	 0.00001	 0.01344		155.174402	-7260.020003
176176	 0.00009	 0.00027	 0.01164	 0.01612	 0.00000	 0.00001	 0.01492		149.616710	-7311.613686
177177	 0.00007	 0.00012	 0.01221	 0.01720	 0.00000	 0.00000	 0.01619		153.574421	-7282.941170
178178	 0.00004	 0.00004	 0.01330	 0.01672	 0.00000	 0.00000	 0.01425		156.195451	-7237.494357
179179	 0.00004	 0.00008	 0.01163	 0.01789	 0.00000	 0.00000	 0.01444		156.006396	-7300.481547
180180	 0.00009	 0.00012	 0.01223	 0.01818	 0.00000	 0.00001	 0.01375		160.409848	-7317.120771
181181	 0.00018	 0.00023	 0.01050	 0.01731	 0.00000	 0.00001	 0.01444		146.379612	-7256.053981
182182	 0.00012	 0.00030	 0.01264	 0.01658	 0.00000	 0.00001	 0.01382		153.547108	-7285.673650
183183	 0.00005	 0.00008	 0.01234	 0.01579	 0.00000	 0.00000	 0.01363		160.911203	-7453.907240
184184	 0.00006	 0.00027	 0.01372	 0.01672	 0.00000	 0.00000	 0.01429		147.909550	-7233.745810
185185	 0.00014	 0.00069	 0.01370	 0.01521	 0.00000	 0.00001	 0.01462		141.730614	-7277.040366
186186	 0.00024	 0.00016	 0.01171	 0.01615	 0.00000	 0.00001	 0.01526		150.429134	-7212.800995
187187	 0.00005	 0.00013	 0.01326	 0.01577	 0.00000	 0.00000	 0.01465		149.979180	-7419.290150
188188	 0.00005	 0.00013	 0.01163	 0.01616	 0.00000	 0.00000	 0.01550		155.334003	-7273.734790
189189	 0.00004	 0.00014	 0.01433	 0.01569	 0.00000	 0.00000	 0.01567		158.953826	-7199.133214
190190	 0.00003	 0.00008	 0.01241	 0.01839	 0.00000	 0.00000	 0.01384		160.475973	-7253.001379
191191	 0.00003	 0.00007	 0.01237	 0.01809	 0.00000	 0.00000	 0.01432		159.305860	-7254.660274
192192	 0.00003	 0.00011	 0.01319	 0.01634	 0.00000	 0.00000	 0.01469		150.983785	-7371.399274
193193	 0.00005	 0.00013	 0.01170	 0.01841	 0.00000	 0.00000	 0.01338		147.597472	-7474.231251
194194	 0.00002	 0.00012	 0.01258	 0.01646	 0.00000	 0.00000	 0.01531		151.062482	-7229.479273
195195	 0.00002	 0.00008	 0.01337	 0.01535	 0.00000	 0.00000	 0.01453		160.216260	-7291.274010
196196	 0.00006	 0.00011	 0.01098	 0.01800	 0.00000	 0.00000	 0.01438		154.442184	-7284.146612
197197	 0.00003	 0.00019	 0.01326	 0.01764	 0.00000	 0.00000	 0.01449		154.797713	-7243.019673
198198	 0.00006	 0.00010	 0.01166	 0.01771	 0.00000	 0.00000	 0.01571		147.742121	-7200.754331
199199	 0.00012	 0.00013	 0.01145	 0.01669	 0.00000	 0.00000	 0.01538		144.304306	-7256.428896
200200	 0.00003	 0.00009	 0.01145	 0.01832	 0.00000	 0.00000	 0.01378		158.115682	-7308.623926
201201	 0.00002	 0.00007	 0.01322	 0.01807	 0.00000	 0.00000	 0.01296		160.255068	-7387.111761
202202	 0.00002	 0.00004	 0.01163	 0.01901	 0.00000	 0.00000	 0.01509		160.400815	-7244.709968
203203	 0.00001	 0.00002	 0.01160	 0.01756	 0.00000	 0.00000	 0.01419		167.901463	-7226.032578
204204	 0.00002	 0.00003	 0.01311	 0.01462	 0.00000	 0.00000	 0.01403		157.466106	-7337.693199
205205	 0.00003	 0.00005	 0.01296	 0.01676	 0.00000	 0.00000	 0.01446		154.347608	-7266.839587
206206	 0.00001	 0.00003	 0.01131	 0.01830	 0.00000	 0.00000	 0.01433		159.751687	-7276.950785
207207	 0.00002	 0.00012	 0.01244	 0.01767	 0.00000	 0.00000	 0.01427		151.432803	-7244.757301
208208	 0.00002	 0.00019	 0.01211	 0.01752	 0.00000	 0.00000	 0.01492		152.942605	-7218.509425
209209	 0.00004	 0.00006	 0.01309	 0.01720	 0.00000	 0.00000	 0.01498		148.181435	-7376.641444
210210	 0.00005	 0.00005	 0.01325	 0.01690	 0.00000	 0.00000	 0.01421		152.959141	-7333.566254
211211	 0.00011	 0.00031	 0.01363	 0.01607	 0.00000	 0.00001	 0.01566		151.987640	-7112.657595
212212	 0.00005	 0.00021	 0.01187	 0.01786	 0.00000	 0.00000	 0.01366		158.439042	-7250.020138
213213	 0.00010	 0.00045	 0.01102	 0.01617	 0.00000	 0.00001	 0.01344		148.629263	-7246.735207
214214	 0.00004	 0.00020	 0.01006	 0.01796	 0.00000	 0.00000	 0.01513		156.268091	-7333.971021
215215	 0.00005	 0.00010	 0.01280	 0.01731	 0.00000	 0.00000	 0.01312		157.168533	-7331.966722
216216	 0.00004	 0.00010	 0.01146	 0.01779	 0.00000	 0.00000	 0.01452		161.313720	-7352.144126
217217	 0.00007	 0.00026	 0.01366	 0.01714	 0.00000	 0.00000	 0.01509		148.624560	-7336.166365
218218	 0.00011	 0.00025	 0.01182	 0.01536	 0.00000	 0.00001	 0.01558		160.315105	-7332.825290
219219	 0.00008	 0.00029	 0.01303	 0.01707	 0.00000	 0.00000	 0.01361		154.594061	-7256.461891
220220	 0.00005	 0.00010	 0.01134	 0.01575	 0.00000	 0.00000	 0.01425		158.066309	-7287.997519
221221	 0.00002	 0.00003	 0.01155	 0.01832	 0.00000	 0.00000	 0.01342		179.195270	-7344.803104
222222	 0.00002	 0.00004	 0.01226	 0.01741	 0.00000	 0.00000	 0.01374		168.269822	-7280.753786
223223	 0.00002	 0.00013	 0.01283	 0.01768	 0.00000	 0.00000	 0.01480		155.146898	-7393.076973
224224	 0.00004	 0.00029	 0.01405	 0.01615	 0.00000	 0.00000	 0.01443		156.354280	-7243.070750
225225	 0.00004	 0.00023	 0.01403	 0.01805	 0.00000	 0.00000	 0.01438		152.408672	-7175.787138
226226	 0.00005	 0.00009	 0.01127	 0.01591	 0.00000	 0.00000	 0.01447		161.715573	-7347.015098
227227	 0.00004	 0.00004	 0.01141	 0.01676	 0.00000	 0.00000	 0.01488		162.150522	-7337.418213
228228	 0.00008	 0.00013	 0.01399	 0.01664	 0.00000	 0.00000	 0.01464		152.119266	-7184.959260
229229	 0.00007	 0.00008	 0.01279	 0.01872	 0.00000	 0.00000	 0.01346		150.499863	-7309.599238
230230	 0.00004	 0.00017	 0.01159	 0.01943	 0.00000	 0.00000	 0.01195		166.981147	-7344.026652
231231	 0.00006	 0.00027	 0.01173	 0.01822	 0.00000	 0.00000	 0.01353		146.384230	-7270.463421
232232	 0.00004	 0.00008	 0.01420	 0.01570	 0.00000	 0.00000	 0.01517		151.264299	-7258.384704
233233	 0.00003	 0.00009	 0.01211	 0.01796	 0.00000	 0.00000	 0.01494		154.930023	-7238.056793
234234	 0.00006	 0.00022	 0.01219	 0.01736	 0.00000	 0.00000	 0.01417		150.831138	-7292.028705
235235	 0.00007	 0.00024	 0.01278	 0.01551	 0.00000	 0.00000	 0.01431		146.214268	-7275.614541
236236	 0.00005	 0.00027	 0.01187	 0.01595	 0.00000	 0.00000	 0.01248		156.430232	-7388.118165
237237	 0.00025	 0.00018	 0.01357	 0.01597	 0.00000	 0.00001	 0.01528		139.786317	-7201.370496
238238	 0.00016	 0.00021	 0.01147	 0.01686	 0.00000	 0.00001	 0.01430		143.000403	-7226.414030
239239	 0.00014	 0.00039	 0.01284	 0.01694	 0.00000	 0.00001	 0.01361		145.107943	-7297.095239
240240	 0.00007	 0.00020	 0.01286	 0.01538	 0.00000	 0.00000	 0.01375		145.236898	-7216.441428
241241	 0.00004	 0.00033	 0.01136	 0.01922	 0.00000	 0.00000	 0.01530		152.743262	-7269.339941
242242	 0.00002	 0.00033	 0.01190	 0.01770	 0.00000	 0.00000	 0.01314		145.136014	-7314.684142
243243	 0.00002	 0.00007	 0.01424	 0.01514	 0.00000	 0.00000	 0.01359		159.379487	-7295.170347
244244	 0.00004	 0.00010	 0.01271	 0.01755	 0.00000	 0.00000	 0.01469		144.759424	-7301.021485
245245	 0.00004	 0.00010	 0.01204	 0.01566	 0.00000	 0.00000	 0.01387		141.161902	-7392.418945
246246	 0.00005	 0.00008	 0.01199	 0.01694	 0.00000	 0.00000	 0.01442		156.312125	-7216.853513
247247	 0.00007	 0.00014	 0.01514	 0.01572	 0.00000	 0.00000	 0.01502		149.894790	-7382.949601
248248	 0.00012	 0.00023	 0.01221	 0.01620	 0.00000	 0.00001	 0.01316		150.436798	-7346.775896
249249	 0.00006	 0.00041	 0.01147	 0.01813	 0.00000	 0.00000	 0.01457		142.742541	-7193.517044
250250	 0.00009	 0.00015	 0.01250	 0.01780	 0.00000	 0.00000	 0.01399		151.187221	-7380.034856
251251	 0.00010	 0.00014	 0.01273	 0.01632	 0.00000	 0.00000	 0.01521		149.301232	-7100.677910
252252	 0.00008	 0.00011	 0.01177	 0.01756	 0.00000	 0.00000	 0.01510		152.347676	-7242.019980
253253	 0.00007	 0.00015	 0.01365	 0.01611	 0.00000	 0.00000	 0.01261		152.099651	-7481.757748
254254	 0.00006	 0.00019	 0.01222	 0.01657	 0.00000	 0.00000	 0.01347		153.124798	-7313.438158
255255	 0.00007	 0.00033	 0.01124	 0.01782	 0.00000	 0.00001	 0.01361		155.253231	-7352.782683
256256	 0.00014	 0.00023	 0.01324	 0.01496	 0.00000	 0.00001	 0.01631		146.128621	-7133.116869
257257	 0.00003	 0.00010	 0.01354	 0.01550	 0.00000	 0.00000	 0.01510		159.070467	-7333.393834
258258	 0.00006	 0.00005	 0.01300	 0.01641	 0.00000	 0.00000	 0.01352		165.476198	-7217.861380
259259	 0.00008	 0.00020	 0.01304	 0.01482	 0.00000	 0.00000	 0.01594		148.521812	-7312.333700
260260	 0.00016	 0.00026	 0.01334	 0.01643	 0.00000	 0.00001	 0.01561		146.487859	-7306.812166
261261	 0.00006	 0.00038	 0.01184	 0.01876	 0.00000	 0.00000	 0.01427		150.525276	-7298.987998
262262	 0.00006	 0.00012	 0.01349	 0.01769	 0.00000	 0.00000	 0.01570		150.909792	-7190.711734
263263	 0.00004	 0.00009	 0.01185	 0.01743	 0.00000	 0.00000	 0.01453		158.225668	-7278.680133
264264	 0.00006	 0.00020	 0.01173	 0.01774	 0.00000	 0.00000	 0.01566		150.903897	-7289.502635
265265	 0.00011	 0.00024	 0.01336	 0.01691	 0.00000	 0.00001	 0.01522		158.744881	-7206.521447
266266	 0.00019	 0.00037	 0.01200	 0.01574	 0.00000	 0.00001	 0.01339		146.072974	-7334.209989
267267	 0.00010	 0.00029	 0.01250	 0.01580	 0.00000	 0.00001	 0.01523		148.688877	-7311.571409
268268	 0.00007	 0.00015	 0.01306	 0.01703	 0.00000	 0.00000	 0.01432		157.372543	-7203.637187
269269	 0.00008	 0.00028	 0.01334	 0.01702	 0.00000	 0.00000	 0.01456		142.334944	-7220.868239
270270	 0.00003	 0.00013	 0.01213	 0.01819	 0.00000	 0.00000	 0.01532		158.204321	-7348.968379
271271	 0.00004	 0.00013	 0.01267	 0.01556	 0.00000	 0.00000	 0.01465		147.633991	-7191.254067
272272	 0.00004	 0.00007	 0.01259	 0.01697	 0.00000	 0.00000	 0.01458		153.905636	-7254.454852
273273	 0.00002	 0.00003	 0.01213	 0.01740	 0.00000	 0.00000	 0.01412		165.535222	-7175.283433
274274	 0.00001	 0.00005	 0.01292	 0.01656	 0.00000	 0.00000	 0.01455		156.232648	-7319.946030
275275	 0.00002	 0.00007	 0.01292	 0.01474	 0.00000	 0.00000	 0.01543		156.697298	-7246.839008
276276	 0.00004	 0.00009	 0.01312	 0.01597	 0.00000	 0.00000	 0.01390		158.963674	-7345.566889
277277	 0.00009	 0.00019	 0.00986	 0.01820	 0.00000	 0.00001	 0.01590		150.640505	-7270.650651
278278	 0.00018	 0.00039	 0.01301	 0.01537	 0.00000	 0.00001	 0.01323		139.413938	-7387.967635
279279	 0.00021	 0.00033	 0.01177	 0.01724	 0.00000	 0.00001	 0.01378		147.053246	-7308.024014
280280	 0.00021	 0.00026	 0.01337	 0.01656	 0.00000	 0.00001	 0.01431		144.695360	-7370.552422
281281	 0.00006	 0.00012	 0.01177	 0.01789	 0.00000	 0.00000	 0.01286		154.916298	-7468.407322
282282	 0.00006	 0.00037	 0.01145	 0.01773	 0.00000	 0.00000	 0.01526		144.069458	-7249.983598
283283	 0.00007	 0.00009	 0.01343	 0.01758	 0.00000	 0.00000	 0.01583		155.834797	-7163.560152
284284	 0.00009	 0.00008	 0.01329	 0.01787	 0.00000	 0.00000	 0.01380		153.529382	-7306.382802
285285	 0.00003	 0.00016	 0.01385	 0.01656	 0.00000	 0.00000	 0.01494		155.375459	-7212.604214
286286	 0.00006	 0.00008	 0.01019	 0.01705	 0.00000	 0.00000	 0.01552		156.583051	-7248.966574
287287	 0.00010	 0.00012	 0.01201	 0.01671	 0.00000	 0.00000	 0.01506		150.779480	-7359.771395
288288	 0.00010	 0.00022	 0.01237	 0.01524	 0.00000	 0.00001	 0.01437		150.930049	-7373.226553
289289	 0.00013	 0.00036	 0.01262	 0.01460	 0.00000	 0.00001	 0.01410		154.968954	-7277.735478
290290	 0.00017	 0.00041	 0.01144	 0.01621	 0.00000	 0.00001	 0.01404		152.648522	-7398.340690
291291	 0.00029	 0.00032	 0.01192	 0.01737	 0.00000	 0.00002	 0.01384		151.096287	-7215.465384
292292	 0.00028	 0.00018	 0.01294	 0.01733	 0.00000	 0.00001	 0.01369		150.542821	-7370.602290
293293	 0.00012	 0.00058	 0.01197	 0.01708	 0.00000	 0.00001	 0.01282		148.076880	-7292.223048
294294	 0.00007	 0.00026	 0.01348	 0.01660	 0.00000	 0.00001	 0.01428		155.484545	-7194.673870
295295	 0.00006	 0.00018	 0.01174	 0.01581	 0.00000	 0.00000	 0.01555		148.489275	-7278.719722
296296	 0.00005	 0.00010	 0.01221	 0.01613	 0.00000	 0.00000	 0.01542		148.881766	-7365.007707
297297	 0.00005	 0.00009	 0.01426	 0.01614	 0.00000	 0.00000	 0.01423		152.083083	-7205.746182
298298	 0.00003	 0.00012	 0.01150	 0.01672	 0.00000	 0.00000	 0.01331		159.730503	-7408.881041
299299	 0.00012	 0.00008	 0.01290	 0.01655	 0.00000	 0.00000	 0.01476		149.254304	-7336.084150
300300	 0.00018	 0.00027	 0.01076	 0.01887	 0.00000	 0.00001	 0.01405		149.970939	-7238.800737
301301	 0.00006	 0.00017	 0.01198	 0.01455	 0.00000	 0.00000	 0.01314		152.586321	-7238.403178
302302	 0.00004	 0.00010	 0.01358	 0.01640	 0.00000	 0.00000	 0.01492		154.839322	-7270.855939
303303	 0.00005	 0.00004	 0.01266	 0.01711	 0.00000	 0.00000	 0.01511		159.219711	-7301.844062
304304	 0.00003	 0.00008	 0.01314	 0.01598	 0.00000	 0.00000	 0.01600		155.586920	-7182.453226
305305	 0.00007	 0.00008	 0.01291	 0.01867	 0.00000	 0.00000	 0.01347		159.310901	-7371.092657
306306	 0.00008	 0.00012	 0.01361	 0.01758	 0.00000	 0.00000	 0.01466		149.364813	-7412.725187
307307	 0.00007	 0.00026	 0.01229	 0.01540	 0.00000	 0.00000	 0.01537		149.845105	-7244.067290
308308	 0.00015	 0.00023	 0.01215	 0.01674	 0.00000	 0.00001	 0.01274		150.906926	-7439.409050
309309	 0.00010	 0.00024	 0.01236	 0.01679	 0.00000	 0.00001	 0.01412		149.484674	-7251.967905
310310	 0.00007	 0.00019	 0.01126	 0.01918	 0.00000	 0.00000	 0.01606		153.102313	-7196.689087
311311	 0.00002	 0.00004	 0.01213	 0.01893	 0.00000	 0.00000	 0.01358		175.617924	-7150.401710
312312	 0.00004	 0.00005	 0.01334	 0.01482	 0.00000	 0.00000	 0.01497		162.841444	-7257.101920
313313	 0.00003	 0.00010	 0.01340	 0.01645	 0.00000	 0.00000	 0.01495		157.358994	-7230.301884
314314	 0.00003	 0.00009	 0.01303	 0.01664	 0.00000	 0.00000	 0.01503		164.060943	-7311.147872
315315	 0.00003	 0.00014	 0.01251	 0.01765	 0.00000	 0.00000	 0.01464		151.989138	-7351.242224
316316	 0.00001	 0.00013	 0.01220	 0.01699	 0.00000	 0.00000	 0.01290		158.523644	-7344.076760
317317	 0.00001	 0.00002	 0.01228	 0.01639	 0.00000	 0.00000	 0.01451		166.178966	-7263.008059
318318	 0.00001	 0.00002	 0.01108	 0.01633	 0.00000	 0.00000	 0.01447		166.650269	-7313.110899
319319	 0.00001	 0.00004	 0.01195	 0.01604	 0.00000	 0.00000	 0.01390		159.078979	-7308.423979
320320	 0.00001	 0.00004	 0.01275	 0.01644	 0.00000	 0.00000	 0.01644		156.295472	-7141.487487
321321	 0.00002	 0.00004	 0.01237	 0.01589	 0.00000	 0.00000	 0.01340		150.104764	-7314.679707
322322	 0.00001	 0.00006	 0.01349	 0.01591	 0.00000	 0.00000	 0.01623		156.428015	-7188.679232
323323	 0.00002	 0.00004	 0.01314	 0.01467	 0.00000	 0.00000	 0.01404		156.256426	-7401.859939
324324	 0.00002	 0.00004	 0.01219	 0.01721	 0.00000	 0.00000	 0.01406		157.330073	-7340.445960
325325	 0.00002	 0.00003	 0.01216	 0.01668	 0.00000	 0.00000	 0.01545		161.918354	-7212.720024
326326	 0.00002	 0.00005	 0.01264	 0.01524	 0.00000	 0.00000	 0.01388		156.945603	-7455.549055
327327	 0.00001	 0.00005	 0.01061	 0.01962	 0.00000	 0.00000	 0.01381		156.521610	-7403.891619
328328	 0.00002	 0.00003	 0.01144	 0.01820	 0.00000	 0.00000	 0.01356		155.088394	-7303.258651
329329	 0.00001	 0.00003	 0.01335	 0.01632	 0.00000	 0.00000	 0.01480		161.773525	-7322.930002
330330	 0.00002	 0.00028	 0.01507	 0.01416	 0.00000	 0.00000	 0.01379		152.925249	-7341.544402
331331	 0.00005	 0.00010	 0.01115	 0.01700	 0.00000	 0.00000	 0.01413		152.279761	-7326.530123
332332	 0.00005	 0.00020	 0.01328	 0.01547	 0.00000	 0.00000	 0.01635		148.798438	-7234.370172
333333	 0.00010	 0.00012	 0.01309	 0.01559	 0.00000	 0.00000	 0.01308		149.768123	-7384.208174
334334	 0.00011	 0.00028	 0.01249	 0.01804	 0.00000	 0.00001	 0.01445		147.809241	-7222.752255
335335	 0.00011	 0.00013	 0.01482	 0.01779	 0.00000	 0.00000	 0.01521		143.354838	-7226.852150
336336	 0.00008	 0.00020	 0.01190	 0.01797	 0.00000	 0.00000	 0.01364		144.165751	-7222.688723
337337	 0.00012	 0.00014	 0.01176	 0.01710	 0.00000	 0.00001	 0.01516		152.159699	-7304.047126
338338	 0.00005	 0.00017	 0.01386	 0.01635	 0.00000	 0.00000	 0.01446		148.169961	-7330.906861
339339	 0.00007	 0.00022	 0.01107	 0.01800	 0.00000	 0.00000	 0.01551		144.748538	-7234.222505
340340	 0.00003	 0.00012	 0.01276	 0.01657	 0.00000	 0.00000	 0.01495		159.959479	-7290.494864
341341	 0.00005	 0.00017	 0.01309	 0.01633	 0.00000	 0.00000	 0.01506		150.087189	-7215.745656
342342	 0.00007	 0.00039	 0.01171	 0.01602	 0.00000	 0.00000	 0.01515		151.784117	-7343.342094
343343	 0.00022	 0.00016	 0.01189	 0.01673	 0.00000	 0.00001	 0.01394		150.874898	-7342.409650
344344	 0.00009	 0.00011	 0.01123	 0.01580	 0.00000	 0.00000	 0.01456		149.921622	-7318.836361
345345	 0.00005	 0.00005	 0.01200	 0.01951	 0.00000	 0.00000	 0.01466		151.513394	-7226.985604
346346	 0.00007	 0.00017	 0.01226	 0.01520	 0.00000	 0.00000	 0.01441		152.435602	-7339.285773
347347	 0.00009	 0.00016	 0.01619	 0.01467	 0.00000	 0.00000	 0.01536		149.191164	-7255.478291
348348	 0.00005	 0.00013	 0.01192	 0.01628	 0.00000	 0.00000	 0.01441		155.051375	-7282.757343
349349	 0.00008	 0.00028	 0.01169	 0.01636	 0.00000	 0.00000	 0.01524		145.188422	-7262.229934
350350	 0.00008	 0.00015	 0.01398	 0.01749	 0.00000	 0.00000	 0.01171		161.037414	-7382.131478
351351	 0.00003	 0.00015	 0.01273	 0.01525	 0.00000	 0.00000	 0.01534		160.835912	-7381.552418
352352	 0.00006	 0.00008	 0.01350	 0.01868	 0.00000	 0.00000	 0.01447		152.852677	-7185.661871
353353	 0.00018	 0.00021	 0.01192	 0.01808	 0.00000	 0.00001	 0.01329		152.227660	-7345.593460
354354	 0.00007	 0.00017	 0.01206	 0.01534	 0.00000	 0.00000	 0.01400		152.425719	-7327.171727
355355	 0.00012	 0.00019	 0.01110	 0.01606	 0.00000	 0.00001	 0.01401		146.791010	-7428.691614
356356	 0.00002	 0.00007	 0.01274	 0.01612	 0.00000	 0.00000	 0.01526		152.159079	-7216.311574
357357	 0.00002	 0.00003	 0.01292	 0.01689	 0.00000	 0.00000	 0.01423		152.068514	-7311.322862
358358	 0.00002	 0.00004	 0.01223	 0.01601	 0.00000	 0.00000	 0.01426		164.977770	-7260.271555
359359	 0.00001	 0.00007	 0.01192	 0.01612	 0.00000	 0.00000	 0.01339		161.181436	-7390.400167
360360	 0.00002	 0.00011	 0.01199	 0.01744	 0.00000	 0.00000	 0.01477		153.329733	-7244.782153
361361	 0.00002	 0.00007	 0.01294	 0.01641	 0.00000	 0.00000	 0.01669		150.470056	-7159.980911
362362	 0.00004	 0.00012	 0.01326	 0.01687	 0.00000	 0.00000	 0.01567		143.930723	-7172.261105
363363	 0.00006	 0.00007	 0.01233	 0.01607	 0.00000	 0.00000	 0.01502		152.548424	-7240.305980
364364	 0.00003	 0.00009	 0.01344	 0.01542	 0.00000	 0.00000	 0.01455		151.382786	-7315.297864
365365	 0.00003	 0.00015	 0.01125	 0.01717	 0.00000	 0.00000	 0.01408		149.793360	-7245.431177
366366	 0.00003	 0.00012	 0.01311	 0.01557	 0.00000	 0.00000	 0.01426		146.634834	-7311.032924
367367	 0.00002	 0.00010	 0.01311	 0.01526	 0.00000	 0.00000	 0.01490		156.275646	-7241.156820
368368	 0.00005	 0.00006	 0.01374	 0.01680	 0.00000	 0.00000	 0.01360		154.595165	-7312.587482
369369	 0.00011	 0.00025	 0.01164	 0.01615	 0.00000	 0.00000	 0.01371		146.515447	-7372.645979
370370	 0.00009	 0.00025	 0.01213	 0.01782	 0.00000	 0.00000	 0.01444		146.967639	-7197.782103
371371	 0.00008	 0.00034	 0.01183	 0.01550	 0.00000	 0.00001	 0.01459		149.208601	-7203.030033
372372	 0.00016	 0.00028	 0.01177	 0.01718	 0.00000	 0.00001	 0.01356		147.833177	-7346.484653
373373	 0.00007	 0.00011	 0.01104	 0.01743	 0.00000	 0.00000	 0.01334		160.266228	-7313.890203
374374	 0.00006	 0.00015	 0.01283	 0.01749	 0.00000	 0.00000	 0.01514		155.038030	-7236.171283
375375	 0.00010	 0.00008	 0.01155	 0.01735	 0.00000	 0.00000	 0.01420		150.938528	-7267.173733
376376	 0.00008	 0.00024	 0.01259	 0.01722	 0.00000	 0.00000	 0.01384		146.312257	-7273.177966
377377	 0.00009	 0.00035	 0.01352	 0.01669	 0.00000	 0.00001	 0.01352		150.220820	-7341.249685
378378	 0.00009	 0.00028	 0.01275	 0.01849	 0.00000	 0.00001	 0.01398		152.352557	-7209.161423
379379	 0.00014	 0.00033	 0.01303	 0.01587	 0.00000	 0.00001	 0.01442		146.934192	-7268.662059
380380	 0.00021	 0.00023	 0.01269	 0.01642	 0.00000	 0.00001	 0.01310		152.020661	-7348.608067
381381	 0.00012	 0.00009	 0.01355	 0.01780	 0.00000	 0.00000	 0.01538		153.594230	-7181.065937
382382	 0.00009	 0.00010	 0.01285	 0.01658	 0.00000	 0.00000	 0.01429		155.054826	-7381.875041
383383	 0.00008	 0.00027	 0.01214	 0.01482	 0.00000	 0.00001	 0.01509		151.103110	-7254.472736
384384	 0.00018	 0.00026	 0.01235	 0.01778	 0.00000	 0.00001	 0.01514		150.518468	-7194.396161
385385	 0.00012	 0.00017	 0.01330	 0.01721	 0.00000	 0.00001	 0.01508		153.882530	-7126.479067
386386	 0.00019	 0.00026	 0.01329	 0.01762	 0.00000	 0.00001	 0.01384		150.188361	-7265.458006
387387	 0.00011	 0.00018	 0.01533	 0.01648	 0.00000	 0.00001	 0.01425		151.135965	-7276.902965
388388	 0.00012	 0.00044	 0.01324	 0.01656	 0.00000	 0.00001	 0.01408		152.697867	-7345.907326
389389	 0.00008	 0.00023	 0.01236	 0.01477	 0.00000	 0.00000	 0.01483		150.641783	-7275.429073
390390	 0.00012	 0.00020	 0.01223	 0.01913	 0.00000	 0.00001	 0.01437		158.757116	-7211.321730
391391	 0.00021	 0.00027	 0.01264	 0.01645	 0.00000	 0.00001	 0.01359		142.670818	-7387.042571
392392	 0.00006	 0.00020	 0.01135	 0.01667	 0.00000	 0.00000	 0.01260		152.020805	-7305.245093
393393	 0.00004	 0.00020	 0.01294	 0.01773	 0.00000	 0.00000	 0.01428		146.045710	-7265.868141
394394	 0.00007	 0.00013	 0.01242	 0.01583	 0.00000	 0.00000	 0.01446		152.050921	-7247.189841
395395	 0.00013	 0.00027	 0.01085	 0.01517	 0.00000	 0.00001	 0.01429		142.331708	-7378.095948
396396	 0.00023	 0.00045	 0.01244	 0.01650	 0.00000	 0.00001	 0.01443		145.497227	-7294.125776
397397	 0.00011	 0.00021	 0.01382	 0.01713	 0.00000	 0.00001	 0.01474		152.938590	-7319.607908
398398	 0.00008	 0.00025	 0.01351	 0.01739	 0.00000	 0.00000	 0.01396		149.374074	-7403.267228
399399	 0.00006	 0.00010	 0.01148	 0.01707	 0.00000	 0.00000	 0.01508		156.086888	-7239.644008
400400	 0.00004	 0.00012	 0.01356	 0.01589	 0.00000	 0.00000	 0.01480		151.283553	-7268.114190
401401	 0.00012	 0.00008	 0.01316	 0.01694	 0.00000	 0.00000	 0.01406		139.207494	-7383.331528
402402	 0.00007	 0.00012	 0.01356	 0.01592	 0.00000	 0.00000	 0.01500		149.173252	-7234.494144
403403	 0.00002	 0.00022	 0.01373	 0.01647	 0.00000	 0.00000	 0.01354		157.098336	-7317.857152
404404	 0.00004	 0.00037	 0.01245	 0.01779	 0.00000	 0.00000	 0.01528		153.451638	-7276.903810
405405	 0.00007	 0.00039	 0.01282	 0.01764	 0.00000	 0.00001	 0.01523		146.551630	-7210.400690
406406	 0.00021	 0.00034	 0.01221	 0.01586	 0.00000	 0.00001	 0.01427		143.650436	-7208.374372
407407	 0.00019	 0.00037	 0.01141	 0.01524	 0.00000	 0.00001	 0.01390		147.710742	-7246.117049
408408	 0.00019	 0.00029	 0.01296	 0.01532	 0.00000	 0.00001	 0.01347		153.552011	-7264.134369
409409	 0.00015	 0.00032	 0.01321	 0.01626	 0.00000	 0.00001	 0.01458		147.534472	-7256.520436
410410	 0.00008	 0.00034	 0.01273	 0.01649	 0.00000	 0.00001	 0.01404		150.181643	-7374.376849
411411	 0.00024	 0.00014	 0.01162	 0.01723	 0.00000	 0.00001	 0.01468		150.394180	-7152.157918
412412	 0.00008	 0.00027	 0.01177	 0.01803	 0.00000	 0.00000	 0.01509		150.702152	-7215.232160
413413	 0.00007	 0.00051	 0.01146	 0.01658	 0.00000	 0.00000	 0.01406		147.493771	-7274.463663
414414	 0.00003	 0.00018	 0.01380	 0.01607	 0.00000	 0.00000	 0.01466		153.296453	-7317.715308
415415	 0.00006	 0.00014	 0.01216	 0.01663	 0.00000	 0.00000	 0.01486		156.429828	-7338.568184
416416	 0.00004	 0.00022	 0.01212	 0.01793	 0.00000	 0.00000	 0.01381		153.631914	-7267.915495
417417	 0.00003	 0.00004	 0.01351	 0.01650	 0.00000	 0.00000	 0.01337		171.092274	-7315.283013
418418	 0.00003	 0.00007	 0.01036	 0.01880	 0.00000	 0.00000	 0.01504		156.890563	-7378.434997
419419	 0.00001	 0.00005	 0.01276	 0.01638	 0.00000	 0.00000	 0.01358		169.195107	-7298.273548
420420	 0.00002	 0.00013	 0.01154	 0.01745	 0.00000	 0.00000	 0.01418		159.739907	-7348.881905
421421	 0.00005	 0.00007	 0.01237	 0.01634	 0.00000	 0.00000	 0.01582		156.051519	-7332.199897
422422	 0.00002	 0.00016	 0.01295	 0.01748	 0.00000	 0.00000	 0.01437		156.041967	-7226.016104
423423	 0.00003	 0.00012	 0.01356	 0.01617	 0.00000	 0.00000	 0.01513		158.987005	-7254.050050
424424	 0.00006	 0.00009	 0.01200	 0.01861	 0.00000	 0.00000	 0.01447		152.877348	-7192.494708
425425	 0.00003	 0.00007	 0.01253	 0.01859	 0.00000	 0.00000	 0.01439		157.496577	-7266.734870
426426	 0.00002	 0.00004	 0.01205	 0.01882	 0.00000	 0.00000	 0.01478		160.598686	-7352.975576
427427	 0.00006	 0.00005	 0.01227	 0.01515	 0.00000	 0.00000	 0.01481		160.923662	-7306.512646
428428	 0.00005	 0.00013	 0.01258	 0.01746	 0.00000	 0.00000	 0.01269		157.340549	-7327.695441
429429	 0.00012	 0.00026	 0.01216	 0.01869	 0.00000	 0.00001	 0.01542		149.522681	-7158.647720
430430	 0.00009	 0.00019	 0.01156	 0.01574	 0.00000	 0.00001	 0.01415		150.900865	-7361.196089
431431	 0.00012	 0.00023	 0.01328	 0.01637	 0.00000	 0.00001	 0.01335		150.194209	-7292.370586
432432	 0.00008	 0.00012	 0.01132	 0.01773	 0.00000	 0.00000	 0.01490		154.954084	-7197.950714
433433	 0.00007	 0.00016	 0.01218	 0.01706	 0.00000	 0.00000	 0.01391		146.288666	-7313.862663
434434	 0.00013	 0.00019	 0.01345	 0.01717	 0.00000	 0.00001	 0.01504		148.106287	-7243.713523
435435	 0.00005	 0.00016	 0.01189	 0.01500	 0.00000	 0.00000	 0.01342		149.870736	-7332.706270
436436	 0.00002	 0.00023	 0.01198	 0.01843	 0.00000	 0.00000	 0.01412		154.096508	-7330.562579
437437	 0.00003	 0.00008	 0.01379	 0.01706	 0.00000	 0.00000	 0.01372		159.669329	-7305.388397
438438	 0.00004	 0.00006	 0.01168	 0.01774	 0.00000	 0.00000	 0.01445		154.665169	-7249.309582
439439	 0.00005	 0.00008	 0.01350	 0.01645	 0.00000	 0.00000	 0.01501		155.684222	-7344.630230
440440	 0.00003	 0.00009	 0.01406	 0.01660	 0.00000	 0.00000	 0.01335		151.703133	-7341.517368
441441	 0.00006	 0.00008	 0.01279	 0.01627	 0.00000	 0.00000	 0.01651		155.254120	-7182.844151
442442	 0.00007	 0.00009	 0.01333	 0.01689	 0.00000	 0.00000	 0.01395		155.876809	-7237.183991
443443	 0.00003	 0.00016	 0.01126	 0.01823	 0.00000	 0.00000	 0.01378		151.041968	-7386.042320
444444	 0.00003	 0.00012	 0.01203	 0.01670	 0.00000	 0.00000	 0.01444		152.001437	-7261.625023
445445	 0.00001	 0.00013	 0.01277	 0.01739	 0.00000	 0.00000	 0.01462		157.874549	-7290.757727
446446	 0.00002	 0.00021	 0.01365	 0.01592	 0.00000	 0.00000	 0.01386		162.101099	-7220.277038
447447	 0.00002	 0.00009	 0.01394	 0.01835	 0.00000	 0.00000	 0.01437		161.569379	-7323.918902
448448	 0.00002	 0.00012	 0.01121	 0.01804	 0.00000	 0.00000	 0.01316		158.563959	-7349.957188
449449	 0.00003	 0.00005	 0.01132	 0.01676	 0.00000	 0.00000	 0.01426		152.036492	-7387.290860
450450	 0.00003	 0.00006	 0.01263	 0.01718	 0.00000	 0.00000	 0.01329		164.647261	-7194.561673
451451	 0.00004	 0.00012	 0.01257	 0.01941	 0.00000	 0.00000	 0.01397		148.578978	-7220.002734
452452	 0.00004	 0.00011	 0.01137	 0.01926	 0.00000	 0.00000	 0.01341		153.993029	-7244.439016
453453	 0.00007	 0.00029	 0.01320	 0.01546	 0.00000	 0.00000	 0.01371		143.997809	-7352.207107
454454	 0.00006	 0.00022	 0.01423	 0.01645	 0.00000	 0.00000	 0.01518		148.237560	-7360.195713
455455	 0.00009	 0.00016	 0.01352	 0.01577	 0.00000	 0.00001	 0.01561		149.348547	-7192.626004
456456	 0.00005	 0.00016	 0.01183	 0.01608	 0.00000	 0.00000	 0.01455		143.949546	-7217.798426
457457	 0.00004	 0.00010	 0.01409	 0.01687	 0.00000	 0.00000	 0.01408		150.764663	-7289.317442
458458	 0.00003	 0.00013	 0.01246	 0.01530	 0.00000	 0.00000	 0.01477		153.523552	-7262.095394
459459	 0.00013	 0.00023	 0.01232	 0.01847	 0.00000	 0.00001	 0.01420		149.985384	-7274.042778
460460	 0.00007	 0.00014	 0.01323	 0.01440	 0.00000	 0.00000	 0.01412		151.102850	-7376.723521
461461	 0.00011	 0.00011	 0.01439	 0.01710	 0.00000	 0.00000	 0.01469		142.669077	-7345.041247
462462	 0.00003	 0.00033	 0.01335	 0.01667	 0.00000	 0.00000	 0.01639		146.956816	-7236.987556
463463	 0.00007	 0.00020	 0.01377	 0.01546	 0.00000	 0.00000	 0.01468		147.058169	-7273.503131
464464	 0.00012	 0.00013	 0.01167	 0.01630	 0.00000	 0.00000	 0.01507		142.572981	-7266.737509
465465	 0.00009	 0.00010	 0.01271	 0.01522	 0.00000	 0.00000	 0.01444		156.405558	-7259.088694
466466	 0.00012	 0.00020	 0.01329	 0.01741	 0.00000	 0.00000	 0.01507		145.567924	-7116.924725
467467	 0.00007	 0.00013	 0.01261	 0.01594	 0.00000	 0.00000	 0.01427		149.964274	-7436.562631
468468	 0.00007	 0.00031	 0.01217	 0.01553	 0.00000	 0.00000	 0.01336		151.418980	-7469.015375
469469	 0.00002	 0.00016	 0.01261	 0.01541	 0.00000	 0.00000	 0.01254		163.293860	-7338.364519
470470	 0.00007	 0.00011	 0.01130	 0.01663	 0.00000	 0.00000	 0.01404		157.049959	-7373.711582
471471	 0.00004	 0.00028	 0.01270	 0.01710	 0.00000	 0.00000	 0.01371		151.139670	-7217.196550
472472	 0.00011	 0.00013	 0.01381	 0.01621	 0.00000	 0.00000	 0.01398		148.321396	-7347.824211
473473	 0.00009	 0.00035	 0.01240	 0.01713	 0.00000	 0.00001	 0.01274		155.852016	-7373.165625
474474	 0.00009	 0.00022	 0.01188	 0.01736	 0.00000	 0.00001	 0.01447		152.780457	-7251.253061
475475	 0.00015	 0.00017	 0.01239	 0.01678	 0.00000	 0.00001	 0.01477		148.145702	-7340.553303
476476	 0.00007	 0.00012	 0.01134	 0.01894	 0.00000	 0.00000	 0.01503		149.652349	-7312.760406
477477	 0.00009	 0.00011	 0.01404	 0.01674	 0.00000	 0.00000	 0.01472		150.578305	-7337.398131
478478	 0.00010	 0.00016	 0.01244	 0.01495	 0.00000	 0.00000	 0.01473		145.262945	-7272.981507
479479	 0.00009	 0.00015	 0.01237	 0.01663	 0.00000	 0.00000	 0.01429		148.912003	-7362.830068
480480	 0.00005	 0.00012	 0.01095	 0.01592	 0.00000	 0.00000	 0.01390		155.480685	-7376.299844
481481	 0.00008	 0.00023	 0.01244	 0.01596	 0.00000	 0.00000	 0.01476		148.805072	-7308.680564
482482	 0.00007	 0.00022	 0.01234	 0.01638	 0.00000	 0.00000	 0.01320		154.765583	-7429.603332
483483	 0.00008	 0.00029	 0.01220	 0.01617	 0.00000	 0.00000	 0.01553		150.802320	-7233.865668
484484	 0.00008	 0.00014	 0.01346	 0.01706	 0.00000	 0.00000	 0.01323		160.653523	-7305.990812
485485	 0.00008	 0.00024	 0.01194	 0.01760	 0.00000	 0.00001	 0.01637		151.512148	-7225.885093
486486	 0.00009	 0.00037	 0.01366	 0.01606	 0.00000	 0.00001	 0.01516		149.632444	-7215.317247
487487	 0.00008	 0.00017	 0.01366	 0.01776	 0.00000	 0.00000	 0.01412		151.806036	-7365.148236
488488	 0.00006	 0.00039	 0.01185	 0.01702	 0.00000	 0.00000	 0.01342		153.342869	-7404.286558
489489	 0.00004	 0.00020	 0.01521	 0.01450	 0.00000	 0.00000	 0.01536		158.152103	-7275.896096
490490	 0.00014	 0.00020	 0.01337	 0.01822	 0.00000	 0.00001	 0.01457		149.315639	-7260.878586
491491	 0.00005	 0.00030	 0.01303	 0.01601	 0.00000	 0.00000	 0.01383		152.543023	-7286.881979
492492	 0.00012	 0.00038	 0.01249	 0.01633	 0.00000	 0.00001	 0.01352		151.382891	-7227.144484
493493	 0.00014	 0.00024	 0.01208	 0.01725	 0.00000	 0.00001	 0.01478		158.600173	-7253.068753
494494	 0.00009	 0.00017	 0.01278	 0.01578	 0.00000	 0.00001	 0.01472		155.629614	-7293.644510
495495	 0.00009	 0.00027	 0.01265	 0.01693	 0.00000	 0.00000	 0.01485		150.871297	-7376.221427
496496	 0.00014	 0.00033	 0.01158	 0.01734	 0.00000	 0.00001	 0.01504		151.626506	-7170.592745
497497	 0.00015	 0.00039	 0.01285	 0.01611	 0.00000	 0.00001	 0.01501		143.601124	-7323.643506
498498	 0.00006	 0.00027	 0.01176	 0.01689	 0.00000	 0.00000	 0.01301		148.102476	-7384.839548
499499	 0.00002	 0.00020	 0.01155	 0.01766	 0.00000	 0.00000	 0.01493		154.836960	-7266.152595
500500	 0.00003	 0.00012	 0.01199	 0.01761	 0.00000	 0.00000	 0.01438		159.092486	-7302.658235
501501	 0.00002	 0.00007	 0.01131	 0.01721	 0.00000	 0.00000	 0.01412		164.076308	-7254.294434
502502	 0.00002	 0.00005	 0.01330	 0.01586	 0.00000	 0.00000	 0.01544		154.454224	-7254.247282
503503	 0.00003	 0.00002	 0.01230	 0.01571	 0.00000	 0.00000	 0.01510		158.949988	-7306.386207
504504	 0.00001	 0.00002	 0.01429	 0.01601	 0.00000	 0.00000	 0.01457		160.974409	-7149.612214
505505	 0.00001	 0.00005	 0.01342	 0.01627	 0.00000	 0.00000	 0.01639		153.346121	-7176.763338
506506	 0.00001	 0.00005	 0.01205	 0.01690	 0.00000	 0.00000	 0.01309		159.957020	-7350.861527
507507	 0.00001	 0.00003	 0.01336	 0.01613	 0.00000	 0.00000	 0.01469		162.515143	-7280.988368
508508	 0.00001	 0.00003	 0.01184	 0.01752	 0.00000	 0.00000	 0.01388		162.392084	-7294.021611
509509	 0.00001	 0.00012	 0.01249	 0.01805	 0.00000	 0.00000	 0.01375		159.310187	-7250.965273
510510	 0.00001	 0.00015	 0.01160	 0.01681	 0.00000	 0.00000	 0.01459		158.437998	-7299.806460
511511	 0.00002	 0.00003	 0.01284	 0.01633	 0.00000	 0.00000	 0.01583		164.810576	-7209.111924
512512	 0.00003	 0.00009	 0.01065	 0.01610	 0.00000	 0.00000	 0.01514		145.903385	-7288.480074
513513	 0.00004	 0.00007	 0.01282	 0.01752	 0.00000	 0.00000	 0.01465		155.615576	-7302.274060
514514	 0.00008	 0.00023	 0.01343	 0.01560	 0.00000	 0.00000	 0.01431		146.469259	-7328.716852
515515	 0.00004	 0.00024	 0.01218	 0.01662	 0.00000	 0.00000	 0.01535		149.028318	-7328.211713
516516	 0.00005	 0.00017	 0.01381	 0.01480	 0.00000	 0.00000	 0.01307		151.111445	-7366.053034
517517	 0.00003	 0.00016	 0.01279	 0.01579	 0.00000	 0.00000	 0.01501		154.332464	-7238.055098
518518	 0.00002	 0.00010	 0.01087	 0.01804	 0.00000	 0.00000	 0.01444		159.276647	-7208.653034
519519	 0.00002	 0.00007	 0.01300	 0.01535	 0.00000	 0.00000	 0.01485		160.004852	-7286.352340
520520	 0.00002	 0.00003	 0.01351	 0.01730	 0.00000	 0.00000	 0.01553		160.036147	-7162.475203
521521	 0.00002	 0.00006	 0.01305	 0.01806	 0.00000	 0.00000	 0.01338		156.344997	-7320.282307
522522	 0.00003	 0.00054	 0.01190	 0.01817	 0.00000	 0.00000	 0.01381		153.924207	-7265.888173
523523	 0.00002	 0.00008	 0.01150	 0.01621	 0.00000	 0.00000	 0.01453		156.607729	-7366.423733
524524	 0.00003	 0.00007	 0.01265	 0.01551	 0.00000	 0.00000	 0.01353		153.867444	-7293.790376
525525	 0.00002	 0.00013	 0.01413	 0.01636	 0.00000	 0.00000	 0.01437		158.800355	-7134.876077
526526	 0.00001	 0.00022	 0.01381	 0.01861	 0.00000	 0.00000	 0.01463		148.231918	-7342.811593
527527	 0.00003	 0.00011	 0.01358	 0.01555	 0.00000	 0.00000	 0.01365		150.994244	-7365.988685
528528	 0.00011	 0.00009	 0.01269	 0.01654	 0.00000	 0.00000	 0.01454		143.043660	-7305.735635
529529	 0.00013	 0.00016	 0.01123	 0.01875	 0.00000	 0.00000	 0.01422		145.816794	-7251.737808
530530	 0.00015	 0.00029	 0.01250	 0.01850	 0.00000	 0.00001	 0.01522		142.398977	-7184.694633
531531	 0.00005	 0.00009	 0.01386	 0.01646	 0.00000	 0.00000	 0.01376		154.623076	-7308.398619
532532	 0.00007	 0.00015	 0.01373	 0.01650	 0.00000	 0.00000	 0.01446		151.007378	-7197.278826
533533	 0.00007	 0.00011	 0.01287	 0.01587	 0.00000	 0.00000	 0.01552		155.346165	-7352.130466
534534	 0.00003	 0.00011	 0.01261	 0.01569	 0.00000	 0.00000	 0.01404		161.894843	-7343.623377
535535	 0.00004	 0.00018	 0.01163	 0.01746	 0.00000	 0.00000	 0.01477		160.254512	-7351.069986
536536	 0.00003	 0.00009	 0.01243	 0.01714	 0.00000	 0.00000	 0.01335		165.285606	-7292.764689
537537	 0.00002	 0.00014	 0.01281	 0.01730	 0.00000	 0.00000	 0.01453		156.770255	-7213.658128
538538	 0.00002	 0.00008	 0.01191	 0.01791	 0.00000	 0.00000	 0.01473		154.789675	-7312.785651
539539	 0.00002	 0.00004	 0.01429	 0.01629	 0.00000	 0.00000	 0.01415		167.769476	-7248.136599
540540	 0.00003	 0.00005	 0.01313	 0.01583	 0.00000	 0.00000	 0.01366		160.443425	-7315.889024
541541	 0.00003	 0.00008	 0.01292	 0.01701	 0.00000	 0.00000	 0.01459		156.443590	-7268.729692
542542	 0.00005	 0.00013	 0.01289	 0.01682	 0.00000	 0.00000	 0.01583		155.502918	-7305.349639
543543	 0.00008	 0.00028	 0.01172	 0.01696	 0.00000	 0.00000	 0.01260		156.053857	-7336.634715
544544	 0.00012	 0.00022	 0.01275	 0.01787	 0.00000	 0.00001	 0.01560		150.008532	-7211.660569
545545	 0.00031	 0.00014	 0.01270	 0.01690	 0.00000	 0.00001	 0.01287		155.190801	-7374.975410
546546	 0.00033	 0.00020	 0.01167	 0.01717	 0.00000	 0.00001	 0.01433		147.468383	-7320.066069
547547	 0.00029	 0.00043	 0.01226	 0.01637	 0.00000	 0.00001	 0.01557		140.203560	-7283.620085
548548	 0.00009	 0.00023	 0.01405	 0.01350	 0.00000	 0.00000	 0.01448		150.085534	-7322.968609
549549	 0.00008	 0.00009	 0.01157	 0.01678	 0.00000	 0.00000	 0.01526		153.421515	-7246.042329
550550	 0.00006	 0.00016	 0.01280	 0.01570	 0.00000	 0.00000	 0.01377		150.324912	-7400.958105
551551	 0.00007	 0.00013	 0.01255	 0.01832	 0.00000	 0.00000	 0.01390		153.949352	-7332.486916
552552	 0.00007	 0.00022	 0.01352	 0.01634	 0.00000	 0.00001	 0.01448		154.341505	-7203.285643
553553	 0.00006	 0.00008	 0.01186	 0.01711	 0.00000	 0.00000	 0.01494		155.139962	-7233.526008
554554	 0.00002	 0.00008	 0.01138	 0.01597	 0.00000	 0.00000	 0.01443		155.860338	-7312.101744
555555	 0.00002	 0.00013	 0.01216	 0.01592	 0.00000	 0.00000	 0.01424		154.672566	-7324.667606
556556	 0.00002	 0.00011	 0.01372	 0.01760	 0.00000	 0.00000	 0.01395		153.637041	-7262.834486
557557	 0.00003	 0.00008	 0.01284	 0.01535	 0.00000	 0.00000	 0.01482		153.635379	-7299.035508
558558	 0.00004	 0.00008	 0.01311	 0.01659	 0.00000	 0.00000	 0.01382		164.046955	-7239.287214
559559	 0.00005	 0.00010	 0.01231	 0.01514	 0.00000	 0.00000	 0.01349		156.462660	-7392.345928
560560	 0.00006	 0.00014	 0.01282	 0.01623	 0.00000	 0.00000	 0.01618		155.480827	-7153.047685
561561	 0.00012	 0.00020	 0.01179	 0.01651	 0.00000	 0.00001	 0.01423		146.332899	-7280.786030
562562	 0.00014	 0.00016	 0.01272	 0.01743	 0.00000	 0.00001	 0.01374		153.522877	-7369.725796
563563	 0.00007	 0.00008	 0.01311	 0.01679	 0.00000	 0.00000	 0.01503		155.895525	-7249.152736
564564	 0.00014	 0.00030	 0.01311	 0.01578	 0.00000	 0.00001	 0.01362		155.003367	-7246.018906
565565	 0.00028	 0.00077	 0.01149	 0.01588	 0.00000	 0.00002	 0.01502		144.040673	-7286.383722
566566	 0.00028	 0.00043	 0.01087	 0.01694	 0.00000	 0.00002	 0.01553		147.717810	-7331.336968
567567	 0.00011	 0.00039	 0.01173	 0.01599	 0.00000	 0.00001	 0.01390		149.637391	-7451.341348
568568	 0.00006	 0.00010	 0.01224	 0.01696	 0.00000	 0.00000	 0.01536		153.870191	-7254.763499
569569	 0.00009	 0.00031	 0.01341	 0.01661	 0.00000	 0.00001	 0.01342		148.260077	-7327.837653
570570	 0.00008	 0.00010	 0.01054	 0.01762	 0.00000	 0.00000	 0.01459		149.253052	-7291.340684
571571	 0.00009	 0.00015	 0.01204	 0.01722	 0.00000	 0.00000	 0.01480		145.492176	-7415.915231
572572	 0.00004	 0.00006	 0.01197	 0.01719	 0.00000	 0.00000	 0.01484		159.234702	-7230.068744
573573	 0.00003	 0.00013	 0.01328	 0.01502	 0.00000	 0.00000	 0.01452		161.547785	-7343.395083
574574	 0.00006	 0.00003	 0.01098	 0.01629	 0.00000	 0.00000	 0.01431		158.026324	-7419.305925
575575	 0.00008	 0.00016	 0.01388	 0.01694	 0.00000	 0.00000	 0.01671		144.201010	-7284.573223
576576	 0.00009	 0.00016	 0.01212	 0.01758	 0.00000	 0.00000	 0.01405		154.854839	-7255.717610
577577	 0.00015	 0.00011	 0.01374	 0.01480	 0.00000	 0.00001	 0.01498		155.009217	-7229.489379
578578	 0.00006	 0.00006	 0.01092	 0.01610	 0.00000	 0.00000	 0.01527		158.504842	-7183.462555
579579	 0.00008	 0.00013	 0.01359	 0.01679	 0.00000	 0.00000	 0.01345		159.340023	-7259.890730
580580	 0.00011	 0.00023	 0.01155	 0.01457	 0.00000	 0.00000	 0.01473		146.104094	-7394.625796
581581	 0.00007	 0.00015	 0.01203	 0.01605	 0.00000	 0.00000	 0.01590		155.268508	-7188.048841
582582	 0.00008	 0.00011	 0.01353	 0.01738	 0.00000	 0.00000	 0.01555		155.638224	-7215.104011
583583	 0.00008	 0.00013	 0.01313	 0.01572	 0.00000	 0.00000	 0.01543		150.708903	-7327.551012
584584	 0.00011	 0.00051	 0.01234	 0.01652	 0.00000	 0.00001	 0.01613		148.579329	-7323.475869
585585	 0.00003	 0.00029	 0.01167	 0.01543	 0.00000	 0.00000	 0.01490		150.537607	-7263.301203
586586	 0.00003	 0.00010	 0.01207	 0.01624	 0.00000	 0.00000	 0.01345		163.260798	-7332.229022
587587	 0.00003	 0.00011	 0.01200	 0.01752	 0.00000	 0.00000	 0.01315		160.969638	-7345.442902
588588	 0.00005	 0.00020	 0.01195	 0.01721	 0.00000	 0.00000	 0.01366		158.501931	-7378.488327
589589	 0.00002	 0.00009	 0.01201	 0.01680	 0.00000	 0.00000	 0.01357		158.232141	-7294.614257
590590	 0.00004	 0.00016	 0.01224	 0.01965	 0.00000	 0.00000	 0.01451		159.784173	-7230.031543
591591	 0.00010	 0.00005	 0.01292	 0.01610	 0.00000	 0.00000	 0.01472		155.798525	-7295.050031
592592	 0.00010	 0.00023	 0.01181	 0.01683	 0.00000	 0.00001	 0.01415		150.309542	-7269.138082
593593	 0.00006	 0.00029	 0.01326	 0.01653	 0.00000	 0.00000	 0.01526		150.511381	-7316.478003
594594	 0.00006	 0.00009	 0.01361	 0.01637	 0.00000	 0.00000	 0.01518		147.997776	-7214.711924
595595	 0.00002	 0.00011	 0.01170	 0.01677	 0.00000	 0.00000	 0.01564		156.518860	-7330.663997
596596	 0.00002	 0.00007	 0.01220	 0.01664	 0.00000	 0.00000	 0.01547		159.785222	-7270.738426
597597	 0.00003	 0.00005	 0.01331	 0.01650	 0.00000	 0.00000	 0.01452		162.518025	-7272.280269
598598	 0.00001	 0.00005	 0.01355	 0.01546	 0.00000	 0.00000	 0.01420		163.560640	-7275.939904
599599	 0.00003	 0.00003	 0.01459	 0.01570	 0.00000	 0.00000	 0.01375		160.850043	-7244.564001
600600	 0.00003	 0.00011	 0.01251	 0.01617	 0.00000	 0.00000	 0.01402		161.193658	-7217.957253
601601	 0.00009	 0.00050	 0.01213	 0.01712	 0.00000	 0.00001	 0.01319		155.035079	-7316.818011
602602	 0.00010	 0.00026	 0.01211	 0.01657	 0.00000	 0.00001	 0.01319		155.570740	-7336.217838
603603	 0.00007	 0.00020	 0.01280	 0.01586	 0.00000	 0.00000	 0.01292		158.067140	-7271.098523
604604	 0.00006	 0.00021	 0.01344	 0.01569	 0.00000	 0.00000	 0.01281		158.544691	-7399.189639
605605	 0.00006	 0.00014	 0.01325	 0.01627	 0.00000	 0.00000	 0.01490		153.267663	-7227.620514
606606	 0.00003	 0.00029	 0.01321	 0.01674	 0.00000	 0.00000	 0.01392		150.642301	-7320.458911
607607	 0.00006	 0.00024	 0.01152	 0.01597	 0.00000	 0.00000	 0.01319		149.928464	-7445.384508
608608	 0.00015	 0.00034	 0.01366	 0.01473	 0.00000	 0.00001	 0.01309		142.400900	-7397.945779
609609	 0.00014	 0.00025	 0.01244	 0.01583	 0.00000	 0.00001	 0.01551		144.562442	-7310.090559
610610	 0.00005	 0.00028	 0.01236	 0.01748	 0.00000	 0.00000	 0.01545		149.820913	-7261.843044
611611	 0.00013	 0.00061	 0.01281	 0.01556	 0.00000	 0.00001	 0.01423		143.975399	-7346.075580
612612	 0.00017	 0.00038	 0.01362	 0.01667	 0.00000	 0.00001	 0.01427		147.424351	-7198.935723
613613	 0.00007	 0.00012	 0.01335	 0.01641	 0.00000	 0.00000	 0.01369		148.351963	-7238.849638
614614	 0.00002	 0.00011	 0.01306	 0.01706	 0.00000	 0.00000	 0.01438		155.801771	-7213.847311
615615	 0.00008	 0.00021	 0.01237	 0.01607	 0.00000	 0.00000	 0.01291		148.510059	-7335.749669
616616	 0.00004	 0.00012	 0.01278	 0.01549	 0.00000	 0.00000	 0.01306		149.375890	-7427.208618
617617	 0.00002	 0.00013	 0.01111	 0.01817	 0.00000	 0.00000	 0.01320		154.887820	-7409.523701
618618	 0.00008	 0.00009	 0.01247	 0.01792	 0.00000	 0.00000	 0.01342		154.650102	-7207.986428
619619	 0.00006	 0.00021	 0.01392	 0.01628	 0.00000	 0.00000	 0.01407		149.168480	-7308.124249
620620	 0.00009	 0.00020	 0.01254	 0.01641	 0.00000	 0.00001	 0.01554		148.657975	-7198.099409
621621	 0.00009	 0.00012	 0.01282	 0.01593	 0.00000	 0.00000	 0.01582		148.614168	-7238.192599
622622	 0.00003	 0.00009	 0.01160	 0.01725	 0.00000	 0.00000	 0.01447		157.086576	-7270.042124
623623	 0.00005	 0.00017	 0.01332	 0.01825	 0.00000	 0.00000	 0.01432		151.953581	-7245.226022
624624	 0.00005	 0.00023	 0.01372	 0.01651	 0.00000	 0.00000	 0.01418		147.473365	-7328.118331
625625	 0.00002	 0.00006	 0.01213	 0.01745	 0.00000	 0.00000	 0.01457		155.897366	-7275.701713
626626	 0.00002	 0.00004	 0.01176	 0.01638	 0.00000	 0.00000	 0.01510		162.273550	-7212.785606
627627	 0.00002	 0.00008	 0.01375	 0.01528	 0.00000	 0.00000	 0.01471		157.945249	-7249.618016
628628	 0.00004	 0.00020	 0.01303	 0.01484	 0.00000	 0.00000	 0.01340		158.373568	-7335.727011
629629	 0.00006	 0.00031	 0.01506	 0.01531	 0.00000	 0.00000	 0.01413		151.634235	-7263.523521
630630	 0.00006	 0.00020	 0.01122	 0.01703	 0.00000	 0.00000	 0.01599		151.426577	-7253.736856
631631	 0.00002	 0.00008	 0.01256	 0.01729	 0.00000	 0.00000	 0.01286		161.556519	-7355.594513
632632	 0.00002	 0.00008	 0.01254	 0.01770	 0.00000	 0.00000	 0.01387		156.904735	-7324.012669
633633	 0.00002	 0.00021	 0.01358	 0.01716	 0.00000	 0.00000	 0.01436		150.524323	-7331.601607
634634	 0.00002	 0.00021	 0.01095	 0.01638	 0.00000	 0.00000	 0.01665		148.989557	-7242.406626
635635	 0.00004	 0.00010	 0.01303	 0.01755	 0.00000	 0.00000	 0.01451		152.654460	-7341.037583
636636	 0.00004	 0.00016	 0.01106	 0.01769	 0.00000	 0.00000	 0.01484		147.799928	-7339.460765
637637	 0.00003	 0.00008	 0.01305	 0.01642	 0.00000	 0.00000	 0.01464		158.594211	-7288.341502
638638	 0.00008	 0.00015	 0.01233	 0.01618	 0.00000	 0.00000	 0.01440		149.475586	-7356.088054
639639	 0.00003	 0.00008	 0.01268	 0.01735	 0.00000	 0.00000	 0.01509		161.981659	-7278.562879
640640	 0.00005	 0.00007	 0.01228	 0.01660	 0.00000	 0.00000	 0.01284		157.458183	-7438.168663
641641	 0.00003	 0.00011	 0.01216	 0.01617	 0.00000	 0.00000	 0.01328		157.760438	-7281.232840
642642	 0.00002	 0.00007	 0.01240	 0.01546	 0.00000	 0.00000	 0.01622		155.724984	-7214.092333
643643	 0.00005	 0.00011	 0.01209	 0.01757	 0.00000	 0.00000	 0.01400		159.728141	-7414.861081
644644	 0.00006	 0.00028	 0.01297	 0.01513	 0.00000	 0.00000	 0.01340		155.120511	-7312.951003
645645	 0.00011	 0.00021	 0.01288	 0.01705	 0.00000	 0.00000	 0.01537		145.972855	-7244.698370
646646	 0.00007	 0.00013	 0.01167	 0.01623	 0.00000	 0.00000	 0.01303		156.386274	-7330.412406
647647	 0.00004	 0.00025	 0.01148	 0.01464	 0.00000	 0.00000	 0.01630		149.053687	-7324.242867
648648	 0.00006	 0.00005	 0.01230	 0.01566	 0.00000	 0.00000	 0.01370		159.561357	-7367.261416
649649	 0.00005	 0.00009	 0.01315	 0.01374	 0.00000	 0.00000	 0.01425		163.150066	-7312.051219
650650	 0.00011	 0.00030	 0.01320	 0.01653	 0.00000	 0.00001	 0.01387		154.459014	-7183.801348
651651	 0.00008	 0.00021	 0.01403	 0.01591	 0.00000	 0.00000	 0.01560		149.188521	-7196.808217
652652	 0.00009	 0.00017	 0.01401	 0.01781	 0.00000	 0.00001	 0.01427		155.193477	-7253.557715
653653	 0.00009	 0.00021	 0.01200	 0.01488	 0.00000	 0.00001	 0.01284		155.736393	-7292.823641
654654	 0.00023	 0.00031	 0.01286	 0.01756	 0.00000	 0.00001	 0.01273		146.270478	-7362.540462
655655	 0.00015	 0.00027	 0.01224	 0.01801	 0.00000	 0.00001	 0.01331		151.342923	-7518.149791
656656	 0.00014	 0.00025	 0.01034	 0.01840	 0.00000	 0.00001	 0.01406		151.249373	-7189.056051
657657	 0.00012	 0.00046	 0.01303	 0.01657	 0.00000	 0.00001	 0.01581		145.462349	-7304.831779
658658	 0.00006	 0.00022	 0.01184	 0.01858	 0.00000	 0.00000	 0.01510		154.548802	-7155.393560
659659	 0.00008	 0.00023	 0.01132	 0.01678	 0.00000	 0.00000	 0.01615		151.771555	-7344.759242
660660	 0.00005	 0.00019	 0.01280	 0.01598	 0.00000	 0.00000	 0.01603		153.051987	-7235.613802
661661	 0.00011	 0.00035	 0.01160	 0.01600	 0.00000	 0.00000	 0.01496		147.281746	-7302.922877
662662	 0.00005	 0.00042	 0.01315	 0.01647	 0.00000	 0.00000	 0.01519		145.327579	-7389.678461
663663	 0.00009	 0.00026	 0.01110	 0.01723	 0.00000	 0.00000	 0.01375		153.263086	-7315.528313
664664	 0.00008	 0.00023	 0.01274	 0.01659	 0.00000	 0.00000	 0.01554		149.804072	-7257.236622
665665	 0.00007	 0.00017	 0.01237	 0.01688	 0.00000	 0.00000	 0.01561		147.870118	-7297.688511
666666	 0.00001	 0.00011	 0.01211	 0.01723	 0.00000	 0.00000	 0.01380		157.521855	-7251.513314
667667	 0.00001	 0.00014	 0.01259	 0.01595	 0.00000	 0.00000	 0.01500		159.927032	-7212.611802
668668	 0.00002	 0.00015	 0.01106	 0.01769	 0.00000	 0.00000	 0.01398		159.724996	-7393.999788
669669	 0.00004	 0.00009	 0.01222	 0.01609	 0.00000	 0.00000	 0.01620		159.931087	-7175.110920
670670	 0.00004	 0.00016	 0.01211	 0.01757	 0.00000	 0.00000	 0.01383		156.098003	-7321.073016
671671	 0.00001	 0.00007	 0.01124	 0.01664	 0.00000	 0.00000	 0.01450		157.714859	-7399.531399
672672	 0.00002	 0.00018	 0.01259	 0.01671	 0.00000	 0.00000	 0.01436		155.610488	-7287.470565
673673	 0.00002	 0.00010	 0.01215	 0.01588	 0.00000	 0.00000	 0.01570		157.407799	-7295.764350
674674	 0.00001	 0.00006	 0.01259	 0.01579	 0.00000	 0.00000	 0.01327		158.399702	-7294.822079
675675	 0.00001	 0.00005	 0.01373	 0.01740	 0.00000	 0.00000	 0.01376		162.160652	-7331.165733
676676	 0.00001	 0.00004	 0.01242	 0.01647	 0.00000	 0.00000	 0.01343		163.392706	-7401.043257
677677	 0.00002	 0.00004	 0.01245	 0.01878	 0.00000	 0.00000	 0.01480		154.892445	-7267.806063
678678	 0.00005	 0.00017	 0.01305	 0.01406	 0.00000	 0.00000	 0.01556		147.840348	-7314.195433
679679	 0.00003	 0.00018	 0.01123	 0.01655	 0.00000	 0.00000	 0.01510		155.672786	-7339.956391
680680	 0.00004	 0.00008	 0.01243	 0.01824	 0.00000	 0.00000	 0.01367		157.694917	-7292.131890
681681	 0.00002	 0.00006	 0.01294	 0.01541	 0.00000	 0.00000	 0.01469		161.747261	-7322.717232
682682	 0.00007	 0.00006	 0.01234	 0.01694	 0.00000	 0.00000	 0.01687		151.219007	-7256.794121
683683	 0.00005	 0.00010	 0.01413	 0.01708	 0.00000	 0.00000	 0.01399		157.634188	-7158.326077
684684	 0.00003	 0.00033	 0.01151	 0.01690	 0.00000	 0.00000	 0.01434		151.688461	-7249.915237
685685	 0.00007	 0.00014	 0.01313	 0.01805	 0.00000	 0.00000	 0.01448		155.798627	-7261.299825
686686	 0.00014	 0.00019	 0.01154	 0.01519	 0.00000	 0.00001	 0.01363		153.086319	-7277.929170
687687	 0.00006	 0.00033	 0.01239	 0.01432	 0.00000	 0.00000	 0.01379		154.896533	-7395.404830
688688	 0.00007	 0.00022	 0.01236	 0.01751	 0.00000	 0.00001	 0.01391		160.401184	-7265.322691
689689	 0.00007	 0.00024	 0.01315	 0.01625	 0.00000	 0.00000	 0.01392		156.446344	-7244.536842
690690	 0.00008	 0.00008	 0.01280	 0.01658	 0.00000	 0.00000	 0.01599		156.831746	-7260.127684
691691	 0.00006	 0.00019	 0.01359	 0.01582	 0.00000	 0.00001	 0.01442		161.012227	-7231.867456
692692	 0.00014	 0.00015	 0.01076	 0.01632	 0.00000	 0.00001	 0.01497		153.758674	-7258.860665
693693	 0.00012	 0.00024	 0.01234	 0.01576	 0.00000	 0.00001	 0.01426		155.519736	-7227.975414
694694	 0.00011	 0.00028	 0.01258	 0.01590	 0.00000	 0.00001	 0.01415		156.358798	-7266.553002
695695	 0.00004	 0.00051	 0.01200	 0.01629	 0.00000	 0.00000	 0.01390		154.462692	-7319.399500
696696	 0.00008	 0.00015	 0.01269	 0.01766	 0.00000	 0.00000	 0.01391		160.124018	-7176.726360
697697	 0.00021	 0.00060	 0.01317	 0.01496	 0.00000	 0.00001	 0.01471		154.199419	-7379.891043
698698	 0.00020	 0.00046	 0.01310	 0.01595	 0.00000	 0.00001	 0.01379		154.128859	-7349.591669
699699	 0.00010	 0.00018	 0.01029	 0.01882	 0.00000	 0.00001	 0.01494		156.131024	-7181.161118
700700	 0.00016	 0.00066	 0.01113	 0.01700	 0.00000	 0.00001	 0.01382		151.098237	-7336.801368
701701	 0.00016	 0.00025	 0.01130	 0.01887	 0.00000	 0.00001	 0.01359		158.282491	-7271.366597
702702	 0.00014	 0.00024	 0.01244	 0.01664	 0.00000	 0.00001	 0.01501		151.397401	-7263.931950
703703	 0.00007	 0.00041	 0.01366	 0.01601	 0.00000	 0.00000	 0.01347		155.650751	-7305.958310
704704	 0.00007	 0.00010	 0.01241	 0.01761	 0.00000	 0.00000	 0.01303		157.735190	-7197.247039
705705	 0.00013	 0.00020	 0.01197	 0.01546	 0.00000	 0.00001	 0.01409		148.077943	-7319.276115
706706	 0.00005	 0.00021	 0.01338	 0.01713	 0.00000	 0.00000	 0.01397		149.190358	-7386.724643
707707	 0.00004	 0.00019	 0.01270	 0.01656	 0.00000	 0.00000	 0.01433		151.850595	-7232.513986
708708	 0.00004	 0.00024	 0.01168	 0.01661	 0.00000	 0.00000	 0.01369		149.351959	-7272.359931
709709	 0.00006	 0.00007	 0.01287	 0.01647	 0.00000	 0.00000	 0.01549		156.001325	-7331.121631
710710	 0.00005	 0.00006	 0.01187	 0.01672	 0.00000	 0.00000	 0.01433		155.094019	-7309.391361
711711	 0.00002	 0.00009	 0.01206	 0.01738	 0.00000	 0.00000	 0.01401		160.181781	-7342.692351
712712	 0.00002	 0.00019	 0.01210	 0.01790	 0.00000	 0.00000	 0.01414		158.152670	-7309.908533
713713	 0.00005	 0.00025	 0.01212	 0.01774	 0.00000	 0.00000	 0.01356		153.441263	-7312.300208
714714	 0.00002	 0.00032	 0.01160	 0.01722	 0.00000	 0.00000	 0.01324		156.323904	-7296.170981
715715	 0.00001	 0.00018	 0.01217	 0.01724	 0.00000	 0.00000	 0.01369		164.402934	-7283.391680
716716	 0.00004	 0.00023	 0.01270	 0.01615	 0.00000	 0.00000	 0.01375		154.803737	-7334.762229
717717	 0.00008	 0.00005	 0.01281	 0.01702	 0.00000	 0.00000	 0.01388		152.782150	-7296.101345
718718	 0.00004	 0.00006	 0.01311	 0.01705	 0.00000	 0.00000	 0.01490		159.298815	-7326.061188
719719	 0.00003	 0.00005	 0.01183	 0.01642	 0.00000	 0.00000	 0.01317		161.539736	-7374.407714
720720	 0.00003	 0.00007	 0.01184	 0.01743	 0.00000	 0.00000	 0.01411		160.393047	-7229.439972
721721	 0.00009	 0.00010	 0.01201	 0.01723	 0.00000	 0.00000	 0.01394		153.219868	-7229.455062
722722	 0.00006	 0.00007	 0.01201	 0.01566	 0.00000	 0.00000	 0.01542		160.110997	-7207.985152
723723	 0.00009	 0.00015	 0.01164	 0.01662	 0.00000	 0.00000	 0.01470		150.979436	-7366.990674
724724	 0.00008	 0.00019	 0.01219	 0.01823	 0.00000	 0.00001	 0.01401		159.172002	-7208.992930
725725	 0.00006	 0.00024	 0.01154	 0.01573	 0.00000	 0.00000	 0.01472		155.008785	-7248.704769
726726	 0.00004	 0.00010	 0.01286	 0.01614	 0.00000	 0.00000	 0.01433		150.839348	-7335.547942
727727	 0.00007	 0.00019	 0.01394	 0.01639	 0.00000	 0.00000	 0.01377		152.440349	-7341.971014
728728	 0.00005	 0.00023	 0.01381	 0.01767	 0.00000	 0.00000	 0.01477		151.356456	-7269.807000
729729	 0.00014	 0.00016	 0.01243	 0.01627	 0.00000	 0.00001	 0.01476		149.316899	-7257.418004
730730	 0.00018	 0.00029	 0.01370	 0.01568	 0.00000	 0.00001	 0.01492		148.079951	-7304.219910
731731	 0.00012	 0.00021	 0.01281	 0.01629	 0.00000	 0.00001	 0.01535		151.072304	-7214.986504
732732	 0.00010	 0.00019	 0.01245	 0.01529	 0.00000	 0.00001	 0.01438		150.999461	-7252.398155
733733	 0.00004	 0.00019	 0.01265	 0.01698	 0.00000	 0.00000	 0.01530		147.720059	-7227.487331
734734	 0.00003	 0.00014	 0.01238	 0.01676	 0.00000	 0.00000	 0.01369		154.910286	-7387.959559
735735	 0.00002	 0.00028	 0.01305	 0.01703	 0.00000	 0.00000	 0.01439		150.643813	-7272.686186
736736	 0.00003	 0.00008	 0.01165	 0.01733	 0.00000	 0.00000	 0.01351		160.167967	-7351.779365
737737	 0.00003	 0.00023	 0.01242	 0.01685	 0.00000	 0.00000	 0.01221		153.295805	-7326.655442
738738	 0.00005	 0.00007	 0.01067	 0.01898	 0.00000	 0.00000	 0.01423		156.070070	-7301.956133
739739	 0.00004	 0.00010	 0.01156	 0.01659	 0.00000	 0.00000	 0.01516		160.453442	-7190.227316
740740	 0.00006	 0.00023	 0.01388	 0.01569	 0.00000	 0.00000	 0.01512		155.074543	-7334.243033
741741	 0.00005	 0.00018	 0.01253	 0.01734	 0.00000	 0.00000	 0.01514		156.085239	-7365.503912
742742	 0.00004	 0.00006	 0.01443	 0.01746	 0.00000	 0.00000	 0.01501		158.836237	-7198.294968
743743	 0.00005	 0.00005	 0.01400	 0.01483	 0.00000	 0.00000	 0.01398		165.125260	-7302.098533
744744	 0.00004	 0.00018	 0.01292	 0.01614	 0.00000	 0.00000	 0.01330		154.916421	-7331.134126
745745	 0.00006	 0.00024	 0.01188	 0.01767	 0.00000	 0.00000	 0.01333		150.477315	-7303.771730
746746	 0.00011	 0.00024	 0.01241	 0.01602	 0.00000	 0.00001	 0.01516		151.444319	-7304.567780
747747	 0.00007	 0.00016	 0.01086	 0.01746	 0.00000	 0.00000	 0.01648		147.574880	-7218.055216
748748	 0.00007	 0.00011	 0.01150	 0.01847	 0.00000	 0.00000	 0.01324		147.270361	-7290.154398
749749	 0.00007	 0.00009	 0.01169	 0.01584	 0.00000	 0.00000	 0.01469		151.927239	-7276.864311
750750	 0.00007	 0.00010	 0.01206	 0.01613	 0.00000	 0.00000	 0.01462		150.594448	-7280.956835
751751	 0.00014	 0.00017	 0.01292	 0.01756	 0.00000	 0.00001	 0.01469		149.872295	-7163.049152
752752	 0.00010	 0.00015	 0.01318	 0.01574	 0.00000	 0.00001	 0.01354		157.006521	-7326.160991
753753	 0.00005	 0.00019	 0.01180	 0.01583	 0.00000	 0.00000	 0.01394		155.513503	-7329.127234
754754	 0.00006	 0.00013	 0.01144	 0.01520	 0.00000	 0.00000	 0.01261		147.036973	-7312.566458
755755	 0.00004	 0.00015	 0.01179	 0.01877	 0.00000	 0.00000	 0.01438		156.658670	-7298.390596
756756	 0.00005	 0.00006	 0.01186	 0.01683	 0.00000	 0.00000	 0.01513		159.805179	-7324.065763
757757	 0.00003	 0.00027	 0.01419	 0.01475	 0.00000	 0.00000	 0.01497		144.315094	-7209.520242
758758	 0.00002	 0.00010	 0.01554	 0.01468	 0.00000	 0.00000	 0.01477		155.906893	-7287.497790
759759	 0.00005	 0.00010	 0.01170	 0.01702	 0.00000	 0.00000	 0.01524		154.842101	-7330.834704
760760	 0.00009	 0.00016	 0.01219	 0.01591	 0.00000	 0.00000	 0.01330		153.354961	-7311.603725
761761	 0.00006	 0.00012	 0.01293	 0.01720	 0.00000	 0.00000	 0.01480		157.874567	-7221.132070
762762	 0.00004	 0.00011	 0.01019	 0.01928	 0.00000	 0.00000	 0.01409		164.423200	-7203.925074
763763	 0.00005	 0.00006	 0.01256	 0.01694	 0.00000	 0.00000	 0.01366		159.550322	-7396.720243
764764	 0.00004	 0.00010	 0.01291	 0.01492	 0.00000	 0.00000	 0.01479		146.972619	-7371.494109
765765	 0.00005	 0.00012	 0.01307	 0.01730	 0.00000	 0.00000	 0.01488		152.378707	-7183.119432
766766	 0.00006	 0.00014	 0.01219	 0.01646	 0.00000	 0.00000	 0.01563		144.863716	-7290.905263
767767	 0.00013	 0.00026	 0.01328	 0.01798	 0.00000	 0.00001	 0.01514		151.297173	-7116.282201
768768	 0.00016	 0.00013	 0.01229	 0.01549	 0.00000	 0.00000	 0.01311		147.476506	-7354.843642
769769	 0.00010	 0.00020	 0.01205	 0.01695	 0.00000	 0.00001	 0.01415		152.274932	-7377.548981
770770	 0.00009	 0.00016	 0.01398	 0.01632	 0.00000	 0.00001	 0.01501		151.389081	-7249.252826
771771	 0.00003	 0.00004	 0.01309	 0.01788	 0.00000	 0.00000	 0.01459		150.421672	-7307.189454
772772	 0.00003	 0.00007	 0.01340	 0.01667	 0.00000	 0.00000	 0.01564		146.535892	-7172.589552
773773	 0.00003	 0.00004	 0.01401	 0.01653	 0.00000	 0.00000	 0.01426		146.338170	-7305.517950
774774	 0.00001	 0.00003	 0.01285	 0.01727	 0.00000	 0.00000	 0.01266		151.545586	-7338.007461
775775	 0.00001	 0.00002	 0.01261	 0.01670	 0.00000	 0.00000	 0.01215		159.765842	-7473.627482
776776	 0.00002	 0.00004	 0.01087	 0.01913	 0.00001	 0.00000	 0.01548		148.934811	-7293.544637
777777	 0.00005	 0.00008	 0.01307	 0.01733	 0.00001	 0.00000	 0.01379		145.118204	-7230.796343
778778	 0.00004	 0.00009	 0.01340	 0.01838	 0.00002	 0.00000	 0.01448		147.017647	-7311.887876
779779	 0.00002	 0.00008	 0.01230	 0.01850	 0.00000	 0.00000	 0.01408		143.719088	-7342.020856
780780	 0.00002	 0.00021	 0.01214	 0.01683	 0.00001	 0.00000	 0.01447		146.943600	-7256.316316
781781	 0.00002	 0.00019	 0.01285	 0.01681	 0.00000	 0.00000	 0.01306		146.572607	-7474.801509
782782	 0.00006	 0.00034	 0.01427	 0.01541	 0.00000	 0.00000	 0.01487		141.873577	-7190.655118
783783	 0.00005	 0.00015	 0.01329	 0.01639	 0.00000	 0.00000	 0.01464		153.319555	-7299.194216
784784	 0.00006	 0.00010	 0.01172	 0.01535	 0.00000	 0.00000	 0.01485		141.407461	-7394.560350
785785	 0.00008	 0.00011	 0.01137	 0.01671	 0.00000	 0.00000	 0.01465		154.045107	-7163.308222
786786	 0.00004	 0.00009	 0.01363	 0.01751	 0.00000	 0.00000	 0.01448		149.037999	-7253.396291
787787	 0.00004	 0.00013	 0.01235	 0.01652	 0.00000	 0.00000	 0.01461		149.674890	-7320.017257
788788	 0.00003	 0.00005	 0.01108	 0.01707	 0.00000	 0.00000	 0.01555		158.792036	-7316.050070
789789	 0.00002	 0.00007	 0.01287	 0.01697	 0.00000	 0.00000	 0.01398		165.343186	-7085.538132
790790	 0.00006	 0.00003	 0.01325	 0.01685	 0.00000	 0.00000	 0.01490		157.744466	-7264.433519
791791	 0.00010	 0.00013	 0.01382	 0.01551	 0.00000	 0.00000	 0.01379		150.261249	-7302.724600
792792	 0.00003	 0.00011	 0.01195	 0.01827	 0.00000	 0.00000	 0.01428		161.172402	-7234.204651
793793	 0.00005	 0.00010	 0.01413	 0.01702	 0.00000	 0.00000	 0.01494		159.985699	-7096.570578
794794	 0.00006	 0.00013	 0.01024	 0.01688	 0.00000	 0.00000	 0.01478		153.985273	-7244.295779
795795	 0.00016	 0.00028	 0.01404	 0.01785	 0.00000	 0.00001	 0.01629		144.809055	-7234.612912
796796	 0.00016	 0.00016	 0.01134	 0.01711	 0.00000	 0.00001	 0.01458		147.935127	-7402.310835
797797	 0.00018	 0.00018	 0.01334	 0.01617	 0.00000	 0.00001	 0.01376		147.935371	-7294.126003
798798	 0.00004	 0.00028	 0.01097	 0.01858	 0.00000	 0.00000	 0.01446		151.933877	-7185.282397
799799	 0.00015	 0.00018	 0.01213	 0.01832	 0.00000	 0.00001	 0.01489		149.614246	-7174.044498
800800	 0.00014	 0.00025	 0.01155	 0.01752	 0.00000	 0.00001	 0.01524		153.182003	-7199.404846
801801	 0.00003	 0.00022	 0.01261	 0.01555	 0.00000	 0.00000	 0.01493		149.907791	-7288.341819
802802	 0.00004	 0.00009	 0.01323	 0.01659	 0.00000	 0.00000	 0.01608		154.240729	-7506.572401
803803	 0.00005	 0.00010	 0.01352	 0.01510	 0.00000	 0.00000	 0.01516		157.102322	-7256.591840
804804	 0.00008	 0.00010	 0.01181	 0.01669	 0.00000	 0.00000	 0.01518		148.989907	-7322.409294
805805	 0.00009	 0.00012	 0.01127	 0.01689	 0.00000	 0.00000	 0.01423		160.935630	-7300.860819
806806	 0.00016	 0.00015	 0.01190	 0.01722	 0.00000	 0.00001	 0.01564		148.550335	-7260.977656
807807	 0.00015	 0.00032	 0.01042	 0.01944	 0.00000	 0.00001	 0.01299		148.114165	-7376.863583
808808	 0.00020	 0.00035	 0.01135	 0.01865	 0.00000	 0.00001	 0.01353		154.036225	-7271.399543
809809	 0.00007	 0.00029	 0.01124	 0.01748	 0.00000	 0.00001	 0.01413		152.051895	-7421.356724
810810	 0.00011	 0.00025	 0.01156	 0.01560	 0.00000	 0.00000	 0.01426		144.447826	-7357.817011
811811	 0.00012	 0.00015	 0.01238	 0.01715	 0.00000	 0.00001	 0.01522		148.904040	-7327.316594
812812	 0.00017	 0.00028	 0.01247	 0.01612	 0.00000	 0.00001	 0.01349		145.922082	-7433.657708
813813	 0.00012	 0.00026	 0.01213	 0.01640	 0.00000	 0.00001	 0.01419		150.643602	-7355.883679
814814	 0.00020	 0.00021	 0.01270	 0.01448	 0.00000	 0.00001	 0.01492		139.948415	-7260.878647
815815	 0.00015	 0.00014	 0.01161	 0.01851	 0.00002	 0.00001	 0.01508		138.732932	-7346.295884
816816	 0.00016	 0.00009	 0.00960	 0.01642	 0.00001	 0.00000	 0.01475		143.183462	-7410.365080
817817	 0.00005	 0.00024	 0.01376	 0.01753	 0.00001	 0.00000	 0.01409		141.848998	-7266.858904
818818	 0.00005	 0.00013	 0.01278	 0.01516	 0.00004	 0.00000	 0.01530		146.548614	-7307.449113
819819	 0.00006	 0.00018	 0.01246	 0.01809	 0.00010	 0.00000	 0.01277		132.334107	-7359.511795
820820	 0.00003	 0.00010	 0.01184	 0.01743	 0.00023	 0.00000	 0.01451		140.378488	-7313.708302
821821	 0.00001	 0.00003	 0.00505	 0.00693	 0.01976	 0.00000	 0.00158		158.322564	-5700.891442
822822	 0.00000	 0.00000	 0.00051	 0.00098	 0.03308	 0.00000	 0.00012		199.979286	-5062.378542
823823	 0.00000	 0.00000	 0.00016	 0.00057	 0.03074	 0.00000	 0.00005		230.845841	-5164.841542
824824	 0.00000	 0.00000	 0.00010	 0.00057	 0.03312	 0.00000	 0.00003		225.848916	-5095.250055
825825	 0.00000	 0.00000	 0.00012	 0.00034	 0.03195	 0.00000	 0.00003		230.419173	-5010.949134
826826	 0.00000	 0.00000	 0.00004	 0.00029	 0.03343	 0.00000	 0.00001		264.656582	-5215.130441
827827	 0.00000	 0.00000	 0.00007	 0.00021	 0.03566	 0.00000	 0.00002		244.484395	-4967.475451
828828	 0.00000	 0.00000	 0.00005	 0.00032	 0.03558	 0.00000	 0.00002		230.639197	-5228.868688
829829	 0.00000	 0.00000	 0.00007	 0.00028	 0.03313	 0.00000	 0.00002		239.431718	-5071.234182
830830	 0.00000	 0.00000	 0.00008	 0.00037	 0.03392	 0.00000	 0.00002		233.613235	-5084.838219
831831	 0.00000	 0.00000	 0.00008	 0.00027	 0.03273	 0.00000	 0.00002		233.806890	-5176.045343
832832	 0.00000	 0.00000	 0.00016	 0.00063	 0.03355	 0.00000	 0.00004		219.909273	-5151.063399
833833	 0.00000	 0.00000	 0.00061	 0.00143	 0.03343	 0.00000	 0.00016		211.280028	-5018.683398
834834	 0.00000	 0.00000	 0.00018	 0.00061	 0.03145	 0.00000	 0.00005		233.084336	-5133.061229
835835	 0.00000	 0.00000	 0.00025	 0.00076	 0.03390	 0.00000	 0.00006		213.176480	-5189.294609
836836	 0.00000	 0.00000	 0.00009	 0.00032	 0.03514	 0.00000	 0.00003		229.384059	-5052.372518
837837	 0.00000	 0.00000	 0.00014	 0.00052	 0.03349	 0.00000	 0.00004		228.572047	-5186.833612
838838	 0.00000	 0.00000	 0.00009	 0.00029	 0.03232	 0.00000	 0.00002		224.051088	-5055.826907
839839	 0.00000	 0.00000	 0.00007	 0.00031	 0.03413	 0.00000	 0.00002		223.985591	-5013.899262
840840	 0.00000	 0.00000	 0.00005	 0.00025	 0.03403	 0.00000	 0.00002		239.002491	-4982.771700
841841	 0.00000	 0.00000	 0.00007	 0.00039	 0.03480	 0.00000	 0.00002		222.851187	-5147.552816
842842	 0.00000	 0.00000	 0.00007	 0.00038	 0.03297	 0.00000	 0.00002		221.500086	-5321.797906
843843	 0.00000	 0.00000	 0.00005	 0.00023	 0.03554	 0.00000	 0.00002		237.719808	-5064.436513
844844	 0.00000	 0.00000	 0.00006	 0.00020	 0.03471	 0.00000	 0.00002		226.121901	-5170.006764
845845	 0.00000	 0.00000	 0.00007	 0.00028	 0.03493	 0.00000	 0.00002		230.809536	-5302.091536
846846	 0.00000	 0.00000	 0.00005	 0.00029	 0.03363	 0.00000	 0.00001		228.951408	-5144.599535
847847	 0.00000	 0.00000	 0.00008	 0.00027	 0.03457	 0.00000	 0.00002		230.392101	-5057.611769
848848	 0.00000	 0.00000	 0.00009	 0.00041	 0.03402	 0.00000	 0.00003		231.255274	-5282.266495
849849	 0.00000	 0.00000	 0.00007	 0.00039	 0.03233	 0.00000	 0.00002		238.912341	-5262.589943
850850	 0.00000	 0.00000	 0.00006	 0.00034	 0.03783	 0.00000	 0.00002		243.389031	-5070.623902
851851	 0.00000	 0.00000	 0.00002	 0.00018	 0.03645	 0.00000	 0.00001		256.720369	-5227.292429
852852	 0.00000	 0.00000	 0.00002	 0.00008	 0.03428	 0.00000	 0.00001		265.624154	-5092.502201
853853	 0.00000	 0.00000	 0.00002	 0.00008	 0.03562	 0.00000	 0.00000		267.886695	-5196.998708
854854	 0.00000	 0.00000	 0.00003	 0.00024	 0.03441	 0.00000	 0.00001		234.077542	-5226.896267
855855	 0.00000	 0.00000	 0.00004	 0.00024	 0.03301	 0.00000	 0.00001		249.586620	-5097.052778
856856	 0.00000	 0.00000	 0.00002	 0.00016	 0.03602	 0.00000	 0.00001		253.700815	-5211.326379
857857	 0.00000	 0.00000	 0.00002	 0.00008	 0.03354	 0.00000	 0.00001		251.003394	-5055.862281
858858	 0.00000	 0.00000	 0.00003	 0.00022	 0.03354	 0.00000	 0.00001		248.802840	-5172.334547
859859	 0.00000	 0.00000	 0.00002	 0.00016	 0.03130	 0.00000	 0.00001		247.221554	-5163.061123
860860	 0.00000	 0.00000	 0.00003	 0.00021	 0.03479	 0.00000	 0.00001		241.113271	-5227.745298
861861	 0.00000	 0.00000	 0.00001	 0.00004	 0.03392	 0.00000	 0.00000		269.543985	-5119.942351
862862	 0.00000	 0.00000	 0.00001	 0.00003	 0.03432	 0.00000	 0.00000		271.441360	-5024.870450
863863	 0.00000	 0.00000	 0.00001	 0.00006	 0.03317	 0.00000	 0.00000		260.883968	-5199.959347
864864	 0.00000	 0.00000	 0.00001	 0.00009	 0.03461	 0.00000	 0.00000		263.470515	-5209.507276
865865	 0.00000	 0.00000	 0.00001	 0.00002	 0.03429	 0.00000	 0.00000		276.585244	-5111.930486
866866	 0.00000	 0.00000	 0.00000	 0.00001	 0.03445	 0.00000	 0.00000		290.200752	-5160.366313
867867	 0.00000	 0.00000	 0.00000	 0.00001	 0.03569	 0.00000	 0.00000		313.223541	-5088.367884
868868	 0.00000	 0.00000	 0.00000	 0.00002	 0.03252	 0.00000	 0.00000		291.433448	-5267.513223
869869	 0.00000	 0.00000	 0.00000	 0.00001	 0.03600	 0.00000	 0.00000		303.006182	-5041.923795
870870	 0.00000	 0.00000	 0.00000	 0.00001	 0.03228	 0.00000	 0.00000		296.025793	-5111.850393
871871	 0.00000	 0.00000	 0.00000	 0.00001	 0.03374	 0.00000	 0.00000		289.446219	-5199.217328
872872	 0.00000	 0.00000	 0.00000	 0.00001	 0.03421	 0.00000	 0.00000		301.780783	-5122.801442
873873	 0.00000	 0.00000	 0.00000	 0.00000	 0.03235	 0.00000	 0.00000		311.362917	-5206.783878
874874	 0.00000	 0.00000	 0.00000	 0.00001	 0.03227	 0.00000	 0.00000		304.383824	-5014.873170
875875	 0.00000	 0.00000	 0.00000	 0.00001	 0.03361	 0.00000	 0.00000		309.984038	-5254.722782
876876	 0.00000	 0.00000	 0.00000	 0.00001	 0.03533	 0.00000	 0.00000		296.304022	-5121.876311
877877	 0.00000	 0.00000	 0.00000	 0.00002	 0.03343	 0.00000	 0.00000		288.478155	-5141.605869
878878	 0.00000	 0.00000	 0.00000	 0.00001	 0.03407	 0.00000	 0.00000		299.307119	-5222.416341
879879	 0.00000	 0.00000	 0.00000	 0.00002	 0.03321	 0.00000	 0.00000		301.772897	-5105.556661
880880	 0.00000	 0.00000	 0.00000	 0.00002	 0.03199	 0.00000	 0.00000		287.708809	-5193.140670
881881	 0.00000	 0.00000	 0.00000	 0.00003	 0.03260	 0.00000	 0.00000		264.012834	-5119.745686
882882	 0.00000	 0.00000	 0.00000	 0.00003	 0.03294	 0.00000	 0.00000		274.106419	-5266.675317
883883	 0.00000	 0.00000	 0.00001	 0.00005	 0.03489	 0.00000	 0.00000		266.172257	-5174.817958
884884	 0.00000	 0.00000	 0.00001	 0.00004	 0.03571	 0.00000	 0.00000		269.922269	-5155.366878
885885	 0.00000	 0.00000	 0.00002	 0.00009	 0.03630	 0.00000	 0.00000		252.710437	-5031.916341
886886	 0.00000	 0.00000	 0.00002	 0.00010	 0.03474	 0.00000	 0.00000		249.107568	-5103.001625
887887	 0.00000	 0.00000	 0.00004	 0.00026	 0.03405	 0.00000	 0.00001		238.191616	-5169.427612
888888	 0.00000	 0.00000	 0.00004	 0.00019	 0.03346	 0.00000	 0.00001		241.814894	-5081.979506
889889	 0.00000	 0.00000	 0.00005	 0.00029	 0.03427	 0.00000	 0.00002		239.606520	-5210.438990
890890	 0.00000	 0.00000	 0.00008	 0.00026	 0.03466	 0.00000	 0.00002		236.328493	-5047.520246
891891	 0.00000	 0.00000	 0.00010	 0.00040	 0.03212	 0.00000	 0.00003		228.039118	-4992.003490
892892	 0.00000	 0.00000	 0.00005	 0.00018	 0.03429	 0.00000	 0.00001		246.034390	-5103.464511
893893	 0.00000	 0.00000	 0.00004	 0.00014	 0.03435	 0.00000	 0.00001		247.442870	-4975.866905
894894	 0.00000	 0.00000	 0.00007	 0.00036	 0.03319	 0.00000	 0.00002		231.376782	-5163.636211
895895	 0.00000	 0.00000	 0.00003	 0.00010	 0.03438	 0.00000	 0.00001		256.538176	-5121.719361
896896	 0.00000	 0.00000	 0.00003	 0.00014	 0.03404	 0.00000	 0.00001		250.692781	-5052.199314
897897	 0.00000	 0.00000	 0.00002	 0.00007	 0.03475	 0.00000	 0.00000		258.844980	-5192.495953
