Sample	theta_WAM	theta_CAM	theta_ATL	theta_AM	theta_root	tau_AM	tau_root	m_ATL->AM	m_AM->ATL	Data-ld-ln	Full-ld-ln
0	 0.00019	 0.00025	 0.00854	 0.01247	 0.00000	 0.00001	 0.01039	 0.00000	 0.00000		154.282372	-5117.758942
1001	 0.00007	 0.00012	 0.00675	 0.01219	 0.00000	 0.00000	 0.00936	 0.00000	 0.00000		165.592340	-5133.810417
2002	 0.00012	 0.00028	 0.00750	 0.01276	 0.00000	 0.00001	 0.00991	 0.00000	 0.00000		154.691205	-5207.351684
3003	 0.00021	 0.00019	 0.00840	 0.01189	 0.00000	 0.00001	 0.00929	 0.00000	 0.00000		155.715450	-5224.768810
4004	 0.00014	 0.00008	 0.00789	 0.01242	 0.00000	 0.00000	 0.00946	 0.00000	 0.00000		159.186277	-5176.098457
5005	 0.00004	 0.00008	 0.00739	 0.01226	 0.00000	 0.00000	 0.00997	 0.00000	 0.00000		164.312301	-5195.938543
6006	 0.00003	 0.00004	 0.00838	 0.01316	 0.00000	 0.00000	 0.00998	 0.00000	 0.00000		172.127385	-5138.896878
7007	 0.00003	 0.00009	 0.00804	 0.01413	 0.00000	 0.00000	 0.01035	 0.00000	 0.00000		160.548211	-5134.424314
8008	 0.00005	 0.00009	 0.00872	 0.01239	 0.00000	 0.00000	 0.01007	 0.00000	 0.00000		153.565124	-5131.979479
9009	 0.00003	 0.00023	 0.00738	 0.01293	 0.00000	 0.00000	 0.01001	 0.00000	 0.00000		148.236534	-5146.244250
10010	 0.00002	 0.00035	 0.00853	 0.01225	 0.00000	 0.00000	 0.01025	 0.00000	 0.00000		155.548284	-5074.135261
11011	 0.00007	 0.00005	 0.00830	 0.01293	 0.00000	 0.00000	 0.00921	 0.00000	 0.00000		171.348098	-5209.273331
12012	 0.00014	 0.00023	 0.00686	 0.01273	 0.00000	 0.00001	 0.00971	 0.00000	 0.00000		155.961667	-5239.674526
13013	 0.00015	 0.00012	 0.00932	 0.01199	 0.00000	 0.00001	 0.01100	 0.00000	 0.00000		161.190519	-5082.915462
14014	 0.00007	 0.00011	 0.00814	 0.01007	 0.00000	 0.00000	 0.00959	 0.00000	 0.00000		163.210305	-5196.522633
15015	 0.00007	 0.00008	 0.00712	 0.01287	 0.00000	 0.00000	 0.01025	 0.00000	 0.00000		162.805309	-5163.120838
16016	 0.00006	 0.00008	 0.00684	 0.01185	 0.00000	 0.00000	 0.00966	 0.00000	 0.00000		157.008442	-5289.648290
17017	 0.00006	 0.00004	 0.00743	 0.01206	 0.00000	 0.00000	 0.01072	 0.00000	 0.00000		155.665563	-5202.667567
18018	 0.00009	 0.00004	 0.00838	 0.01173	 0.00000	 0.00000	 0.00958	 0.00000	 0.00000		154.584646	-5152.889839
19019	 0.00014	 0.00012	 0.00799	 0.01494	 0.00000	 0.00000	 0.00969	 0.00000	 0.00000		153.787661	-5071.756032
20020	 0.00007	 0.00004	 0.00830	 0.01203	 0.00000	 0.00000	 0.00894	 0.00000	 0.00000		168.179867	-5176.894013
21021	 0.00007	 0.00012	 0.00846	 0.01243	 0.00000	 0.00000	 0.00973	 0.00000	 0.00000		157.374928	-5217.003452
22022	 0.00008	 0.00011	 0.00898	 0.01268	 0.00000	 0.00000	 0.01046	 0.00000	 0.00000		166.381584	-5171.012451
23023	 0.00012	 0.00007	 0.00858	 0.01183	 0.00000	 0.00000	 0.00942	 0.00000	 0.00000		168.045499	-5175.720209
24024	 0.00016	 0.00005	 0.00776	 0.01220	 0.00000	 0.00000	 0.00977	 0.00000	 0.00000		161.440420	-5218.027221
25025	 0.00004	 0.00009	 0.00771	 0.01275	 0.00000	 0.00000	 0.01006	 0.00000	 0.00000		165.549000	-5199.663407
26026	 0.00008	 0.00014	 0.00758	 0.01170	 0.00000	 0.00000	 0.01061	 0.00000	 0.00000		159.272372	-5118.433963
27027	 0.00004	 0.00005	 0.00859	 0.01168	 0.00000	 0.00000	 0.00917	 0.00000	 0.00000		178.648773	-5145.690477
28028	 0.00007	 0.00007	 0.00796	 0.01195	 0.00000	 0.00000	 0.00991	 0.00000	 0.00000		161.844826	-5109.257934
29029	 0.00004	 0.00009	 0.00845	 0.01140	 0.00000	 0.00000	 0.00960	 0.00000	 0.00000		164.320893	-5254.706689
30030	 0.00008	 0.00007	 0.00892	 0.01091	 0.00000	 0.00000	 0.00955	 0.00000	 0.00000		168.429056	-5147.736707
31031	 0.00008	 0.00008	 0.00798	 0.01267	 0.00000	 0.00000	 0.01018	 0.00000	 0.00000		165.104239	-5179.598601
32032	 0.00005	 0.00009	 0.00990	 0.01194	 0.00000	 0.00000	 0.00989	 0.00000	 0.00000		166.312428	-5130.581833
33033	 0.00009	 0.00009	 0.00757	 0.01259	 0.00000	 0.00000	 0.00984	 0.00000	 0.00000		163.727758	-5226.672253
34034	 0.00007	 0.00007	 0.00759	 0.01251	 0.00000	 0.00000	 0.01178	 0.00000	 0.00000		162.778252	-5123.046023
35035	 0.00003	 0.00003	 0.00713	 0.01180	 0.00000	 0.00000	 0.01098	 0.00000	 0.00000		178.590221	-5100.574713
36036	 0.00002	 0.00004	 0.00753	 0.01154	 0.00000	 0.00000	 0.00945	 0.00000	 0.00000		173.680465	-5201.554135
37037	 0.00010	 0.00003	 0.00782	 0.01324	 0.00000	 0.00000	 0.00985	 0.00000	 0.00000		170.131472	-5191.197386
38038	 0.00006	 0.00004	 0.00834	 0.01218	 0.00000	 0.00000	 0.00991	 0.00000	 0.00000		169.019569	-5115.262248
39039	 0.00005	 0.00010	 0.00843	 0.01243	 0.00000	 0.00000	 0.01072	 0.00000	 0.00000		157.580853	-5174.175353
40040	 0.00015	 0.00022	 0.00793	 0.01289	 0.00000	 0.00001	 0.01096	 0.00000	 0.00000		152.609039	-5118.044975
41041	 0.00006	 0.00003	 0.00675	 0.01110	 0.00000	 0.00000	 0.00952	 0.00000	 0.00000		169.564992	-5215.529344
42042	 0.00004	 0.00004	 0.00795	 0.01158	 0.00000	 0.00000	 0.00957	 0.00000	 0.00000		164.252895	-5209.200476
43043	 0.00006	 0.00005	 0.00855	 0.01265	 0.00000	 0.00000	 0.01096	 0.00000	 0.00000		157.606810	-5172.139021
44044	 0.00003	 0.00008	 0.00726	 0.01223	 0.00000	 0.00000	 0.00883	 0.00000	 0.00000		173.774671	-5245.389711
45045	 0.00004	 0.00003	 0.00685	 0.01176	 0.00000	 0.00000	 0.01023	 0.00000	 0.00000		168.013969	-5162.333064
46046	 0.00005	 0.00006	 0.00846	 0.01296	 0.00000	 0.00000	 0.01071	 0.00000	 0.00000		164.971131	-5092.195204
47047	 0.00007	 0.00020	 0.00891	 0.01087	 0.00000	 0.00000	 0.01002	 0.00000	 0.00000		162.199100	-5210.089895
48048	 0.00012	 0.00022	 0.00847	 0.01205	 0.00000	 0.00001	 0.00948	 0.00000	 0.00000		160.837743	-5221.571448
49049	 0.00014	 0.00011	 0.00779	 0.01281	 0.00000	 0.00001	 0.00924	 0.00000	 0.00000		171.172126	-5228.014950
50050	 0.00006	 0.00017	 0.00819	 0.01261	 0.00000	 0.00001	 0.00994	 0.00000	 0.00000		171.337240	-5080.677546
51051	 0.00007	 0.00012	 0.00839	 0.01171	 0.00000	 0.00000	 0.00957	 0.00000	 0.00000		164.339768	-5221.490259
52052	 0.00012	 0.00014	 0.00858	 0.01245	 0.00000	 0.00001	 0.01051	 0.00000	 0.00000		161.399310	-5069.103218
53053	 0.00014	 0.00012	 0.00906	 0.01169	 0.00000	 0.00001	 0.00985	 0.00000	 0.00000		164.117772	-5194.030257
54054	 0.00007	 0.00016	 0.00777	 0.01355	 0.00000	 0.00001	 0.01030	 0.00000	 0.00000		168.902854	-5044.131962
55055	 0.00003	 0.00008	 0.00706	 0.01180	 0.00000	 0.00000	 0.00983	 0.00000	 0.00000		163.123486	-5239.385711
56056	 0.00002	 0.00003	 0.00855	 0.01185	 0.00000	 0.00000	 0.01044	 0.00000	 0.00000		175.952123	-5223.039451
57057	 0.00004	 0.00005	 0.00783	 0.01151	 0.00000	 0.00000	 0.01140	 0.00000	 0.00000		163.408014	-5111.891325
58058	 0.00008	 0.00012	 0.00898	 0.01300	 0.00000	 0.00000	 0.00983	 0.00000	 0.00000		160.051252	-5165.758393
59059	 0.00008	 0.00009	 0.00877	 0.01250	 0.00000	 0.00000	 0.01055	 0.00000	 0.00000		166.529821	-5041.384045
60060	 0.00004	 0.00006	 0.00831	 0.01108	 0.00000	 0.00000	 0.00978	 0.00000	 0.00000		165.239685	-5159.213887
61061	 0.00003	 0.00006	 0.00902	 0.01123	 0.00000	 0.00000	 0.00959	 0.00000	 0.00000		163.439415	-5213.094767
62062	 0.00012	 0.00009	 0.00832	 0.01244	 0.00000	 0.00000	 0.01046	 0.00000	 0.00000		157.972579	-5153.643532
63063	 0.00017	 0.00004	 0.00891	 0.01076	 0.00000	 0.00000	 0.01103	 0.00000	 0.00000		156.781248	-5128.658448
64064	 0.00011	 0.00012	 0.00767	 0.01141	 0.00000	 0.00000	 0.01068	 0.00000	 0.00000		158.299567	-5194.727625
65065	 0.00009	 0.00013	 0.00932	 0.01187	 0.00000	 0.00000	 0.00873	 0.00000	 0.00000		163.843139	-5212.288336
66066	 0.00009	 0.00017	 0.00776	 0.01216	 0.00000	 0.00001	 0.01028	 0.00000	 0.00000		162.261825	-5172.339824
67067	 0.00026	 0.00009	 0.00795	 0.01228	 0.00000	 0.00001	 0.00976	 0.00000	 0.00000		158.653035	-5132.701195
68068	 0.00012	 0.00007	 0.00717	 0.01213	 0.00000	 0.00000	 0.01094	 0.00000	 0.00000		168.283234	-5158.069158
69069	 0.00010	 0.00018	 0.00892	 0.01295	 0.00000	 0.00001	 0.01003	 0.00000	 0.00000		161.361462	-5102.548938
70070	 0.00012	 0.00008	 0.00934	 0.01304	 0.00000	 0.00000	 0.01067	 0.00000	 0.00000		156.922207	-5047.103635
71071	 0.00007	 0.00012	 0.00758	 0.01133	 0.00000	 0.00000	 0.01021	 0.00000	 0.00000		164.101433	-5203.747659
72072	 0.00026	 0.00033	 0.00852	 0.01280	 0.00000	 0.00001	 0.00923	 0.00000	 0.00000		163.644826	-5149.385421
73073	 0.00014	 0.00037	 0.00833	 0.01232	 0.00000	 0.00001	 0.01100	 0.00000	 0.00000		163.589467	-5120.428206
74074	 0.00011	 0.00018	 0.00775	 0.01137	 0.00000	 0.00001	 0.00976	 0.00000	 0.00000		166.459412	-5214.373982
75075	 0.00010	 0.00009	 0.00846	 0.01124	 0.00000	 0.00000	 0.01008	 0.00000	 0.00000		169.710584	-5192.438162
76076	 0.00017	 0.00020	 0.00822	 0.01374	 0.00000	 0.00001	 0.01047	 0.00000	 0.00000		163.680455	-5255.575616
77077	 0.00029	 0.00045	 0.00852	 0.01167	 0.00000	 0.00001	 0.01027	 0.00000	 0.00000		155.250282	-5109.776123
78078	 0.00008	 0.00006	 0.00880	 0.01097	 0.00000	 0.00000	 0.00995	 0.00000	 0.00000		166.902336	-5139.813231
79079	 0.00002	 0.00003	 0.00870	 0.01403	 0.00000	 0.00000	 0.01006	 0.00000	 0.00000		172.778370	-5077.576934
80080	 0.00001	 0.00005	 0.00865	 0.01272	 0.00000	 0.00000	 0.01140	 0.00000	 0.00000		165.731479	-5130.085577
81081	 0.00004	 0.00001	 0.00759	 0.01252	 0.00000	 0.00000	 0.01026	 0.00000	 0.00000		177.802521	-5161.879633
82082	 0.00005	 0.00004	 0.00795	 0.01175	 0.00000	 0.00000	 0.00994	 0.00000	 0.00000		162.588668	-5112.040866
83083	 0.00006	 0.00008	 0.00780	 0.01153	 0.00000	 0.00000	 0.01085	 0.00000	 0.00000		163.273426	-5168.986086
84084	 0.00003	 0.00016	 0.00848	 0.01187	 0.00000	 0.00000	 0.01156	 0.00000	 0.00000		159.540322	-5107.166492
85085	 0.00006	 0.00008	 0.00844	 0.01297	 0.00000	 0.00000	 0.00965	 0.00000	 0.00000		170.315817	-5205.879339
86086	 0.00004	 0.00005	 0.00733	 0.01090	 0.00000	 0.00000	 0.01114	 0.00000	 0.00000		173.690336	-5180.557783
87087	 0.00018	 0.00008	 0.00744	 0.01118	 0.00000	 0.00000	 0.00998	 0.00000	 0.00000		162.756695	-5129.785001
88088	 0.00017	 0.00011	 0.00894	 0.01205	 0.00000	 0.00000	 0.01192	 0.00000	 0.00000		155.646969	-5119.605896
89089	 0.00003	 0.00004	 0.00702	 0.01236	 0.00000	 0.00000	 0.00995	 0.00000	 0.00000		180.744997	-5118.365260
90090	 0.00007	 0.00005	 0.00746	 0.01076	 0.00000	 0.00000	 0.00982	 0.00000	 0.00000		173.365719	-5201.950958
91091	 0.00009	 0.00014	 0.00732	 0.01220	 0.00000	 0.00001	 0.01011	 0.00000	 0.00000		166.654794	-5155.825848
92092	 0.00015	 0.00009	 0.00870	 0.01150	 0.00000	 0.00001	 0.01046	 0.00000	 0.00000		165.906602	-5147.796493
93093	 0.00006	 0.00010	 0.00762	 0.01222	 0.00000	 0.00000	 0.01102	 0.00000	 0.00000		165.686400	-5197.921745
94094	 0.00010	 0.00012	 0.00849	 0.01221	 0.00000	 0.00000	 0.01102	 0.00000	 0.00000		164.074520	-5157.380840
95095	 0.00021	 0.00020	 0.00852	 0.01090	 0.00000	 0.00001	 0.01079	 0.00000	 0.00000		159.301182	-5176.361579
96096	 0.00011	 0.00010	 0.00785	 0.01169	 0.00000	 0.00000	 0.01045	 0.00000	 0.00000		159.319169	-5149.244176
97097	 0.00016	 0.00005	 0.00816	 0.01304	 0.00000	 0.00000	 0.01144	 0.00000	 0.00000		166.069675	-5109.899609
98098	 0.00038	 0.00027	 0.00804	 0.01177	 0.00000	 0.00001	 0.01156	 0.00000	 0.00000		155.012385	-4983.331491
99099	 0.00019	 0.00025	 0.00832	 0.01134	 0.00000	 0.00001	 0.00941	 0.00000	 0.00000		164.438889	-5192.629224
100100	 0.00015	 0.00017	 0.00767	 0.01246	 0.00000	 0.00001	 0.01030	 0.00000	 0.00000		158.260390	-5066.056264
101101	 0.00013	 0.00024	 0.00644	 0.01294	 0.00000	 0.00001	 0.01004	 0.00000	 0.00000		158.731213	-5204.225244
102102	 0.00010	 0.00008	 0.00817	 0.01214	 0.00000	 0.00000	 0.00977	 0.00000	 0.00000		167.076976	-5145.358825
103103	 0.00006	 0.00012	 0.00693	 0.01160	 0.00000	 0.00000	 0.01142	 0.00000	 0.00000		161.318380	-5093.661526
104104	 0.00009	 0.00020	 0.00819	 0.01229	 0.00000	 0.00001	 0.00862	 0.00000	 0.00000		164.895791	-5245.232058
105105	 0.00018	 0.00023	 0.00824	 0.01110	 0.00000	 0.00001	 0.01051	 0.00000	 0.00000		155.466843	-5135.626890
106106	 0.00025	 0.00020	 0.00723	 0.01385	 0.00000	 0.00001	 0.01092	 0.00000	 0.00000		157.640341	-5136.958595
107107	 0.00009	 0.00022	 0.00808	 0.01205	 0.00000	 0.00001	 0.01081	 0.00000	 0.00000		161.634246	-5193.167738
108108	 0.00011	 0.00010	 0.00715	 0.01111	 0.00000	 0.00000	 0.00873	 0.00000	 0.00000		164.517062	-5304.538898
109109	 0.00008	 0.00010	 0.00788	 0.01319	 0.00000	 0.00000	 0.01096	 0.00000	 0.00000		160.728563	-5032.117272
110110	 0.00007	 0.00011	 0.00895	 0.01077	 0.00000	 0.00000	 0.01033	 0.00000	 0.00000		163.077878	-5235.101845
111111	 0.00013	 0.00013	 0.00852	 0.01293	 0.00000	 0.00001	 0.01025	 0.00000	 0.00000		167.543677	-5127.679896
112112	 0.00010	 0.00006	 0.00664	 0.01186	 0.00000	 0.00000	 0.00893	 0.00000	 0.00000		169.103159	-5278.467860
113113	 0.00005	 0.00005	 0.00840	 0.01259	 0.00000	 0.00000	 0.01030	 0.00000	 0.00000		166.842454	-5236.586682
114114	 0.00006	 0.00010	 0.00734	 0.01340	 0.00000	 0.00000	 0.01006	 0.00000	 0.00000		168.745611	-5130.260741
115115	 0.00012	 0.00008	 0.00951	 0.01274	 0.00000	 0.00000	 0.00977	 0.00000	 0.00000		158.414550	-5094.708428
116116	 0.00004	 0.00006	 0.00780	 0.01205	 0.00000	 0.00000	 0.01102	 0.00000	 0.00000		165.527844	-5086.669394
117117	 0.00004	 0.00013	 0.00681	 0.01341	 0.00000	 0.00000	 0.00987	 0.00000	 0.00000		164.026144	-5173.308940
118118	 0.00004	 0.00007	 0.00770	 0.01152	 0.00000	 0.00000	 0.01048	 0.00000	 0.00000		156.180121	-5088.780755
119119	 0.00008	 0.00009	 0.00654	 0.01284	 0.00000	 0.00000	 0.01008	 0.00000	 0.00000		166.863433	-5122.196807
120120	 0.00011	 0.00017	 0.00875	 0.01103	 0.00000	 0.00000	 0.00991	 0.00000	 0.00000		152.631007	-5231.558144
121121	 0.00003	 0.00004	 0.00858	 0.01144	 0.00000	 0.00000	 0.01024	 0.00000	 0.00000		166.001277	-5127.549873
122122	 0.00007	 0.00005	 0.00771	 0.01218	 0.00000	 0.00000	 0.01111	 0.00000	 0.00000		163.619159	-5178.500830
123123	 0.00003	 0.00007	 0.00744	 0.01237	 0.00000	 0.00000	 0.01038	 0.00000	 0.00000		164.816932	-5118.655821
124124	 0.00017	 0.00015	 0.00845	 0.01313	 0.00000	 0.00001	 0.01185	 0.00000	 0.00000		149.487580	-5150.485334
125125	 0.00009	 0.00020	 0.00788	 0.01214	 0.00000	 0.00001	 0.00997	 0.00000	 0.00000		160.317817	-5185.632133
126126	 0.00013	 0.00014	 0.00860	 0.01404	 0.00000	 0.00001	 0.00967	 0.00000	 0.00000		158.064777	-5091.939096
127127	 0.00008	 0.00010	 0.00790	 0.01290	 0.00000	 0.00000	 0.01142	 0.00000	 0.00000		158.110345	-5141.077133
128128	 0.00013	 0.00016	 0.00734	 0.01105	 0.00000	 0.00000	 0.01190	 0.00000	 0.00000		151.554422	-5174.489790
129129	 0.00010	 0.00013	 0.00754	 0.01128	 0.00000	 0.00000	 0.01144	 0.00000	 0.00000		149.145155	-5108.162787
130130	 0.00007	 0.00008	 0.00710	 0.01279	 0.00000	 0.00000	 0.01000	 0.00000	 0.00000		160.727187	-5184.897690
131131	 0.00013	 0.00016	 0.00637	 0.01169	 0.00000	 0.00001	 0.00969	 0.00000	 0.00000		158.094642	-5139.531486
132132	 0.00007	 0.00010	 0.00780	 0.01184	 0.00000	 0.00000	 0.00936	 0.00000	 0.00000		161.503153	-5198.084986
133133	 0.00008	 0.00006	 0.00753	 0.01234	 0.00000	 0.00000	 0.01087	 0.00000	 0.00000		159.861474	-5113.364130
134134	 0.00009	 0.00007	 0.00874	 0.01116	 0.00000	 0.00000	 0.01067	 0.00000	 0.00000		160.403574	-5138.308439
135135	 0.00010	 0.00020	 0.00874	 0.01174	 0.00000	 0.00001	 0.00980	 0.00000	 0.00000		161.821198	-5055.835904
136136	 0.00014	 0.00016	 0.00864	 0.01186	 0.00000	 0.00001	 0.01005	 0.00000	 0.00000		163.094711	-5139.205140
137137	 0.00025	 0.00010	 0.00791	 0.01169	 0.00000	 0.00001	 0.01080	 0.00000	 0.00000		158.583631	-5129.521761
138138	 0.00014	 0.00013	 0.00789	 0.01056	 0.00000	 0.00001	 0.01006	 0.00000	 0.00000		164.189719	-5264.668122
139139	 0.00015	 0.00010	 0.00761	 0.01238	 0.00000	 0.00001	 0.01059	 0.00000	 0.00000		163.352278	-5162.215277
140140	 0.00010	 0.00024	 0.00733	 0.01218	 0.00000	 0.00001	 0.01023	 0.00000	 0.00000		162.926894	-5141.568533
141141	 0.00011	 0.00012	 0.00727	 0.01252	 0.00000	 0.00000	 0.01000	 0.00000	 0.00000		158.617752	-5171.912345
142142	 0.00018	 0.00019	 0.00811	 0.01059	 0.00000	 0.00001	 0.00938	 0.00000	 0.00000		159.715718	-5197.043466
143143	 0.00013	 0.00024	 0.00800	 0.01170	 0.00000	 0.00001	 0.01067	 0.00000	 0.00000		158.007279	-5167.279065
144144	 0.00024	 0.00017	 0.00812	 0.01187	 0.00000	 0.00001	 0.00882	 0.00000	 0.00000		163.395763	-5125.357437
145145	 0.00031	 0.00041	 0.00873	 0.01187	 0.00000	 0.00002	 0.01114	 0.00000	 0.00000		152.925327	-5093.652639
146146	 0.00019	 0.00025	 0.00798	 0.01184	 0.00000	 0.00001	 0.00988	 0.00000	 0.00000		158.347980	-5154.285391
147147	 0.00034	 0.00022	 0.00693	 0.01141	 0.00000	 0.00001	 0.01132	 0.00000	 0.00000		154.258577	-5145.283505
148148	 0.00015	 0.00007	 0.00737	 0.01179	 0.00000	 0.00000	 0.01002	 0.00000	 0.00000		158.671785	-5116.231135
149149	 0.00021	 0.00008	 0.00862	 0.01241	 0.00000	 0.00001	 0.00900	 0.00000	 0.00000		156.216040	-5132.346887
150150	 0.00015	 0.00026	 0.00765	 0.01255	 0.00000	 0.00001	 0.01018	 0.00000	 0.00000		153.679737	-5129.047871
151151	 0.00020	 0.00012	 0.00757	 0.01172	 0.00000	 0.00001	 0.00985	 0.00000	 0.00000		158.856770	-5151.446824
152152	 0.00017	 0.00012	 0.00784	 0.01092	 0.00000	 0.00001	 0.00903	 0.00000	 0.00000		158.493049	-5232.157551
153153	 0.00011	 0.00016	 0.00780	 0.01107	 0.00000	 0.00001	 0.00989	 0.00000	 0.00000		159.652118	-5128.153488
154154	 0.00013	 0.00012	 0.00849	 0.01080	 0.00000	 0.00001	 0.00941	 0.00000	 0.00000		163.052135	-5141.141698
155155	 0.00006	 0.00009	 0.00739	 0.01283	 0.00000	 0.00000	 0.01057	 0.00000	 0.00000		159.337822	-5147.001253
156156	 0.00008	 0.00039	 0.00806	 0.01266	 0.00000	 0.00001	 0.01018	 0.00000	 0.00000		155.303266	-5101.093452
157157	 0.00009	 0.00010	 0.00941	 0.01118	 0.00000	 0.00000	 0.01041	 0.00000	 0.00000		157.370213	-5182.059518
158158	 0.00012	 0.00004	 0.00862	 0.01354	 0.00000	 0.00000	 0.00966	 0.00000	 0.00000		159.678293	-5186.673807
159159	 0.00007	 0.00009	 0.00823	 0.01035	 0.00000	 0.00000	 0.01085	 0.00000	 0.00000		165.510915	-5174.131868
160160	 0.00006	 0.00005	 0.00797	 0.01390	 0.00000	 0.00000	 0.01024	 0.00000	 0.00000		164.304710	-5053.803335
161161	 0.00005	 0.00003	 0.00837	 0.01328	 0.00000	 0.00000	 0.01001	 0.00000	 0.00000		162.604584	-5145.002633
162162	 0.00004	 0.00006	 0.00843	 0.01124	 0.00000	 0.00000	 0.01072	 0.00000	 0.00000		163.588890	-5092.615901
163163	 0.00003	 0.00004	 0.00736	 0.01135	 0.00000	 0.00000	 0.00946	 0.00000	 0.00000		175.199966	-5102.034281
164164	 0.00004	 0.00004	 0.00882	 0.01259	 0.00000	 0.00000	 0.00978	 0.00000	 0.00000		169.623529	-5131.909544
165165	 0.00004	 0.00006	 0.00815	 0.01116	 0.00000	 0.00000	 0.01045	 0.00000	 0.00000		167.661234	-5099.778294
166166	 0.00017	 0.00010	 0.00874	 0.01137	 0.00000	 0.00001	 0.00996	 0.00000	 0.00000		160.517823	-5121.220875
167167	 0.00011	 0.00015	 0.00872	 0.01344	 0.00000	 0.00001	 0.01051	 0.00000	 0.00000		163.692430	-5100.196610
168168	 0.00016	 0.00008	 0.00977	 0.01091	 0.00000	 0.00001	 0.00960	 0.00000	 0.00000		166.645558	-5128.964994
169169	 0.00011	 0.00009	 0.00745	 0.01223	 0.00000	 0.00001	 0.00983	 0.00000	 0.00000		176.577592	-5232.656454
170170	 0.00011	 0.00012	 0.00825	 0.01110	 0.00000	 0.00000	 0.00928	 0.00000	 0.00000		160.394296	-5223.692293
171171	 0.00006	 0.00010	 0.00788	 0.01248	 0.00000	 0.00000	 0.01041	 0.00000	 0.00000		167.428767	-5171.842485
172172	 0.00009	 0.00016	 0.00787	 0.01413	 0.00000	 0.00000	 0.01024	 0.00000	 0.00000		163.270226	-5156.040566
173173	 0.00005	 0.00007	 0.00739	 0.01317	 0.00000	 0.00000	 0.00990	 0.00000	 0.00000		168.427349	-5157.656447
174174	 0.00011	 0.00010	 0.00717	 0.01222	 0.00000	 0.00000	 0.01091	 0.00000	 0.00000		162.162107	-5110.207641
175175	 0.00011	 0.00006	 0.00757	 0.01065	 0.00000	 0.00000	 0.00941	 0.00000	 0.00000		167.812913	-5205.011903
176176	 0.00007	 0.00009	 0.00797	 0.01359	 0.00000	 0.00000	 0.00934	 0.00000	 0.00000		162.065824	-5102.953353
177177	 0.00005	 0.00015	 0.00740	 0.01141	 0.00000	 0.00000	 0.01024	 0.00000	 0.00000		160.848669	-5184.708373
178178	 0.00006	 0.00004	 0.00767	 0.01249	 0.00000	 0.00000	 0.01107	 0.00000	 0.00000		166.952128	-5010.620347
179179	 0.00003	 0.00003	 0.00833	 0.01160	 0.00000	 0.00000	 0.00906	 0.00000	 0.00000		169.366911	-5158.297647
180180	 0.00008	 0.00006	 0.00812	 0.01197	 0.00000	 0.00000	 0.01010	 0.00000	 0.00000		160.046478	-5157.683089
181181	 0.00005	 0.00008	 0.00825	 0.01168	 0.00000	 0.00000	 0.01021	 0.00000	 0.00000		171.042368	-5187.974646
182182	 0.00008	 0.00004	 0.00913	 0.01265	 0.00000	 0.00000	 0.01053	 0.00000	 0.00000		161.795186	-5134.186271
183183	 0.00006	 0.00008	 0.00725	 0.01230	 0.00000	 0.00000	 0.00928	 0.00000	 0.00000		163.559260	-5156.958010
184184	 0.00007	 0.00009	 0.00868	 0.01144	 0.00000	 0.00000	 0.01048	 0.00000	 0.00000		163.434657	-5143.839059
185185	 0.00008	 0.00009	 0.00847	 0.01259	 0.00000	 0.00000	 0.01093	 0.00000	 0.00000		153.916871	-5187.308276
186186	 0.00005	 0.00007	 0.00737	 0.01165	 0.00000	 0.00000	 0.01012	 0.00000	 0.00000		156.870579	-5168.056042
187187	 0.00004	 0.00006	 0.00779	 0.01198	 0.00000	 0.00000	 0.00988	 0.00000	 0.00000		165.356277	-5218.122028
188188	 0.00007	 0.00011	 0.00789	 0.01304	 0.00000	 0.00000	 0.00858	 0.00000	 0.00000		163.246144	-5173.198653
189189	 0.00004	 0.00005	 0.00843	 0.01172	 0.00000	 0.00000	 0.01012	 0.00000	 0.00000		173.646244	-5063.804419
190190	 0.00002	 0.00005	 0.00845	 0.01250	 0.00000	 0.00000	 0.01054	 0.00000	 0.00000		162.987670	-5144.674736
191191	 0.00007	 0.00010	 0.00753	 0.01377	 0.00000	 0.00000	 0.00916	 0.00000	 0.00000		161.313548	-5191.463945
192192	 0.00007	 0.00013	 0.00705	 0.01364	 0.00000	 0.00000	 0.00933	 0.00000	 0.00000		165.043948	-5134.004549
193193	 0.00009	 0.00014	 0.00872	 0.01244	 0.00000	 0.00001	 0.00968	 0.00000	 0.00000		163.737480	-5094.401718
194194	 0.00006	 0.00066	 0.00789	 0.01148	 0.00000	 0.00000	 0.00993	 0.00000	 0.00000		160.513932	-5147.286227
195195	 0.00013	 0.00011	 0.00798	 0.01153	 0.00000	 0.00000	 0.01076	 0.00000	 0.00000		159.707739	-5133.191340
196196	 0.00011	 0.00021	 0.00947	 0.01383	 0.00000	 0.00000	 0.01037	 0.00000	 0.00000		153.850383	-5145.199074
197197	 0.00009	 0.00019	 0.00754	 0.01175	 0.00000	 0.00000	 0.00935	 0.00000	 0.00000		158.797399	-5239.060672
198198	 0.00010	 0.00032	 0.00916	 0.01137	 0.00000	 0.00001	 0.00923	 0.00000	 0.00000		156.324016	-5140.357284
199199	 0.00019	 0.00012	 0.00876	 0.01234	 0.00000	 0.00001	 0.01108	 0.00000	 0.00000		155.461266	-5110.672773
200200	 0.00010	 0.00015	 0.00732	 0.01139	 0.00000	 0.00001	 0.00939	 0.00000	 0.00000		156.968693	-5202.439736
201201	 0.00015	 0.00013	 0.00859	 0.01155	 0.00000	 0.00001	 0.01004	 0.00000	 0.00000		155.218496	-5163.264157
202202	 0.00010	 0.00012	 0.00703	 0.01337	 0.00000	 0.00000	 0.00988	 0.00000	 0.00000		149.397670	-5193.678603
203203	 0.00012	 0.00013	 0.00879	 0.01133	 0.00000	 0.00001	 0.00956	 0.00000	 0.00000		152.639098	-5230.429274
204204	 0.00011	 0.00025	 0.00774	 0.01311	 0.00000	 0.00001	 0.01010	 0.00000	 0.00000		148.348673	-5112.868427
205205	 0.00014	 0.00012	 0.00841	 0.01236	 0.00000	 0.00001	 0.00969	 0.00000	 0.00000		158.087001	-5135.015413
206206	 0.00008	 0.00022	 0.00680	 0.01209	 0.00000	 0.00001	 0.00876	 0.00000	 0.00000		161.628616	-5262.790868
207207	 0.00012	 0.00026	 0.00865	 0.01261	 0.00000	 0.00001	 0.00985	 0.00000	 0.00000		151.310142	-5135.773655
208208	 0.00009	 0.00012	 0.00794	 0.01354	 0.00000	 0.00000	 0.01028	 0.00000	 0.00000		155.500063	-5105.700844
209209	 0.00008	 0.00014	 0.00752	 0.01301	 0.00000	 0.00000	 0.01073	 0.00000	 0.00000		155.560710	-5085.893513
210210	 0.00008	 0.00010	 0.00771	 0.01260	 0.00000	 0.00000	 0.01005	 0.00000	 0.00000		160.835950	-5130.240234
211211	 0.00003	 0.00004	 0.00713	 0.01181	 0.00000	 0.00000	 0.00926	 0.00000	 0.00000		175.517692	-5130.950040
212212	 0.00007	 0.00005	 0.00776	 0.01214	 0.00000	 0.00000	 0.01005	 0.00000	 0.00000		161.117596	-5158.028817
213213	 0.00014	 0.00018	 0.00974	 0.01273	 0.00000	 0.00001	 0.01070	 0.00000	 0.00000		156.196761	-5036.842131
214214	 0.00003	 0.00008	 0.00834	 0.01309	 0.00000	 0.00000	 0.00868	 0.00000	 0.00000		167.593186	-5138.778813
215215	 0.00003	 0.00006	 0.00808	 0.01262	 0.00000	 0.00000	 0.00992	 0.00000	 0.00000		167.313406	-5129.018579
216216	 0.00004	 0.00004	 0.00791	 0.01136	 0.00000	 0.00000	 0.00963	 0.00000	 0.00000		163.328758	-5169.658679
217217	 0.00005	 0.00006	 0.00903	 0.01115	 0.00000	 0.00000	 0.01049	 0.00000	 0.00000		168.791846	-5163.134723
218218	 0.00005	 0.00012	 0.00881	 0.01286	 0.00000	 0.00000	 0.01027	 0.00000	 0.00000		163.797341	-5076.513442
219219	 0.00002	 0.00002	 0.00829	 0.01190	 0.00000	 0.00000	 0.00900	 0.00000	 0.00000		177.890622	-5222.376076
220220	 0.00002	 0.00003	 0.00800	 0.01191	 0.00000	 0.00000	 0.01020	 0.00000	 0.00000		177.677270	-5251.826634
221221	 0.00006	 0.00003	 0.00811	 0.01076	 0.00000	 0.00000	 0.01042	 0.00000	 0.00000		162.988973	-5150.235751
222222	 0.00008	 0.00007	 0.00683	 0.01177	 0.00000	 0.00000	 0.01057	 0.00000	 0.00000		161.681461	-5140.403562
223223	 0.00007	 0.00006	 0.00852	 0.01275	 0.00000	 0.00000	 0.00958	 0.00000	 0.00000		169.954999	-5116.782715
224224	 0.00007	 0.00004	 0.00771	 0.01125	 0.00000	 0.00000	 0.00973	 0.00000	 0.00000		162.795780	-5221.953403
225225	 0.00003	 0.00002	 0.00744	 0.01249	 0.00000	 0.00000	 0.01058	 0.00000	 0.00000		169.700134	-5156.880070
226226	 0.00002	 0.00004	 0.00781	 0.01068	 0.00000	 0.00000	 0.00987	 0.00000	 0.00000		177.681238	-5127.348075
227227	 0.00009	 0.00016	 0.00778	 0.01466	 0.00000	 0.00001	 0.00944	 0.00000	 0.00000		163.930010	-5127.556718
228228	 0.00014	 0.00014	 0.00855	 0.01112	 0.00000	 0.00001	 0.00869	 0.00000	 0.00000		166.433103	-5113.022961
229229	 0.00009	 0.00018	 0.00819	 0.01305	 0.00000	 0.00000	 0.00981	 0.00000	 0.00000		156.083689	-5158.585774
230230	 0.00008	 0.00008	 0.00639	 0.01218	 0.00000	 0.00000	 0.01034	 0.00000	 0.00000		157.339923	-5238.506970
231231	 0.00004	 0.00009	 0.00771	 0.01067	 0.00000	 0.00000	 0.01112	 0.00000	 0.00000		163.089697	-5161.319599
232232	 0.00003	 0.00003	 0.00704	 0.01209	 0.00000	 0.00000	 0.01005	 0.00000	 0.00000		184.740906	-5189.558562
233233	 0.00007	 0.00007	 0.00798	 0.01121	 0.00000	 0.00000	 0.00908	 0.00000	 0.00000		176.609023	-5105.222433
234234	 0.00009	 0.00005	 0.00851	 0.01080	 0.00000	 0.00000	 0.01114	 0.00000	 0.00000		167.002300	-5106.088586
235235	 0.00003	 0.00010	 0.00850	 0.01301	 0.00000	 0.00000	 0.00930	 0.00000	 0.00000		172.324287	-5163.593904
236236	 0.00005	 0.00007	 0.00751	 0.01130	 0.00000	 0.00000	 0.01126	 0.00000	 0.00000		169.480022	-5166.995705
237237	 0.00012	 0.00007	 0.00701	 0.01256	 0.00000	 0.00000	 0.01150	 0.00000	 0.00000		169.660721	-5116.088449
238238	 0.00020	 0.00010	 0.00844	 0.01086	 0.00000	 0.00000	 0.01018	 0.00000	 0.00000		154.485546	-5184.203229
239239	 0.00008	 0.00006	 0.00748	 0.01203	 0.00000	 0.00000	 0.01117	 0.00000	 0.00000		163.659572	-5136.517152
240240	 0.00010	 0.00003	 0.00801	 0.01138	 0.00000	 0.00000	 0.00995	 0.00000	 0.00000		158.447355	-5223.585218
241241	 0.00006	 0.00006	 0.00824	 0.01210	 0.00000	 0.00000	 0.00979	 0.00000	 0.00000		173.936906	-5148.288071
242242	 0.00004	 0.00007	 0.00789	 0.01293	 0.00000	 0.00000	 0.00980	 0.00000	 0.00000		158.707967	-5180.491490
243243	 0.00005	 0.00005	 0.00818	 0.01241	 0.00000	 0.00000	 0.01109	 0.00000	 0.00000		162.444762	-5096.961939
244244	 0.00005	 0.00004	 0.00752	 0.01208	 0.00000	 0.00000	 0.01037	 0.00000	 0.00000		162.707549	-5202.761919
245245	 0.00002	 0.00005	 0.00870	 0.01064	 0.00000	 0.00000	 0.00960	 0.00000	 0.00000		180.195908	-5244.456281
246246	 0.00006	 0.00011	 0.00804	 0.01150	 0.00000	 0.00000	 0.00984	 0.00000	 0.00000		165.859412	-5195.869753
247247	 0.00008	 0.00007	 0.00777	 0.01261	 0.00000	 0.00000	 0.00964	 0.00000	 0.00000		166.437181	-5148.174726
248248	 0.00005	 0.00003	 0.00773	 0.01246	 0.00000	 0.00000	 0.01003	 0.00000	 0.00000		168.604294	-5188.254748
249249	 0.00001	 0.00004	 0.00696	 0.01426	 0.00000	 0.00000	 0.01093	 0.00000	 0.00000		174.428319	-5094.999742
250250	 0.00001	 0.00004	 0.00825	 0.01096	 0.00000	 0.00000	 0.00974	 0.00000	 0.00000		176.482057	-5157.258859
251251	 0.00001	 0.00004	 0.00869	 0.01351	 0.00000	 0.00000	 0.00936	 0.00000	 0.00000		172.807140	-5145.729156
252252	 0.00001	 0.00012	 0.01048	 0.01061	 0.00000	 0.00000	 0.00990	 0.00000	 0.00000		164.134690	-5196.159022
253253	 0.00003	 0.00012	 0.00819	 0.01258	 0.00000	 0.00000	 0.01041	 0.00000	 0.00000		160.731737	-5105.302502
254254	 0.00007	 0.00008	 0.00806	 0.01310	 0.00000	 0.00000	 0.01097	 0.00000	 0.00000		162.244723	-5061.617817
255255	 0.00005	 0.00008	 0.00701	 0.01342	 0.00000	 0.00000	 0.00940	 0.00000	 0.00000		159.261340	-5220.930633
256256	 0.00003	 0.00003	 0.00856	 0.01135	 0.00000	 0.00000	 0.01025	 0.00000	 0.00000		169.027799	-5148.394934
257257	 0.00003	 0.00004	 0.00786	 0.01181	 0.00000	 0.00000	 0.01046	 0.00000	 0.00000		163.021911	-5183.618937
258258	 0.00007	 0.00008	 0.00689	 0.01427	 0.00000	 0.00000	 0.01126	 0.00000	 0.00000		161.808413	-5083.992312
259259	 0.00003	 0.00003	 0.00909	 0.01275	 0.00000	 0.00000	 0.01044	 0.00000	 0.00000		170.045829	-5120.047787
260260	 0.00004	 0.00004	 0.00966	 0.01126	 0.00000	 0.00000	 0.01001	 0.00000	 0.00000		161.031286	-5144.536798
261261	 0.00005	 0.00013	 0.00752	 0.01257	 0.00000	 0.00000	 0.01078	 0.00000	 0.00000		149.890820	-5140.215533
262262	 0.00010	 0.00013	 0.00879	 0.01212	 0.00002	 0.00000	 0.01008	 0.00000	 0.00000		149.666420	-5155.123942
263263	 0.00012	 0.00014	 0.00752	 0.01334	 0.00005	 0.00001	 0.00936	 0.00000	 0.00000		151.069354	-5119.624639
264264	 0.00006	 0.00007	 0.00879	 0.01171	 0.00003	 0.00000	 0.00977	 0.00000	 0.00000		157.449617	-5166.666748
265265	 0.00003	 0.00005	 0.00867	 0.01242	 0.00001	 0.00000	 0.00946	 0.00000	 0.00000		155.504697	-5135.582994
266266	 0.00004	 0.00006	 0.00771	 0.01276	 0.00004	 0.00000	 0.00974	 0.00000	 0.00000		153.544152	-5094.168514
267267	 0.00019	 0.00019	 0.00844	 0.01292	 0.00006	 0.00001	 0.01030	 0.00000	 0.00000		145.513076	-5067.393401
268268	 0.00014	 0.00007	 0.00739	 0.01205	 0.00020	 0.00000	 0.00977	 0.00000	 0.00000		146.515938	-5206.968079
269269	 0.00005	 0.00005	 0.00933	 0.01066	 0.00010	 0.00000	 0.00931	 0.00000	 0.00000		155.458334	-5124.032091
270270	 0.00003	 0.00004	 0.00775	 0.01345	 0.00002	 0.00000	 0.01109	 0.00000	 0.00000		153.658430	-5100.860564
271271	 0.00003	 0.00002	 0.00750	 0.01230	 0.00005	 0.00000	 0.01041	 0.00000	 0.00000		162.841413	-5115.431461
272272	 0.00005	 0.00004	 0.00848	 0.01158	 0.00020	 0.00000	 0.00935	 0.00000	 0.00000		154.055685	-5119.167908
273273	 0.00003	 0.00003	 0.00670	 0.00844	 0.00894	 0.00000	 0.00311	 0.00000	 0.00000		158.433823	-4222.814104
274274	 0.00000	 0.00000	 0.00019	 0.00088	 0.02407	 0.00000	 0.00007	 0.00000	 0.00000		209.933191	-3597.924138
275275	 0.00000	 0.00000	 0.00017	 0.00119	 0.02342	 0.00000	 0.00006	 0.00000	 0.00000		214.906587	-3751.952547
276276	 0.00000	 0.00000	 0.00009	 0.00062	 0.02383	 0.00000	 0.00003	 0.00000	 0.00000		238.917307	-3660.838179
277277	 0.00000	 0.00000	 0.00007	 0.00058	 0.02217	 0.00000	 0.00002	 0.00000	 0.00000		223.761714	-3735.363817
278278	 0.00000	 0.00000	 0.00007	 0.00026	 0.02276	 0.00000	 0.00002	 0.00000	 0.00000		244.354403	-3631.330322
279279	 0.00000	 0.00000	 0.00004	 0.00047	 0.02341	 0.00000	 0.00002	 0.00000	 0.00000		235.140956	-3810.903129
280280	 0.00000	 0.00000	 0.00006	 0.00035	 0.02363	 0.00000	 0.00002	 0.00000	 0.00000		225.366407	-3689.852730
281281	 0.00000	 0.00000	 0.00004	 0.00021	 0.02395	 0.00000	 0.00001	 0.00000	 0.00000		255.087743	-3676.450884
282282	 0.00000	 0.00000	 0.00006	 0.00037	 0.02492	 0.00000	 0.00002	 0.00000	 0.00000		238.684297	-3676.598621
283283	 0.00000	 0.00000	 0.00017	 0.00093	 0.02322	 0.00000	 0.00006	 0.00000	 0.00000		222.087335	-3527.068966
284284	 0.00000	 0.00000	 0.00011	 0.00092	 0.02144	 0.00000	 0.00004	 0.00000	 0.00000		227.019388	-3738.980640
285285	 0.00000	 0.00000	 0.00007	 0.00030	 0.02328	 0.00000	 0.00002	 0.00000	 0.00000		227.454485	-3701.502249
286286	 0.00000	 0.00000	 0.00012	 0.00083	 0.02405	 0.00000	 0.00004	 0.00000	 0.00000		217.077347	-3618.170457
287287	 0.00000	 0.00000	 0.00009	 0.00087	 0.02268	 0.00000	 0.00004	 0.00000	 0.00000		224.552060	-3755.004506
288288	 0.00000	 0.00000	 0.00012	 0.00082	 0.02313	 0.00000	 0.00004	 0.00000	 0.00000		234.412877	-3742.696717
289289	 0.00000	 0.00000	 0.00011	 0.00067	 0.02419	 0.00000	 0.00004	 0.00000	 0.00000		218.610184	-3599.595642
290290	 0.00000	 0.00000	 0.00003	 0.00043	 0.02251	 0.00000	 0.00001	 0.00000	 0.00000		223.559566	-3706.863900
291291	 0.00000	 0.00000	 0.00004	 0.00031	 0.02314	 0.00000	 0.00001	 0.00000	 0.00000		229.639470	-3775.375259
292292	 0.00000	 0.00000	 0.00004	 0.00037	 0.02510	 0.00000	 0.00002	 0.00000	 0.00000		234.068642	-3664.301700
293293	 0.00000	 0.00000	 0.00007	 0.00056	 0.02360	 0.00000	 0.00002	 0.00000	 0.00000		229.711096	-3694.032453
294294	 0.00000	 0.00000	 0.00009	 0.00068	 0.02421	 0.00000	 0.00003	 0.00000	 0.00000		220.291652	-3653.026339
295295	 0.00000	 0.00000	 0.00006	 0.00043	 0.02385	 0.00000	 0.00002	 0.00000	 0.00000		229.986548	-3625.390613
296296	 0.00000	 0.00000	 0.00004	 0.00026	 0.02354	 0.00000	 0.00001	 0.00000	 0.00000		238.563552	-3585.637892
297297	 0.00000	 0.00000	 0.00004	 0.00029	 0.02449	 0.00000	 0.00001	 0.00000	 0.00000		224.070605	-3677.955259
298298	 0.00000	 0.00000	 0.00006	 0.00034	 0.02539	 0.00000	 0.00002	 0.00000	 0.00000		238.822178	-3581.478735
299299	 0.00000	 0.00000	 0.00004	 0.00041	 0.02579	 0.00000	 0.00001	 0.00000	 0.00000		231.583865	-3693.971746
300300	 0.00000	 0.00000	 0.00004	 0.00023	 0.02327	 0.00000	 0.00001	 0.00000	 0.00000		238.318800	-3844.920866
301301	 0.00000	 0.00000	 0.00004	 0.00024	 0.02728	 0.00000	 0.00002	 0.00000	 0.00000		242.812900	-3620.874254
302302	 0.00000	 0.00000	 0.00005	 0.00050	 0.02412	 0.00000	 0.00002	 0.00000	 0.00000		234.390833	-3572.747564
303303	 0.00000	 0.00000	 0.00006	 0.00050	 0.02145	 0.00000	 0.00002	 0.00000	 0.00000		234.998812	-3719.040848
304304	 0.00000	 0.00000	 0.00005	 0.00054	 0.02326	 0.00000	 0.00002	 0.00000	 0.00000		240.860371	-3689.945934
305305	 0.00000	 0.00000	 0.00009	 0.00071	 0.02325	 0.00000	 0.00003	 0.00000	 0.00000		206.980396	-3781.609279
306306	 0.00000	 0.00000	 0.00007	 0.00050	 0.02418	 0.00000	 0.00002	 0.00000	 0.00000		223.607038	-3638.077512
307307	 0.00000	 0.00000	 0.00010	 0.00124	 0.02547	 0.00000	 0.00004	 0.00000	 0.00000		207.028839	-3742.092502
308308	 0.00000	 0.00000	 0.00007	 0.00035	 0.02431	 0.00000	 0.00002	 0.00000	 0.00000		221.318965	-3635.969089
309309	 0.00000	 0.00000	 0.00004	 0.00049	 0.02367	 0.00000	 0.00001	 0.00000	 0.00000		221.802820	-3648.336399
310310	 0.00000	 0.00000	 0.00001	 0.00033	 0.02431	 0.00000	 0.00000	 0.00000	 0.00000		254.481097	-3828.419068
311311	 0.00000	 0.00000	 0.00001	 0.00017	 0.02367	 0.00000	 0.00000	 0.00000	 0.00000		260.371350	-3617.726781
312312	 0.00000	 0.00000	 0.00001	 0.00017	 0.02220	 0.00000	 0.00000	 0.00000	 0.00000		250.155255	-3788.012332
313313	 0.00000	 0.00000	 0.00001	 0.00004	 0.02461	 0.00000	 0.00000	 0.00000	 0.00000		276.723781	-3614.695445
314314	 0.00000	 0.00000	 0.00001	 0.00007	 0.02424	 0.00000	 0.00000	 0.00000	 0.00000		279.492381	-3653.835995
315315	 0.00000	 0.00000	 0.00000	 0.00002	 0.02588	 0.00000	 0.00000	 0.00000	 0.00000		297.467687	-3510.817001
316316	 0.00000	 0.00000	 0.00000	 0.00007	 0.02450	 0.00000	 0.00000	 0.00000	 0.00000		275.653656	-3721.730851
317317	 0.00000	 0.00000	 0.00000	 0.00002	 0.02362	 0.00000	 0.00000	 0.00000	 0.00000		274.040396	-3722.578552
318318	 0.00000	 0.00000	 0.00000	 0.00007	 0.02358	 0.00000	 0.00000	 0.00000	 0.00000		256.585149	-3702.839383
319319	 0.00000	 0.00000	 0.00001	 0.00012	 0.02287	 0.00000	 0.00000	 0.00000	 0.00000		258.774093	-3750.521017
320320	 0.00000	 0.00000	 0.00001	 0.00008	 0.02390	 0.00000	 0.00000	 0.00000	 0.00000		256.038484	-3659.368157
321321	 0.00000	 0.00000	 0.00000	 0.00010	 0.02283	 0.00000	 0.00000	 0.00000	 0.00000		250.081703	-3725.079323
322322	 0.00000	 0.00000	 0.00000	 0.00011	 0.02439	 0.00000	 0.00000	 0.00000	 0.00000		263.789174	-3711.240255
323323	 0.00000	 0.00000	 0.00000	 0.00006	 0.02377	 0.00000	 0.00000	 0.00000	 0.00000		263.862134	-3729.511228
324324	 0.00000	 0.00000	 0.00001	 0.00019	 0.02385	 0.00000	 0.00000	 0.00000	 0.00000		245.754540	-3773.260060
325325	 0.00000	 0.00000	 0.00001	 0.00012	 0.02226	 0.00000	 0.00000	 0.00000	 0.00000		244.758363	-3767.585282
326326	 0.00000	 0.00000	 0.00001	 0.00009	 0.02264	 0.00000	 0.00000	 0.00000	 0.00000		254.074053	-3712.749744
327327	 0.00000	 0.00000	 0.00004	 0.00031	 0.02479	 0.00000	 0.00002	 0.00000	 0.00000		233.810701	-3694.359778
328328	 0.00000	 0.00000	 0.00009	 0.00061	 0.02373	 0.00000	 0.00003	 0.00000	 0.00000		221.200001	-3774.199742
329329	 0.00000	 0.00000	 0.00007	 0.00056	 0.02444	 0.00000	 0.00003	 0.00000	 0.00000		216.326019	-3658.930780
330330	 0.00000	 0.00000	 0.00003	 0.00035	 0.02268	 0.00000	 0.00001	 0.00000	 0.00000		240.545852	-3730.427337
331331	 0.00000	 0.00000	 0.00004	 0.00026	 0.02223	 0.00000	 0.00001	 0.00000	 0.00000		233.514648	-3742.096174
332332	 0.00000	 0.00000	 0.00002	 0.00017	 0.02524	 0.00000	 0.00001	 0.00000	 0.00000		249.653240	-3616.959768
333333	 0.00000	 0.00000	 0.00002	 0.00022	 0.02249	 0.00000	 0.00001	 0.00000	 0.00000		227.027606	-3683.792743
334334	 0.00000	 0.00000	 0.00003	 0.00021	 0.02358	 0.00000	 0.00001	 0.00000	 0.00000		241.941817	-3711.560808
335335	 0.00000	 0.00000	 0.00002	 0.00048	 0.02322	 0.00000	 0.00001	 0.00000	 0.00000		241.458691	-3690.317888
336336	 0.00000	 0.00000	 0.00002	 0.00012	 0.02667	 0.00000	 0.00001	 0.00000	 0.00000		254.741053	-3603.212625
337337	 0.00000	 0.00000	 0.00002	 0.00018	 0.02519	 0.00000	 0.00001	 0.00000	 0.00000		230.479520	-3856.828502
338338	 0.00000	 0.00000	 0.00001	 0.00011	 0.02548	 0.00000	 0.00000	 0.00000	 0.00000		266.066086	-3636.266759
339339	 0.00000	 0.00000	 0.00002	 0.00021	 0.02497	 0.00000	 0.00001	 0.00000	 0.00000		239.298255	-3662.302647
340340	 0.00000	 0.00000	 0.00003	 0.00017	 0.02288	 0.00000	 0.00001	 0.00000	 0.00000		236.657406	-3673.712706
341341	 0.00000	 0.00000	 0.00004	 0.00017	 0.02019	 0.00000	 0.00001	 0.00000	 0.00000		243.243072	-3729.094361
342342	 0.00000	 0.00000	 0.00003	 0.00021	 0.02450	 0.00000	 0.00001	 0.00000	 0.00000		236.902974	-3706.837275
343343	 0.00000	 0.00000	 0.00003	 0.00020	 0.02324	 0.00000	 0.00001	 0.00000	 0.00000		236.175457	-3607.813325
344344	 0.00000	 0.00000	 0.00007	 0.00051	 0.02510	 0.00000	 0.00003	 0.00000	 0.00000		224.419142	-3597.208735
345345	 0.00000	 0.00000	 0.00007	 0.00054	 0.02471	 0.00000	 0.00003	 0.00000	 0.00000		215.316507	-3634.212568
346346	 0.00000	 0.00000	 0.00005	 0.00038	 0.02425	 0.00000	 0.00002	 0.00000	 0.00000		226.461483	-3693.035950
347347	 0.00000	 0.00000	 0.00005	 0.00039	 0.02259	 0.00000	 0.00002	 0.00000	 0.00000		228.785699	-3661.795122
348348	 0.00000	 0.00000	 0.00006	 0.00038	 0.02423	 0.00000	 0.00002	 0.00000	 0.00000		226.375894	-3552.926987
349349	 0.00000	 0.00000	 0.00005	 0.00034	 0.02330	 0.00000	 0.00002	 0.00000	 0.00000		241.052450	-3633.173865
350350	 0.00000	 0.00000	 0.00004	 0.00054	 0.02563	 0.00000	 0.00002	 0.00000	 0.00000		222.279441	-3696.850884
351351	 0.00000	 0.00000	 0.00006	 0.00054	 0.02463	 0.00000	 0.00002	 0.00000	 0.00000		227.518659	-3645.601110
352352	 0.00000	 0.00000	 0.00002	 0.00020	 0.02297	 0.00000	 0.00001	 0.00000	 0.00000		250.300906	-3841.452875
353353	 0.00000	 0.00000	 0.00004	 0.00034	 0.02415	 0.00000	 0.00002	 0.00000	 0.00000		223.165422	-3717.733911
354354	 0.00000	 0.00000	 0.00005	 0.00037	 0.02355	 0.00000	 0.00002	 0.00000	 0.00000		227.139626	-3669.481075
355355	 0.00000	 0.00000	 0.00002	 0.00016	 0.02705	 0.00000	 0.00001	 0.00000	 0.00000		240.127738	-3599.720720
356356	 0.00000	 0.00000	 0.00002	 0.00012	 0.02400	 0.00000	 0.00001	 0.00000	 0.00000		258.198093	-3653.273432
357357	 0.00000	 0.00000	 0.00002	 0.00012	 0.02464	 0.00000	 0.00001	 0.00000	 0.00000		259.661447	-3522.913212
358358	 0.00000	 0.00000	 0.00003	 0.00021	 0.02347	 0.00000	 0.00001	 0.00000	 0.00000		245.488504	-3636.328244
359359	 0.00000	 0.00000	 0.00003	 0.00028	 0.02351	 0.00000	 0.00001	 0.00000	 0.00000		239.406158	-3610.711954
360360	 0.00000	 0.00000	 0.00002	 0.00018	 0.02200	 0.00000	 0.00001	 0.00000	 0.00000		236.641764	-3757.088176
361361	 0.00000	 0.00000	 0.00003	 0.00011	 0.02515	 0.00000	 0.00001	 0.00000	 0.00000		259.759593	-3564.783533
362362	 0.00000	 0.00000	 0.00005	 0.00051	 0.02379	 0.00000	 0.00002	 0.00000	 0.00000		225.129409	-3572.800807
363363	 0.00000	 0.00000	 0.00005	 0.00028	 0.02422	 0.00000	 0.00002	 0.00000	 0.00000		242.829442	-3648.096869
364364	 0.00000	 0.00000	 0.00005	 0.00035	 0.02412	 0.00000	 0.00002	 0.00000	 0.00000		231.255873	-3669.082658
365365	 0.00000	 0.00000	 0.00011	 0.00069	 0.02402	 0.00000	 0.00003	 0.00000	 0.00000		226.722041	-3650.317658
366366	 0.00000	 0.00000	 0.00006	 0.00035	 0.02324	 0.00000	 0.00002	 0.00000	 0.00000		234.563345	-3658.097595
367367	 0.00000	 0.00000	 0.00006	 0.00038	 0.02275	 0.00000	 0.00002	 0.00000	 0.00000		245.712775	-3798.572213
368368	 0.00000	 0.00000	 0.00012	 0.00127	 0.02292	 0.00000	 0.00005	 0.00000	 0.00000		222.507527	-3614.142803
369369	 0.00000	 0.00000	 0.00016	 0.00102	 0.02275	 0.00000	 0.00006	 0.00000	 0.00000		213.765541	-3631.898299
370370	 0.00000	 0.00000	 0.00015	 0.00061	 0.02199	 0.00000	 0.00005	 0.00000	 0.00000		230.753363	-3612.136842
371371	 0.00000	 0.00000	 0.00010	 0.00083	 0.02431	 0.00000	 0.00004	 0.00000	 0.00000		218.651989	-3694.200707
372372	 0.00000	 0.00000	 0.00016	 0.00082	 0.02480	 0.00000	 0.00005	 0.00000	 0.00000		215.075310	-3703.637931
373373	 0.00000	 0.00000	 0.00014	 0.00073	 0.02505	 0.00000	 0.00005	 0.00000	 0.00000		219.853509	-3653.073661
374374	 0.00000	 0.00000	 0.00008	 0.00083	 0.02331	 0.00000	 0.00003	 0.00000	 0.00000		225.738257	-3699.478727
375375	 0.00000	 0.00000	 0.00007	 0.00043	 0.02462	 0.00000	 0.00002	 0.00000	 0.00000		235.417081	-3647.459802
376376	 0.00000	 0.00000	 0.00007	 0.00049	 0.02441	 0.00000	 0.00002	 0.00000	 0.00000		245.206931	-3669.109562
377377	 0.00000	 0.00000	 0.00015	 0.00073	 0.02317	 0.00000	 0.00005	 0.00000	 0.00000		226.526138	-3633.744813
378378	 0.00000	 0.00000	 0.00006	 0.00031	 0.02275	 0.00000	 0.00002	 0.00000	 0.00000		250.478330	-3664.512314
379379	 0.00000	 0.00000	 0.00011	 0.00062	 0.02234	 0.00000	 0.00004	 0.00000	 0.00000		235.738987	-3637.109754
380380	 0.00000	 0.00000	 0.00008	 0.00071	 0.02271	 0.00000	 0.00003	 0.00000	 0.00000		214.908721	-3742.307913
381381	 0.00000	 0.00000	 0.00005	 0.00043	 0.02381	 0.00000	 0.00002	 0.00000	 0.00000		222.937849	-3655.119962
382382	 0.00000	 0.00000	 0.00009	 0.00089	 0.02324	 0.00000	 0.00004	 0.00000	 0.00000		206.695463	-3775.917469
383383	 0.00000	 0.00000	 0.00010	 0.00087	 0.02392	 0.00000	 0.00003	 0.00000	 0.00000		213.863248	-3725.493060
384384	 0.00000	 0.00000	 0.00009	 0.00061	 0.02465	 0.00000	 0.00003	 0.00000	 0.00000		229.507250	-3579.674463
385385	 0.00000	 0.00000	 0.00010	 0.00064	 0.02203	 0.00000	 0.00004	 0.00000	 0.00000		228.101157	-3711.131522
386386	 0.00000	 0.00000	 0.00004	 0.00050	 0.02456	 0.00000	 0.00001	 0.00000	 0.00000		236.235239	-3883.029163
387387	 0.00000	 0.00000	 0.00005	 0.00030	 0.02386	 0.00000	 0.00001	 0.00000	 0.00000		250.164747	-3597.625378
388388	 0.00000	 0.00000	 0.00008	 0.00073	 0.02323	 0.00000	 0.00003	 0.00000	 0.00000		214.593316	-3721.934677
389389	 0.00000	 0.00000	 0.00016	 0.00081	 0.02290	 0.00000	 0.00005	 0.00000	 0.00000		219.598010	-3602.220395
390390	 0.00000	 0.00000	 0.00005	 0.00046	 0.02366	 0.00000	 0.00002	 0.00000	 0.00000		221.629937	-3678.504172
391391	 0.00000	 0.00000	 0.00006	 0.00041	 0.02368	 0.00000	 0.00002	 0.00000	 0.00000		236.742745	-3691.203057
392392	 0.00000	 0.00000	 0.00003	 0.00034	 0.02443	 0.00000	 0.00001	 0.00000	 0.00000		248.930543	-3673.323852
393393	 0.00000	 0.00000	 0.00005	 0.00027	 0.02471	 0.00000	 0.00002	 0.00000	 0.00000		240.068749	-3611.827967
394394	 0.00000	 0.00000	 0.00002	 0.00016	 0.02374	 0.00000	 0.00001	 0.00000	 0.00000		244.862289	-3651.074415
395395	 0.00000	 0.00000	 0.00002	 0.00016	 0.02322	 0.00000	 0.00001	 0.00000	 0.00000		259.136165	-3620.924230
396396	 0.00000	 0.00000	 0.00003	 0.00020	 0.02297	 0.00000	 0.00001	 0.00000	 0.00000		239.087913	-3717.309092
397397	 0.00000	 0.00000	 0.00007	 0.00047	 0.02337	 0.00000	 0.00003	 0.00000	 0.00000		226.968284	-3575.256972
398398	 0.00000	 0.00000	 0.00004	 0.00021	 0.02365	 0.00000	 0.00001	 0.00000	 0.00000		243.750016	-3566.182109
399399	 0.00000	 0.00000	 0.00003	 0.00037	 0.02219	 0.00000	 0.00001	 0.00000	 0.00000		229.932727	-3745.728251
400400	 0.00000	 0.00000	 0.00005	 0.00030	 0.02596	 0.00000	 0.00001	 0.00000	 0.00000		231.400652	-3649.475442
401401	 0.00000	 0.00000	 0.00004	 0.00029	 0.02354	 0.00000	 0.00001	 0.00000	 0.00000		229.364844	-3635.660797
402402	 0.00000	 0.00000	 0.00004	 0.00019	 0.02286	 0.00000	 0.00001	 0.00000	 0.00000		239.888695	-3672.501962
403403	 0.00000	 0.00000	 0.00005	 0.00032	 0.02453	 0.00000	 0.00002	 0.00000	 0.00000		240.781858	-3534.502519
404404	 0.00000	 0.00000	 0.00003	 0.00033	 0.02352	 0.00000	 0.00001	 0.00000	 0.00000		215.383176	-3778.777116
405405	 0.00000	 0.00000	 0.00002	 0.00039	 0.02368	 0.00000	 0.00001	 0.00000	 0.00000		225.288420	-3800.605385
406406	 0.00000	 0.00000	 0.00003	 0.00023	 0.02173	 0.00000	 0.00001	 0.00000	 0.00000		251.630225	-3732.037247
407407	 0.00000	 0.00000	 0.00004	 0.00032	 0.02258	 0.00000	 0.00001	 0.00000	 0.00000		240.766380	-3702.745804
408408	 0.00000	 0.00000	 0.00006	 0.00034	 0.02352	 0.00000	 0.00002	 0.00000	 0.00000		219.542911	-3682.731286
409409	 0.00000	 0.00000	 0.00005	 0.00045	 0.02389	 0.00000	 0.00002	 0.00000	 0.00000		223.167210	-3716.511933
410410	 0.00000	 0.00000	 0.00005	 0.00029	 0.02424	 0.00000	 0.00002	 0.00000	 0.00000		247.691946	-3683.175513
411411	 0.00000	 0.00000	 0.00012	 0.00070	 0.02369	 0.00000	 0.00004	 0.00000	 0.00000		219.011692	-3695.350316
412412	 0.00000	 0.00000	 0.00008	 0.00070	 0.02345	 0.00000	 0.00003	 0.00000	 0.00000		224.362380	-3650.797270
413413	 0.00000	 0.00000	 0.00014	 0.00108	 0.02458	 0.00000	 0.00005	 0.00000	 0.00000		212.991549	-3763.805605
414414	 0.00000	 0.00000	 0.00024	 0.00126	 0.02507	 0.00000	 0.00009	 0.00000	 0.00000		213.283676	-3594.904520
415415	 0.00000	 0.00000	 0.00011	 0.00081	 0.02260	 0.00000	 0.00003	 0.00000	 0.00000		225.679929	-3732.932077
416416	 0.00000	 0.00000	 0.00007	 0.00054	 0.02312	 0.00000	 0.00003	 0.00000	 0.00000		234.229557	-3675.352102
417417	 0.00000	 0.00000	 0.00005	 0.00040	 0.02451	 0.00000	 0.00001	 0.00000	 0.00000		226.264143	-3847.589617
418418	 0.00000	 0.00000	 0.00003	 0.00028	 0.02317	 0.00000	 0.00001	 0.00000	 0.00000		255.031082	-3655.088742
419419	 0.00000	 0.00000	 0.00003	 0.00014	 0.02511	 0.00000	 0.00001	 0.00000	 0.00000		249.136143	-3718.771264
420420	 0.00000	 0.00000	 0.00008	 0.00039	 0.02554	 0.00000	 0.00003	 0.00000	 0.00000		240.562013	-3631.006246
421421	 0.00000	 0.00000	 0.00009	 0.00061	 0.02120	 0.00000	 0.00003	 0.00000	 0.00000		231.722165	-3685.057569
422422	 0.00000	 0.00000	 0.00013	 0.00065	 0.02345	 0.00000	 0.00004	 0.00000	 0.00000		234.371111	-3704.827231
423423	 0.00000	 0.00000	 0.00009	 0.00066	 0.02457	 0.00000	 0.00003	 0.00000	 0.00000		226.681472	-3696.628309
424424	 0.00000	 0.00000	 0.00008	 0.00042	 0.02503	 0.00000	 0.00002	 0.00000	 0.00000		220.725767	-3530.478188
425425	 0.00000	 0.00000	 0.00019	 0.00098	 0.02601	 0.00000	 0.00007	 0.00000	 0.00000		215.221072	-3568.510142
426426	 0.00000	 0.00000	 0.00010	 0.00082	 0.02147	 0.00000	 0.00004	 0.00000	 0.00000		216.185260	-3688.644834
427427	 0.00000	 0.00000	 0.00008	 0.00040	 0.02299	 0.00000	 0.00003	 0.00000	 0.00000		239.469181	-3564.639929
428428	 0.00000	 0.00000	 0.00005	 0.00045	 0.02354	 0.00000	 0.00002	 0.00000	 0.00000		243.070196	-3669.193872
429429	 0.00000	 0.00000	 0.00004	 0.00037	 0.02469	 0.00000	 0.00001	 0.00000	 0.00000		237.627285	-3603.627616
430430	 0.00000	 0.00000	 0.00004	 0.00042	 0.02173	 0.00000	 0.00001	 0.00000	 0.00000		244.288118	-3682.195451
431431	 0.00000	 0.00000	 0.00004	 0.00039	 0.02372	 0.00000	 0.00001	 0.00000	 0.00000		253.868534	-3614.308315
432432	 0.00000	 0.00000	 0.00006	 0.00067	 0.02449	 0.00000	 0.00002	 0.00000	 0.00000		227.848459	-3701.736052
433433	 0.00000	 0.00000	 0.00008	 0.00056	 0.02174	 0.00000	 0.00002	 0.00000	 0.00000		219.747313	-3782.351270
434434	 0.00000	 0.00000	 0.00015	 0.00063	 0.02502	 0.00000	 0.00005	 0.00000	 0.00000		219.439236	-3646.508722
435435	 0.00000	 0.00000	 0.00006	 0.00057	 0.02358	 0.00000	 0.00002	 0.00000	 0.00000		224.918710	-3787.531613
436436	 0.00000	 0.00000	 0.00008	 0.00048	 0.02412	 0.00000	 0.00003	 0.00000	 0.00000		231.650987	-3754.504346
437437	 0.00000	 0.00000	 0.00004	 0.00042	 0.02430	 0.00000	 0.00002	 0.00000	 0.00000		236.572780	-3545.003859
438438	 0.00000	 0.00000	 0.00004	 0.00053	 0.02260	 0.00000	 0.00002	 0.00000	 0.00000		221.351339	-3728.229608
439439	 0.00000	 0.00000	 0.00005	 0.00028	 0.02379	 0.00000	 0.00001	 0.00000	 0.00000		238.006035	-3613.245955
440440	 0.00000	 0.00000	 0.00007	 0.00040	 0.02470	 0.00000	 0.00003	 0.00000	 0.00000		239.020941	-3652.827345
441441	 0.00000	 0.00000	 0.00009	 0.00070	 0.02183	 0.00000	 0.00003	 0.00000	 0.00000		221.560333	-3666.124624
442442	 0.00000	 0.00000	 0.00008	 0.00037	 0.02321	 0.00000	 0.00003	 0.00000	 0.00000		225.944703	-3578.022716
443443	 0.00000	 0.00000	 0.00014	 0.00095	 0.02320	 0.00000	 0.00005	 0.00000	 0.00000		212.308965	-3782.605183
444444	 0.00000	 0.00000	 0.00006	 0.00045	 0.02252	 0.00000	 0.00002	 0.00000	 0.00000		228.860605	-3642.668112
445445	 0.00000	 0.00000	 0.00007	 0.00058	 0.02552	 0.00000	 0.00002	 0.00000	 0.00000		216.121112	-3750.842847
446446	 0.00000	 0.00000	 0.00002	 0.00019	 0.02498	 0.00000	 0.00001	 0.00000	 0.00000		247.756344	-3657.910824
447447	 0.00000	 0.00000	 0.00001	 0.00010	 0.02387	 0.00000	 0.00000	 0.00000	 0.00000		258.267866	-3679.749499
448448	 0.00000	 0.00000	 0.00001	 0.00007	 0.02339	 0.00000	 0.00000	 0.00000	 0.00000		278.082924	-3762.951802
449449	 0.00000	 0.00000	 0.00001	 0.00019	 0.02347	 0.00000	 0.00000	 0.00000	 0.00000		247.195806	-3748.321961
450450	 0.00000	 0.00000	 0.00001	 0.00030	 0.02352	 0.00000	 0.00000	 0.00000	 0.00000		242.498565	-3795.313742
451451	 0.00000	 0.00000	 0.00001	 0.00012	 0.02614	 0.00000	 0.00000	 0.00000	 0.00000		260.566988	-3696.092292
452452	 0.00000	 0.00000	 0.00001	 0.00019	 0.02173	 0.00000	 0.00001	 0.00000	 0.00000		253.681131	-3724.116906
453453	 0.00000	 0.00000	 0.00002	 0.00016	 0.02542	 0.00000	 0.00001	 0.00000	 0.00000		247.821786	-3621.214332
454454	 0.00000	 0.00000	 0.00003	 0.00061	 0.02328	 0.00000	 0.00001	 0.00000	 0.00000		229.887766	-3864.530837
455455	 0.00000	 0.00000	 0.00003	 0.00028	 0.02374	 0.00000	 0.00001	 0.00000	 0.00000		251.203577	-3523.841725
456456	 0.00000	 0.00000	 0.00001	 0.00008	 0.02419	 0.00000	 0.00000	 0.00000	 0.00000		250.396610	-3722.027366
457457	 0.00000	 0.00000	 0.00001	 0.00009	 0.02419	 0.00000	 0.00000	 0.00000	 0.00000		254.815336	-3774.191723
458458	 0.00000	 0.00000	 0.00001	 0.00016	 0.02382	 0.00000	 0.00000	 0.00000	 0.00000		256.790334	-3706.854569
459459	 0.00000	 0.00000	 0.00001	 0.00005	 0.02182	 0.00000	 0.00000	 0.00000	 0.00000		266.110407	-3689.959766
460460	 0.00000	 0.00000	 0.00001	 0.00027	 0.02371	 0.00000	 0.00000	 0.00000	 0.00000		210.735100	-3785.656928
461461	 0.00000	 0.00000	 0.00001	 0.00009	 0.02349	 0.00000	 0.00000	 0.00000	 0.00000		263.454564	-3614.565887
462462	 0.00000	 0.00000	 0.00001	 0.00010	 0.02413	 0.00000	 0.00000	 0.00000	 0.00000		279.660412	-3726.227346
463463	 0.00000	 0.00000	 0.00001	 0.00005	 0.02531	 0.00000	 0.00000	 0.00000	 0.00000		279.929458	-3626.631522
464464	 0.00000	 0.00000	 0.00000	 0.00006	 0.02475	 0.00000	 0.00000	 0.00000	 0.00000		280.696072	-3546.293058
465465	 0.00000	 0.00000	 0.00000	 0.00008	 0.02521	 0.00000	 0.00000	 0.00000	 0.00000		277.187853	-3680.676890
466466	 0.00000	 0.00000	 0.00000	 0.00006	 0.02280	 0.00000	 0.00000	 0.00000	 0.00000		269.363084	-3767.551495
467467	 0.00000	 0.00000	 0.00001	 0.00015	 0.02506	 0.00000	 0.00000	 0.00000	 0.00000		247.264109	-3718.278296
468468	 0.00000	 0.00000	 0.00001	 0.00011	 0.02325	 0.00000	 0.00000	 0.00000	 0.00000		263.406821	-3688.369176
469469	 0.00000	 0.00000	 0.00001	 0.00018	 0.02529	 0.00000	 0.00000	 0.00000	 0.00000		250.347101	-3616.496422
470470	 0.00000	 0.00000	 0.00002	 0.00025	 0.02411	 0.00000	 0.00001	 0.00000	 0.00000		229.747626	-3660.137553
471471	 0.00000	 0.00000	 0.00006	 0.00040	 0.02539	 0.00000	 0.00002	 0.00000	 0.00000		217.352885	-3687.172178
472472	 0.00000	 0.00000	 0.00011	 0.00071	 0.02283	 0.00000	 0.00004	 0.00000	 0.00000		212.587668	-3576.417869
473473	 0.00000	 0.00000	 0.00008	 0.00044	 0.02208	 0.00000	 0.00003	 0.00000	 0.00000		232.346798	-3630.494122
474474	 0.00000	 0.00000	 0.00006	 0.00040	 0.02255	 0.00000	 0.00002	 0.00000	 0.00000		221.883024	-3699.554531
475475	 0.00000	 0.00000	 0.00010	 0.00037	 0.02384	 0.00000	 0.00003	 0.00000	 0.00000		240.790839	-3598.581878
476476	 0.00000	 0.00000	 0.00005	 0.00034	 0.02108	 0.00000	 0.00002	 0.00000	 0.00000		234.001072	-3703.520304
477477	 0.00000	 0.00000	 0.00003	 0.00022	 0.02379	 0.00000	 0.00001	 0.00000	 0.00000		238.840906	-3674.424049
478478	 0.00000	 0.00000	 0.00005	 0.00079	 0.02416	 0.00000	 0.00002	 0.00000	 0.00000		215.676222	-3719.369657
479479	 0.00000	 0.00000	 0.00003	 0.00026	 0.02504	 0.00000	 0.00001	 0.00000	 0.00000		257.289879	-3647.163171
480480	 0.00000	 0.00000	 0.00009	 0.00075	 0.02414	 0.00000	 0.00003	 0.00000	 0.00000		214.470559	-3713.936527
481481	 0.00000	 0.00000	 0.00007	 0.00048	 0.02559	 0.00000	 0.00003	 0.00000	 0.00000		231.984875	-3582.216783
482482	 0.00000	 0.00000	 0.00008	 0.00044	 0.02268	 0.00000	 0.00003	 0.00000	 0.00000		230.769115	-3599.969377
483483	 0.00000	 0.00000	 0.00011	 0.00060	 0.02473	 0.00000	 0.00003	 0.00000	 0.00000		218.389239	-3639.229275
484484	 0.00000	 0.00000	 0.00005	 0.00035	 0.02240	 0.00000	 0.00002	 0.00000	 0.00000		235.165777	-3750.420582
485485	 0.00000	 0.00000	 0.00007	 0.00048	 0.02350	 0.00000	 0.00002	 0.00000	 0.00000		231.897151	-3711.873065
486486	 0.00000	 0.00000	 0.00008	 0.00040	 0.02368	 0.00000	 0.00002	 0.00000	 0.00000		236.165582	-3700.170086
487487	 0.00000	 0.00000	 0.00007	 0.00040	 0.02387	 0.00000	 0.00002	 0.00000	 0.00000		229.106727	-3559.560367
488488	 0.00000	 0.00000	 0.00006	 0.00037	 0.02262	 0.00000	 0.00002	 0.00000	 0.00000		233.246856	-3614.634166
489489	 0.00000	 0.00000	 0.00005	 0.00024	 0.02382	 0.00000	 0.00002	 0.00000	 0.00000		239.271011	-3706.663168
490490	 0.00000	 0.00000	 0.00005	 0.00038	 0.02431	 0.00000	 0.00002	 0.00000	 0.00000		244.080971	-3653.990345
491491	 0.00000	 0.00000	 0.00003	 0.00021	 0.02309	 0.00000	 0.00001	 0.00000	 0.00000		248.700144	-3556.665592
492492	 0.00000	 0.00000	 0.00007	 0.00031	 0.02494	 0.00000	 0.00002	 0.00000	 0.00000		239.251763	-3647.201402
493493	 0.00000	 0.00000	 0.00005	 0.00038	 0.02303	 0.00000	 0.00002	 0.00000	 0.00000		227.058026	-3782.177799
494494	 0.00000	 0.00000	 0.00008	 0.00060	 0.02336	 0.00000	 0.00002	 0.00000	 0.00000		218.781369	-3696.126590
495495	 0.00000	 0.00000	 0.00011	 0.00068	 0.02570	 0.00000	 0.00005	 0.00000	 0.00000		222.105297	-3562.200826
496496	 0.00000	 0.00000	 0.00014	 0.00093	 0.02277	 0.00000	 0.00005	 0.00000	 0.00000		220.937091	-3648.685175
497497	 0.00000	 0.00000	 0.00007	 0.00061	 0.02249	 0.00000	 0.00003	 0.00000	 0.00000		228.126349	-3693.602694
498498	 0.00000	 0.00000	 0.00008	 0.00071	 0.02377	 0.00000	 0.00003	 0.00000	 0.00000		225.770516	-3710.923657
499499	 0.00000	 0.00000	 0.00008	 0.00055	 0.02459	 0.00000	 0.00003	 0.00000	 0.00000		226.814483	-3661.127329
500500	 0.00000	 0.00000	 0.00003	 0.00014	 0.02143	 0.00000	 0.00001	292.29085	344.88924		244.987196	-3672.828684
501501	 0.00000	 0.00000	 0.00003	 0.00055	 0.02215	 0.00000	 0.00001	213.21483	251.58332		231.830895	-3723.964107
502502	 0.00000	 0.00000	 0.00005	 0.00042	 0.02429	 0.00000	 0.00002	163.94012	193.44151		226.347801	-3674.679872
503503	 0.00000	 0.00000	 0.00007	 0.00045	 0.02317	 0.00000	 0.00003	107.57981	126.93903		239.644595	-3664.941926
504504	 0.00000	 0.00000	 0.00009	 0.00061	 0.02470	 0.00000	 0.00004	78.99078	93.20535		225.257170	-3617.155718
505505	 0.00000	 0.00000	 0.00016	 0.00090	 0.02433	 0.00000	 0.00005	54.38349	64.16992		219.223796	-3734.011078
506506	 0.00000	 0.00000	 0.00016	 0.00096	 0.02328	 0.00000	 0.00005	52.50917	61.95831		208.990420	-3677.864698
507507	 0.00000	 0.00000	 0.00010	 0.00055	 0.02338	 0.00000	 0.00004	76.93810	90.78328		225.798373	-3690.028505
508508	 0.00000	 0.00000	 0.00009	 0.00069	 0.02299	 0.00000	 0.00003	89.32578	105.40016		231.019168	-3695.705627
509509	 0.00000	 0.00000	 0.00007	 0.00043	 0.02333	 0.00000	 0.00003	95.62954	112.83829		222.587417	-3666.914467
510510	 0.00000	 0.00000	 0.00005	 0.00038	 0.02370	 0.00000	 0.00002	169.70686	200.24599		242.025990	-3624.563664
511511	 0.00000	 0.00000	 0.00010	 0.00043	 0.02390	 0.00000	 0.00003	81.80338	96.52409		226.530385	-3697.701444
512512	 0.00000	 0.00000	 0.00008	 0.00046	 0.02337	 0.00000	 0.00003	103.34347	121.94036		230.869235	-3628.906410
513513	 0.00000	 0.00000	 0.00005	 0.00073	 0.02440	 0.00000	 0.00002	141.11975	166.51457		234.865917	-3576.306927
514514	 0.00000	 0.00000	 0.00003	 0.00027	 0.02458	 0.00000	 0.00001	247.46998	292.00276		242.348861	-3513.046509
515515	 0.00000	 0.00000	 0.00003	 0.00043	 0.02225	 0.00000	 0.00001	217.08859	256.15417		229.493385	-3835.393819
516516	 0.00000	 0.00000	 0.00005	 0.00034	 0.02469	 0.00000	 0.00002	162.69116	191.96780		211.655128	-3580.127708
517517	 0.00000	 0.00000	 0.00004	 0.00031	 0.02424	 0.00000	 0.00001	202.47789	238.91424		229.251366	-3712.205346
518518	 0.00000	 0.00000	 0.00003	 0.00023	 0.02356	 0.00000	 0.00001	250.44566	295.51392		235.939126	-3625.576355
519519	 0.00000	 0.00000	 0.00004	 0.00025	 0.02306	 0.00000	 0.00001	190.05070	224.25075		237.405249	-3688.765103
520520	 0.00000	 0.00000	 0.00012	 0.00079	 0.02331	 0.00000	 0.00004	71.85287	84.78295		233.846492	-3660.358827
521521	 0.00000	 0.00000	 0.00015	 0.00079	 0.02336	 0.00000	 0.00005	58.26534	68.75032		211.773623	-3740.337171
522522	 0.00000	 0.00000	 0.00003	 0.00028	 0.02097	 0.00000	 0.00001	214.32299	252.89090		248.548552	-3770.183994
523523	 0.00000	 0.00000	 0.00004	 0.00045	 0.02114	 0.00000	 0.00001	222.79986	262.89320		243.245299	-3703.563651
524524	 0.00000	 0.00000	 0.00003	 0.00026	 0.02548	 0.00000	 0.00001	230.31477	271.76043		229.584375	-3627.093102
525525	 0.00000	 0.00000	 0.00002	 0.00014	 0.02532	 0.00000	 0.00001	453.94644	535.63513		250.483167	-3605.513605
526526	 0.00000	 0.00000	 0.00002	 0.00022	 0.02282	 0.00000	 0.00001	326.79217	385.59916		245.000576	-3701.731157
527527	 0.00000	 0.00000	 0.00005	 0.00034	 0.02288	 0.00000	 0.00002	170.22703	200.85976		237.094710	-3645.195941
528528	 0.00000	 0.00000	 0.00007	 0.00053	 0.02232	 0.00000	 0.00002	133.30742	157.29640		237.772472	-3650.627762
529529	 0.00000	 0.00000	 0.00004	 0.00039	 0.02335	 0.00000	 0.00002	161.04097	190.02066		236.864876	-3768.850888
530530	 0.00000	 0.00000	 0.00002	 0.00023	 0.02278	 0.00000	 0.00001	296.06125	349.33814		243.916299	-3746.258222
531531	 0.00000	 0.00000	 0.00003	 0.00033	 0.02444	 0.00000	 0.00001	305.32884	360.27345		249.660016	-3660.822332
532532	 0.00000	 0.00000	 0.00003	 0.00025	 0.02311	 0.00000	 0.00001	278.97460	329.17671		243.747003	-3759.469892
533533	 0.00000	 0.00000	 0.00004	 0.00027	 0.02352	 0.00000	 0.00002	171.17707	201.98077		247.419307	-3649.106036
534534	 0.00000	 0.00000	 0.00006	 0.00041	 0.02446	 0.00000	 0.00002	129.80636	153.16531		226.467466	-3669.022398
535535	 0.00000	 0.00000	 0.00005	 0.00038	 0.02456	 0.00000	 0.00002	170.29654	200.94178		230.666613	-3631.234550
536536	 0.00000	 0.00000	 0.00005	 0.00034	 0.02353	 0.00000	 0.00002	150.29914	177.34581		237.828699	-3676.035444
537537	 0.00000	 0.00000	 0.00004	 0.00035	 0.02294	 0.00000	 0.00001	240.75716	284.08195		241.625871	-3631.516865
538538	 0.00000	 0.00000	 0.00004	 0.00035	 0.02282	 0.00000	 0.00002	162.79612	192.09165		248.046235	-3677.943623
539539	 0.00000	 0.00000	 0.00004	 0.00028	 0.02477	 0.00000	 0.00001	201.46053	237.71381		242.575828	-3588.428332
540540	 0.00000	 0.00000	 0.00002	 0.00010	 0.02357	 0.00000	 0.00001	422.72483	498.79512		256.071451	-3660.515829
541541	 0.00000	 0.00000	 0.00004	 0.00029	 0.02452	 0.00000	 0.00001	193.46367	228.27790		244.518988	-3699.137471
542542	 0.00000	 0.00000	 0.00003	 0.00040	 0.02219	 0.00000	 0.00001	282.04917	332.80456		242.265565	-3623.152433
543543	 0.00000	 0.00000	 0.00002	 0.00022	 0.02331	 0.00000	 0.00001	387.64700	457.40495		237.409318	-3750.649912
544544	 0.00000	 0.00000	 0.00001	 0.00013	 0.02397	 0.00000	 0.00000	570.94303	673.68551		258.509767	-3655.579156
545545	 0.00000	 0.00000	 0.00001	 0.00026	 0.02254	 0.00000	 0.00000	615.64441	726.43101		251.414495	-3701.471583
546546	 0.00000	 0.00000	 0.00001	 0.00015	 0.02321	 0.00000	 0.00000	722.11193	852.05760		254.757848	-3745.214305
547547	 0.00000	 0.00000	 0.00002	 0.00009	 0.02402	 0.00000	 0.00001	542.31212	639.90241		252.617069	-3720.115223
548548	 0.00000	 0.00000	 0.00001	 0.00016	 0.02250	 0.00000	 0.00000	574.46648	677.84302		243.789199	-3701.966613
549549	 0.00000	 0.00000	 0.00001	 0.00012	 0.02303	 0.00000	 0.00000	596.47980	703.81769		264.036049	-3620.965844
550550	 0.00000	 0.00000	 0.00002	 0.00017	 0.02463	 0.00000	 0.00000	582.90415	687.79907		253.923270	-3654.730991
551551	 0.00000	 0.00000	 0.00001	 0.00009	 0.02424	 0.00000	 0.00000	832.76109	982.61832		269.096025	-3583.901730
552552	 0.00000	 0.00000	 0.00001	 0.00017	 0.02363	 0.00000	 0.00000	663.88555	783.35325		238.899808	-3744.946189
553553	 0.00000	 0.00000	 0.00001	 0.00013	 0.02556	 0.00000	 0.00000	806.82320	952.01285		258.829764	-3789.941224
554554	 0.00000	 0.00000	 0.00001	 0.00014	 0.02303	 0.00000	 0.00000	563.61916	665.04370		257.020818	-3691.490652
555555	 0.00000	 0.00000	 0.00001	 0.00024	 0.02328	 0.00000	 0.00001	554.82571	654.66785		253.726233	-3767.851281
556556	 0.00000	 0.00000	 0.00002	 0.00018	 0.02375	 0.00000	 0.00001	509.73435	601.46219		256.634590	-3646.895074
557557	 0.00000	 0.00000	 0.00002	 0.00017	 0.02390	 0.00000	 0.00001	439.81564	518.96145		254.294229	-3642.655911
558558	 0.00000	 0.00000	 0.00003	 0.00028	 0.02360	 0.00000	 0.00001	252.49201	297.92852		248.856673	-3657.673053
559559	 0.00000	 0.00000	 0.00003	 0.00021	 0.02388	 0.00000	 0.00001	283.43155	334.43570		242.855360	-3651.379335
560560	 0.00000	 0.00000	 0.00002	 0.00033	 0.02178	 0.00000	 0.00001	374.53767	441.93657		247.839365	-3755.031842
561561	 0.00000	 0.00000	 0.00003	 0.00027	 0.02398	 0.00000	 0.00001	303.70171	358.35352		246.258455	-3708.643005
562562	 0.00000	 0.00000	 0.00003	 0.00026	 0.02379	 0.00000	 0.00001	233.75374	275.81826		241.488079	-3697.789130
563563	 0.00000	 0.00000	 0.00004	 0.00034	 0.02525	 0.00000	 0.00002	175.86023	207.50668		232.772534	-3607.969624
564564	 0.00000	 0.00000	 0.00005	 0.00060	 0.02404	 0.00000	 0.00002	137.30620	162.01476		222.512016	-3704.631544
565565	 0.00000	 0.00000	 0.00004	 0.00030	 0.02410	 0.00000	 0.00002	180.20225	212.63005		236.879933	-3721.888885
566566	 0.00000	 0.00000	 0.00007	 0.00043	 0.02439	 0.00000	 0.00002	114.95707	135.64386		227.506935	-3651.063063
567567	 0.00000	 0.00000	 0.00006	 0.00032	 0.02250	 0.00000	 0.00002	154.89673	182.77075		241.367463	-3696.624494
568568	 0.00000	 0.00000	 0.00004	 0.00033	 0.02359	 0.00000	 0.00001	200.81415	236.95111		243.002815	-3747.939542
569569	 0.00000	 0.00000	 0.00007	 0.00046	 0.02263	 0.00000	 0.00003	102.74788	121.23759		235.537438	-3633.150350
570570	 0.00000	 0.00000	 0.00009	 0.00054	 0.02355	 0.00000	 0.00003	96.72810	114.13453		227.927589	-3658.097888
571571	 0.00000	 0.00000	 0.00008	 0.00053	 0.02092	 0.00000	 0.00003	101.79785	120.11660		221.390579	-3722.343490
572572	 0.00000	 0.00000	 0.00013	 0.00067	 0.02348	 0.00000	 0.00004	65.13266	76.85342		226.805654	-3706.032145
573573	 0.00000	 0.00000	 0.00007	 0.00052	 0.02263	 0.00000	 0.00003	107.50432	126.84996		242.300052	-3645.360156
574574	 0.00000	 0.00000	 0.00007	 0.00038	 0.02501	 0.00000	 0.00002	115.75173	136.58151		241.749918	-3647.894351
575575	 0.00000	 0.00000	 0.00004	 0.00036	 0.02396	 0.00000	 0.00002	170.78809	201.52179		239.341590	-3695.929715
576576	 0.00000	 0.00000	 0.00004	 0.00031	 0.02512	 0.00000	 0.00001	189.44466	223.53566		238.703225	-3638.595681
577577	 0.00000	 0.00000	 0.00005	 0.00036	 0.02586	 0.00000	 0.00002	141.38075	166.82254		245.865362	-3636.216508
578578	 0.00000	 0.00000	 0.00007	 0.00069	 0.02301	 0.00000	 0.00003	106.70368	125.90525		221.389994	-3715.111472
579579	 0.00000	 0.00000	 0.00008	 0.00050	 0.02597	 0.00000	 0.00003	97.19759	114.68852		229.301441	-3652.032627
580580	 0.00000	 0.00000	 0.00004	 0.00024	 0.02390	 0.00000	 0.00001	206.33156	243.46139		242.365365	-3648.969193
581581	 0.00000	 0.00000	 0.00003	 0.00024	 0.02315	 0.00000	 0.00001	282.41220	333.23292		247.772817	-3674.803548
582582	 0.00000	 0.00000	 0.00003	 0.00028	 0.02244	 0.00000	 0.00001	237.07629	279.73870		246.476116	-3666.177950
583583	 0.00000	 0.00000	 0.00005	 0.00028	 0.02479	 0.00000	 0.00002	151.72574	179.02913		246.914287	-3697.884129
584584	 0.00000	 0.00000	 0.00007	 0.00052	 0.02430	 0.00000	 0.00003	101.42132	119.67231		230.709109	-3634.388420
585585	 0.00000	 0.00000	 0.00008	 0.00051	 0.02394	 0.00000	 0.00003	87.15506	102.83881		239.381728	-3686.968147
586586	 0.00000	 0.00000	 0.00010	 0.00063	 0.02349	 0.00000	 0.00003	77.22570	91.12264		228.910387	-3716.694644
587587	 0.00000	 0.00000	 0.00012	 0.00072	 0.02396	 0.00000	 0.00004	65.01378	76.71315		221.968341	-3613.486297
588588	 0.00000	 0.00000	 0.00012	 0.00070	 0.02362	 0.00000	 0.00004	67.07524	79.14558		219.819111	-3667.583685
589589	 0.00000	 0.00000	 0.00010	 0.00071	 0.02420	 0.00000	 0.00004	67.05978	79.12734		229.319129	-3569.040009
590590	 0.00000	 0.00000	 0.00012	 0.00070	 0.02569	 0.00000	 0.00004	61.42298	72.47619		220.835160	-3638.591840
591591	 0.00000	 0.00000	 0.00014	 0.00088	 0.02364	 0.00000	 0.00005	50.84269	59.99194		225.124696	-3682.077596
592592	 0.00000	 0.00000	 0.00012	 0.00075	 0.02375	 0.00000	 0.00004	76.12706	89.82629		223.891945	-3693.205515
593593	 0.00000	 0.00000	 0.00005	 0.00031	 0.02419	 0.00000	 0.00002	141.07921	166.46673		232.373060	-3647.893132
594594	 0.00000	 0.00000	 0.00007	 0.00045	 0.02425	 0.00000	 0.00002	119.11386	140.54867		236.687366	-3659.368893
595595	 0.00000	 0.00000	 0.00006	 0.00060	 0.02408	 0.00000	 0.00002	110.62425	130.53133		226.976914	-3651.387832
596596	 0.00000	 0.00000	 0.00008	 0.00046	 0.02378	 0.00000	 0.00003	108.92205	128.52282		237.869997	-3681.808057
597597	 0.00000	 0.00000	 0.00009	 0.00052	 0.02431	 0.00000	 0.00003	90.79490	107.13365		229.822032	-3667.124385
598598	 0.00000	 0.00000	 0.00005	 0.00048	 0.02395	 0.00000	 0.00002	128.94454	152.14840		240.716320	-3665.857306
599599	 0.00000	 0.00000	 0.00010	 0.00053	 0.02459	 0.00000	 0.00003	78.89550	93.09292		225.604675	-3617.255592
600600	 0.00000	 0.00000	 0.00010	 0.00054	 0.02263	 0.00000	 0.00004	74.54440	87.95883		234.639735	-3646.744401
601601	 0.00000	 0.00000	 0.00007	 0.00055	 0.02306	 0.00000	 0.00003	100.78016	118.91577		224.251974	-3738.781905
602602	 0.00000	 0.00000	 0.00013	 0.00082	 0.02420	 0.00000	 0.00005	58.05354	68.50040		218.498382	-3633.943424
603603	 0.00000	 0.00000	 0.00008	 0.00058	 0.02357	 0.00000	 0.00003	105.13807	124.05791		232.183026	-3720.214984
604604	 0.00000	 0.00000	 0.00006	 0.00038	 0.02251	 0.00000	 0.00002	142.64031	168.30876		241.527356	-3724.703525
605605	 0.00000	 0.00000	 0.00005	 0.00032	 0.02308	 0.00000	 0.00002	162.74742	192.03419		240.226010	-3682.651915
606606	 0.00000	 0.00000	 0.00005	 0.00045	 0.02250	 0.00000	 0.00002	143.42041	169.22924		233.206048	-3752.084307
607607	 0.00000	 0.00000	 0.00004	 0.00031	 0.02264	 0.00000	 0.00001	199.17664	235.01893		251.659358	-3700.456367
608608	 0.00000	 0.00000	 0.00006	 0.00043	 0.02228	 0.00000	 0.00002	147.58406	174.14214		240.833848	-3713.643366
609609	 0.00000	 0.00000	 0.00007	 0.00043	 0.02436	 0.00000	 0.00002	115.21905	135.95298		236.605578	-3675.504689
610610	 0.00000	 0.00000	 0.00008	 0.00054	 0.02609	 0.00000	 0.00003	96.49426	113.85863		229.371609	-3639.497520
611611	 0.00000	 0.00000	 0.00008	 0.00054	 0.02311	 0.00000	 0.00003	90.84484	107.19258		227.393841	-3655.598918
612612	 0.00000	 0.00000	 0.00009	 0.00081	 0.02071	 0.00000	 0.00003	84.43928	99.63432		224.702844	-3728.620496
613613	 0.00000	 0.00000	 0.00008	 0.00055	 0.02307	 0.00000	 0.00003	87.88135	103.69579		217.207860	-3667.727282
614614	 0.00000	 0.00000	 0.00009	 0.00056	 0.02293	 0.00000	 0.00003	91.64199	108.13317		226.910827	-3668.487350
615615	 0.00000	 0.00000	 0.00006	 0.00039	 0.02357	 0.00000	 0.00002	134.81296	159.07286		235.567787	-3614.228829
616616	 0.00000	 0.00000	 0.00004	 0.00044	 0.02439	 0.00000	 0.00001	190.68312	224.99698		236.941842	-3640.948003
617617	 0.00000	 0.00000	 0.00004	 0.00031	 0.02371	 0.00000	 0.00001	209.20496	246.85186		233.655834	-3656.288705
618618	 0.00000	 0.00000	 0.00004	 0.00029	 0.02447	 0.00000	 0.00001	192.52125	227.16588		244.530193	-3643.143488
619619	 0.00000	 0.00000	 0.00004	 0.00034	 0.02372	 0.00000	 0.00001	230.79647	272.32882		238.933984	-3670.559627
620620	 0.00000	 0.00000	 0.00004	 0.00039	 0.02366	 0.00000	 0.00001	215.14561	253.86154		244.217391	-3638.755680
621621	 0.00000	 0.00000	 0.00004	 0.00042	 0.02341	 0.00000	 0.00002	179.32199	211.59139		237.062795	-3719.648474
622622	 0.00000	 0.00000	 0.00005	 0.00029	 0.02352	 0.00000	 0.00002	148.41551	175.12322		242.129760	-3662.954349
623623	 0.00000	 0.00000	 0.00003	 0.00028	 0.02362	 0.00000	 0.00001	262.96254	310.28325		243.187553	-3700.293621
624624	 0.00000	 0.00000	 0.00004	 0.00039	 0.02653	 0.00000	 0.00001	214.72142	253.36102		237.289190	-3667.874759
625625	 0.00000	 0.00000	 0.00002	 0.00016	 0.02439	 0.00000	 0.00001	287.86590	339.66802		257.999379	-3637.092737
626626	 0.00000	 0.00000	 0.00001	 0.00011	 0.02530	 0.00000	 0.00000	556.01171	656.06727		258.604488	-3612.890590
627627	 0.00000	 0.00000	 0.00002	 0.00011	 0.02410	 0.00000	 0.00001	459.33260	541.99053		259.782840	-3657.793404
628628	 0.00000	 0.00000	 0.00002	 0.00014	 0.02351	 0.00000	 0.00001	471.53948	556.39407		258.438859	-3693.168889
629629	 0.00000	 0.00000	 0.00002	 0.00017	 0.02388	 0.00000	 0.00001	450.35347	531.39560		248.368051	-3667.365029
630630	 0.00000	 0.00000	 0.00002	 0.00021	 0.02389	 0.00000	 0.00001	327.33182	386.23592		240.595385	-3681.525196
631631	 0.00000	 0.00000	 0.00004	 0.00036	 0.02509	 0.00000	 0.00001	206.91999	244.15570		242.211594	-3629.883037
632632	 0.00000	 0.00000	 0.00003	 0.00023	 0.02329	 0.00000	 0.00001	250.48856	295.56454		238.581542	-3674.319894
633633	 0.00000	 0.00000	 0.00004	 0.00036	 0.02478	 0.00000	 0.00001	204.66346	241.49311		227.494984	-3663.784100
634634	 0.00000	 0.00000	 0.00003	 0.00029	 0.02544	 0.00000	 0.00001	221.97445	261.91926		234.680137	-3625.757045
635635	 0.00000	 0.00000	 0.00004	 0.00031	 0.02470	 0.00000	 0.00001	187.52648	221.27229		232.413117	-3647.568694
636636	 0.00000	 0.00000	 0.00004	 0.00023	 0.02420	 0.00000	 0.00001	185.50430	218.88621		238.485217	-3637.985238
637637	 0.00000	 0.00000	 0.00002	 0.00030	 0.02329	 0.00000	 0.00001	302.65192	357.11482		249.639954	-3759.242663
638638	 0.00000	 0.00000	 0.00004	 0.00035	 0.02280	 0.00000	 0.00001	206.83183	244.05169		233.150499	-3758.550528
639639	 0.00000	 0.00000	 0.00004	 0.00037	 0.02365	 0.00000	 0.00001	192.83518	227.53630		250.739427	-3667.795766
640640	 0.00000	 0.00000	 0.00004	 0.00035	 0.02165	 0.00000	 0.00002	163.95674	193.46113		239.438591	-3709.867210
641641	 0.00000	 0.00000	 0.00006	 0.00036	 0.02272	 0.00000	 0.00002	146.06191	172.34608		242.579324	-3689.723831
642642	 0.00000	 0.00000	 0.00005	 0.00043	 0.02294	 0.00000	 0.00002	163.49220	192.91299		233.623726	-3746.838851
643643	 0.00000	 0.00000	 0.00004	 0.00035	 0.02358	 0.00000	 0.00001	231.80339	273.51693		233.556957	-3658.846837
644644	 0.00000	 0.00000	 0.00003	 0.00027	 0.02390	 0.00000	 0.00001	278.38169	328.47711		241.728804	-3689.444846
645645	 0.00000	 0.00000	 0.00002	 0.00022	 0.02303	 0.00000	 0.00001	360.41016	425.26679		242.092742	-3751.341571
646646	 0.00000	 0.00000	 0.00001	 0.00019	 0.02319	 0.00000	 0.00001	530.29133	625.71845		263.217128	-3664.428737
647647	 0.00000	 0.00000	 0.00003	 0.00028	 0.02438	 0.00000	 0.00001	243.76256	287.62818		244.141544	-3692.712168
648648	 0.00000	 0.00000	 0.00003	 0.00024	 0.02579	 0.00000	 0.00001	293.67906	346.52727		247.951397	-3650.102442
649649	 0.00000	 0.00000	 0.00003	 0.00024	 0.02353	 0.00000	 0.00001	292.34303	344.95081		248.929777	-3649.693925
650650	 0.00000	 0.00000	 0.00002	 0.00017	 0.02246	 0.00000	 0.00001	445.26504	525.39149		242.674724	-3751.169092
651651	 0.00000	 0.00000	 0.00002	 0.00018	 0.02383	 0.00000	 0.00001	408.49013	481.99885		257.178394	-3651.239520
652652	 0.00000	 0.00000	 0.00001	 0.00022	 0.02466	 0.00000	 0.00001	525.57878	620.15787		252.423126	-3693.123681
653653	 0.00000	 0.00000	 0.00002	 0.00038	 0.02362	 0.00000	 0.00001	337.83958	398.63458		240.451788	-3807.013680
654654	 0.00000	 0.00000	 0.00003	 0.00024	 0.02401	 0.00000	 0.00001	317.77705	374.96174		240.864514	-3684.257981
655655	 0.00000	 0.00000	 0.00003	 0.00022	 0.02436	 0.00000	 0.00001	342.79587	404.48276		242.433243	-3664.134869
656656	 0.00000	 0.00000	 0.00003	 0.00030	 0.02500	 0.00000	 0.00001	277.23594	327.12517		242.491503	-3666.832069
657657	 0.00000	 0.00000	 0.00004	 0.00037	 0.02355	 0.00000	 0.00002	181.14161	213.73845		229.480151	-3748.907599
658658	 0.00000	 0.00000	 0.00004	 0.00036	 0.02582	 0.00000	 0.00002	176.86165	208.68830		237.143271	-3672.096524
659659	 0.00000	 0.00000	 0.00004	 0.00031	 0.02299	 0.00000	 0.00001	206.21339	243.32195		232.752336	-3687.678366
660660	 0.00000	 0.00000	 0.00004	 0.00027	 0.02493	 0.00000	 0.00001	199.25078	235.10641		245.573582	-3634.670406
661661	 0.00000	 0.00000	 0.00005	 0.00032	 0.02458	 0.00000	 0.00002	162.83224	192.13427		245.493180	-3650.901122
662662	 0.00000	 0.00000	 0.00004	 0.00034	 0.02273	 0.00000	 0.00002	174.58465	206.00155		236.091363	-3683.646399
663663	 0.00000	 0.00000	 0.00009	 0.00054	 0.02477	 0.00000	 0.00003	96.62659	114.01476		218.623091	-3622.400143
664664	 0.00000	 0.00000	 0.00007	 0.00044	 0.02335	 0.00000	 0.00003	106.32257	125.45556		220.697500	-3709.069392
665665	 0.00000	 0.00000	 0.00004	 0.00045	 0.02362	 0.00000	 0.00002	180.53293	213.02024		233.234005	-3687.771554
666666	 0.00000	 0.00000	 0.00003	 0.00025	 0.02324	 0.00000	 0.00001	290.38537	342.64087		245.941083	-3733.253613
667667	 0.00000	 0.00000	 0.00002	 0.00013	 0.02423	 0.00000	 0.00001	344.67718	406.70262		255.290028	-3603.287129
668668	 0.00000	 0.00000	 0.00003	 0.00024	 0.02234	 0.00000	 0.00001	258.26880	304.74485		242.139136	-3725.711636
669669	 0.00000	 0.00000	 0.00004	 0.00027	 0.02267	 0.00000	 0.00001	226.84648	267.66801		244.751736	-3691.494743
670670	 0.00000	 0.00000	 0.00006	 0.00036	 0.02212	 0.00000	 0.00002	132.14752	155.92776		230.087808	-3740.648551
671671	 0.00000	 0.00000	 0.00004	 0.00032	 0.02323	 0.00000	 0.00001	206.70132	243.89769		238.263704	-3692.154570
672672	 0.00000	 0.00000	 0.00004	 0.00020	 0.02258	 0.00000	 0.00001	209.81436	247.57093		243.676917	-3736.680865
673673	 0.00000	 0.00000	 0.00002	 0.00035	 0.02310	 0.00000	 0.00001	293.76939	346.63386		236.319503	-3725.221228
674674	 0.00000	 0.00000	 0.00004	 0.00032	 0.02330	 0.00000	 0.00001	197.22006	232.71026		234.412508	-3742.264400
675675	 0.00000	 0.00000	 0.00004	 0.00044	 0.02287	 0.00000	 0.00002	177.77898	209.77071		239.749424	-3771.167409
676676	 0.00000	 0.00000	 0.00006	 0.00044	 0.02217	 0.00000	 0.00002	143.72741	169.59148		232.005776	-3684.156202
677677	 0.00000	 0.00000	 0.00005	 0.00057	 0.02522	 0.00000	 0.00002	157.83069	186.23268		235.985989	-3587.448823
678678	 0.00000	 0.00000	 0.00003	 0.00026	 0.02166	 0.00000	 0.00001	279.38319	329.65882		239.365433	-3826.669229
679679	 0.00000	 0.00000	 0.00003	 0.00021	 0.02370	 0.00000	 0.00001	297.53232	351.07393		247.318204	-3625.530835
680680	 0.00000	 0.00000	 0.00002	 0.00025	 0.02376	 0.00000	 0.00001	348.78799	411.55317		248.262809	-3729.782421
681681	 0.00000	 0.00000	 0.00002	 0.00017	 0.02347	 0.00000	 0.00001	342.90101	404.60682		253.701028	-3637.784413
682682	 0.00000	 0.00000	 0.00004	 0.00032	 0.02401	 0.00000	 0.00001	202.77517	239.26502		235.372170	-3698.129566
683683	 0.00000	 0.00000	 0.00003	 0.00032	 0.02509	 0.00000	 0.00001	248.47451	293.18806		241.968926	-3678.437850
684684	 0.00000	 0.00000	 0.00003	 0.00045	 0.02455	 0.00000	 0.00001	235.33104	277.67939		234.797802	-3653.852088
685685	 0.00000	 0.00000	 0.00002	 0.00020	 0.02432	 0.00000	 0.00001	329.10273	388.32550		254.733050	-3600.350178
686686	 0.00000	 0.00000	 0.00003	 0.00024	 0.02299	 0.00000	 0.00001	272.43924	321.46529		243.974332	-3689.256542
687687	 0.00000	 0.00000	 0.00004	 0.00034	 0.02345	 0.00000	 0.00001	212.32906	250.53815		239.467559	-3716.580025
688688	 0.00000	 0.00000	 0.00002	 0.00019	 0.02430	 0.00000	 0.00001	309.87533	365.63809		256.156704	-3656.547757
689689	 0.00000	 0.00000	 0.00004	 0.00037	 0.02477	 0.00000	 0.00001	216.39092	255.33096		244.376854	-3645.301544
690690	 0.00000	 0.00000	 0.00003	 0.00028	 0.02272	 0.00000	 0.00001	276.57482	326.34508		241.518430	-3708.313726
691691	 0.00000	 0.00000	 0.00003	 0.00022	 0.02074	 0.00000	 0.00001	260.67230	307.58087		247.646009	-3713.105753
692692	 0.00000	 0.00000	 0.00002	 0.00021	 0.02369	 0.00000	 0.00001	331.90085	391.62716		234.755926	-3745.297961
693693	 0.00000	 0.00000	 0.00002	 0.00012	 0.02347	 0.00000	 0.00001	493.30206	582.07288		248.484596	-3687.184895
694694	 0.00000	 0.00000	 0.00003	 0.00026	 0.02481	 0.00000	 0.00001	239.73559	282.87654		243.353544	-3680.280881
695695	 0.00000	 0.00000	 0.00004	 0.00040	 0.02509	 0.00000	 0.00001	206.92387	244.16029		235.661200	-3652.359315
696696	 0.00000	 0.00000	 0.00003	 0.00023	 0.02470	 0.00000	 0.00001	273.80572	323.07768		238.823004	-3697.262087
697697	 0.00000	 0.00000	 0.00004	 0.00035	 0.02331	 0.00000	 0.00001	188.98192	222.98964		232.324086	-3662.455596
698698	 0.00000	 0.00000	 0.00006	 0.00038	 0.02321	 0.00000	 0.00002	152.70989	180.19038		221.002092	-3743.511899
699699	 0.00000	 0.00000	 0.00005	 0.00035	 0.02298	 0.00000	 0.00002	174.60843	206.02961		230.058128	-3680.686408
700700	 0.00000	 0.00000	 0.00003	 0.00020	 0.02243	 0.00000	 0.00001	306.13026	361.21909		245.299012	-3715.367664
701701	 0.00000	 0.00000	 0.00004	 0.00044	 0.02613	 0.00000	 0.00002	180.46125	212.93566		233.377423	-3635.373657
702702	 0.00000	 0.00000	 0.00003	 0.00019	 0.02413	 0.00000	 0.00001	275.87024	325.51371		246.998402	-3703.624390
703703	 0.00000	 0.00000	 0.00004	 0.00045	 0.02375	 0.00000	 0.00002	180.18027	212.60412		236.493899	-3725.527160
704704	 0.00000	 0.00000	 0.00004	 0.00036	 0.02229	 0.00000	 0.00001	191.12592	225.51946		242.973711	-3676.329596
705705	 0.00000	 0.00000	 0.00004	 0.00024	 0.02387	 0.00000	 0.00001	199.89512	235.86670		236.360019	-3667.996006
706706	 0.00000	 0.00000	 0.00002	 0.00019	 0.02299	 0.00000	 0.00001	394.27129	465.22130		245.216233	-3733.831909
707707	 0.00000	 0.00000	 0.00001	 0.00017	 0.02499	 0.00000	 0.00001	534.41562	630.58492		245.871902	-3660.646560
708708	 0.00000	 0.00000	 0.00002	 0.00021	 0.02219	 0.00000	 0.00001	489.06668	577.07533		249.028526	-3816.116098
709709	 0.00000	 0.00000	 0.00001	 0.00011	 0.02439	 0.00000	 0.00000	578.58812	682.70636		252.939903	-3639.859158
710710	 0.00000	 0.00000	 0.00001	 0.00005	 0.02370	 0.00000	 0.00000	1052.96257	1242.44555		272.477934	-3668.059558
711711	 0.00000	 0.00000	 0.00001	 0.00011	 0.02508	 0.00000	 0.00000	696.45315	821.78147		251.227817	-3719.304949
712712	 0.00000	 0.00000	 0.00001	 0.00009	 0.02493	 0.00000	 0.00000	775.30460	914.82241		262.481255	-3651.776217
713713	 0.00000	 0.00000	 0.00001	 0.00011	 0.02349	 0.00000	 0.00000	656.65763	774.82465		257.173271	-3726.325458
714714	 0.00000	 0.00000	 0.00002	 0.00022	 0.02485	 0.00000	 0.00001	490.36607	578.60855		242.148306	-3693.515484
715715	 0.00000	 0.00000	 0.00001	 0.00011	 0.02370	 0.00000	 0.00000	637.43672	752.14489		267.122764	-3665.212726
