Sample	theta_WAM	theta_CAM	theta_ATL	theta_AM	theta_root	tau_AM	tau_root	m_ATL->AM	Data-ld-ln	Full-ld-ln
0	 0.00003	 0.00003	 0.00772	 0.01043	 0.00000	 0.00000	 0.01016	 0.00000		176.051342	-4467.591582
1001	 0.00005	 0.00007	 0.00680	 0.01053	 0.00000	 0.00000	 0.00989	 0.00000		170.751205	-4485.942840
2002	 0.00015	 0.00019	 0.00579	 0.00959	 0.00000	 0.00001	 0.00959	 0.00000		161.177743	-4599.673042
3003	 0.00016	 0.00016	 0.00658	 0.00966	 0.00000	 0.00001	 0.01070	 0.00000		163.745685	-4532.571066
4004	 0.00031	 0.00012	 0.00680	 0.00991	 0.00000	 0.00001	 0.00897	 0.00000		157.617667	-4535.036581
5005	 0.00005	 0.00009	 0.00610	 0.01134	 0.00000	 0.00000	 0.00860	 0.00000		170.341728	-4654.454228
6006	 0.00005	 0.00006	 0.00607	 0.01204	 0.00000	 0.00000	 0.01034	 0.00000		166.439759	-4557.881609
7007	 0.00005	 0.00007	 0.00713	 0.01003	 0.00000	 0.00000	 0.00988	 0.00000		169.203150	-4633.949822
8008	 0.00002	 0.00005	 0.00693	 0.01215	 0.00000	 0.00000	 0.00950	 0.00000		175.716523	-4533.970440
9009	 0.00004	 0.00010	 0.00619	 0.01084	 0.00000	 0.00000	 0.01010	 0.00000		165.646065	-4555.796760
10010	 0.00013	 0.00012	 0.00753	 0.01010	 0.00000	 0.00001	 0.01101	 0.00000		162.556530	-4495.386508
11011	 0.00015	 0.00018	 0.00672	 0.01086	 0.00000	 0.00001	 0.00949	 0.00000		161.408704	-4573.022378
12012	 0.00018	 0.00027	 0.00683	 0.00854	 0.00000	 0.00001	 0.01067	 0.00000		166.647073	-4585.277537
13013	 0.00009	 0.00020	 0.00616	 0.01161	 0.00000	 0.00001	 0.00947	 0.00000		162.650643	-4581.541706
14014	 0.00011	 0.00020	 0.00695	 0.00946	 0.00000	 0.00001	 0.00837	 0.00000		167.326319	-4580.759080
15015	 0.00007	 0.00010	 0.00748	 0.01009	 0.00000	 0.00000	 0.00873	 0.00000		174.295057	-4565.771205
16016	 0.00011	 0.00011	 0.00522	 0.01047	 0.00000	 0.00000	 0.00853	 0.00000		167.705541	-4605.826220
17017	 0.00018	 0.00025	 0.00656	 0.01189	 0.00000	 0.00001	 0.00992	 0.00000		160.943437	-4530.913007
18018	 0.00014	 0.00007	 0.00587	 0.01087	 0.00000	 0.00000	 0.00895	 0.00000		163.941477	-4581.843743
19019	 0.00015	 0.00047	 0.00652	 0.01262	 0.00000	 0.00001	 0.00853	 0.00000		163.501904	-4524.839476
20020	 0.00016	 0.00018	 0.00697	 0.00936	 0.00000	 0.00001	 0.00819	 0.00000		168.144969	-4603.939715
21021	 0.00010	 0.00010	 0.00624	 0.01095	 0.00000	 0.00001	 0.00908	 0.00000		178.772238	-4501.920551
22022	 0.00006	 0.00041	 0.00511	 0.01093	 0.00000	 0.00000	 0.01187	 0.00000		159.525986	-4529.747394
23023	 0.00005	 0.00017	 0.00634	 0.01122	 0.00000	 0.00000	 0.00925	 0.00000		163.936116	-4585.541319
24024	 0.00005	 0.00015	 0.00545	 0.01155	 0.00000	 0.00000	 0.00895	 0.00000		169.874096	-4515.998344
25025	 0.00012	 0.00017	 0.00578	 0.01158	 0.00000	 0.00000	 0.00909	 0.00000		162.498499	-4492.854026
26026	 0.00019	 0.00023	 0.00634	 0.01103	 0.00000	 0.00001	 0.00999	 0.00000		163.898450	-4591.973382
27027	 0.00023	 0.00018	 0.00661	 0.01035	 0.00000	 0.00001	 0.00939	 0.00000		161.886719	-4572.639382
28028	 0.00019	 0.00019	 0.00662	 0.01101	 0.00000	 0.00001	 0.00988	 0.00000		157.332099	-4500.401818
29029	 0.00022	 0.00016	 0.00564	 0.01187	 0.00000	 0.00001	 0.00914	 0.00000		157.962833	-4578.553275
30030	 0.00013	 0.00018	 0.00626	 0.01096	 0.00000	 0.00001	 0.00965	 0.00000		165.593480	-4473.062085
31031	 0.00010	 0.00011	 0.00550	 0.01189	 0.00000	 0.00001	 0.00811	 0.00000		168.710297	-4591.429467
32032	 0.00007	 0.00005	 0.00501	 0.01076	 0.00000	 0.00000	 0.00887	 0.00000		166.371971	-4583.641929
33033	 0.00004	 0.00006	 0.00694	 0.01152	 0.00000	 0.00000	 0.00915	 0.00000		169.930817	-4564.096113
34034	 0.00007	 0.00008	 0.00737	 0.00992	 0.00000	 0.00000	 0.00877	 0.00000		160.371260	-4605.739671
35035	 0.00002	 0.00004	 0.00712	 0.01051	 0.00000	 0.00000	 0.00868	 0.00000		173.773327	-4578.288507
36036	 0.00004	 0.00007	 0.00586	 0.00998	 0.00000	 0.00000	 0.00937	 0.00000		165.653727	-4604.744366
37037	 0.00004	 0.00005	 0.00574	 0.00990	 0.00000	 0.00000	 0.01036	 0.00000		173.890546	-4504.224382
38038	 0.00007	 0.00007	 0.00586	 0.01025	 0.00000	 0.00000	 0.00954	 0.00000		169.443397	-4568.336535
39039	 0.00003	 0.00014	 0.00543	 0.01064	 0.00000	 0.00000	 0.00922	 0.00000		167.989120	-4649.321566
40040	 0.00006	 0.00007	 0.00653	 0.01016	 0.00000	 0.00000	 0.00885	 0.00000		165.135112	-4567.033837
41041	 0.00007	 0.00014	 0.00618	 0.01081	 0.00000	 0.00000	 0.00918	 0.00000		168.202877	-4518.083932
42042	 0.00006	 0.00012	 0.00844	 0.01069	 0.00000	 0.00000	 0.01045	 0.00000		173.469036	-4450.332522
43043	 0.00017	 0.00018	 0.00543	 0.01138	 0.00000	 0.00001	 0.00840	 0.00000		172.064483	-4541.798390
44044	 0.00018	 0.00020	 0.00710	 0.01041	 0.00000	 0.00001	 0.00913	 0.00000		166.528548	-4595.861521
45045	 0.00012	 0.00018	 0.00688	 0.01043	 0.00000	 0.00001	 0.00892	 0.00000		170.931340	-4598.533981
46046	 0.00011	 0.00010	 0.00644	 0.01063	 0.00000	 0.00001	 0.00957	 0.00000		173.650515	-4519.180999
47047	 0.00004	 0.00017	 0.00668	 0.01070	 0.00000	 0.00000	 0.01023	 0.00000		175.797931	-4553.254418
48048	 0.00007	 0.00014	 0.00529	 0.01010	 0.00000	 0.00000	 0.01004	 0.00000		170.170537	-4550.743656
49049	 0.00011	 0.00019	 0.00582	 0.01052	 0.00000	 0.00001	 0.00938	 0.00000		166.558485	-4569.315317
50050	 0.00007	 0.00011	 0.00645	 0.01084	 0.00000	 0.00000	 0.00925	 0.00000		161.173142	-4530.357241
51051	 0.00004	 0.00009	 0.00716	 0.00934	 0.00000	 0.00000	 0.00906	 0.00000		162.914161	-4544.954623
52052	 0.00004	 0.00003	 0.00735	 0.01078	 0.00000	 0.00000	 0.00855	 0.00000		176.737526	-4568.866594
53053	 0.00003	 0.00005	 0.00681	 0.00951	 0.00000	 0.00000	 0.00913	 0.00000		170.931566	-4572.685531
54054	 0.00009	 0.00004	 0.00662	 0.01062	 0.00000	 0.00000	 0.01022	 0.00000		166.663490	-4513.543983
55055	 0.00007	 0.00007	 0.00553	 0.01018	 0.00000	 0.00000	 0.00830	 0.00000		166.595581	-4641.338366
56056	 0.00008	 0.00012	 0.00567	 0.01034	 0.00000	 0.00000	 0.00892	 0.00000		163.692767	-4631.758162
57057	 0.00007	 0.00010	 0.00646	 0.01003	 0.00000	 0.00000	 0.00931	 0.00000		164.258978	-4602.815805
58058	 0.00012	 0.00019	 0.00807	 0.00974	 0.00000	 0.00001	 0.00927	 0.00000		157.796835	-4562.137417
59059	 0.00012	 0.00014	 0.00594	 0.01075	 0.00000	 0.00001	 0.01110	 0.00000		161.136083	-4489.985111
60060	 0.00021	 0.00012	 0.00640	 0.01176	 0.00000	 0.00001	 0.00996	 0.00000		163.175520	-4443.749565
61061	 0.00018	 0.00032	 0.00659	 0.01151	 0.00000	 0.00002	 0.00871	 0.00000		165.185506	-4622.560669
62062	 0.00022	 0.00013	 0.00678	 0.00910	 0.00000	 0.00001	 0.00857	 0.00000		163.093376	-4572.737054
63063	 0.00017	 0.00019	 0.00710	 0.00965	 0.00000	 0.00001	 0.00900	 0.00000		162.561983	-4529.539682
64064	 0.00018	 0.00019	 0.00783	 0.01058	 0.00000	 0.00001	 0.01081	 0.00000		156.439211	-4532.362548
65065	 0.00005	 0.00014	 0.00536	 0.01086	 0.00000	 0.00000	 0.00957	 0.00000		168.681363	-4616.607943
66066	 0.00004	 0.00006	 0.00595	 0.01157	 0.00000	 0.00000	 0.00942	 0.00000		166.319479	-4525.917412
67067	 0.00006	 0.00015	 0.00637	 0.01226	 0.00000	 0.00000	 0.00802	 0.00000		166.761372	-4541.711931
68068	 0.00011	 0.00015	 0.00782	 0.01035	 0.00000	 0.00001	 0.00929	 0.00000		168.338665	-4477.508723
69069	 0.00005	 0.00008	 0.00671	 0.01080	 0.00000	 0.00000	 0.00897	 0.00000		170.396003	-4661.964829
70070	 0.00004	 0.00018	 0.00725	 0.00977	 0.00000	 0.00000	 0.00864	 0.00000		168.249124	-4527.216768
71071	 0.00006	 0.00006	 0.00527	 0.01012	 0.00000	 0.00000	 0.00961	 0.00000		172.597389	-4541.371505
72072	 0.00005	 0.00010	 0.00708	 0.01074	 0.00000	 0.00000	 0.01010	 0.00000		165.267497	-4561.463247
73073	 0.00002	 0.00015	 0.00635	 0.01015	 0.00000	 0.00000	 0.00946	 0.00000		167.294599	-4518.929706
74074	 0.00003	 0.00008	 0.00617	 0.01127	 0.00000	 0.00000	 0.00965	 0.00000		167.662635	-4565.930557
75075	 0.00004	 0.00006	 0.00590	 0.01237	 0.00000	 0.00000	 0.01037	 0.00000		161.366625	-4471.663654
76076	 0.00002	 0.00003	 0.00698	 0.01102	 0.00000	 0.00000	 0.00924	 0.00000		164.783450	-4497.418671
77077	 0.00003	 0.00005	 0.00606	 0.01010	 0.00000	 0.00000	 0.00878	 0.00000		160.030678	-4631.432652
78078	 0.00003	 0.00006	 0.00649	 0.00883	 0.00000	 0.00000	 0.00952	 0.00000		167.125750	-4554.490930
79079	 0.00003	 0.00003	 0.00504	 0.01066	 0.00000	 0.00000	 0.00940	 0.00000		183.087246	-4581.089664
80080	 0.00005	 0.00009	 0.00595	 0.01087	 0.00000	 0.00000	 0.01008	 0.00000		163.885633	-4507.357816
81081	 0.00006	 0.00004	 0.00561	 0.01002	 0.00000	 0.00000	 0.00907	 0.00000		162.167794	-4570.848302
82082	 0.00003	 0.00005	 0.00572	 0.00929	 0.00000	 0.00000	 0.01047	 0.00000		171.315988	-4567.408522
83083	 0.00003	 0.00005	 0.00739	 0.01020	 0.00000	 0.00000	 0.00895	 0.00000		181.841414	-4557.671319
84084	 0.00003	 0.00007	 0.00653	 0.01067	 0.00000	 0.00000	 0.00831	 0.00000		175.420482	-4596.276647
85085	 0.00002	 0.00003	 0.00496	 0.01150	 0.00000	 0.00000	 0.00902	 0.00000		176.191917	-4586.489541
86086	 0.00002	 0.00001	 0.00689	 0.01159	 0.00000	 0.00000	 0.00997	 0.00000		177.799287	-4472.036411
87087	 0.00002	 0.00002	 0.00551	 0.01230	 0.00000	 0.00000	 0.00974	 0.00000		171.923972	-4469.383831
88088	 0.00002	 0.00002	 0.00753	 0.00942	 0.00000	 0.00000	 0.00911	 0.00000		175.455237	-4585.119685
89089	 0.00002	 0.00004	 0.00636	 0.01197	 0.00000	 0.00000	 0.00959	 0.00000		171.352473	-4595.765394
90090	 0.00007	 0.00006	 0.00771	 0.01214	 0.00000	 0.00000	 0.01004	 0.00000		160.667742	-4562.807624
91091	 0.00007	 0.00013	 0.00666	 0.01104	 0.00000	 0.00000	 0.00896	 0.00000		160.792448	-4607.247625
92092	 0.00014	 0.00019	 0.00567	 0.00971	 0.00000	 0.00001	 0.00921	 0.00000		158.742216	-4572.483896
93093	 0.00009	 0.00012	 0.00645	 0.00977	 0.00000	 0.00001	 0.01009	 0.00000		167.288774	-4539.804712
94094	 0.00006	 0.00008	 0.00560	 0.01175	 0.00000	 0.00000	 0.00979	 0.00000		166.002308	-4550.402263
95095	 0.00015	 0.00005	 0.00658	 0.01084	 0.00000	 0.00000	 0.00947	 0.00000		167.482141	-4589.779711
96096	 0.00006	 0.00007	 0.00757	 0.01115	 0.00000	 0.00000	 0.01008	 0.00000		166.768130	-4522.238137
97097	 0.00009	 0.00006	 0.00498	 0.01147	 0.00000	 0.00000	 0.00894	 0.00000		172.695342	-4582.835514
98098	 0.00012	 0.00038	 0.00654	 0.00991	 0.00000	 0.00001	 0.00909	 0.00000		161.403879	-4518.638846
99099	 0.00008	 0.00019	 0.00633	 0.01037	 0.00000	 0.00000	 0.00934	 0.00000		166.154880	-4553.186153
100100	 0.00013	 0.00039	 0.00692	 0.01133	 0.00000	 0.00001	 0.00950	 0.00000		163.723804	-4549.560272
101101	 0.00029	 0.00031	 0.00606	 0.00919	 0.00000	 0.00002	 0.00953	 0.00000		165.483749	-4541.806537
102102	 0.00011	 0.00008	 0.00559	 0.01081	 0.00000	 0.00001	 0.01040	 0.00000		174.640937	-4531.347281
103103	 0.00010	 0.00009	 0.00631	 0.01115	 0.00000	 0.00000	 0.00862	 0.00000		165.902433	-4641.862492
104104	 0.00009	 0.00012	 0.00602	 0.01062	 0.00000	 0.00000	 0.00968	 0.00000		158.916120	-4591.232609
105105	 0.00021	 0.00012	 0.00574	 0.00956	 0.00000	 0.00001	 0.00953	 0.00000		172.070481	-4505.361834
106106	 0.00012	 0.00027	 0.00584	 0.01085	 0.00000	 0.00001	 0.00961	 0.00000		170.914011	-4549.971869
107107	 0.00005	 0.00007	 0.00683	 0.01007	 0.00000	 0.00000	 0.00869	 0.00000		179.050201	-4563.793027
108108	 0.00021	 0.00008	 0.00628	 0.01061	 0.00000	 0.00001	 0.00986	 0.00000		167.513772	-4501.001599
109109	 0.00004	 0.00007	 0.00639	 0.01016	 0.00000	 0.00000	 0.00901	 0.00000		175.400885	-4573.474480
110110	 0.00005	 0.00007	 0.00696	 0.01117	 0.00000	 0.00000	 0.01014	 0.00000		173.263668	-4517.951680
111111	 0.00006	 0.00004	 0.00500	 0.01093	 0.00000	 0.00000	 0.00895	 0.00000		181.087095	-4645.190472
112112	 0.00004	 0.00011	 0.00610	 0.01087	 0.00000	 0.00000	 0.00950	 0.00000		171.457645	-4598.204587
113113	 0.00004	 0.00004	 0.00598	 0.00948	 0.00000	 0.00000	 0.00974	 0.00000		175.462453	-4584.373686
114114	 0.00004	 0.00005	 0.00602	 0.01201	 0.00000	 0.00000	 0.01044	 0.00000		164.111344	-4531.700091
115115	 0.00003	 0.00006	 0.00588	 0.01004	 0.00000	 0.00000	 0.00873	 0.00000		173.662373	-4608.936878
116116	 0.00003	 0.00007	 0.00640	 0.00992	 0.00000	 0.00000	 0.01074	 0.00000		167.924739	-4423.539994
117117	 0.00004	 0.00007	 0.00615	 0.00934	 0.00000	 0.00000	 0.00966	 0.00000		167.303678	-4573.740041
118118	 0.00004	 0.00009	 0.00592	 0.01026	 0.00000	 0.00000	 0.01047	 0.00000		167.714527	-4533.658711
119119	 0.00006	 0.00012	 0.00706	 0.00988	 0.00000	 0.00000	 0.00987	 0.00000		170.435591	-4541.879332
120120	 0.00012	 0.00025	 0.00677	 0.01052	 0.00000	 0.00001	 0.01005	 0.00000		163.102923	-4476.753410
121121	 0.00013	 0.00009	 0.00594	 0.01060	 0.00000	 0.00001	 0.01024	 0.00000		166.962364	-4462.205715
122122	 0.00005	 0.00010	 0.00602	 0.01101	 0.00000	 0.00000	 0.00887	 0.00000		168.879395	-4565.727299
123123	 0.00006	 0.00004	 0.00639	 0.01106	 0.00000	 0.00000	 0.00891	 0.00000		176.879780	-4504.770188
124124	 0.00004	 0.00008	 0.00571	 0.01280	 0.00000	 0.00000	 0.01026	 0.00000		181.675435	-4527.638772
125125	 0.00020	 0.00021	 0.00576	 0.01009	 0.00000	 0.00001	 0.01064	 0.00000		167.285454	-4513.215161
126126	 0.00030	 0.00017	 0.00530	 0.00913	 0.00000	 0.00001	 0.01098	 0.00000		162.227619	-4583.476420
127127	 0.00009	 0.00010	 0.00545	 0.01151	 0.00000	 0.00001	 0.01036	 0.00000		170.673859	-4462.302713
128128	 0.00007	 0.00010	 0.00565	 0.01123	 0.00000	 0.00000	 0.00979	 0.00000		172.401310	-4581.003585
129129	 0.00008	 0.00008	 0.00642	 0.01017	 0.00000	 0.00001	 0.00980	 0.00000		177.085481	-4517.241275
130130	 0.00016	 0.00023	 0.00743	 0.00928	 0.00000	 0.00001	 0.00998	 0.00000		161.471409	-4611.974090
131131	 0.00021	 0.00018	 0.00566	 0.01046	 0.00000	 0.00001	 0.01065	 0.00000		165.792603	-4500.108386
132132	 0.00010	 0.00012	 0.00546	 0.01137	 0.00000	 0.00001	 0.00869	 0.00000		175.185786	-4588.349228
133133	 0.00025	 0.00022	 0.00622	 0.01100	 0.00000	 0.00001	 0.01062	 0.00000		167.137827	-4496.070339
134134	 0.00019	 0.00013	 0.00594	 0.00972	 0.00000	 0.00001	 0.01000	 0.00000		171.568743	-4550.771992
135135	 0.00010	 0.00009	 0.00650	 0.01009	 0.00000	 0.00000	 0.01036	 0.00000		167.092249	-4463.622278
136136	 0.00012	 0.00010	 0.00673	 0.00998	 0.00000	 0.00001	 0.00853	 0.00000		173.333643	-4642.460484
137137	 0.00009	 0.00026	 0.00775	 0.00983	 0.00000	 0.00001	 0.00835	 0.00000		161.874050	-4643.425580
138138	 0.00019	 0.00012	 0.00797	 0.00911	 0.00000	 0.00001	 0.00953	 0.00000		162.883468	-4476.762731
139139	 0.00020	 0.00020	 0.00625	 0.01284	 0.00000	 0.00001	 0.00970	 0.00000		162.816141	-4576.613688
140140	 0.00013	 0.00015	 0.00612	 0.01108	 0.00000	 0.00001	 0.00884	 0.00000		165.468915	-4623.018886
141141	 0.00035	 0.00021	 0.00566	 0.01104	 0.00000	 0.00001	 0.00901	 0.00000		160.349257	-4633.186657
142142	 0.00027	 0.00043	 0.00642	 0.01091	 0.00000	 0.00002	 0.00865	 0.00000		157.675562	-4584.423067
143143	 0.00015	 0.00012	 0.00564	 0.01076	 0.00000	 0.00001	 0.00940	 0.00000		163.824980	-4561.334019
144144	 0.00014	 0.00018	 0.00636	 0.01052	 0.00000	 0.00001	 0.00975	 0.00000		162.514879	-4540.469433
145145	 0.00018	 0.00016	 0.00561	 0.01355	 0.00000	 0.00001	 0.01006	 0.00000		164.887720	-4588.037472
146146	 0.00011	 0.00010	 0.00487	 0.01043	 0.00000	 0.00001	 0.01017	 0.00000		166.165437	-4540.376807
147147	 0.00016	 0.00010	 0.00687	 0.00994	 0.00000	 0.00001	 0.01020	 0.00000		161.849373	-4549.440771
148148	 0.00015	 0.00015	 0.00634	 0.01224	 0.00000	 0.00001	 0.00925	 0.00000		170.032255	-4537.447575
149149	 0.00028	 0.00037	 0.00618	 0.01120	 0.00000	 0.00002	 0.00941	 0.00000		162.985431	-4630.079983
150150	 0.00021	 0.00017	 0.00480	 0.01231	 0.00000	 0.00001	 0.01015	 0.00000		166.387724	-4559.025687
151151	 0.00007	 0.00010	 0.00603	 0.01261	 0.00000	 0.00000	 0.00982	 0.00000		167.195594	-4517.586786
152152	 0.00006	 0.00004	 0.00626	 0.00911	 0.00000	 0.00000	 0.00879	 0.00000		180.139441	-4603.959051
153153	 0.00009	 0.00013	 0.00633	 0.00979	 0.00000	 0.00001	 0.00951	 0.00000		171.483759	-4526.157689
154154	 0.00015	 0.00017	 0.00519	 0.01040	 0.00000	 0.00001	 0.00921	 0.00000		167.741266	-4630.924292
155155	 0.00017	 0.00018	 0.00579	 0.01047	 0.00000	 0.00001	 0.00918	 0.00000		162.924216	-4554.204821
156156	 0.00017	 0.00035	 0.00549	 0.01162	 0.00000	 0.00001	 0.00883	 0.00000		160.202144	-4683.242889
157157	 0.00017	 0.00014	 0.00597	 0.01020	 0.00000	 0.00001	 0.00969	 0.00000		169.391045	-4583.713008
158158	 0.00008	 0.00015	 0.00641	 0.01110	 0.00000	 0.00001	 0.00894	 0.00000		168.827860	-4580.429113
159159	 0.00007	 0.00013	 0.00581	 0.01246	 0.00000	 0.00001	 0.00901	 0.00000		170.644655	-4516.593302
160160	 0.00009	 0.00004	 0.00640	 0.01042	 0.00000	 0.00000	 0.00992	 0.00000		166.329662	-4568.849415
161161	 0.00013	 0.00005	 0.00558	 0.01128	 0.00000	 0.00000	 0.00922	 0.00000		165.614416	-4586.585410
162162	 0.00010	 0.00009	 0.00590	 0.01088	 0.00000	 0.00000	 0.00892	 0.00000		166.208316	-4655.282633
163163	 0.00005	 0.00007	 0.00482	 0.01195	 0.00000	 0.00000	 0.00871	 0.00000		171.404651	-4619.033654
164164	 0.00010	 0.00021	 0.00666	 0.01159	 0.00000	 0.00001	 0.00971	 0.00000		165.659159	-4535.014137
165165	 0.00008	 0.00013	 0.00652	 0.01134	 0.00000	 0.00000	 0.00937	 0.00000		166.457869	-4548.097173
166166	 0.00012	 0.00014	 0.00774	 0.01111	 0.00000	 0.00001	 0.00974	 0.00000		161.158364	-4553.709733
167167	 0.00014	 0.00015	 0.00632	 0.01063	 0.00000	 0.00001	 0.00890	 0.00000		165.463234	-4632.406638
168168	 0.00011	 0.00007	 0.00610	 0.01072	 0.00000	 0.00000	 0.00878	 0.00000		168.476818	-4612.681338
169169	 0.00007	 0.00006	 0.00728	 0.01008	 0.00000	 0.00000	 0.00954	 0.00000		173.987442	-4546.292063
170170	 0.00004	 0.00015	 0.00599	 0.01116	 0.00000	 0.00000	 0.00948	 0.00000		165.343110	-4536.846133
171171	 0.00002	 0.00005	 0.00559	 0.01264	 0.00000	 0.00000	 0.00926	 0.00000		174.528456	-4520.857406
172172	 0.00003	 0.00002	 0.00699	 0.00967	 0.00000	 0.00000	 0.01065	 0.00000		175.951513	-4514.286389
173173	 0.00001	 0.00003	 0.00630	 0.01041	 0.00000	 0.00000	 0.00879	 0.00000		183.629037	-4554.115993
174174	 0.00003	 0.00002	 0.00661	 0.00963	 0.00000	 0.00000	 0.00931	 0.00000		180.778294	-4561.811373
175175	 0.00002	 0.00004	 0.00632	 0.01069	 0.00000	 0.00000	 0.01112	 0.00000		171.533043	-4535.130945
176176	 0.00003	 0.00006	 0.00572	 0.01156	 0.00000	 0.00000	 0.00919	 0.00000		174.829808	-4539.788733
177177	 0.00002	 0.00005	 0.00627	 0.01036	 0.00000	 0.00000	 0.00923	 0.00000		174.931982	-4570.568271
178178	 0.00003	 0.00006	 0.00606	 0.01077	 0.00000	 0.00000	 0.00923	 0.00000		179.318736	-4612.026471
179179	 0.00007	 0.00009	 0.00610	 0.01164	 0.00000	 0.00000	 0.00921	 0.00000		177.339501	-4528.965040
180180	 0.00005	 0.00008	 0.00562	 0.01152	 0.00000	 0.00000	 0.01007	 0.00000		171.858776	-4509.634084
181181	 0.00007	 0.00030	 0.00497	 0.01077	 0.00000	 0.00000	 0.01055	 0.00000		163.298456	-4553.071606
182182	 0.00013	 0.00018	 0.00590	 0.01112	 0.00000	 0.00001	 0.00923	 0.00000		166.784859	-4571.416863
183183	 0.00007	 0.00007	 0.00596	 0.01062	 0.00000	 0.00000	 0.01031	 0.00000		168.165109	-4524.939663
184184	 0.00016	 0.00011	 0.00743	 0.01020	 0.00000	 0.00001	 0.00989	 0.00000		162.513634	-4560.491658
185185	 0.00011	 0.00013	 0.00631	 0.01085	 0.00000	 0.00001	 0.00968	 0.00000		162.490658	-4619.805459
186186	 0.00012	 0.00009	 0.00658	 0.01184	 0.00000	 0.00001	 0.00993	 0.00000		167.188155	-4508.630183
187187	 0.00013	 0.00011	 0.00629	 0.01035	 0.00000	 0.00001	 0.00920	 0.00000		163.646564	-4507.806264
188188	 0.00008	 0.00011	 0.00540	 0.01073	 0.00000	 0.00001	 0.00995	 0.00000		170.246483	-4469.416063
189189	 0.00030	 0.00025	 0.00615	 0.01037	 0.00000	 0.00001	 0.00926	 0.00000		158.780536	-4599.462601
190190	 0.00013	 0.00022	 0.00653	 0.01031	 0.00000	 0.00001	 0.00927	 0.00000		162.494533	-4559.542603
191191	 0.00009	 0.00021	 0.00569	 0.01178	 0.00000	 0.00001	 0.00885	 0.00000		163.032553	-4637.258162
192192	 0.00034	 0.00022	 0.00589	 0.01092	 0.00000	 0.00001	 0.00855	 0.00000		160.956306	-4557.845942
193193	 0.00027	 0.00033	 0.00744	 0.01021	 0.00000	 0.00002	 0.00853	 0.00000		165.039540	-4626.166260
194194	 0.00014	 0.00015	 0.00686	 0.01011	 0.00000	 0.00001	 0.00969	 0.00000		162.187198	-4519.926090
195195	 0.00023	 0.00026	 0.00639	 0.01081	 0.00000	 0.00001	 0.00877	 0.00000		160.888496	-4593.982244
196196	 0.00009	 0.00017	 0.00560	 0.00965	 0.00000	 0.00000	 0.01007	 0.00000		159.621850	-4655.057858
197197	 0.00023	 0.00023	 0.00643	 0.00992	 0.00000	 0.00001	 0.00936	 0.00000		158.250293	-4634.158289
198198	 0.00017	 0.00020	 0.00675	 0.01112	 0.00000	 0.00001	 0.00876	 0.00000		157.390565	-4629.878872
199199	 0.00020	 0.00060	 0.00561	 0.01092	 0.00000	 0.00001	 0.00943	 0.00000		151.518272	-4621.998055
200200	 0.00012	 0.00012	 0.00587	 0.01106	 0.00000	 0.00001	 0.00970	 0.00000		165.221522	-4616.604696
201201	 0.00012	 0.00007	 0.00651	 0.00998	 0.00000	 0.00001	 0.00866	 0.00000		173.522109	-4561.253200
202202	 0.00014	 0.00018	 0.00600	 0.01102	 0.00000	 0.00001	 0.00993	 0.00000		158.724972	-4520.316339
203203	 0.00004	 0.00017	 0.00705	 0.01089	 0.00000	 0.00000	 0.00928	 0.00000		165.664072	-4535.392326
204204	 0.00006	 0.00016	 0.00594	 0.01075	 0.00000	 0.00000	 0.00996	 0.00000		159.591300	-4582.823601
205205	 0.00007	 0.00015	 0.00588	 0.00985	 0.00000	 0.00001	 0.00964	 0.00000		170.804701	-4493.069133
206206	 0.00012	 0.00015	 0.00545	 0.01181	 0.00000	 0.00001	 0.00949	 0.00000		164.270512	-4539.288032
207207	 0.00005	 0.00012	 0.00572	 0.01207	 0.00000	 0.00000	 0.00815	 0.00000		172.784498	-4547.470492
208208	 0.00008	 0.00025	 0.00589	 0.01139	 0.00000	 0.00000	 0.00992	 0.00000		160.373171	-4525.272757
209209	 0.00006	 0.00012	 0.00628	 0.01045	 0.00000	 0.00001	 0.01050	 0.00000		171.260729	-4480.925822
210210	 0.00011	 0.00016	 0.00612	 0.00986	 0.00000	 0.00001	 0.00955	 0.00000		165.525887	-4548.766765
211211	 0.00019	 0.00025	 0.00775	 0.00946	 0.00000	 0.00001	 0.01007	 0.00000		160.446218	-4552.500040
212212	 0.00010	 0.00019	 0.00691	 0.01057	 0.00000	 0.00000	 0.00987	 0.00000		158.037429	-4469.526067
213213	 0.00034	 0.00032	 0.00704	 0.00895	 0.00000	 0.00001	 0.00958	 0.00000		158.221667	-4518.446647
214214	 0.00016	 0.00007	 0.00611	 0.01094	 0.00000	 0.00000	 0.00843	 0.00000		170.973510	-4642.486878
215215	 0.00012	 0.00014	 0.00694	 0.01132	 0.00000	 0.00001	 0.01023	 0.00000		169.906084	-4479.342935
216216	 0.00023	 0.00020	 0.00671	 0.01084	 0.00000	 0.00001	 0.00825	 0.00000		168.332467	-4644.732628
217217	 0.00009	 0.00008	 0.00572	 0.00996	 0.00000	 0.00000	 0.00952	 0.00000		171.780895	-4575.134221
218218	 0.00004	 0.00006	 0.00691	 0.01160	 0.00000	 0.00000	 0.00932	 0.00000		171.396959	-4608.413605
219219	 0.00002	 0.00004	 0.00545	 0.01195	 0.00000	 0.00000	 0.00936	 0.00000		175.155527	-4588.931516
220220	 0.00003	 0.00005	 0.00770	 0.00919	 0.00000	 0.00000	 0.00905	 0.00000		166.091152	-4595.885645
221221	 0.00002	 0.00004	 0.00633	 0.01115	 0.00000	 0.00000	 0.00951	 0.00000		170.731146	-4600.531741
222222	 0.00003	 0.00036	 0.00522	 0.01005	 0.00000	 0.00000	 0.00918	 0.00000		158.661346	-4552.596138
223223	 0.00003	 0.00011	 0.00718	 0.01017	 0.00000	 0.00000	 0.00896	 0.00000		158.640188	-4538.231340
224224	 0.00008	 0.00008	 0.00599	 0.01149	 0.00000	 0.00000	 0.00905	 0.00000		162.207299	-4618.437347
225225	 0.00029	 0.00033	 0.00503	 0.01165	 0.00000	 0.00002	 0.00953	 0.00000		159.166411	-4575.295565
226226	 0.00015	 0.00018	 0.00588	 0.01137	 0.00000	 0.00001	 0.00823	 0.00000		166.455141	-4591.433485
227227	 0.00004	 0.00008	 0.00696	 0.00980	 0.00000	 0.00000	 0.00856	 0.00000		169.101050	-4649.769740
228228	 0.00007	 0.00028	 0.00709	 0.01065	 0.00000	 0.00000	 0.00985	 0.00000		160.367918	-4679.401983
229229	 0.00020	 0.00008	 0.00583	 0.00987	 0.00000	 0.00001	 0.01006	 0.00000		161.650898	-4540.956824
230230	 0.00010	 0.00009	 0.00540	 0.01147	 0.00000	 0.00000	 0.00994	 0.00000		161.643692	-4577.835638
231231	 0.00032	 0.00014	 0.00618	 0.01023	 0.00000	 0.00001	 0.01104	 0.00000		162.942299	-4475.976250
232232	 0.00007	 0.00010	 0.00577	 0.01167	 0.00000	 0.00000	 0.00892	 0.00000		167.221277	-4637.430597
233233	 0.00004	 0.00021	 0.00566	 0.01103	 0.00000	 0.00000	 0.00916	 0.00000		161.625837	-4609.561451
234234	 0.00004	 0.00013	 0.00640	 0.01074	 0.00000	 0.00000	 0.01025	 0.00000		160.363797	-4546.363670
235235	 0.00006	 0.00004	 0.00604	 0.01050	 0.00000	 0.00000	 0.01029	 0.00000		169.163433	-4489.755465
236236	 0.00009	 0.00004	 0.00645	 0.01024	 0.00000	 0.00000	 0.00857	 0.00000		170.222054	-4621.305636
237237	 0.00004	 0.00010	 0.00635	 0.01137	 0.00000	 0.00000	 0.00933	 0.00000		158.550611	-4533.177429
238238	 0.00003	 0.00003	 0.00515	 0.01131	 0.00000	 0.00000	 0.01043	 0.00000		169.230966	-4595.363196
239239	 0.00001	 0.00006	 0.00684	 0.01082	 0.00000	 0.00000	 0.00858	 0.00000		170.175579	-4606.862942
240240	 0.00002	 0.00008	 0.00539	 0.01002	 0.00000	 0.00000	 0.00925	 0.00000		171.284208	-4537.459502
241241	 0.00003	 0.00016	 0.00574	 0.01078	 0.00000	 0.00000	 0.00966	 0.00000		164.197664	-4500.025402
242242	 0.00006	 0.00008	 0.00735	 0.00995	 0.00000	 0.00000	 0.00977	 0.00000		163.433872	-4526.527974
243243	 0.00002	 0.00007	 0.00552	 0.01196	 0.00000	 0.00000	 0.00972	 0.00000		173.526840	-4561.340872
244244	 0.00003	 0.00008	 0.00511	 0.01103	 0.00000	 0.00000	 0.00990	 0.00000		166.482174	-4621.511197
245245	 0.00005	 0.00003	 0.00543	 0.01197	 0.00000	 0.00000	 0.00977	 0.00000		171.737937	-4561.218181
246246	 0.00004	 0.00008	 0.00697	 0.01047	 0.00000	 0.00000	 0.00868	 0.00000		171.070320	-4550.697222
247247	 0.00003	 0.00004	 0.00688	 0.01108	 0.00000	 0.00000	 0.01057	 0.00000		176.562452	-4464.560526
248248	 0.00006	 0.00016	 0.00605	 0.01042	 0.00000	 0.00000	 0.00936	 0.00000		154.827278	-4632.297743
249249	 0.00009	 0.00013	 0.00666	 0.01025	 0.00000	 0.00001	 0.00900	 0.00000		169.410500	-4599.848972
250250	 0.00015	 0.00020	 0.00599	 0.01080	 0.00000	 0.00001	 0.01029	 0.00000		160.095085	-4500.294659
251251	 0.00007	 0.00008	 0.00752	 0.01151	 0.00000	 0.00000	 0.01013	 0.00000		169.584053	-4472.342098
252252	 0.00010	 0.00013	 0.00674	 0.01064	 0.00000	 0.00000	 0.00962	 0.00000		161.785010	-4485.589456
253253	 0.00006	 0.00004	 0.00655	 0.01148	 0.00000	 0.00000	 0.00915	 0.00000		173.921290	-4534.014570
254254	 0.00011	 0.00007	 0.00659	 0.00967	 0.00000	 0.00000	 0.00974	 0.00000		169.318534	-4612.838009
255255	 0.00019	 0.00006	 0.00616	 0.01027	 0.00000	 0.00001	 0.00907	 0.00000		170.789570	-4599.176504
256256	 0.00009	 0.00013	 0.00522	 0.01068	 0.00000	 0.00000	 0.01001	 0.00000		165.156419	-4509.969912
257257	 0.00011	 0.00009	 0.00614	 0.01075	 0.00000	 0.00000	 0.00891	 0.00000		167.662398	-4566.381017
258258	 0.00016	 0.00027	 0.00567	 0.01095	 0.00000	 0.00001	 0.00918	 0.00000		161.635304	-4528.497608
259259	 0.00013	 0.00040	 0.00630	 0.01060	 0.00000	 0.00001	 0.00944	 0.00000		160.296413	-4519.030030
260260	 0.00014	 0.00017	 0.00703	 0.01130	 0.00000	 0.00001	 0.00943	 0.00000		164.890395	-4569.812284
261261	 0.00007	 0.00005	 0.00633	 0.01070	 0.00000	 0.00000	 0.00879	 0.00000		175.221335	-4605.002888
262262	 0.00002	 0.00003	 0.00613	 0.01192	 0.00000	 0.00000	 0.00941	 0.00000		181.041143	-4523.656094
263263	 0.00003	 0.00003	 0.00577	 0.01105	 0.00000	 0.00000	 0.01005	 0.00000		181.490967	-4604.228354
264264	 0.00004	 0.00005	 0.00664	 0.01078	 0.00000	 0.00000	 0.00929	 0.00000		174.242062	-4570.175371
265265	 0.00008	 0.00020	 0.00610	 0.01025	 0.00000	 0.00000	 0.00967	 0.00000		166.438566	-4533.526452
266266	 0.00007	 0.00007	 0.00645	 0.01061	 0.00000	 0.00000	 0.00961	 0.00000		178.217907	-4510.174959
267267	 0.00010	 0.00026	 0.00656	 0.01151	 0.00000	 0.00001	 0.00936	 0.00000		166.196303	-4458.855173
268268	 0.00019	 0.00023	 0.00607	 0.01022	 0.00000	 0.00001	 0.01025	 0.00000		162.425146	-4600.785629
269269	 0.00015	 0.00026	 0.00596	 0.00986	 0.00000	 0.00001	 0.00892	 0.00000		165.262603	-4646.854714
270270	 0.00010	 0.00021	 0.00690	 0.01240	 0.00000	 0.00001	 0.00861	 0.00000		172.661783	-4572.060850
271271	 0.00009	 0.00019	 0.00504	 0.01183	 0.00000	 0.00001	 0.00903	 0.00000		174.875945	-4600.659262
272272	 0.00005	 0.00015	 0.00633	 0.01127	 0.00000	 0.00000	 0.00784	 0.00000		169.190185	-4656.354489
273273	 0.00005	 0.00009	 0.00647	 0.00995	 0.00000	 0.00000	 0.00889	 0.00000		175.788794	-4535.529184
274274	 0.00005	 0.00013	 0.00554	 0.01136	 0.00000	 0.00000	 0.00985	 0.00000		162.834170	-4530.493523
275275	 0.00005	 0.00014	 0.00552	 0.01083	 0.00000	 0.00000	 0.00859	 0.00000		167.734449	-4535.700020
276276	 0.00006	 0.00010	 0.00624	 0.01150	 0.00000	 0.00000	 0.01036	 0.00000		161.141480	-4553.425913
277277	 0.00011	 0.00005	 0.00559	 0.01193	 0.00000	 0.00000	 0.01094	 0.00000		176.341608	-4502.590855
278278	 0.00008	 0.00013	 0.00556	 0.01173	 0.00000	 0.00000	 0.01035	 0.00000		163.546212	-4673.986034
279279	 0.00020	 0.00015	 0.00646	 0.00952	 0.00000	 0.00001	 0.01060	 0.00000		166.360474	-4493.122736
280280	 0.00011	 0.00007	 0.00703	 0.00999	 0.00000	 0.00000	 0.00909	 0.00000		166.156276	-4536.568081
281281	 0.00004	 0.00021	 0.00533	 0.00989	 0.00000	 0.00000	 0.00886	 0.00000		160.365904	-4602.841177
282282	 0.00008	 0.00024	 0.00646	 0.01039	 0.00000	 0.00001	 0.00961	 0.00000		160.177435	-4546.059512
283283	 0.00032	 0.00014	 0.00720	 0.00971	 0.00000	 0.00001	 0.00957	 0.00000		152.695565	-4560.239076
284284	 0.00011	 0.00031	 0.00562	 0.01126	 0.00000	 0.00001	 0.00950	 0.00000		158.821914	-4586.229369
285285	 0.00019	 0.00015	 0.00658	 0.01039	 0.00000	 0.00001	 0.00880	 0.00000		161.204617	-4616.613554
286286	 0.00017	 0.00009	 0.00626	 0.01050	 0.00000	 0.00001	 0.00917	 0.00000		165.222296	-4598.350409
287287	 0.00013	 0.00011	 0.00647	 0.01068	 0.00000	 0.00001	 0.00910	 0.00000		168.757875	-4594.321642
288288	 0.00010	 0.00012	 0.00573	 0.01023	 0.00000	 0.00001	 0.01028	 0.00000		170.392303	-4503.845452
289289	 0.00009	 0.00010	 0.00567	 0.00993	 0.00000	 0.00001	 0.00903	 0.00000		175.457898	-4620.767451
290290	 0.00002	 0.00005	 0.00591	 0.01019	 0.00000	 0.00000	 0.00971	 0.00000		176.680084	-4562.614492
291291	 0.00004	 0.00009	 0.00578	 0.01047	 0.00000	 0.00000	 0.00921	 0.00000		168.324107	-4593.505255
292292	 0.00008	 0.00008	 0.00523	 0.01184	 0.00000	 0.00000	 0.00951	 0.00000		167.092955	-4583.160883
293293	 0.00006	 0.00009	 0.00604	 0.01070	 0.00000	 0.00000	 0.00924	 0.00000		168.323551	-4534.729739
294294	 0.00005	 0.00005	 0.00674	 0.01009	 0.00000	 0.00000	 0.00814	 0.00000		176.779125	-4665.454696
295295	 0.00006	 0.00007	 0.00696	 0.00994	 0.00000	 0.00000	 0.00852	 0.00000		177.482412	-4596.636514
296296	 0.00008	 0.00007	 0.00741	 0.01093	 0.00000	 0.00000	 0.01020	 0.00000		162.082046	-4489.076792
297297	 0.00005	 0.00008	 0.00745	 0.01038	 0.00000	 0.00000	 0.00987	 0.00000		162.447652	-4468.047669
298298	 0.00006	 0.00007	 0.00576	 0.00987	 0.00000	 0.00000	 0.00882	 0.00000		167.250308	-4658.044206
299299	 0.00006	 0.00007	 0.00580	 0.00984	 0.00000	 0.00000	 0.00971	 0.00000		169.775899	-4559.677022
300300	 0.00008	 0.00005	 0.00558	 0.01043	 0.00000	 0.00000	 0.00974	 0.00000		175.249372	-4462.954127
301301	 0.00009	 0.00015	 0.00609	 0.01085	 0.00000	 0.00001	 0.00962	 0.00000		166.505157	-4503.734705
302302	 0.00020	 0.00033	 0.00673	 0.01051	 0.00000	 0.00001	 0.01012	 0.00000		160.203134	-4562.410257
303303	 0.00010	 0.00013	 0.00644	 0.00971	 0.00000	 0.00001	 0.00911	 0.00000		168.055408	-4607.566453
304304	 0.00011	 0.00018	 0.00640	 0.01240	 0.00000	 0.00000	 0.00919	 0.00000		155.802376	-4505.520111
305305	 0.00012	 0.00011	 0.00664	 0.00973	 0.00000	 0.00000	 0.00902	 0.00000		158.839327	-4589.964493
306306	 0.00011	 0.00018	 0.00642	 0.01007	 0.00000	 0.00001	 0.01039	 0.00000		162.304529	-4533.622594
307307	 0.00006	 0.00024	 0.00616	 0.01011	 0.00000	 0.00000	 0.01066	 0.00000		158.937630	-4468.228432
308308	 0.00004	 0.00004	 0.00633	 0.00920	 0.00000	 0.00000	 0.00882	 0.00000		178.544941	-4561.093236
309309	 0.00005	 0.00004	 0.00602	 0.01068	 0.00000	 0.00000	 0.00915	 0.00000		177.377391	-4486.830291
310310	 0.00004	 0.00005	 0.00534	 0.01193	 0.00000	 0.00000	 0.00886	 0.00000		174.715533	-4576.721432
311311	 0.00005	 0.00013	 0.00583	 0.01141	 0.00000	 0.00000	 0.01035	 0.00000		160.761165	-4592.787279
312312	 0.00003	 0.00005	 0.00702	 0.01024	 0.00000	 0.00000	 0.01062	 0.00000		165.918649	-4545.719426
313313	 0.00003	 0.00004	 0.00702	 0.01267	 0.00000	 0.00000	 0.01003	 0.00000		175.238082	-4557.951228
314314	 0.00005	 0.00012	 0.00668	 0.00970	 0.00000	 0.00000	 0.00944	 0.00000		167.015027	-4604.580197
315315	 0.00017	 0.00012	 0.00672	 0.01057	 0.00000	 0.00001	 0.00888	 0.00000		163.314968	-4581.432796
316316	 0.00003	 0.00007	 0.00619	 0.01091	 0.00000	 0.00000	 0.00941	 0.00000		168.590625	-4494.536540
317317	 0.00005	 0.00008	 0.00659	 0.01035	 0.00000	 0.00000	 0.00848	 0.00000		164.436592	-4625.667545
318318	 0.00008	 0.00007	 0.00561	 0.00977	 0.00000	 0.00000	 0.00977	 0.00000		171.962360	-4551.558999
319319	 0.00004	 0.00005	 0.00711	 0.00994	 0.00000	 0.00000	 0.00829	 0.00000		174.783847	-4469.193701
320320	 0.00004	 0.00007	 0.00647	 0.01147	 0.00000	 0.00000	 0.00962	 0.00000		163.109005	-4518.653406
321321	 0.00017	 0.00010	 0.00680	 0.01053	 0.00000	 0.00001	 0.00848	 0.00000		166.837199	-4502.368125
322322	 0.00024	 0.00020	 0.00647	 0.01161	 0.00000	 0.00001	 0.01008	 0.00000		152.800407	-4518.423360
323323	 0.00007	 0.00009	 0.00673	 0.01239	 0.00000	 0.00000	 0.01029	 0.00000		160.346070	-4519.270044
324324	 0.00005	 0.00008	 0.00669	 0.01044	 0.00000	 0.00000	 0.01020	 0.00000		162.743135	-4593.819864
325325	 0.00012	 0.00012	 0.00580	 0.01072	 0.00000	 0.00001	 0.00990	 0.00000		158.495111	-4506.914314
326326	 0.00028	 0.00018	 0.00591	 0.01129	 0.00001	 0.00001	 0.01066	 0.00000		149.590743	-4551.703220
327327	 0.00024	 0.00012	 0.00610	 0.01207	 0.00000	 0.00001	 0.00913	 0.00000		157.697654	-4518.845943
328328	 0.00007	 0.00022	 0.00735	 0.01068	 0.00000	 0.00000	 0.00971	 0.00000		154.458532	-4567.587523
329329	 0.00010	 0.00006	 0.00645	 0.00966	 0.00000	 0.00000	 0.00873	 0.00000		169.997029	-4602.703439
330330	 0.00011	 0.00025	 0.00649	 0.01041	 0.00000	 0.00001	 0.00889	 0.00000		154.970370	-4546.115274
331331	 0.00013	 0.00016	 0.00716	 0.00974	 0.00000	 0.00001	 0.00984	 0.00000		157.417854	-4524.076919
332332	 0.00021	 0.00029	 0.00641	 0.01053	 0.00005	 0.00001	 0.00910	 0.00000		148.721777	-4553.154537
333333	 0.00007	 0.00008	 0.00766	 0.01030	 0.00004	 0.00000	 0.00919	 0.00000		159.753943	-4543.156681
334334	 0.00004	 0.00009	 0.00596	 0.00981	 0.00004	 0.00000	 0.00934	 0.00000		157.444168	-4612.472946
335335	 0.00011	 0.00020	 0.00643	 0.01069	 0.00013	 0.00001	 0.00967	 0.00000		154.193071	-4577.289051
336336	 0.00005	 0.00013	 0.00508	 0.01016	 0.00004	 0.00000	 0.00826	 0.00000		163.548957	-4704.785368
337337	 0.00005	 0.00016	 0.00526	 0.01166	 0.00007	 0.00000	 0.00886	 0.00000		155.539016	-4563.323191
338338	 0.00014	 0.00016	 0.00622	 0.00977	 0.00004	 0.00001	 0.01051	 0.00000		154.863036	-4543.507891
339339	 0.00012	 0.00019	 0.00617	 0.01101	 0.00005	 0.00001	 0.01121	 0.00000		153.625319	-4527.022228
340340	 0.00013	 0.00015	 0.00614	 0.01035	 0.00001	 0.00001	 0.00918	 0.00000		158.454103	-4556.268203
341341	 0.00007	 0.00010	 0.00664	 0.01066	 0.00001	 0.00000	 0.00940	 0.00000		158.762283	-4582.887381
342342	 0.00005	 0.00011	 0.00633	 0.01111	 0.00000	 0.00000	 0.00925	 0.00000		162.767612	-4483.707093
343343	 0.00007	 0.00007	 0.00534	 0.01152	 0.00000	 0.00000	 0.00991	 0.00000		165.005609	-4550.662935
344344	 0.00008	 0.00021	 0.00634	 0.01185	 0.00000	 0.00000	 0.01004	 0.00000		160.186331	-4497.673879
345345	 0.00005	 0.00003	 0.00736	 0.01096	 0.00000	 0.00000	 0.00974	 0.00000		177.051271	-4496.499270
346346	 0.00007	 0.00014	 0.00756	 0.01021	 0.00000	 0.00000	 0.01107	 0.00000		152.275548	-4493.239441
347347	 0.00005	 0.00007	 0.00713	 0.01155	 0.00000	 0.00000	 0.00946	 0.00000		168.479230	-4592.933227
348348	 0.00010	 0.00009	 0.00528	 0.01158	 0.00000	 0.00000	 0.00925	 0.00000		163.205401	-4589.097830
349349	 0.00005	 0.00008	 0.00708	 0.00962	 0.00000	 0.00000	 0.00986	 0.00000		162.773289	-4598.327762
350350	 0.00009	 0.00011	 0.00641	 0.01134	 0.00000	 0.00000	 0.00920	 0.00000		166.281134	-4502.879563
351351	 0.00007	 0.00025	 0.00664	 0.01027	 0.00000	 0.00001	 0.00963	 0.00000		162.334167	-4517.319272
352352	 0.00010	 0.00012	 0.00522	 0.00965	 0.00000	 0.00000	 0.01079	 0.00000		159.048152	-4572.533506
353353	 0.00011	 0.00007	 0.00598	 0.01208	 0.00000	 0.00000	 0.00879	 0.00000		166.746922	-4494.359290
354354	 0.00017	 0.00017	 0.00632	 0.01024	 0.00000	 0.00001	 0.00943	 0.00000		160.488547	-4557.916224
355355	 0.00024	 0.00034	 0.00539	 0.01109	 0.00000	 0.00002	 0.00901	 0.00000		163.430240	-4596.345868
356356	 0.00027	 0.00029	 0.00538	 0.01088	 0.00000	 0.00002	 0.00923	 0.00000		166.212625	-4538.990782
357357	 0.00004	 0.00008	 0.00501	 0.01149	 0.00000	 0.00000	 0.00845	 0.00000		174.174183	-4567.627516
358358	 0.00005	 0.00004	 0.00692	 0.01088	 0.00000	 0.00000	 0.00960	 0.00000		175.321996	-4546.809152
359359	 0.00003	 0.00024	 0.00667	 0.00947	 0.00000	 0.00000	 0.00844	 0.00000		174.999768	-4497.816503
360360	 0.00012	 0.00014	 0.00611	 0.01006	 0.00000	 0.00001	 0.00935	 0.00000		171.539254	-4593.601486
361361	 0.00017	 0.00013	 0.00730	 0.01106	 0.00000	 0.00001	 0.01081	 0.00000		157.551455	-4520.382592
362362	 0.00004	 0.00016	 0.00641	 0.01077	 0.00000	 0.00000	 0.00976	 0.00000		161.537802	-4586.297059
363363	 0.00004	 0.00013	 0.00528	 0.01097	 0.00000	 0.00000	 0.00982	 0.00000		167.326613	-4625.472348
364364	 0.00005	 0.00017	 0.00640	 0.01162	 0.00000	 0.00000	 0.01046	 0.00000		168.802716	-4500.688620
365365	 0.00006	 0.00008	 0.00529	 0.01055	 0.00000	 0.00000	 0.00958	 0.00000		173.380537	-4555.107178
366366	 0.00006	 0.00005	 0.00719	 0.01063	 0.00000	 0.00000	 0.00892	 0.00000		170.373382	-4500.677155
367367	 0.00006	 0.00021	 0.00585	 0.01110	 0.00000	 0.00000	 0.00933	 0.00000		166.726435	-4563.929017
368368	 0.00006	 0.00006	 0.00569	 0.01090	 0.00000	 0.00000	 0.01097	 0.00000		175.037486	-4562.066928
369369	 0.00009	 0.00015	 0.00528	 0.01223	 0.00000	 0.00000	 0.00887	 0.00000		163.434135	-4534.437864
370370	 0.00012	 0.00016	 0.00613	 0.01051	 0.00000	 0.00001	 0.00922	 0.00000		162.785651	-4655.128485
371371	 0.00032	 0.00020	 0.00725	 0.01091	 0.00000	 0.00002	 0.00982	 0.00000		164.356012	-4529.930992
372372	 0.00020	 0.00016	 0.00698	 0.01100	 0.00000	 0.00001	 0.00990	 0.00000		164.088397	-4445.065934
373373	 0.00012	 0.00015	 0.00544	 0.01039	 0.00000	 0.00001	 0.00941	 0.00000		167.181019	-4564.712097
374374	 0.00014	 0.00022	 0.00629	 0.01106	 0.00000	 0.00001	 0.00919	 0.00000		166.419914	-4562.302744
375375	 0.00007	 0.00011	 0.00580	 0.00972	 0.00000	 0.00000	 0.00962	 0.00000		163.314788	-4601.027018
376376	 0.00009	 0.00009	 0.00655	 0.01025	 0.00000	 0.00000	 0.00953	 0.00000		165.710638	-4548.398060
377377	 0.00014	 0.00006	 0.00784	 0.01009	 0.00000	 0.00000	 0.00893	 0.00000		171.140386	-4586.392280
378378	 0.00007	 0.00005	 0.00609	 0.01164	 0.00000	 0.00000	 0.01008	 0.00000		170.780205	-4478.408898
379379	 0.00003	 0.00005	 0.00617	 0.01155	 0.00000	 0.00000	 0.00957	 0.00000		177.061565	-4491.709055
380380	 0.00006	 0.00006	 0.00689	 0.00943	 0.00000	 0.00000	 0.00915	 0.00000		168.371027	-4571.445120
381381	 0.00004	 0.00007	 0.00708	 0.00973	 0.00000	 0.00000	 0.00953	 0.00000		165.653211	-4530.527967
382382	 0.00009	 0.00013	 0.00617	 0.01064	 0.00000	 0.00001	 0.00977	 0.00000		166.784235	-4544.803394
383383	 0.00004	 0.00014	 0.00638	 0.01008	 0.00000	 0.00000	 0.01051	 0.00000		168.116622	-4522.427778
384384	 0.00004	 0.00004	 0.00622	 0.01057	 0.00000	 0.00000	 0.01011	 0.00000		177.988218	-4587.166363
385385	 0.00004	 0.00005	 0.00593	 0.00976	 0.00000	 0.00000	 0.00920	 0.00000		170.664635	-4576.417857
386386	 0.00007	 0.00007	 0.00608	 0.01144	 0.00000	 0.00000	 0.00946	 0.00000		166.896378	-4525.860628
387387	 0.00009	 0.00014	 0.00572	 0.01013	 0.00000	 0.00001	 0.01038	 0.00000		163.240337	-4542.013511
388388	 0.00007	 0.00011	 0.00634	 0.00959	 0.00000	 0.00000	 0.00946	 0.00000		165.746431	-4681.569696
389389	 0.00021	 0.00007	 0.00692	 0.01067	 0.00000	 0.00001	 0.00997	 0.00000		165.243939	-4539.219413
390390	 0.00004	 0.00004	 0.00680	 0.01003	 0.00000	 0.00000	 0.00968	 0.00000		174.668596	-4485.640660
391391	 0.00002	 0.00017	 0.00778	 0.01047	 0.00000	 0.00000	 0.01046	 0.00000		164.069582	-4588.482524
392392	 0.00003	 0.00007	 0.00613	 0.00986	 0.00000	 0.00000	 0.00909	 0.00000		166.882308	-4569.163322
393393	 0.00009	 0.00018	 0.00589	 0.01133	 0.00000	 0.00000	 0.00904	 0.00000		162.293621	-4543.499939
394394	 0.00007	 0.00009	 0.00611	 0.01091	 0.00000	 0.00000	 0.00862	 0.00000		174.924827	-4582.720938
395395	 0.00006	 0.00005	 0.00605	 0.01018	 0.00000	 0.00000	 0.00915	 0.00000		179.400775	-4538.231351
396396	 0.00011	 0.00012	 0.00578	 0.01008	 0.00000	 0.00001	 0.00937	 0.00000		172.681306	-4546.839187
397397	 0.00014	 0.00016	 0.00609	 0.01079	 0.00000	 0.00001	 0.00960	 0.00000		172.096048	-4479.905410
398398	 0.00010	 0.00012	 0.00673	 0.00931	 0.00000	 0.00001	 0.00886	 0.00000		177.168691	-4590.237500
399399	 0.00019	 0.00021	 0.00583	 0.01112	 0.00000	 0.00001	 0.00990	 0.00000		173.193209	-4468.883279
400400	 0.00009	 0.00012	 0.00602	 0.01120	 0.00000	 0.00001	 0.01018	 0.00000		170.605764	-4538.746802
401401	 0.00003	 0.00008	 0.00682	 0.01032	 0.00000	 0.00000	 0.01039	 0.00000		169.488658	-4568.949344
402402	 0.00002	 0.00015	 0.00736	 0.01062	 0.00000	 0.00000	 0.00900	 0.00000		178.689231	-4543.061601
403403	 0.00006	 0.00010	 0.00588	 0.01009	 0.00000	 0.00000	 0.01024	 0.00000		163.610170	-4552.080978
404404	 0.00003	 0.00003	 0.00654	 0.01057	 0.00000	 0.00000	 0.00876	 0.00000		187.148700	-4615.696848
405405	 0.00009	 0.00008	 0.00687	 0.01038	 0.00000	 0.00000	 0.00984	 0.00000		166.353996	-4511.637328
406406	 0.00009	 0.00014	 0.00694	 0.01113	 0.00000	 0.00001	 0.00833	 0.00000		177.106315	-4492.386330
407407	 0.00022	 0.00020	 0.00682	 0.00961	 0.00000	 0.00001	 0.00933	 0.00000		155.288760	-4611.369612
408408	 0.00017	 0.00030	 0.00553	 0.01145	 0.00000	 0.00001	 0.00955	 0.00000		161.973095	-4494.231176
409409	 0.00018	 0.00029	 0.00673	 0.01079	 0.00000	 0.00002	 0.00978	 0.00000		166.379108	-4582.877736
410410	 0.00011	 0.00012	 0.00507	 0.01172	 0.00000	 0.00001	 0.01086	 0.00000		168.658519	-4542.805960
411411	 0.00008	 0.00007	 0.00684	 0.00958	 0.00000	 0.00000	 0.00948	 0.00000		163.882737	-4539.091291
412412	 0.00014	 0.00034	 0.00629	 0.01085	 0.00000	 0.00001	 0.00893	 0.00000		161.823723	-4644.747643
413413	 0.00016	 0.00009	 0.00586	 0.01050	 0.00000	 0.00000	 0.00919	 0.00000		166.422955	-4584.308119
414414	 0.00011	 0.00018	 0.00770	 0.01068	 0.00000	 0.00000	 0.00872	 0.00000		161.449936	-4540.641902
415415	 0.00009	 0.00010	 0.00748	 0.01074	 0.00000	 0.00001	 0.00949	 0.00000		175.035141	-4566.694849
416416	 0.00015	 0.00014	 0.00574	 0.01159	 0.00000	 0.00001	 0.01039	 0.00000		168.153203	-4574.784784
417417	 0.00011	 0.00022	 0.00701	 0.00920	 0.00000	 0.00001	 0.00888	 0.00000		164.002771	-4579.795852
418418	 0.00006	 0.00035	 0.00651	 0.01018	 0.00000	 0.00001	 0.00860	 0.00000		174.787631	-4584.238126
419419	 0.00005	 0.00015	 0.00666	 0.01106	 0.00000	 0.00000	 0.00836	 0.00000		177.586698	-4588.029918
420420	 0.00017	 0.00015	 0.00627	 0.01088	 0.00000	 0.00001	 0.01064	 0.00000		160.480299	-4538.143177
421421	 0.00007	 0.00016	 0.00612	 0.01044	 0.00000	 0.00000	 0.00784	 0.00000		177.135000	-4665.236906
422422	 0.00017	 0.00012	 0.00612	 0.01081	 0.00000	 0.00001	 0.01001	 0.00000		173.142497	-4572.730036
423423	 0.00009	 0.00023	 0.00692	 0.01034	 0.00000	 0.00001	 0.00841	 0.00000		175.819723	-4540.352821
424424	 0.00023	 0.00012	 0.00492	 0.01080	 0.00000	 0.00001	 0.01067	 0.00000		172.620460	-4586.249478
425425	 0.00013	 0.00011	 0.00668	 0.01146	 0.00000	 0.00001	 0.00827	 0.00000		173.754652	-4606.928967
426426	 0.00010	 0.00011	 0.00646	 0.00973	 0.00000	 0.00000	 0.01015	 0.00000		168.204012	-4520.293655
427427	 0.00006	 0.00007	 0.00636	 0.01070	 0.00000	 0.00000	 0.01060	 0.00000		169.291445	-4502.875260
428428	 0.00006	 0.00008	 0.00749	 0.00977	 0.00000	 0.00000	 0.01013	 0.00000		170.108912	-4561.482664
429429	 0.00011	 0.00007	 0.00642	 0.01113	 0.00000	 0.00000	 0.00965	 0.00000		165.875515	-4520.897389
430430	 0.00007	 0.00015	 0.00666	 0.01093	 0.00000	 0.00000	 0.01103	 0.00000		160.985039	-4546.344147
431431	 0.00006	 0.00006	 0.00562	 0.01107	 0.00000	 0.00000	 0.00885	 0.00000		169.397497	-4545.235258
432432	 0.00003	 0.00004	 0.00631	 0.01030	 0.00000	 0.00000	 0.01012	 0.00000		176.421108	-4539.605479
433433	 0.00006	 0.00011	 0.00662	 0.01105	 0.00000	 0.00000	 0.00923	 0.00000		157.492908	-4571.334141
434434	 0.00003	 0.00005	 0.00714	 0.01055	 0.00000	 0.00000	 0.00964	 0.00000		175.335196	-4559.811023
435435	 0.00005	 0.00007	 0.00582	 0.01087	 0.00000	 0.00000	 0.01009	 0.00000		162.364748	-4531.735313
436436	 0.00003	 0.00007	 0.00631	 0.01086	 0.00000	 0.00000	 0.00914	 0.00000		167.437808	-4493.370874
437437	 0.00013	 0.00009	 0.00607	 0.01114	 0.00000	 0.00000	 0.00948	 0.00000		159.528569	-4518.135850
438438	 0.00007	 0.00006	 0.00713	 0.00980	 0.00000	 0.00000	 0.00918	 0.00000		162.472010	-4626.971980
439439	 0.00013	 0.00009	 0.00732	 0.01092	 0.00000	 0.00000	 0.00948	 0.00000		162.039348	-4475.465690
440440	 0.00004	 0.00007	 0.00605	 0.00922	 0.00000	 0.00000	 0.01059	 0.00000		169.242537	-4542.811448
441441	 0.00014	 0.00020	 0.00558	 0.01144	 0.00000	 0.00001	 0.01037	 0.00000		159.942452	-4543.586969
442442	 0.00007	 0.00012	 0.00540	 0.00984	 0.00000	 0.00000	 0.01046	 0.00000		170.495133	-4618.634282
443443	 0.00011	 0.00009	 0.00652	 0.01014	 0.00000	 0.00000	 0.00954	 0.00000		164.255336	-4538.569494
444444	 0.00034	 0.00012	 0.00601	 0.00956	 0.00000	 0.00001	 0.00973	 0.00000		162.362488	-4601.720422
445445	 0.00007	 0.00011	 0.00616	 0.01026	 0.00000	 0.00000	 0.00909	 0.00000		167.697919	-4598.857833
446446	 0.00006	 0.00012	 0.00615	 0.01084	 0.00000	 0.00000	 0.00956	 0.00000		166.780483	-4551.101097
447447	 0.00013	 0.00010	 0.00707	 0.01073	 0.00000	 0.00000	 0.01008	 0.00000		162.868008	-4541.854248
448448	 0.00008	 0.00033	 0.00655	 0.01034	 0.00000	 0.00001	 0.00959	 0.00000		162.244990	-4546.352287
449449	 0.00008	 0.00004	 0.00633	 0.01046	 0.00000	 0.00000	 0.00838	 0.00000		179.878012	-4563.788128
450450	 0.00030	 0.00033	 0.00582	 0.01132	 0.00000	 0.00002	 0.00906	 0.00000		163.093368	-4569.608438
451451	 0.00021	 0.00022	 0.00610	 0.00892	 0.00000	 0.00001	 0.00906	 0.00000		163.472422	-4608.139653
452452	 0.00020	 0.00033	 0.00577	 0.01140	 0.00000	 0.00001	 0.00882	 0.00000		163.522890	-4596.407364
453453	 0.00012	 0.00038	 0.00649	 0.01017	 0.00000	 0.00001	 0.01072	 0.00000		157.827512	-4527.769951
454454	 0.00007	 0.00005	 0.00658	 0.00937	 0.00000	 0.00000	 0.00940	 0.00000		172.028470	-4540.608024
455455	 0.00008	 0.00008	 0.00597	 0.01209	 0.00000	 0.00000	 0.00911	 0.00000		171.976357	-4611.671350
456456	 0.00012	 0.00014	 0.00602	 0.01039	 0.00000	 0.00001	 0.01130	 0.00000		163.513817	-4470.658962
457457	 0.00012	 0.00014	 0.00637	 0.01036	 0.00000	 0.00001	 0.00927	 0.00000		166.671716	-4577.992024
458458	 0.00009	 0.00009	 0.00582	 0.01100	 0.00000	 0.00000	 0.00896	 0.00000		170.704965	-4589.601793
459459	 0.00012	 0.00013	 0.00618	 0.00971	 0.00000	 0.00000	 0.00961	 0.00000		160.232205	-4586.642543
460460	 0.00006	 0.00011	 0.00681	 0.00901	 0.00000	 0.00000	 0.00996	 0.00000		171.414098	-4553.594623
461461	 0.00005	 0.00020	 0.00714	 0.01145	 0.00000	 0.00000	 0.00892	 0.00000		167.194998	-4614.541728
462462	 0.00005	 0.00005	 0.00613	 0.01060	 0.00000	 0.00000	 0.00999	 0.00000		168.735784	-4559.653804
463463	 0.00005	 0.00003	 0.00579	 0.01036	 0.00000	 0.00000	 0.00966	 0.00000		172.379137	-4585.918225
464464	 0.00007	 0.00005	 0.00531	 0.01097	 0.00000	 0.00000	 0.00990	 0.00000		169.736947	-4563.583569
465465	 0.00016	 0.00021	 0.00581	 0.01140	 0.00000	 0.00001	 0.00880	 0.00000		161.193290	-4662.897484
466466	 0.00014	 0.00015	 0.00624	 0.01033	 0.00000	 0.00001	 0.00971	 0.00000		162.932786	-4516.842350
467467	 0.00008	 0.00009	 0.00603	 0.00927	 0.00000	 0.00000	 0.01029	 0.00000		163.957320	-4562.783077
468468	 0.00012	 0.00008	 0.00616	 0.01038	 0.00000	 0.00001	 0.01011	 0.00000		170.865860	-4563.067407
469469	 0.00014	 0.00016	 0.00564	 0.01124	 0.00000	 0.00001	 0.00918	 0.00000		166.560423	-4554.705242
470470	 0.00022	 0.00033	 0.00601	 0.00929	 0.00000	 0.00001	 0.00915	 0.00000		158.508201	-4607.338598
471471	 0.00016	 0.00019	 0.00549	 0.00996	 0.00000	 0.00001	 0.01018	 0.00000		166.753157	-4545.292390
472472	 0.00018	 0.00016	 0.00705	 0.00915	 0.00000	 0.00001	 0.00929	 0.00000		166.138136	-4544.580155
473473	 0.00008	 0.00019	 0.00623	 0.01009	 0.00000	 0.00001	 0.00991	 0.00000		165.072042	-4589.203708
474474	 0.00013	 0.00020	 0.00651	 0.00980	 0.00000	 0.00001	 0.00951	 0.00000		163.704321	-4548.045231
475475	 0.00016	 0.00024	 0.00714	 0.00950	 0.00000	 0.00001	 0.00987	 0.00000		162.801285	-4687.227379
476476	 0.00026	 0.00018	 0.00610	 0.01094	 0.00000	 0.00001	 0.00951	 0.00000		166.025829	-4662.585031
477477	 0.00021	 0.00013	 0.00534	 0.01224	 0.00000	 0.00001	 0.00948	 0.00000		172.419066	-4534.534617
478478	 0.00021	 0.00021	 0.00625	 0.01009	 0.00000	 0.00001	 0.00781	 0.00000		170.514264	-4635.958034
479479	 0.00013	 0.00022	 0.00514	 0.01207	 0.00000	 0.00001	 0.00994	 0.00000		164.155372	-4581.536466
480480	 0.00019	 0.00011	 0.00486	 0.01214	 0.00000	 0.00001	 0.00961	 0.00000		172.142233	-4522.724482
481481	 0.00010	 0.00018	 0.00526	 0.01110	 0.00000	 0.00001	 0.00941	 0.00000		173.113521	-4508.739047
482482	 0.00021	 0.00027	 0.00831	 0.00748	 0.00000	 0.00001	 0.00841	 0.00000		163.077905	-4633.061726
483483	 0.00033	 0.00030	 0.00607	 0.01137	 0.00000	 0.00001	 0.00935	 0.00000		156.327473	-4547.371385
484484	 0.00078	 0.00029	 0.00617	 0.01161	 0.00000	 0.00002	 0.00901	 0.00000		155.712034	-4710.075595
485485	 0.00013	 0.00008	 0.00675	 0.00986	 0.00000	 0.00000	 0.00988	 0.00000		167.252318	-4536.645265
486486	 0.00006	 0.00007	 0.00569	 0.01013	 0.00000	 0.00000	 0.00912	 0.00000		173.643656	-4586.362202
487487	 0.00011	 0.00013	 0.00635	 0.01020	 0.00000	 0.00001	 0.00971	 0.00000		160.654269	-4602.626303
488488	 0.00010	 0.00004	 0.00545	 0.01011	 0.00000	 0.00000	 0.00968	 0.00000		168.661468	-4566.540199
489489	 0.00002	 0.00003	 0.00701	 0.01079	 0.00000	 0.00000	 0.01027	 0.00000		177.433744	-4485.224135
490490	 0.00002	 0.00004	 0.00592	 0.01053	 0.00000	 0.00000	 0.00937	 0.00000		172.615113	-4574.410827
491491	 0.00004	 0.00004	 0.00543	 0.01070	 0.00000	 0.00000	 0.00956	 0.00000		170.144357	-4505.848317
492492	 0.00002	 0.00003	 0.00478	 0.01135	 0.00000	 0.00000	 0.00984	 0.00000		177.172550	-4532.309345
493493	 0.00007	 0.00003	 0.00586	 0.01199	 0.00000	 0.00000	 0.00902	 0.00000		171.982949	-4535.414671
494494	 0.00015	 0.00013	 0.00650	 0.01013	 0.00000	 0.00001	 0.01042	 0.00000		162.845492	-4508.289474
495495	 0.00006	 0.00019	 0.00646	 0.00958	 0.00000	 0.00000	 0.00958	 0.00000		165.344297	-4555.224601
496496	 0.00004	 0.00009	 0.00548	 0.01093	 0.00000	 0.00000	 0.00942	 0.00000		166.715098	-4660.194899
497497	 0.00003	 0.00010	 0.00595	 0.01018	 0.00000	 0.00000	 0.00927	 0.00000		173.706283	-4537.556924
498498	 0.00008	 0.00011	 0.00698	 0.01041	 0.00000	 0.00000	 0.01016	 0.00000		165.693610	-4509.643200
499499	 0.00004	 0.00022	 0.00675	 0.01020	 0.00000	 0.00000	 0.00912	 0.00000		166.963443	-4521.848577
500500	 0.00012	 0.00017	 0.00629	 0.00757	 0.00000	 0.00001	 0.00914	152.44040		175.631000	-3992.834066
501501	 0.00015	 0.00017	 0.00605	 0.00615	 0.00000	 0.00001	 0.01007	123.17330		171.888068	-3919.587144
502502	 0.00016	 0.00022	 0.00599	 0.00610	 0.00000	 0.00001	 0.00980	121.14232		168.399222	-3949.821746
503503	 0.00029	 0.00016	 0.00647	 0.00642	 0.00000	 0.00001	 0.01019	96.23591		167.885628	-3972.666887
504504	 0.00009	 0.00010	 0.00535	 0.00787	 0.00000	 0.00001	 0.00878	101.99159		180.286466	-3922.484520
505505	 0.00041	 0.00007	 0.00600	 0.00691	 0.00000	 0.00001	 0.00879	92.12136		169.845557	-3923.562461
506506	 0.00009	 0.00010	 0.00582	 0.00727	 0.00000	 0.00001	 0.01018	95.57462		174.832863	-3882.185184
507507	 0.00016	 0.00011	 0.00631	 0.00722	 0.00000	 0.00001	 0.00987	106.09707		172.370646	-3968.226825
508508	 0.00018	 0.00010	 0.00694	 0.00563	 0.00000	 0.00001	 0.00973	100.24012		175.071222	-3955.180469
509509	 0.00007	 0.00005	 0.00704	 0.00585	 0.00000	 0.00000	 0.00943	142.35906		183.643779	-3901.914017
510510	 0.00006	 0.00006	 0.00575	 0.00780	 0.00000	 0.00000	 0.00819	109.42751		184.171452	-4030.899740
511511	 0.00010	 0.00006	 0.00661	 0.00746	 0.00000	 0.00000	 0.00933	94.44493		177.983723	-3907.208112
512512	 0.00006	 0.00006	 0.00655	 0.00613	 0.00000	 0.00000	 0.00946	103.51301		177.745071	-3969.877808
513513	 0.00011	 0.00004	 0.00563	 0.00648	 0.00000	 0.00000	 0.01019	122.16162		182.055399	-3924.882138
514514	 0.00008	 0.00006	 0.00610	 0.00815	 0.00000	 0.00000	 0.00828	110.52126		181.709536	-3929.585161
515515	 0.00007	 0.00007	 0.00594	 0.00716	 0.00000	 0.00000	 0.00928	138.45540		181.917197	-3900.486371
516516	 0.00003	 0.00006	 0.00602	 0.00647	 0.00000	 0.00000	 0.00859	133.41243		188.974302	-3986.065887
517517	 0.00018	 0.00010	 0.00622	 0.00765	 0.00000	 0.00001	 0.01007	92.48753		176.694616	-3948.894990
518518	 0.00016	 0.00016	 0.00644	 0.00701	 0.00000	 0.00001	 0.00930	110.06386		178.217336	-3912.507381
519519	 0.00015	 0.00021	 0.00587	 0.00742	 0.00000	 0.00001	 0.00975	130.88994		177.206409	-3953.023749
520520	 0.00014	 0.00011	 0.00617	 0.00718	 0.00000	 0.00001	 0.00968	94.33556		177.341005	-3899.491349
521521	 0.00009	 0.00006	 0.00611	 0.00663	 0.00000	 0.00000	 0.00932	126.97850		188.188445	-3977.625429
522522	 0.00015	 0.00019	 0.00575	 0.00609	 0.00000	 0.00001	 0.00896	121.79207		180.634561	-3962.422635
523523	 0.00014	 0.00017	 0.00537	 0.00656	 0.00000	 0.00001	 0.00958	104.95900		178.815825	-3931.684460
524524	 0.00009	 0.00006	 0.00582	 0.00573	 0.00000	 0.00000	 0.00982	134.85504		184.931209	-4016.634183
525525	 0.00008	 0.00006	 0.00619	 0.00755	 0.00000	 0.00000	 0.00951	85.95091		186.990968	-3965.892214
526526	 0.00011	 0.00005	 0.00650	 0.00581	 0.00000	 0.00001	 0.00932	90.45294		191.554455	-3974.736856
