Sample	theta_WAM	theta_CAM	theta_ATL	theta_AM	theta_root	tau_AM	tau_root	m_ATL->AM	Data-ld-ln	Full-ld-ln
0	 0.00007	 0.00012	 0.00885	 0.01203	 0.00000	 0.00000	 0.00875	 0.00000		167.046293	-5281.087128
1001	 0.00006	 0.00022	 0.00902	 0.01142	 0.00000	 0.00001	 0.00892	 0.00000		172.382352	-5268.014896
2002	 0.00006	 0.00023	 0.00838	 0.01084	 0.00000	 0.00001	 0.00968	 0.00000		170.071354	-5258.291666
3003	 0.00013	 0.00021	 0.00920	 0.01165	 0.00000	 0.00001	 0.00956	 0.00000		166.169605	-5341.739213
4004	 0.00006	 0.00015	 0.00868	 0.01229	 0.00000	 0.00001	 0.01030	 0.00000		167.729976	-5198.932051
5005	 0.00004	 0.00020	 0.00850	 0.01109	 0.00000	 0.00000	 0.00967	 0.00000		166.709455	-5359.998159
6006	 0.00007	 0.00012	 0.00951	 0.01319	 0.00000	 0.00001	 0.01087	 0.00000		172.192796	-5204.064039
7007	 0.00005	 0.00006	 0.01092	 0.01198	 0.00000	 0.00000	 0.01022	 0.00000		175.677448	-5208.628185
8008	 0.00004	 0.00009	 0.00936	 0.01257	 0.00000	 0.00000	 0.00908	 0.00000		169.515301	-5242.462588
9009	 0.00005	 0.00005	 0.00914	 0.01213	 0.00000	 0.00000	 0.01040	 0.00000		173.377383	-5276.480315
10010	 0.00002	 0.00006	 0.00982	 0.01127	 0.00000	 0.00000	 0.01011	 0.00000		178.722596	-5246.784733
11011	 0.00004	 0.00007	 0.00835	 0.01165	 0.00000	 0.00000	 0.00982	 0.00000		182.510130	-5209.710388
12012	 0.00028	 0.00033	 0.00922	 0.01102	 0.00000	 0.00001	 0.01033	 0.00000		158.270870	-5215.385448
13013	 0.00023	 0.00014	 0.00880	 0.01176	 0.00000	 0.00001	 0.01015	 0.00000		169.528984	-5192.301818
14014	 0.00011	 0.00012	 0.00734	 0.01246	 0.00000	 0.00001	 0.00973	 0.00000		168.899416	-5294.925610
15015	 0.00009	 0.00028	 0.00989	 0.01130	 0.00000	 0.00001	 0.01034	 0.00000		166.733808	-5288.932188
16016	 0.00008	 0.00018	 0.00952	 0.01233	 0.00000	 0.00001	 0.01070	 0.00000		171.406879	-5231.981766
17017	 0.00013	 0.00065	 0.00875	 0.01112	 0.00000	 0.00001	 0.01006	 0.00000		163.249487	-5189.610154
18018	 0.00017	 0.00016	 0.00950	 0.01195	 0.00000	 0.00001	 0.01078	 0.00000		172.579832	-5246.156295
19019	 0.00014	 0.00041	 0.00974	 0.01145	 0.00000	 0.00001	 0.00920	 0.00000		167.840492	-5288.205370
20020	 0.00024	 0.00014	 0.00885	 0.01128	 0.00000	 0.00001	 0.00997	 0.00000		168.074887	-5202.606152
21021	 0.00014	 0.00047	 0.00874	 0.01123	 0.00000	 0.00002	 0.00944	 0.00000		169.345249	-5314.175244
22022	 0.00019	 0.00011	 0.00914	 0.01235	 0.00000	 0.00001	 0.00928	 0.00000		172.196887	-5203.038932
23023	 0.00007	 0.00015	 0.00804	 0.01180	 0.00000	 0.00001	 0.00995	 0.00000		168.984108	-5297.045848
24024	 0.00006	 0.00015	 0.01136	 0.01044	 0.00000	 0.00000	 0.00962	 0.00000		162.950641	-5273.637900
25025	 0.00010	 0.00011	 0.00959	 0.01156	 0.00000	 0.00001	 0.01131	 0.00000		163.231300	-5272.976894
26026	 0.00009	 0.00012	 0.01101	 0.01101	 0.00000	 0.00001	 0.00959	 0.00000		161.096588	-5197.404183
27027	 0.00005	 0.00021	 0.00891	 0.01106	 0.00000	 0.00000	 0.00959	 0.00000		160.207984	-5225.760134
28028	 0.00014	 0.00025	 0.00926	 0.01250	 0.00000	 0.00001	 0.00928	 0.00000		154.136515	-5371.838475
29029	 0.00015	 0.00024	 0.00903	 0.01161	 0.00000	 0.00001	 0.01077	 0.00000		158.353999	-5176.857883
30030	 0.00012	 0.00015	 0.00845	 0.01301	 0.00000	 0.00001	 0.00965	 0.00000		158.653528	-5232.938864
31031	 0.00005	 0.00024	 0.00848	 0.01233	 0.00000	 0.00001	 0.00915	 0.00000		160.842983	-5338.863475
32032	 0.00007	 0.00014	 0.00960	 0.01361	 0.00000	 0.00001	 0.00968	 0.00000		158.614271	-5207.239796
33033	 0.00011	 0.00011	 0.01020	 0.01103	 0.00000	 0.00001	 0.00906	 0.00000		163.294319	-5329.739314
34034	 0.00008	 0.00026	 0.00889	 0.01084	 0.00000	 0.00001	 0.01102	 0.00000		159.342221	-5196.034208
35035	 0.00003	 0.00015	 0.00879	 0.01039	 0.00000	 0.00000	 0.01053	 0.00000		170.700065	-5312.217952
36036	 0.00003	 0.00012	 0.01080	 0.00985	 0.00000	 0.00000	 0.00971	 0.00000		171.786129	-5259.450383
37037	 0.00005	 0.00006	 0.00935	 0.01181	 0.00000	 0.00000	 0.00957	 0.00000		173.141313	-5275.110050
38038	 0.00006	 0.00015	 0.00989	 0.01139	 0.00000	 0.00001	 0.00871	 0.00000		170.155336	-5377.195549
39039	 0.00006	 0.00037	 0.00837	 0.01165	 0.00000	 0.00001	 0.00964	 0.00000		163.957868	-5262.338311
40040	 0.00005	 0.00023	 0.00979	 0.01149	 0.00000	 0.00001	 0.00944	 0.00000		168.296505	-5261.543686
41041	 0.00007	 0.00005	 0.01043	 0.01195	 0.00000	 0.00000	 0.00959	 0.00000		172.261944	-5419.883341
42042	 0.00009	 0.00020	 0.00893	 0.01066	 0.00000	 0.00001	 0.00974	 0.00000		160.260402	-5329.821043
43043	 0.00010	 0.00009	 0.00967	 0.01172	 0.00000	 0.00000	 0.01084	 0.00000		162.949699	-5240.531704
44044	 0.00007	 0.00015	 0.01010	 0.01145	 0.00000	 0.00001	 0.01090	 0.00000		168.869738	-5262.890827
45045	 0.00004	 0.00010	 0.01012	 0.01100	 0.00000	 0.00000	 0.00961	 0.00000		164.487663	-5246.199145
46046	 0.00003	 0.00015	 0.01138	 0.01184	 0.00000	 0.00000	 0.00944	 0.00000		163.744431	-5205.395533
47047	 0.00008	 0.00009	 0.00980	 0.01166	 0.00000	 0.00001	 0.00966	 0.00000		166.487889	-5313.713824
48048	 0.00009	 0.00012	 0.00880	 0.01150	 0.00000	 0.00001	 0.00946	 0.00000		168.974435	-5207.459942
49049	 0.00004	 0.00005	 0.00981	 0.01244	 0.00000	 0.00000	 0.00993	 0.00000		179.498364	-5199.558241
50050	 0.00010	 0.00012	 0.00899	 0.01241	 0.00000	 0.00001	 0.01040	 0.00000		167.057272	-5246.678309
51051	 0.00015	 0.00020	 0.00963	 0.01130	 0.00000	 0.00001	 0.01016	 0.00000		160.013506	-5147.034948
52052	 0.00006	 0.00007	 0.00868	 0.01092	 0.00000	 0.00000	 0.01113	 0.00000		165.112465	-5309.632577
53053	 0.00003	 0.00004	 0.01040	 0.01351	 0.00000	 0.00000	 0.01095	 0.00000		171.765755	-5221.595648
54054	 0.00007	 0.00008	 0.00878	 0.01160	 0.00000	 0.00000	 0.01042	 0.00000		165.716390	-5258.193321
55055	 0.00005	 0.00006	 0.01031	 0.01132	 0.00000	 0.00000	 0.00949	 0.00000		176.108455	-5315.606695
56056	 0.00003	 0.00006	 0.00916	 0.01316	 0.00000	 0.00000	 0.00995	 0.00000		179.021966	-5190.637207
57057	 0.00005	 0.00012	 0.00920	 0.01282	 0.00000	 0.00000	 0.00934	 0.00000		168.154177	-5274.337469
58058	 0.00005	 0.00017	 0.00751	 0.01180	 0.00000	 0.00000	 0.00886	 0.00000		175.310735	-5392.507758
59059	 0.00002	 0.00009	 0.00892	 0.01086	 0.00000	 0.00000	 0.00995	 0.00000		176.618824	-5323.987197
60060	 0.00003	 0.00014	 0.00856	 0.01031	 0.00000	 0.00000	 0.00978	 0.00000		167.573999	-5346.431885
61061	 0.00013	 0.00013	 0.00912	 0.01221	 0.00000	 0.00001	 0.01008	 0.00000		165.312270	-5192.356457
62062	 0.00008	 0.00009	 0.00816	 0.01280	 0.00000	 0.00001	 0.00881	 0.00000		175.240063	-5279.884867
63063	 0.00008	 0.00015	 0.00818	 0.01041	 0.00000	 0.00001	 0.00918	 0.00000		169.870811	-5311.635574
64064	 0.00005	 0.00008	 0.01012	 0.01209	 0.00000	 0.00000	 0.01030	 0.00000		176.316897	-5153.696592
65065	 0.00005	 0.00012	 0.00900	 0.01214	 0.00000	 0.00001	 0.01013	 0.00000		181.220120	-5198.549069
66066	 0.00005	 0.00038	 0.01012	 0.01134	 0.00000	 0.00001	 0.01020	 0.00000		170.468629	-5297.411341
67067	 0.00004	 0.00008	 0.00962	 0.01176	 0.00000	 0.00000	 0.00975	 0.00000		172.130283	-5196.005946
68068	 0.00004	 0.00005	 0.00846	 0.01184	 0.00000	 0.00000	 0.00962	 0.00000		177.046287	-5319.046004
69069	 0.00001	 0.00007	 0.00915	 0.01161	 0.00000	 0.00000	 0.00950	 0.00000		179.631991	-5177.388073
70070	 0.00002	 0.00002	 0.01010	 0.01056	 0.00000	 0.00000	 0.00928	 0.00000		188.868294	-5268.342652
71071	 0.00002	 0.00002	 0.00847	 0.01093	 0.00000	 0.00000	 0.00985	 0.00000		187.355631	-5226.251930
72072	 0.00001	 0.00002	 0.00938	 0.01100	 0.00000	 0.00000	 0.00794	 0.00000		187.730766	-5341.205680
73073	 0.00000	 0.00002	 0.00891	 0.01166	 0.00000	 0.00000	 0.01016	 0.00000		185.190015	-5253.977664
74074	 0.00001	 0.00001	 0.00975	 0.01157	 0.00000	 0.00000	 0.00910	 0.00000		190.411275	-5226.795845
75075	 0.00000	 0.00002	 0.00944	 0.01108	 0.00000	 0.00000	 0.00876	 0.00000		186.210046	-5281.545855
76076	 0.00000	 0.00001	 0.00968	 0.01288	 0.00000	 0.00000	 0.00859	 0.00000		191.404433	-5262.811533
77077	 0.00000	 0.00001	 0.00945	 0.01209	 0.00000	 0.00000	 0.00965	 0.00000		182.822063	-5217.173423
78078	 0.00000	 0.00002	 0.00924	 0.01179	 0.00000	 0.00000	 0.00984	 0.00000		174.073789	-5307.055526
79079	 0.00000	 0.00002	 0.01009	 0.01146	 0.00000	 0.00000	 0.00958	 0.00000		182.363213	-5265.406726
80080	 0.00000	 0.00000	 0.01038	 0.01180	 0.00000	 0.00000	 0.00945	 0.00000		198.658864	-5220.530527
81081	 0.00000	 0.00001	 0.00782	 0.01147	 0.00000	 0.00000	 0.00930	 0.00000		189.312969	-5293.791069
82082	 0.00000	 0.00000	 0.00940	 0.01160	 0.00000	 0.00000	 0.01003	 0.00000		193.020989	-5181.915385
83083	 0.00000	 0.00000	 0.01002	 0.01180	 0.00000	 0.00000	 0.00991	 0.00000		194.774191	-5231.765498
84084	 0.00001	 0.00001	 0.00934	 0.01252	 0.00000	 0.00000	 0.01077	 0.00000		182.119893	-5258.017427
85085	 0.00001	 0.00005	 0.00706	 0.01189	 0.00000	 0.00000	 0.00901	 0.00000		177.236919	-5394.603924
86086	 0.00005	 0.00021	 0.01055	 0.01162	 0.00000	 0.00000	 0.00993	 0.00000		162.568907	-5186.730547
87087	 0.00006	 0.00014	 0.00767	 0.01201	 0.00000	 0.00000	 0.01030	 0.00000		170.131860	-5282.062621
88088	 0.00005	 0.00012	 0.01001	 0.01196	 0.00000	 0.00000	 0.00940	 0.00000		173.956229	-5256.427639
89089	 0.00006	 0.00008	 0.00793	 0.01268	 0.00000	 0.00001	 0.00966	 0.00000		177.123245	-5258.106576
90090	 0.00006	 0.00006	 0.00903	 0.01131	 0.00000	 0.00000	 0.00959	 0.00000		172.933233	-5312.002152
91091	 0.00004	 0.00013	 0.00939	 0.01240	 0.00000	 0.00000	 0.01004	 0.00000		161.314540	-5274.120525
92092	 0.00005	 0.00003	 0.00979	 0.01041	 0.00000	 0.00000	 0.00936	 0.00000		180.084275	-5299.358376
93093	 0.00004	 0.00008	 0.00790	 0.01208	 0.00000	 0.00000	 0.00892	 0.00000		171.791151	-5390.172471
94094	 0.00003	 0.00006	 0.00876	 0.01104	 0.00000	 0.00000	 0.00915	 0.00000		170.793052	-5282.601372
95095	 0.00001	 0.00010	 0.00900	 0.01334	 0.00000	 0.00000	 0.01023	 0.00000		165.557941	-5271.429822
96096	 0.00005	 0.00018	 0.00981	 0.01170	 0.00000	 0.00000	 0.00896	 0.00000		164.602107	-5340.831250
97097	 0.00009	 0.00017	 0.01009	 0.01140	 0.00000	 0.00001	 0.01040	 0.00000		167.457533	-5217.586478
98098	 0.00007	 0.00010	 0.01028	 0.01267	 0.00000	 0.00000	 0.00940	 0.00000		168.282167	-5259.133228
99099	 0.00003	 0.00008	 0.01008	 0.01154	 0.00000	 0.00000	 0.01146	 0.00000		167.746539	-5207.763142
100100	 0.00008	 0.00015	 0.00909	 0.01174	 0.00000	 0.00001	 0.01059	 0.00000		166.633135	-5224.306440
101101	 0.00002	 0.00006	 0.00809	 0.01256	 0.00000	 0.00000	 0.00937	 0.00000		177.480483	-5234.443210
102102	 0.00007	 0.00021	 0.00967	 0.01089	 0.00000	 0.00001	 0.00918	 0.00000		172.673139	-5213.512418
103103	 0.00004	 0.00012	 0.01037	 0.00994	 0.00000	 0.00000	 0.01039	 0.00000		175.116626	-5301.056663
104104	 0.00012	 0.00024	 0.00979	 0.01283	 0.00000	 0.00001	 0.01123	 0.00000		165.265803	-5252.987861
105105	 0.00008	 0.00009	 0.00819	 0.01259	 0.00000	 0.00000	 0.00970	 0.00000		175.212114	-5232.985980
106106	 0.00007	 0.00007	 0.00966	 0.01124	 0.00000	 0.00001	 0.00921	 0.00000		185.323572	-5179.427730
107107	 0.00006	 0.00008	 0.00812	 0.01190	 0.00000	 0.00001	 0.01075	 0.00000		180.957038	-5158.830107
108108	 0.00006	 0.00021	 0.00950	 0.01090	 0.00000	 0.00000	 0.00908	 0.00000		170.816999	-5245.077758
109109	 0.00008	 0.00017	 0.00895	 0.01216	 0.00000	 0.00001	 0.00998	 0.00000		174.718461	-5168.009724
110110	 0.00007	 0.00020	 0.00848	 0.01240	 0.00000	 0.00001	 0.00998	 0.00000		172.483729	-5345.781785
111111	 0.00007	 0.00008	 0.00919	 0.01117	 0.00000	 0.00001	 0.00912	 0.00000		179.095218	-5274.391286
112112	 0.00030	 0.00036	 0.00907	 0.01193	 0.00000	 0.00002	 0.00951	 0.00000		160.420864	-5204.527828
113113	 0.00023	 0.00047	 0.00892	 0.01140	 0.00000	 0.00002	 0.00957	 0.00000		162.219280	-5236.900661
114114	 0.00016	 0.00033	 0.00833	 0.01159	 0.00000	 0.00002	 0.00978	 0.00000		171.056911	-5200.327084
115115	 0.00013	 0.00021	 0.00924	 0.00987	 0.00000	 0.00001	 0.00962	 0.00000		168.114422	-5278.098050
116116	 0.00014	 0.00034	 0.00900	 0.01077	 0.00000	 0.00001	 0.01081	 0.00000		162.762024	-5288.961353
117117	 0.00019	 0.00021	 0.00967	 0.01296	 0.00000	 0.00001	 0.00904	 0.00000		167.606545	-5201.762451
118118	 0.00012	 0.00049	 0.00921	 0.01187	 0.00000	 0.00001	 0.00955	 0.00000		163.661448	-5305.188614
119119	 0.00011	 0.00011	 0.00873	 0.01041	 0.00000	 0.00001	 0.00973	 0.00000		178.079600	-5225.865538
120120	 0.00016	 0.00014	 0.00887	 0.01226	 0.00000	 0.00001	 0.01080	 0.00000		172.098779	-5164.688235
121121	 0.00023	 0.00030	 0.00813	 0.01141	 0.00000	 0.00002	 0.01025	 0.00000		167.154443	-5290.969433
122122	 0.00021	 0.00054	 0.00995	 0.00937	 0.00000	 0.00002	 0.00944	 0.00000		168.514340	-5229.318328
123123	 0.00017	 0.00023	 0.00957	 0.01230	 0.00000	 0.00002	 0.01065	 0.00000		173.761104	-5254.355593
124124	 0.00012	 0.00013	 0.00945	 0.00994	 0.00000	 0.00001	 0.00958	 0.00000		174.112511	-5351.670084
125125	 0.00013	 0.00020	 0.00942	 0.01158	 0.00000	 0.00001	 0.00969	 0.00000		170.593737	-5260.069252
126126	 0.00008	 0.00012	 0.00754	 0.01286	 0.00000	 0.00001	 0.01019	 0.00000		171.672997	-5275.312637
127127	 0.00006	 0.00009	 0.00837	 0.01242	 0.00000	 0.00000	 0.01161	 0.00000		171.733526	-5259.037691
128128	 0.00002	 0.00006	 0.00918	 0.01117	 0.00000	 0.00000	 0.00996	 0.00000		176.724060	-5337.832434
129129	 0.00003	 0.00002	 0.00980	 0.01132	 0.00000	 0.00000	 0.01098	 0.00000		188.298773	-5228.452705
130130	 0.00003	 0.00007	 0.00951	 0.01224	 0.00000	 0.00000	 0.01073	 0.00000		175.057049	-5279.798188
131131	 0.00004	 0.00004	 0.01047	 0.01062	 0.00000	 0.00000	 0.01016	 0.00000		181.897287	-5360.015812
132132	 0.00005	 0.00006	 0.00967	 0.01047	 0.00000	 0.00000	 0.01075	 0.00000		176.744609	-5301.907751
133133	 0.00007	 0.00005	 0.00821	 0.01241	 0.00000	 0.00000	 0.01086	 0.00000		171.807014	-5168.416616
134134	 0.00004	 0.00004	 0.00837	 0.01112	 0.00000	 0.00000	 0.01039	 0.00000		184.102200	-5272.685314
135135	 0.00005	 0.00006	 0.00972	 0.01277	 0.00000	 0.00000	 0.00983	 0.00000		175.011583	-5250.999726
136136	 0.00005	 0.00005	 0.00912	 0.01212	 0.00000	 0.00000	 0.00923	 0.00000		175.658947	-5320.449830
137137	 0.00017	 0.00018	 0.01073	 0.01146	 0.00000	 0.00001	 0.01075	 0.00000		164.601431	-5210.922931
138138	 0.00010	 0.00030	 0.00962	 0.01251	 0.00000	 0.00001	 0.00985	 0.00000		167.335524	-5206.759255
139139	 0.00012	 0.00023	 0.00835	 0.01048	 0.00000	 0.00001	 0.01076	 0.00000		167.488979	-5199.377390
140140	 0.00006	 0.00016	 0.00906	 0.01088	 0.00000	 0.00001	 0.00924	 0.00000		173.369730	-5293.781536
141141	 0.00008	 0.00016	 0.00922	 0.01221	 0.00000	 0.00001	 0.01024	 0.00000		166.611365	-5239.779016
142142	 0.00001	 0.00004	 0.00797	 0.01137	 0.00000	 0.00000	 0.01100	 0.00000		177.348651	-5267.165188
143143	 0.00003	 0.00006	 0.01074	 0.01125	 0.00000	 0.00000	 0.01022	 0.00000		179.645425	-5178.812787
144144	 0.00009	 0.00007	 0.00946	 0.01215	 0.00000	 0.00001	 0.01047	 0.00000		173.766279	-5262.571451
145145	 0.00005	 0.00006	 0.01090	 0.01106	 0.00000	 0.00000	 0.01002	 0.00000		180.301922	-5181.272176
146146	 0.00002	 0.00004	 0.00936	 0.01054	 0.00000	 0.00000	 0.01016	 0.00000		175.893509	-5216.484593
147147	 0.00002	 0.00005	 0.00737	 0.01257	 0.00000	 0.00000	 0.00994	 0.00000		173.039272	-5237.882752
148148	 0.00002	 0.00006	 0.00937	 0.01177	 0.00000	 0.00000	 0.00963	 0.00000		180.394896	-5345.149788
149149	 0.00002	 0.00002	 0.01013	 0.01222	 0.00000	 0.00000	 0.01032	 0.00000		182.901706	-5213.800612
150150	 0.00001	 0.00004	 0.00877	 0.01161	 0.00000	 0.00000	 0.00988	 0.00000		175.158400	-5381.635617
151151	 0.00002	 0.00004	 0.00888	 0.01317	 0.00000	 0.00000	 0.01068	 0.00000		178.226385	-5218.485210
152152	 0.00002	 0.00003	 0.00741	 0.01219	 0.00000	 0.00000	 0.01037	 0.00000		179.538012	-5242.435658
153153	 0.00002	 0.00003	 0.00976	 0.01275	 0.00000	 0.00000	 0.00909	 0.00000		183.543860	-5294.772749
154154	 0.00002	 0.00002	 0.00891	 0.01007	 0.00000	 0.00000	 0.00992	 0.00000		185.261331	-5262.451409
155155	 0.00002	 0.00003	 0.01085	 0.01069	 0.00000	 0.00000	 0.00982	 0.00000		185.199569	-5193.340863
156156	 0.00006	 0.00017	 0.00815	 0.01122	 0.00000	 0.00001	 0.01138	 0.00000		175.926821	-5230.209567
157157	 0.00008	 0.00013	 0.00879	 0.01096	 0.00000	 0.00001	 0.00888	 0.00000		177.338549	-5282.143032
158158	 0.00021	 0.00024	 0.01099	 0.01129	 0.00000	 0.00001	 0.00924	 0.00000		167.053930	-5270.207478
159159	 0.00021	 0.00067	 0.00869	 0.01179	 0.00000	 0.00002	 0.01054	 0.00000		162.658255	-5222.679439
160160	 0.00011	 0.00038	 0.00856	 0.01249	 0.00000	 0.00001	 0.00835	 0.00000		171.632056	-5270.024333
161161	 0.00013	 0.00012	 0.00872	 0.01123	 0.00000	 0.00001	 0.00961	 0.00000		174.645600	-5273.330995
162162	 0.00006	 0.00017	 0.00875	 0.01140	 0.00000	 0.00001	 0.00916	 0.00000		177.881440	-5214.346037
163163	 0.00012	 0.00016	 0.00825	 0.01338	 0.00000	 0.00001	 0.01028	 0.00000		166.223677	-5225.915158
164164	 0.00011	 0.00015	 0.00946	 0.01226	 0.00000	 0.00001	 0.01048	 0.00000		164.801414	-5189.298171
165165	 0.00011	 0.00011	 0.00972	 0.00966	 0.00000	 0.00001	 0.00916	 0.00000		166.897101	-5234.960181
166166	 0.00004	 0.00011	 0.01023	 0.01106	 0.00000	 0.00000	 0.01015	 0.00000		165.145579	-5264.478028
167167	 0.00003	 0.00003	 0.00791	 0.01384	 0.00000	 0.00000	 0.01105	 0.00000		185.964130	-5184.763421
168168	 0.00003	 0.00002	 0.00879	 0.01196	 0.00000	 0.00000	 0.00933	 0.00000		182.736596	-5190.354169
169169	 0.00002	 0.00003	 0.00944	 0.01212	 0.00000	 0.00000	 0.01033	 0.00000		180.759486	-5308.204342
170170	 0.00003	 0.00010	 0.00925	 0.01280	 0.00000	 0.00000	 0.01002	 0.00000		168.742648	-5220.896080
171171	 0.00003	 0.00006	 0.01004	 0.01148	 0.00000	 0.00000	 0.00972	 0.00000		173.106969	-5201.837963
172172	 0.00002	 0.00004	 0.00910	 0.01013	 0.00000	 0.00000	 0.00974	 0.00000		180.982362	-5341.548465
173173	 0.00002	 0.00003	 0.00906	 0.01259	 0.00000	 0.00000	 0.00953	 0.00000		184.856014	-5261.396526
174174	 0.00003	 0.00007	 0.00906	 0.01114	 0.00000	 0.00000	 0.01079	 0.00000		179.687223	-5269.600908
175175	 0.00004	 0.00005	 0.00828	 0.01274	 0.00000	 0.00000	 0.01014	 0.00000		174.288741	-5252.993632
176176	 0.00005	 0.00011	 0.00824	 0.01152	 0.00000	 0.00000	 0.00900	 0.00000		177.080399	-5225.615575
177177	 0.00015	 0.00015	 0.00916	 0.00995	 0.00000	 0.00001	 0.00956	 0.00000		173.177495	-5398.124888
178178	 0.00005	 0.00017	 0.01154	 0.01120	 0.00000	 0.00000	 0.01052	 0.00000		180.496101	-5140.917070
179179	 0.00003	 0.00003	 0.01005	 0.01177	 0.00000	 0.00000	 0.00957	 0.00000		192.459631	-5271.616227
180180	 0.00003	 0.00008	 0.01024	 0.01112	 0.00000	 0.00000	 0.01010	 0.00000		184.680679	-5227.549661
181181	 0.00006	 0.00032	 0.00951	 0.01328	 0.00000	 0.00001	 0.00941	 0.00000		174.660892	-5210.495128
182182	 0.00005	 0.00011	 0.00967	 0.00986	 0.00000	 0.00000	 0.00909	 0.00000		176.098548	-5307.255787
183183	 0.00006	 0.00016	 0.00931	 0.01130	 0.00000	 0.00001	 0.00954	 0.00000		173.669832	-5224.791124
184184	 0.00014	 0.00020	 0.00930	 0.01209	 0.00000	 0.00001	 0.00996	 0.00000		163.730502	-5261.551399
185185	 0.00006	 0.00011	 0.01111	 0.01015	 0.00000	 0.00001	 0.00976	 0.00000		174.132693	-5310.674352
186186	 0.00006	 0.00015	 0.00744	 0.01224	 0.00000	 0.00001	 0.01048	 0.00000		172.827165	-5218.677821
187187	 0.00008	 0.00022	 0.00967	 0.01215	 0.00000	 0.00001	 0.00941	 0.00000		168.072249	-5334.125133
188188	 0.00005	 0.00007	 0.00914	 0.01067	 0.00000	 0.00000	 0.00946	 0.00000		175.671302	-5261.047039
189189	 0.00003	 0.00004	 0.00958	 0.01237	 0.00000	 0.00000	 0.00910	 0.00000		183.590810	-5276.815292
190190	 0.00002	 0.00010	 0.00941	 0.01263	 0.00000	 0.00000	 0.01036	 0.00000		177.047314	-5206.311530
191191	 0.00006	 0.00005	 0.00931	 0.01038	 0.00000	 0.00000	 0.01154	 0.00000		171.356583	-5233.537362
192192	 0.00003	 0.00008	 0.00923	 0.01110	 0.00000	 0.00000	 0.01064	 0.00000		171.350752	-5329.057987
193193	 0.00005	 0.00015	 0.00871	 0.01222	 0.00000	 0.00001	 0.00999	 0.00000		171.323134	-5248.825157
194194	 0.00003	 0.00005	 0.01021	 0.01287	 0.00000	 0.00000	 0.01005	 0.00000		176.878842	-5249.395959
195195	 0.00003	 0.00005	 0.00820	 0.01373	 0.00000	 0.00000	 0.01032	 0.00000		173.912735	-5186.820073
196196	 0.00008	 0.00005	 0.00842	 0.01309	 0.00000	 0.00000	 0.00955	 0.00000		167.432968	-5284.895035
197197	 0.00008	 0.00024	 0.00892	 0.01218	 0.00000	 0.00001	 0.00996	 0.00000		166.348016	-5269.772828
198198	 0.00008	 0.00019	 0.00989	 0.01122	 0.00000	 0.00001	 0.01012	 0.00000		162.630494	-5187.967356
199199	 0.00008	 0.00017	 0.00955	 0.01019	 0.00000	 0.00001	 0.00884	 0.00000		169.027214	-5258.233630
200200	 0.00007	 0.00009	 0.00885	 0.01182	 0.00000	 0.00001	 0.00978	 0.00000		173.905275	-5315.295412
201201	 0.00009	 0.00020	 0.01051	 0.01140	 0.00000	 0.00001	 0.01079	 0.00000		165.045219	-5163.734448
202202	 0.00010	 0.00011	 0.00863	 0.01413	 0.00000	 0.00001	 0.00880	 0.00000		166.180581	-5302.931591
203203	 0.00006	 0.00023	 0.00875	 0.01099	 0.00000	 0.00000	 0.00858	 0.00000		161.771288	-5302.266143
204204	 0.00016	 0.00032	 0.01025	 0.01260	 0.00000	 0.00001	 0.00933	 0.00000		155.388949	-5278.602172
205205	 0.00014	 0.00030	 0.00996	 0.01387	 0.00000	 0.00001	 0.00962	 0.00000		155.835332	-5211.532783
206206	 0.00015	 0.00017	 0.00856	 0.01101	 0.00000	 0.00001	 0.00920	 0.00000		161.315329	-5201.074471
207207	 0.00018	 0.00025	 0.00870	 0.01275	 0.00000	 0.00001	 0.00975	 0.00000		157.140492	-5243.869784
208208	 0.00009	 0.00033	 0.00964	 0.00941	 0.00000	 0.00001	 0.01098	 0.00000		161.935481	-5167.446968
209209	 0.00008	 0.00028	 0.00916	 0.01498	 0.00000	 0.00001	 0.00871	 0.00000		156.173569	-5276.472088
210210	 0.00006	 0.00009	 0.00969	 0.01335	 0.00000	 0.00000	 0.00927	 0.00000		160.808810	-5266.685819
211211	 0.00014	 0.00034	 0.00931	 0.01151	 0.00000	 0.00001	 0.01036	 0.00000		149.179286	-5241.021722
212212	 0.00013	 0.00012	 0.01027	 0.01209	 0.00001	 0.00001	 0.00929	 0.00000		158.458422	-5205.056671
213213	 0.00009	 0.00022	 0.01090	 0.01057	 0.00001	 0.00001	 0.01002	 0.00000		153.794839	-5298.246923
214214	 0.00011	 0.00009	 0.00935	 0.01238	 0.00000	 0.00001	 0.01012	 0.00000		167.589168	-5248.745592
215215	 0.00011	 0.00013	 0.00960	 0.01208	 0.00000	 0.00001	 0.01048	 0.00000		167.797561	-5193.721583
216216	 0.00020	 0.00024	 0.01095	 0.01258	 0.00000	 0.00001	 0.00973	 0.00000		158.494529	-5224.974681
217217	 0.00015	 0.00012	 0.00990	 0.01212	 0.00000	 0.00001	 0.00904	 0.00000		167.131051	-5185.715740
218218	 0.00007	 0.00015	 0.00914	 0.01251	 0.00000	 0.00001	 0.00816	 0.00000		168.783385	-5299.369983
219219	 0.00002	 0.00002	 0.00973	 0.01118	 0.00000	 0.00000	 0.01064	 0.00000		171.761447	-5233.764967
220220	 0.00002	 0.00002	 0.00937	 0.01192	 0.00000	 0.00000	 0.00942	 0.00000		173.976728	-5342.941240
221221	 0.00003	 0.00005	 0.00955	 0.01226	 0.00000	 0.00000	 0.01005	 0.00000		166.713236	-5276.763650
222222	 0.00001	 0.00008	 0.00716	 0.01310	 0.00000	 0.00000	 0.01011	 0.00000		177.762627	-5191.658948
223223	 0.00003	 0.00014	 0.01089	 0.01148	 0.00000	 0.00000	 0.01122	 0.00000		165.030237	-5252.475889
224224	 0.00007	 0.00018	 0.01065	 0.01128	 0.00000	 0.00000	 0.01177	 0.00000		156.216077	-5250.187275
225225	 0.00014	 0.00062	 0.00961	 0.01145	 0.00000	 0.00001	 0.00957	 0.00000		158.148574	-5270.696670
226226	 0.00011	 0.00019	 0.00947	 0.01097	 0.00000	 0.00001	 0.00936	 0.00000		168.483141	-5337.956749
227227	 0.00010	 0.00018	 0.00942	 0.01080	 0.00000	 0.00001	 0.00948	 0.00000		166.721437	-5275.592836
228228	 0.00004	 0.00012	 0.01036	 0.01144	 0.00000	 0.00000	 0.00878	 0.00000		165.201066	-5265.839917
229229	 0.00004	 0.00012	 0.00955	 0.01200	 0.00000	 0.00000	 0.01016	 0.00000		162.051505	-5249.893287
230230	 0.00003	 0.00004	 0.00985	 0.01141	 0.00000	 0.00000	 0.00888	 0.00000		174.341378	-5344.318486
231231	 0.00007	 0.00018	 0.00954	 0.01206	 0.00000	 0.00001	 0.00989	 0.00000		161.238374	-5173.305819
232232	 0.00004	 0.00006	 0.00845	 0.01073	 0.00000	 0.00000	 0.01061	 0.00000		161.071879	-5260.571976
233233	 0.00003	 0.00012	 0.01107	 0.01015	 0.00000	 0.00000	 0.00980	 0.00000		164.673689	-5294.255167
234234	 0.00007	 0.00019	 0.00920	 0.01236	 0.00000	 0.00001	 0.00879	 0.00000		167.078849	-5276.401160
235235	 0.00014	 0.00015	 0.00764	 0.01373	 0.00000	 0.00001	 0.01010	 0.00000		165.748615	-5226.243704
236236	 0.00006	 0.00012	 0.00929	 0.01076	 0.00000	 0.00001	 0.01044	 0.00000		175.094830	-5297.084427
237237	 0.00003	 0.00038	 0.01104	 0.01082	 0.00000	 0.00000	 0.00901	 0.00000		169.347438	-5209.217081
238238	 0.00004	 0.00013	 0.01012	 0.01152	 0.00000	 0.00000	 0.00977	 0.00000		170.117218	-5301.200592
239239	 0.00007	 0.00015	 0.01043	 0.01098	 0.00000	 0.00001	 0.00983	 0.00000		171.767733	-5257.935954
240240	 0.00015	 0.00025	 0.00990	 0.01231	 0.00000	 0.00001	 0.00942	 0.00000		161.125569	-5252.996326
241241	 0.00017	 0.00019	 0.00975	 0.01211	 0.00000	 0.00001	 0.01010	 0.00000		158.110124	-5231.131728
242242	 0.00004	 0.00025	 0.00972	 0.01185	 0.00000	 0.00000	 0.00863	 0.00000		167.628414	-5303.064851
243243	 0.00004	 0.00012	 0.00840	 0.01092	 0.00000	 0.00000	 0.01070	 0.00000		164.848871	-5280.963523
244244	 0.00012	 0.00013	 0.00999	 0.01048	 0.00000	 0.00001	 0.00930	 0.00000		161.373940	-5218.579103
245245	 0.00004	 0.00011	 0.00796	 0.01437	 0.00000	 0.00000	 0.01036	 0.00000		169.115266	-5233.910306
246246	 0.00003	 0.00008	 0.00850	 0.01149	 0.00000	 0.00000	 0.00947	 0.00000		169.363613	-5257.974966
247247	 0.00017	 0.00024	 0.01070	 0.01155	 0.00000	 0.00001	 0.01103	 0.00000		156.745987	-5232.007361
248248	 0.00011	 0.00031	 0.00940	 0.01359	 0.00000	 0.00001	 0.01012	 0.00000		164.066758	-5210.257842
249249	 0.00016	 0.00013	 0.01012	 0.01122	 0.00000	 0.00001	 0.01049	 0.00000		163.700556	-5143.140687
250250	 0.00019	 0.00018	 0.00898	 0.01259	 0.00000	 0.00001	 0.01095	 0.00000		161.094070	-5290.178715
251251	 0.00009	 0.00016	 0.00926	 0.01069	 0.00000	 0.00001	 0.00936	 0.00000		168.442268	-5329.558296
252252	 0.00005	 0.00012	 0.00884	 0.01182	 0.00000	 0.00000	 0.00931	 0.00000		171.276306	-5302.574589
253253	 0.00004	 0.00011	 0.01044	 0.01033	 0.00000	 0.00000	 0.00994	 0.00000		170.290575	-5197.992444
254254	 0.00007	 0.00008	 0.00841	 0.01307	 0.00000	 0.00000	 0.00930	 0.00000		170.840419	-5206.049841
255255	 0.00002	 0.00006	 0.00898	 0.01260	 0.00000	 0.00000	 0.01033	 0.00000		176.276301	-5217.788210
256256	 0.00002	 0.00004	 0.00987	 0.01217	 0.00000	 0.00000	 0.01020	 0.00000		177.668788	-5222.607261
257257	 0.00001	 0.00004	 0.01041	 0.01182	 0.00000	 0.00000	 0.01007	 0.00000		182.490613	-5299.450961
258258	 0.00001	 0.00004	 0.00817	 0.01122	 0.00000	 0.00000	 0.00996	 0.00000		181.376782	-5243.916093
259259	 0.00004	 0.00005	 0.00945	 0.01248	 0.00000	 0.00000	 0.01012	 0.00000		177.266269	-5339.135548
260260	 0.00002	 0.00003	 0.00940	 0.01178	 0.00000	 0.00000	 0.00949	 0.00000		181.620649	-5231.183654
261261	 0.00003	 0.00006	 0.00987	 0.01057	 0.00000	 0.00000	 0.00922	 0.00000		179.013708	-5255.028149
262262	 0.00004	 0.00006	 0.00911	 0.01145	 0.00000	 0.00000	 0.00989	 0.00000		179.358230	-5214.722686
263263	 0.00004	 0.00009	 0.00926	 0.01327	 0.00000	 0.00000	 0.01016	 0.00000		175.517618	-5268.051504
264264	 0.00020	 0.00021	 0.00941	 0.01221	 0.00000	 0.00001	 0.01042	 0.00000		167.510612	-5164.365249
265265	 0.00017	 0.00024	 0.00998	 0.01167	 0.00000	 0.00001	 0.00893	 0.00000		168.470325	-5280.909325
266266	 0.00011	 0.00017	 0.00919	 0.01337	 0.00000	 0.00001	 0.01136	 0.00000		171.601509	-5212.890038
267267	 0.00011	 0.00028	 0.00921	 0.01131	 0.00000	 0.00001	 0.00909	 0.00000		167.125054	-5259.275021
268268	 0.00007	 0.00011	 0.00944	 0.01166	 0.00000	 0.00001	 0.00971	 0.00000		174.944259	-5217.752993
269269	 0.00004	 0.00005	 0.00997	 0.01292	 0.00000	 0.00000	 0.01102	 0.00000		176.883021	-5141.350414
270270	 0.00002	 0.00003	 0.00809	 0.01174	 0.00000	 0.00000	 0.01017	 0.00000		182.684671	-5271.468891
271271	 0.00001	 0.00004	 0.00968	 0.00981	 0.00000	 0.00000	 0.01022	 0.00000		193.207893	-5247.656640
272272	 0.00002	 0.00005	 0.01048	 0.01195	 0.00000	 0.00000	 0.01080	 0.00000		185.000662	-5171.172774
273273	 0.00003	 0.00005	 0.00906	 0.01132	 0.00000	 0.00000	 0.01064	 0.00000		177.860500	-5196.710769
274274	 0.00005	 0.00007	 0.00945	 0.01020	 0.00000	 0.00000	 0.01027	 0.00000		174.768784	-5322.647933
275275	 0.00008	 0.00015	 0.01041	 0.01013	 0.00000	 0.00001	 0.01044	 0.00000		169.731970	-5333.433672
276276	 0.00003	 0.00010	 0.00975	 0.01207	 0.00000	 0.00000	 0.00934	 0.00000		175.290332	-5201.628476
277277	 0.00003	 0.00010	 0.00852	 0.01250	 0.00000	 0.00000	 0.00943	 0.00000		170.556555	-5371.062890
278278	 0.00005	 0.00006	 0.00903	 0.01171	 0.00000	 0.00000	 0.00995	 0.00000		181.410898	-5203.332024
279279	 0.00003	 0.00005	 0.00898	 0.01119	 0.00000	 0.00000	 0.01013	 0.00000		180.134126	-5315.192494
280280	 0.00008	 0.00021	 0.00815	 0.01197	 0.00000	 0.00001	 0.00883	 0.00000		172.020943	-5229.242557
281281	 0.00011	 0.00015	 0.00981	 0.01236	 0.00000	 0.00001	 0.00963	 0.00000		169.065572	-5227.587529
282282	 0.00008	 0.00005	 0.01007	 0.01193	 0.00000	 0.00000	 0.01096	 0.00000		174.045584	-5153.681333
283283	 0.00002	 0.00005	 0.00911	 0.01092	 0.00000	 0.00000	 0.00899	 0.00000		178.598905	-5386.734753
284284	 0.00008	 0.00007	 0.00814	 0.01127	 0.00000	 0.00000	 0.00940	 0.00000		165.630983	-5278.839750
285285	 0.00005	 0.00009	 0.00960	 0.01258	 0.00000	 0.00000	 0.01067	 0.00000		172.321692	-5230.224903
286286	 0.00002	 0.00005	 0.01066	 0.01219	 0.00000	 0.00000	 0.00847	 0.00000		180.562631	-5219.191865
287287	 0.00012	 0.00014	 0.00950	 0.01042	 0.00000	 0.00001	 0.00980	 0.00000		161.898277	-5270.548170
288288	 0.00008	 0.00025	 0.00921	 0.01237	 0.00000	 0.00001	 0.01002	 0.00000		167.376005	-5241.036935
289289	 0.00013	 0.00022	 0.00893	 0.01238	 0.00000	 0.00001	 0.00995	 0.00000		160.265936	-5228.929782
290290	 0.00013	 0.00018	 0.00938	 0.01060	 0.00000	 0.00001	 0.01001	 0.00000		161.081105	-5276.815577
291291	 0.00011	 0.00018	 0.00993	 0.01331	 0.00000	 0.00001	 0.00907	 0.00000		170.935727	-5271.617832
292292	 0.00033	 0.00025	 0.01020	 0.01111	 0.00000	 0.00002	 0.01133	 0.00000		157.934094	-5096.927860
293293	 0.00028	 0.00026	 0.00917	 0.01099	 0.00000	 0.00002	 0.01002	 0.00000		159.693980	-5257.780096
294294	 0.00013	 0.00023	 0.01014	 0.01126	 0.00000	 0.00001	 0.00918	 0.00000		165.046769	-5200.344118
295295	 0.00010	 0.00009	 0.00948	 0.01048	 0.00000	 0.00001	 0.01063	 0.00000		172.613690	-5203.458050
296296	 0.00005	 0.00010	 0.01041	 0.01185	 0.00000	 0.00001	 0.01035	 0.00000		178.186679	-5184.213536
297297	 0.00011	 0.00029	 0.00964	 0.01235	 0.00000	 0.00001	 0.00960	 0.00000		161.549828	-5309.211919
298298	 0.00016	 0.00029	 0.01132	 0.01281	 0.00000	 0.00001	 0.01021	 0.00000		163.165249	-5292.455313
299299	 0.00012	 0.00026	 0.00902	 0.01088	 0.00000	 0.00001	 0.00911	 0.00000		167.154257	-5258.104264
300300	 0.00019	 0.00025	 0.00858	 0.01145	 0.00000	 0.00001	 0.01036	 0.00000		154.546190	-5273.703907
301301	 0.00007	 0.00015	 0.00862	 0.01192	 0.00000	 0.00001	 0.00995	 0.00000		164.839017	-5261.087644
302302	 0.00009	 0.00032	 0.00885	 0.01290	 0.00000	 0.00001	 0.00855	 0.00000		169.229787	-5352.037270
303303	 0.00009	 0.00014	 0.01015	 0.01198	 0.00000	 0.00001	 0.01048	 0.00000		171.865248	-5248.997055
304304	 0.00006	 0.00006	 0.00948	 0.01230	 0.00000	 0.00000	 0.00902	 0.00000		187.868113	-5238.147407
305305	 0.00005	 0.00008	 0.00949	 0.01135	 0.00000	 0.00000	 0.00925	 0.00000		171.140911	-5184.520775
306306	 0.00008	 0.00009	 0.01006	 0.01042	 0.00000	 0.00001	 0.00903	 0.00000		175.321976	-5308.546162
307307	 0.00004	 0.00008	 0.00962	 0.01183	 0.00000	 0.00000	 0.00978	 0.00000		178.783056	-5360.688201
308308	 0.00008	 0.00016	 0.01012	 0.01143	 0.00000	 0.00001	 0.01007	 0.00000		173.286650	-5193.517979
309309	 0.00008	 0.00019	 0.00892	 0.01217	 0.00000	 0.00001	 0.00943	 0.00000		170.651289	-5291.999614
310310	 0.00004	 0.00029	 0.00891	 0.01203	 0.00000	 0.00000	 0.01036	 0.00000		162.946341	-5194.540567
311311	 0.00006	 0.00017	 0.01047	 0.01102	 0.00000	 0.00000	 0.00945	 0.00000		159.179480	-5264.659303
312312	 0.00004	 0.00018	 0.00858	 0.01218	 0.00000	 0.00000	 0.00980	 0.00000		162.631805	-5284.788055
313313	 0.00007	 0.00037	 0.00893	 0.01255	 0.00000	 0.00000	 0.00945	 0.00000		157.388822	-5231.488942
314314	 0.00005	 0.00006	 0.01045	 0.01221	 0.00000	 0.00000	 0.01101	 0.00000		168.558484	-5246.420918
315315	 0.00005	 0.00013	 0.00805	 0.01220	 0.00000	 0.00000	 0.00997	 0.00000		169.863108	-5221.164314
316316	 0.00006	 0.00007	 0.00863	 0.01231	 0.00000	 0.00000	 0.00985	 0.00000		172.413470	-5201.130546
317317	 0.00004	 0.00005	 0.00892	 0.01059	 0.00000	 0.00000	 0.00984	 0.00000		179.003225	-5202.252829
318318	 0.00003	 0.00005	 0.00877	 0.01278	 0.00000	 0.00000	 0.00926	 0.00000		185.381029	-5311.416224
319319	 0.00003	 0.00010	 0.00914	 0.01229	 0.00000	 0.00000	 0.00945	 0.00000		173.910321	-5242.055020
320320	 0.00006	 0.00007	 0.00928	 0.01178	 0.00000	 0.00000	 0.01002	 0.00000		174.816729	-5315.875225
321321	 0.00005	 0.00005	 0.00965	 0.01062	 0.00000	 0.00000	 0.00915	 0.00000		176.835450	-5308.154763
322322	 0.00009	 0.00010	 0.00736	 0.01181	 0.00000	 0.00001	 0.00992	 0.00000		173.352087	-5199.300049
323323	 0.00010	 0.00032	 0.00881	 0.01328	 0.00000	 0.00001	 0.00937	 0.00000		169.724116	-5225.903242
324324	 0.00008	 0.00014	 0.00744	 0.01190	 0.00000	 0.00001	 0.01010	 0.00000		168.639788	-5260.784240
325325	 0.00007	 0.00009	 0.00796	 0.01189	 0.00000	 0.00001	 0.01002	 0.00000		175.463513	-5273.031486
326326	 0.00006	 0.00014	 0.01037	 0.01024	 0.00000	 0.00000	 0.00869	 0.00000		170.856781	-5289.582414
327327	 0.00008	 0.00015	 0.00921	 0.01064	 0.00000	 0.00001	 0.01057	 0.00000		169.615252	-5186.940174
328328	 0.00017	 0.00021	 0.00987	 0.01069	 0.00000	 0.00001	 0.00968	 0.00000		166.224627	-5236.917047
329329	 0.00017	 0.00047	 0.01056	 0.01148	 0.00000	 0.00001	 0.00925	 0.00000		161.030860	-5252.555770
330330	 0.00007	 0.00014	 0.00981	 0.01054	 0.00000	 0.00001	 0.00921	 0.00000		171.209908	-5261.111868
331331	 0.00003	 0.00014	 0.00957	 0.01105	 0.00000	 0.00000	 0.00972	 0.00000		172.847769	-5252.594392
332332	 0.00008	 0.00008	 0.00970	 0.01058	 0.00000	 0.00000	 0.01001	 0.00000		163.442201	-5308.110315
333333	 0.00004	 0.00010	 0.01025	 0.01299	 0.00000	 0.00000	 0.00853	 0.00000		180.215063	-5299.240333
334334	 0.00004	 0.00018	 0.00728	 0.01395	 0.00000	 0.00000	 0.00909	 0.00000		170.574701	-5335.150029
335335	 0.00006	 0.00022	 0.00995	 0.01207	 0.00000	 0.00000	 0.01035	 0.00000		167.127410	-5231.104376
336336	 0.00007	 0.00014	 0.00922	 0.01131	 0.00000	 0.00000	 0.01002	 0.00000		166.894072	-5220.418371
337337	 0.00005	 0.00009	 0.00953	 0.01400	 0.00000	 0.00000	 0.01075	 0.00000		166.755412	-5172.368097
338338	 0.00008	 0.00004	 0.00891	 0.01077	 0.00000	 0.00000	 0.01039	 0.00000		169.558141	-5298.720685
339339	 0.00003	 0.00004	 0.00917	 0.01172	 0.00000	 0.00000	 0.01002	 0.00000		178.218623	-5195.351392
340340	 0.00003	 0.00005	 0.00985	 0.01353	 0.00000	 0.00000	 0.00936	 0.00000		178.670234	-5192.744954
341341	 0.00002	 0.00006	 0.00932	 0.01053	 0.00000	 0.00000	 0.01091	 0.00000		174.379140	-5263.337315
342342	 0.00001	 0.00005	 0.00867	 0.01229	 0.00000	 0.00000	 0.01019	 0.00000		179.650495	-5249.614392
343343	 0.00001	 0.00015	 0.00809	 0.01189	 0.00000	 0.00000	 0.01058	 0.00000		168.881223	-5292.700402
344344	 0.00001	 0.00007	 0.00929	 0.01328	 0.00000	 0.00000	 0.00845	 0.00000		186.658771	-5266.082108
345345	 0.00004	 0.00011	 0.00899	 0.01432	 0.00000	 0.00000	 0.01106	 0.00000		179.462565	-5232.159976
346346	 0.00002	 0.00013	 0.00927	 0.01107	 0.00000	 0.00000	 0.00960	 0.00000		174.360772	-5254.016894
347347	 0.00003	 0.00013	 0.00950	 0.01253	 0.00000	 0.00000	 0.01014	 0.00000		167.739070	-5223.088954
348348	 0.00004	 0.00008	 0.00949	 0.01050	 0.00000	 0.00000	 0.01034	 0.00000		174.592430	-5308.225292
349349	 0.00003	 0.00012	 0.00846	 0.01301	 0.00000	 0.00000	 0.00983	 0.00000		171.063654	-5225.421982
350350	 0.00004	 0.00014	 0.00749	 0.01209	 0.00000	 0.00000	 0.00882	 0.00000		171.657288	-5382.975396
351351	 0.00005	 0.00017	 0.00941	 0.01249	 0.00000	 0.00000	 0.01058	 0.00000		167.327413	-5242.074849
352352	 0.00009	 0.00011	 0.00832	 0.01264	 0.00000	 0.00001	 0.00928	 0.00000		167.998965	-5384.490234
353353	 0.00004	 0.00013	 0.00882	 0.01215	 0.00000	 0.00000	 0.01031	 0.00000		163.323499	-5292.722029
354354	 0.00004	 0.00005	 0.00883	 0.01236	 0.00000	 0.00000	 0.01006	 0.00000		169.247847	-5214.905004
355355	 0.00004	 0.00006	 0.00887	 0.01309	 0.00000	 0.00000	 0.01001	 0.00000		176.788947	-5188.994105
356356	 0.00002	 0.00027	 0.00922	 0.01102	 0.00000	 0.00000	 0.00983	 0.00000		162.419454	-5230.767814
357357	 0.00003	 0.00011	 0.00890	 0.01229	 0.00000	 0.00000	 0.00959	 0.00000		165.740796	-5251.754762
358358	 0.00001	 0.00015	 0.00780	 0.01296	 0.00000	 0.00000	 0.00900	 0.00000		171.449020	-5295.752528
359359	 0.00003	 0.00009	 0.00820	 0.01337	 0.00000	 0.00000	 0.01053	 0.00000		165.500311	-5222.490926
360360	 0.00002	 0.00006	 0.00852	 0.01152	 0.00000	 0.00000	 0.00914	 0.00000		172.794830	-5348.704283
361361	 0.00003	 0.00015	 0.01073	 0.01058	 0.00000	 0.00000	 0.00904	 0.00000		171.469787	-5291.384580
